Build started 5/15/25 12:19:03 AM.
     1>Project "C:\Sources\Version8\V8-to-V7\V8 to V7.vcxproj" on node 2 (Build target(s)).
     1>ClCompile:
         C:\Program Files (x86)\Microsoft Visual Studio 12.0\VC\bin\CL.exe /c /Zi /nologo /W3 /WX- /Od /Oy- /D WIN32 /D _DEBUG /D _WINDOWS /Gm /EHsc /RTC1 /MDd /GS /fp:precise /Zc:wchar_t /Zc:forScope /Fo"Debug\\" /Fd"Debug\vc120.pdb" /Gd /TP /analyze- /errorReport:prompt v8tov7.cpp
         v8tov7.cpp
       ResourceCompile:
         C:\Program Files (x86)\Windows Kits\8.1\bin\x86\rc.exe /l"0x0409" /nologo /fo"Debug\v8tov7.res" v8tov7.rc 
       Link:
         C:\Program Files (x86)\Microsoft Visual Studio 12.0\VC\bin\link.exe /ERRORREPORT:PROMPT /OUT:"C:\Sources\Version8\truetrak\Debug\V8 to V7.exe" /INCREMENTAL /NOLOGO kernel32.lib user32.lib gdi32.lib winspool.lib comdlg32.lib advapi32.lib shell32.lib ole32.lib oleaut32.lib uuid.lib odbc32.lib odbccp32.lib /MANIFEST /MANIFESTUAC:"level='asInvoker' uiAccess='false'" /manifest:embed /DEBUG /PDB:"C:\Sources\Version8\truetrak\Debug\V8 to V7.pdb" /SUBSYSTEM:WINDOWS /TLBID:1 /DYNAMICBASE /NXCOMPAT /IMPLIB:"C:\Sources\Version8\truetrak\Debug\V8 to V7.lib" /MACHINE:X86 Debug\v8tov7.res
         Debug\v8tov7.obj
     1>v8tov7.obj : error LNK2019: unresolved external symbol "float __cdecl extfloat(char const *)" (?extfloat@@YAMPBD@Z) referenced in function "public: float __thiscall STRING_CLASS::float_value(void)" (?float_value@STRING_CLASS@@QAEMXZ)
     1>v8tov7.obj : error LNK2019: unresolved external symbol "unsigned long __cdecl asctoul(char const *)" (?asctoul@@YAKPBD@Z) referenced in function "public: unsigned int __thiscall STRING_CLASS::uint_value(void)" (?uint_value@STRING_CLASS@@QAEIXZ)
     1>v8tov7.obj : error LNK2019: unresolved external symbol "long __cdecl asctoint32(char const *)" (?asctoint32@@YAJPBD@Z) referenced in function "public: int __thiscall STRING_CLASS::int_value(void)" (?int_value@STRING_CLASS@@QAEHXZ)
     1>v8tov7.obj : error LNK2019: unresolved external symbol "public: __thiscall STRING_CLASS::STRING_CLASS(void)" (??0STRING_CLASS@@QAE@XZ) referenced in function "void __cdecl convert_from_v8_to_v7(char *)" (?convert_from_v8_to_v7@@YAXPAD@Z)
     1>v8tov7.obj : error LNK2019: unresolved external symbol "public: __thiscall STRING_CLASS::STRING_CLASS(class STRING_CLASS const &)" (??0STRING_CLASS@@QAE@ABV0@@Z) referenced in function "void __cdecl convert_from_v8_to_v7(char *)" (?convert_from_v8_to_v7@@YAXPAD@Z)
     1>v8tov7.obj : error LNK2019: unresolved external symbol "public: __thiscall STRING_CLASS::~STRING_CLASS(void)" (??1STRING_CLASS@@QAE@XZ) referenced in function "void __cdecl convert_from_v8_to_v7(char *)" (?convert_from_v8_to_v7@@YAXPAD@Z)
     1>v8tov7.obj : error LNK2019: unresolved external symbol "public: unsigned char __thiscall STRING_CLASS::isempty(void)" (?isempty@STRING_CLASS@@QAEEXZ) referenced in function "void __cdecl browse_for_part(struct HWND__ *)" (?browse_for_part@@YAXPAUHWND__@@@Z)
     1>v8tov7.obj : error LNK2019: unresolved external symbol "public: long __thiscall STRING_CLASS::len(void)" (?len@STRING_CLASS@@QAEJXZ) referenced in function "void __cdecl convert_from_v8_to_v7(char *)" (?convert_from_v8_to_v7@@YAXPAD@Z)
     1>v8tov7.obj : error LNK2019: unresolved external symbol "public: void __thiscall STRING_CLASS::operator=(char const *)" (??4STRING_CLASS@@QAEXPBD@Z) referenced in function "void __cdecl convert_from_v8_to_v7(char *)" (?convert_from_v8_to_v7@@YAXPAD@Z)
     1>v8tov7.obj : error LNK2019: unresolved external symbol "public: void __thiscall STRING_CLASS::operator=(class STRING_CLASS const &)" (??4STRING_CLASS@@QAEXABV0@@Z) referenced in function "void __cdecl convert_from_v8_to_v7(char *)" (?convert_from_v8_to_v7@@YAXPAD@Z)
     1>v8tov7.obj : error LNK2019: unresolved external symbol "public: void __thiscall STRING_CLASS::cat_path(char const *)" (?cat_path@STRING_CLASS@@QAEXPBD@Z) referenced in function "void __cdecl convert_from_v8_to_v7(char *)" (?convert_from_v8_to_v7@@YAXPAD@Z)
     1>v8tov7.obj : error LNK2019: unresolved external symbol "public: bool __thiscall STRING_CLASS::next_field(void)" (?next_field@STRING_CLASS@@QAE_NXZ) referenced in function "void __cdecl convert_from_v8_to_v7(char *)" (?convert_from_v8_to_v7@@YAXPAD@Z)
     1>v8tov7.obj : error LNK2019: unresolved external symbol "public: double __thiscall STRING_CLASS::real_value(void)" (?real_value@STRING_CLASS@@QAENXZ) referenced in function "void __cdecl convert_from_v8_to_v7(char *)" (?convert_from_v8_to_v7@@YAXPAD@Z)
     1>v8tov7.obj : error LNK2019: unresolved external symbol "public: unsigned char __thiscall NAME_CLASS::moveto(class STRING_CLASS &)" (?moveto@NAME_CLASS@@QAEEAAVSTRING_CLASS@@@Z) referenced in function "void __cdecl convert_from_v8_to_v7(char *)" (?convert_from_v8_to_v7@@YAXPAD@Z)
     1>v8tov7.obj : error LNK2019: unresolved external symbol "public: unsigned char __thiscall NAME_CLASS::remove_ending_filename(void)" (?remove_ending_filename@NAME_CLASS@@QAEEXZ) referenced in function "void __cdecl browse_for_part(struct HWND__ *)" (?browse_for_part@@YAXPAUHWND__@@@Z)
     1>v8tov7.obj : error LNK2019: unresolved external symbol "public: __thiscall DB_TABLE::DB_TABLE(void)" (??0DB_TABLE@@QAE@XZ) referenced in function "void __cdecl convert_from_v8_to_v7(char *)" (?convert_from_v8_to_v7@@YAXPAD@Z)
     1>v8tov7.obj : error LNK2019: unresolved external symbol "public: __thiscall DB_TABLE::~DB_TABLE(void)" (??1DB_TABLE@@QAE@XZ) referenced in function "void __cdecl convert_from_v8_to_v7(char *)" (?convert_from_v8_to_v7@@YAXPAD@Z)
     1>v8tov7.obj : error LNK2019: unresolved external symbol "public: void __thiscall DB_TABLE::close(void)" (?close@DB_TABLE@@QAEXXZ) referenced in function "void __cdecl convert_from_v8_to_v7(char *)" (?convert_from_v8_to_v7@@YAXPAD@Z)
     1>v8tov7.obj : error LNK2019: unresolved external symbol "public: unsigned char __thiscall DB_TABLE::ensure_existance(class STRING_CLASS &)" (?ensure_existance@DB_TABLE@@QAEEAAVSTRING_CLASS@@@Z) referenced in function "void __cdecl convert_from_v8_to_v7(char *)" (?convert_from_v8_to_v7@@YAXPAD@Z)
     1>v8tov7.obj : error LNK2019: unresolved external symbol "public: unsigned char __thiscall DB_TABLE::get_alpha(class STRING_CLASS &,int)" (?get_alpha@DB_TABLE@@QAEEAAVSTRING_CLASS@@H@Z) referenced in function "void __cdecl convert_from_v8_to_v7(char *)" (?convert_from_v8_to_v7@@YAXPAD@Z)
     1>v8tov7.obj : error LNK2019: unresolved external symbol "public: unsigned char __thiscall DB_TABLE::get_date(struct _SYSTEMTIME &,unsigned short)" (?get_date@DB_TABLE@@QAEEAAU_SYSTEMTIME@@G@Z) referenced in function "void __cdecl convert_from_v8_to_v7(char *)" (?convert_from_v8_to_v7@@YAXPAD@Z)
     1>v8tov7.obj : error LNK2019: unresolved external symbol "public: long __thiscall DB_TABLE::get_long(unsigned short)" (?get_long@DB_TABLE@@QAEJG@Z) referenced in function "public: short __thiscall DB_TABLE::get_short(unsigned short)" (?get_short@DB_TABLE@@QAEFG@Z)
     1>v8tov7.obj : error LNK2019: unresolved external symbol "public: unsigned char __thiscall DB_TABLE::get_next_record(unsigned char)" (?get_next_record@DB_TABLE@@QAEEE@Z) referenced in function "void __cdecl convert_from_v8_to_v7(char *)" (?convert_from_v8_to_v7@@YAXPAD@Z)
     1>v8tov7.obj : error LNK2019: unresolved external symbol "public: unsigned char __thiscall DB_TABLE::get_time(struct _SYSTEMTIME &,unsigned short)" (?get_time@DB_TABLE@@QAEEAAU_SYSTEMTIME@@G@Z) referenced in function "void __cdecl convert_from_v8_to_v7(char *)" (?convert_from_v8_to_v7@@YAXPAD@Z)
     1>v8tov7.obj : error LNK2019: unresolved external symbol "public: unsigned char __thiscall DB_TABLE::open(char *,short,short,short)" (?open@DB_TABLE@@QAEEPADFFF@Z) referenced in function "public: unsigned char __thiscall DB_TABLE::open(class STRING_CLASS &,short,short,short)" (?open@DB_TABLE@@QAEEAAVSTRING_CLASS@@FFF@Z)
     1>v8tov7.obj : error LNK2019: unresolved external symbol "public: unsigned char __thiscall DB_TABLE::open(char *,short,short)" (?open@DB_TABLE@@QAEEPADFF@Z) referenced in function "public: unsigned char __thiscall DB_TABLE::open(class STRING_CLASS &,short,short)" (?open@DB_TABLE@@QAEEAAVSTRING_CLASS@@FF@Z)
     1>v8tov7.obj : error LNK2019: unresolved external symbol "public: unsigned char __thiscall DB_TABLE::put_alpha(unsigned short,char const *,short)" (?put_alpha@DB_TABLE@@QAEEGPBDF@Z) referenced in function "public: unsigned char __thiscall DB_TABLE::put_alpha(unsigned short,class STRING_CLASS &,short)" (?put_alpha@DB_TABLE@@QAEEGAAVSTRING_CLASS@@F@Z)
     1>v8tov7.obj : error LNK2019: unresolved external symbol "public: unsigned char __thiscall DB_TABLE::put_date(unsigned short,struct _SYSTEMTIME const &)" (?put_date@DB_TABLE@@QAEEGABU_SYSTEMTIME@@@Z) referenced in function "void __cdecl convert_from_v8_to_v7(char *)" (?convert_from_v8_to_v7@@YAXPAD@Z)
     1>v8tov7.obj : error LNK2019: unresolved external symbol "public: unsigned char __thiscall DB_TABLE::put_double(unsigned short,double,short)" (?put_double@DB_TABLE@@QAEEGNF@Z) referenced in function "void __cdecl convert_from_v8_to_v7(char *)" (?convert_from_v8_to_v7@@YAXPAD@Z)
     1>v8tov7.obj : error LNK2019: unresolved external symbol "public: unsigned char __thiscall DB_TABLE::put_float(unsigned short,float,short)" (?put_float@DB_TABLE@@QAEEGMF@Z) referenced in function "void __cdecl convert_from_v8_to_v7(char *)" (?convert_from_v8_to_v7@@YAXPAD@Z)
     1>v8tov7.obj : error LNK2019: unresolved external symbol "public: unsigned char __thiscall DB_TABLE::put_long(unsigned short,long,short)" (?put_long@DB_TABLE@@QAEEGJF@Z) referenced in function "void __cdecl convert_from_v8_to_v7(char *)" (?convert_from_v8_to_v7@@YAXPAD@Z)
     1>v8tov7.obj : error LNK2019: unresolved external symbol "public: unsigned char __thiscall DB_TABLE::put_time(unsigned short,struct _SYSTEMTIME &)" (?put_time@DB_TABLE@@QAEEGAAU_SYSTEMTIME@@@Z) referenced in function "void __cdecl convert_from_v8_to_v7(char *)" (?convert_from_v8_to_v7@@YAXPAD@Z)
     1>v8tov7.obj : error LNK2019: unresolved external symbol "public: unsigned char __thiscall DB_TABLE::rec_append(void)" (?rec_append@DB_TABLE@@QAEEXZ) referenced in function "void __cdecl convert_from_v8_to_v7(char *)" (?convert_from_v8_to_v7@@YAXPAD@Z)
     1>v8tov7.obj : error LNK2019: unresolved external symbol "public: __thiscall FILE_CLASS::FILE_CLASS(void)" (??0FILE_CLASS@@QAE@XZ) referenced in function "void __cdecl convert_from_v8_to_v7(char *)" (?convert_from_v8_to_v7@@YAXPAD@Z)
     1>v8tov7.obj : error LNK2019: unresolved external symbol "public: __thiscall FILE_CLASS::~FILE_CLASS(void)" (??1FILE_CLASS@@QAE@XZ) referenced in function "void __cdecl convert_from_v8_to_v7(char *)" (?convert_from_v8_to_v7@@YAXPAD@Z)
     1>v8tov7.obj : error LNK2019: unresolved external symbol "public: void __thiscall FILE_CLASS::close(void)" (?close@FILE_CLASS@@QAEXXZ) referenced in function "void __cdecl convert_from_v8_to_v7(char *)" (?convert_from_v8_to_v7@@YAXPAD@Z)
     1>v8tov7.obj : error LNK2019: unresolved external symbol "public: int __thiscall FILE_CLASS::nof_lines(void)" (?nof_lines@FILE_CLASS@@QAEHXZ) referenced in function "void __cdecl convert_from_v8_to_v7(char *)" (?convert_from_v8_to_v7@@YAXPAD@Z)
     1>v8tov7.obj : error LNK2019: unresolved external symbol "public: unsigned char __thiscall FILE_CLASS::open_for_read(class STRING_CLASS &)" (?open_for_read@FILE_CLASS@@QAEEAAVSTRING_CLASS@@@Z) referenced in function "void __cdecl convert_from_v8_to_v7(char *)" (?convert_from_v8_to_v7@@YAXPAD@Z)
     1>v8tov7.obj : error LNK2019: unresolved external symbol "public: unsigned char __thiscall FILE_CLASS::open_for_write(class STRING_CLASS &)" (?open_for_write@FILE_CLASS@@QAEEAAVSTRING_CLASS@@@Z) referenced in function "void __cdecl convert_from_v8_to_v7(char *)" (?convert_from_v8_to_v7@@YAXPAD@Z)
     1>v8tov7.obj : error LNK2019: unresolved external symbol "public: unsigned char __thiscall FILE_CLASS::open_for_update(class STRING_CLASS &)" (?open_for_update@FILE_CLASS@@QAEEAAVSTRING_CLASS@@@Z) referenced in function "void __cdecl convert_from_v8_to_v7(char *)" (?convert_from_v8_to_v7@@YAXPAD@Z)
     1>v8tov7.obj : error LNK2019: unresolved external symbol "public: char * __thiscall FILE_CLASS::readline(void)" (?readline@FILE_CLASS@@QAEPADXZ) referenced in function "void __cdecl convert_from_v8_to_v7(char *)" (?convert_from_v8_to_v7@@YAXPAD@Z)
     1>v8tov7.obj : error LNK2019: unresolved external symbol "public: unsigned char __thiscall FILE_CLASS::set_eof(void)" (?set_eof@FILE_CLASS@@QAEEXZ) referenced in function "void __cdecl convert_from_v8_to_v7(char *)" (?convert_from_v8_to_v7@@YAXPAD@Z)
     1>v8tov7.obj : error LNK2019: unresolved external symbol "public: unsigned char __thiscall FILE_CLASS::setpos(long)" (?setpos@FILE_CLASS@@QAEEJ@Z) referenced in function "public: unsigned char __thiscall FILE_CLASS::rewind(void)" (?rewind@FILE_CLASS@@QAEEXZ)
     1>v8tov7.obj : error LNK2019: unresolved external symbol "public: unsigned char __thiscall FILE_CLASS::writeline(char *)" (?writeline@FILE_CLASS@@QAEEPAD@Z) referenced in function "void __cdecl convert_from_v8_to_v7(char *)" (?convert_from_v8_to_v7@@YAXPAD@Z)
     1>v8tov7.obj : error LNK2019: unresolved external symbol "public: unsigned char __thiscall FILE_CLASS::writeline(class STRING_CLASS &)" (?writeline@FILE_CLASS@@QAEEAAVSTRING_CLASS@@@Z) referenced in function "void __cdecl convert_from_v8_to_v7(char *)" (?convert_from_v8_to_v7@@YAXPAD@Z)
     1>v8tov7.obj : error LNK2019: unresolved external symbol "public: __thiscall LISTBOX_CLASS::~LISTBOX_CLASS(void)" (??1LISTBOX_CLASS@@QAE@XZ) referenced in function "void __cdecl `dynamic atexit destructor for 'MainListbox''(void)" (??__FMainListbox@@YAXXZ)
     1>v8tov7.obj : error LNK2019: unresolved external symbol "public: int __thiscall LISTBOX_CLASS::add(char *)" (?add@LISTBOX_CLASS@@QAEHPAD@Z) referenced in function "void __cdecl convert_from_v8_to_v7(char *)" (?convert_from_v8_to_v7@@YAXPAD@Z)
     1>v8tov7.obj : error LNK2019: unresolved external symbol "public: unsigned char __thiscall LISTBOX_CLASS::init(struct HWND__ *)" (?init@LISTBOX_CLASS@@QAEEPAUHWND__@@@Z) referenced in function "void __cdecl startup(int)" (?startup@@YAXH@Z)
     1>v8tov7.obj : error LNK2019: unresolved external symbol "public: class MULTISTRING_CLASS & __thiscall MULTISTRING_CLASS::operator[](int)" (??AMULTISTRING_CLASS@@QAEAAV0@H@Z) referenced in function "void __cdecl convert_from_v8_to_v7(char *)" (?convert_from_v8_to_v7@@YAXPAD@Z)
     1>v8tov7.obj : error LNK2019: unresolved external symbol "public: __thiscall VDB_CLASS::VDB_CLASS(void)" (??0VDB_CLASS@@QAE@XZ) referenced in function "void __cdecl convert_from_v8_to_v7(char *)" (?convert_from_v8_to_v7@@YAXPAD@Z)
     1>v8tov7.obj : error LNK2019: unresolved external symbol "public: __thiscall VDB_CLASS::~VDB_CLASS(void)" (??1VDB_CLASS@@QAE@XZ) referenced in function "void __cdecl convert_from_v8_to_v7(char *)" (?convert_from_v8_to_v7@@YAXPAD@Z)
     1>v8tov7.obj : error LNK2019: unresolved external symbol "public: void __thiscall VDB_CLASS::close(void)" (?close@VDB_CLASS@@QAEXXZ) referenced in function "void __cdecl convert_from_v8_to_v7(char *)" (?convert_from_v8_to_v7@@YAXPAD@Z)
     1>v8tov7.obj : error LNK2019: unresolved external symbol "public: bool __thiscall VDB_CLASS::get_date(struct _SYSTEMTIME &,int)" (?get_date@VDB_CLASS@@QAE_NAAU_SYSTEMTIME@@H@Z) referenced in function "void __cdecl convert_from_v8_to_v7(char *)" (?convert_from_v8_to_v7@@YAXPAD@Z)
     1>v8tov7.obj : error LNK2019: unresolved external symbol "public: bool __thiscall VDB_CLASS::get_next_record(void)" (?get_next_record@VDB_CLASS@@QAE_NXZ) referenced in function "void __cdecl convert_from_v8_to_v7(char *)" (?convert_from_v8_to_v7@@YAXPAD@Z)
     1>v8tov7.obj : error LNK2019: unresolved external symbol "public: bool __thiscall VDB_CLASS::get_time(struct _SYSTEMTIME &,int)" (?get_time@VDB_CLASS@@QAE_NAAU_SYSTEMTIME@@H@Z) referenced in function "void __cdecl convert_from_v8_to_v7(char *)" (?convert_from_v8_to_v7@@YAXPAD@Z)
     1>v8tov7.obj : error LNK2019: unresolved external symbol "public: bool __thiscall VDB_CLASS::open_for_read(class STRING_CLASS)" (?open_for_read@VDB_CLASS@@QAE_NVSTRING_CLASS@@@Z) referenced in function "void __cdecl convert_from_v8_to_v7(char *)" (?convert_from_v8_to_v7@@YAXPAD@Z)
     1>v8tov7.obj : error LNK2019: unresolved external symbol "public: void __thiscall WINDOW_CLASS::show(int)" (?show@WINDOW_CLASS@@QAEXH@Z) referenced in function "void __cdecl startup(int)" (?startup@@YAXH@Z)
     1>v8tov7.obj : error LNK2019: unresolved external symbol "public: void __thiscall WINDOW_CLASS::post(unsigned int)" (?post@WINDOW_CLASS@@QAEXI@Z) referenced in function "long __stdcall main_proc(struct HWND__ *,unsigned int,unsigned int,long)" (?main_proc@@YGJPAUHWND__@@IIJ@Z)
     1>v8tov7.obj : error LNK2019: unresolved external symbol "void __cdecl init_systemtime_struct(struct _SYSTEMTIME &)" (?init_systemtime_struct@@YAXAAU_SYSTEMTIME@@@Z) referenced in function "void __cdecl convert_from_v8_to_v7(char *)" (?convert_from_v8_to_v7@@YAXPAD@Z)
     1>v8tov7.obj : error LNK2001: unresolved external symbol "private: static char * STRING_CLASS::emptystring" (?emptystring@STRING_CLASS@@0PADA)
     1>C:\Sources\Version8\truetrak\Debug\V8 to V7.exe : fatal error LNK1120: 60 unresolved externals
     1>Done Building Project "C:\Sources\Version8\V8-to-V7\V8 to V7.vcxproj" (Build target(s)) -- FAILED.

Build FAILED.

Time Elapsed 00:00:01.35
