Build started 5/15/25 12:18:31 AM.
     1>Project "C:\Sources\Version8\copyv5\copyv5.vcxproj" on node 3 (Build target(s)).
     1>ClCompile:
         C:\Program Files (x86)\Microsoft Visual Studio 12.0\VC\bin\CL.exe /c /Zi /nologo /W3 /WX- /Od /Oy- /D WIN32 /D _DEBUG /D _WINDOWS /Gm /EHsc /RTC1 /MDd /GS /fp:precise /Zc:wchar_t /Zc:forScope /Fo"Debug\\" /Fd"Debug\vc120.pdb" /Gd /TP /analyze- /errorReport:prompt copyv5.cpp
         copyv5.cpp
       ResourceCompile:
         C:\Program Files (x86)\Windows Kits\8.1\bin\x86\rc.exe /l"0x0409" /nologo /fo"Debug\copyv5.res" copyv5.rc 
       Link:
         C:\Program Files (x86)\Microsoft Visual Studio 12.0\VC\bin\link.exe /ERRORREPORT:PROMPT /OUT:"C:\Sources\Version8\truetrak\Debug\copyv5.exe" /INCREMENTAL /NOLOGO kernel32.lib user32.lib gdi32.lib winspool.lib comdlg32.lib advapi32.lib shell32.lib ole32.lib oleaut32.lib uuid.lib odbc32.lib odbccp32.lib /MANIFEST /MANIFESTUAC:"level='asInvoker' uiAccess='false'" /manifest:embed /DEBUG /PDB:"C:\Sources\Version8\truetrak\Debug\copyv5.pdb" /SUBSYSTEM:WINDOWS /TLBID:1 /DYNAMICBASE /NXCOMPAT /IMPLIB:"C:\Sources\Version8\truetrak\Debug\copyv5.lib" /MACHINE:X86 Debug\copyv5.res
         Debug\copyv5.obj
     1>copyv5.obj : error LNK2019: unresolved external symbol __imp__InitCommonControls@0 referenced in function _WinMain@16
     1>copyv5.obj : error LNK2019: unresolved external symbol "unsigned char __cdecl create_directory(char *)" (?create_directory@@YAEPAD@Z) referenced in function "public: unsigned char __thiscall NAME_CLASS::create_directory(void)" (?create_directory@NAME_CLASS@@QAEEXZ)
     1>copyv5.obj : error LNK2019: unresolved external symbol "unsigned char __cdecl file_exists(char *)" (?file_exists@@YAEPAD@Z) referenced in function "public: unsigned char __thiscall NAME_CLASS::file_exists(void)" (?file_exists@NAME_CLASS@@QAEEXZ)
     1>copyv5.obj : error LNK2019: unresolved external symbol "long __cdecl asctoint32(char const *)" (?asctoint32@@YAJPBD@Z) referenced in function "public: int __thiscall STRING_CLASS::int_value(void)" (?int_value@STRING_CLASS@@QAEHXZ)
     1>copyv5.obj : error LNK2019: unresolved external symbol "public: __thiscall STRING_CLASS::STRING_CLASS(void)" (??0STRING_CLASS@@QAE@XZ) referenced in function "unsigned char __cdecl copy_results_dir(class STRING_CLASS &,class STRING_CLASS &)" (?copy_results_dir@@YAEAAVSTRING_CLASS@@0@Z)
     1>copyv5.obj : error LNK2019: unresolved external symbol "public: __thiscall STRING_CLASS::STRING_CLASS(class STRING_CLASS const &)" (??0STRING_CLASS@@QAE@ABV0@@Z) referenced in function "unsigned char __cdecl copy_results_dir(class STRING_CLASS &,class STRING_CLASS &)" (?copy_results_dir@@YAEAAVSTRING_CLASS@@0@Z)
     1>copyv5.obj : error LNK2019: unresolved external symbol "public: __thiscall STRING_CLASS::~STRING_CLASS(void)" (??1STRING_CLASS@@QAE@XZ) referenced in function "unsigned char __cdecl copy_results_dir(class STRING_CLASS &,class STRING_CLASS &)" (?copy_results_dir@@YAEAAVSTRING_CLASS@@0@Z)
     1>copyv5.obj : error LNK2019: unresolved external symbol "public: unsigned char __thiscall STRING_CLASS::isempty(void)" (?isempty@STRING_CLASS@@QAEEXZ) referenced in function "void __cdecl save_defaults(void)" (?save_defaults@@YAXXZ)
     1>copyv5.obj : error LNK2019: unresolved external symbol "public: void __thiscall STRING_CLASS::operator=(char const *)" (??4STRING_CLASS@@QAEXPBD@Z) referenced in function "void __cdecl startup(int)" (?startup@@YAXH@Z)
     1>copyv5.obj : error LNK2019: unresolved external symbol "public: void __thiscall STRING_CLASS::operator=(class STRING_CLASS const &)" (??4STRING_CLASS@@QAEXABV0@@Z) referenced in function "public: void __thiscall NAME_CLASS::operator=(class NAME_CLASS const &)" (??4NAME_CLASS@@QAEXABV0@@Z)
     1>copyv5.obj : error LNK2019: unresolved external symbol "public: void __thiscall STRING_CLASS::operator+=(char const *)" (??YSTRING_CLASS@@QAEXPBD@Z) referenced in function "public: void __thiscall NAME_CLASS::operator+=(char const *)" (??YNAME_CLASS@@QAEXPBD@Z)
     1>copyv5.obj : error LNK2019: unresolved external symbol "public: void __thiscall STRING_CLASS::cat_path(char const *)" (?cat_path@STRING_CLASS@@QAEXPBD@Z) referenced in function "void __cdecl get_defaults(void)" (?get_defaults@@YAXXZ)
     1>copyv5.obj : error LNK2019: unresolved external symbol "public: bool __thiscall STRING_CLASS::get_text(struct HWND__ *)" (?get_text@STRING_CLASS@@QAE_NPAUHWND__@@@Z) referenced in function "void __cdecl begin_backup(void)" (?begin_backup@@YAXXZ)
     1>copyv5.obj : error LNK2019: unresolved external symbol "public: unsigned char __thiscall STRING_CLASS::replace(char const *,char const *)" (?replace@STRING_CLASS@@QAEEPBD0@Z) referenced in function "unsigned char __cdecl copy_results_dir(class STRING_CLASS &,class STRING_CLASS &)" (?copy_results_dir@@YAEAAVSTRING_CLASS@@0@Z)
     1>copyv5.obj : error LNK2019: unresolved external symbol "public: int __thiscall STRING_CLASS::replace_all(char,char)" (?replace_all@STRING_CLASS@@QAEHDD@Z) referenced in function "unsigned char __cdecl copy_results_dir(class STRING_CLASS &,class STRING_CLASS &)" (?copy_results_dir@@YAEAAVSTRING_CLASS@@0@Z)
     1>copyv5.obj : error LNK2019: unresolved external symbol "public: bool __thiscall STRING_CLASS::set_text(struct HWND__ *)" (?set_text@STRING_CLASS@@QAE_NPAUHWND__@@@Z) referenced in function "public: unsigned char __thiscall STRING_CLASS::set_text(struct HWND__ *,int)" (?set_text@STRING_CLASS@@QAEEPAUHWND__@@H@Z)
     1>copyv5.obj : error LNK2019: unresolved external symbol "public: unsigned char __thiscall NAME_CLASS::copyto(class STRING_CLASS &)" (?copyto@NAME_CLASS@@QAEEAAVSTRING_CLASS@@@Z) referenced in function "unsigned char __cdecl copy_results_dir(class STRING_CLASS &,class STRING_CLASS &)" (?copy_results_dir@@YAEAAVSTRING_CLASS@@0@Z)
     1>copyv5.obj : error LNK2019: unresolved external symbol "public: __thiscall DB_TABLE::DB_TABLE(void)" (??0DB_TABLE@@QAE@XZ) referenced in function "unsigned char __cdecl copy_results_dir(class STRING_CLASS &,class STRING_CLASS &)" (?copy_results_dir@@YAEAAVSTRING_CLASS@@0@Z)
     1>copyv5.obj : error LNK2019: unresolved external symbol "public: __thiscall DB_TABLE::~DB_TABLE(void)" (??1DB_TABLE@@QAE@XZ) referenced in function "unsigned char __cdecl copy_results_dir(class STRING_CLASS &,class STRING_CLASS &)" (?copy_results_dir@@YAEAAVSTRING_CLASS@@0@Z)
     1>copyv5.obj : error LNK2019: unresolved external symbol "public: void __thiscall DB_TABLE::close(void)" (?close@DB_TABLE@@QAEXXZ) referenced in function "unsigned char __cdecl copy_results_dir(class STRING_CLASS &,class STRING_CLASS &)" (?copy_results_dir@@YAEAAVSTRING_CLASS@@0@Z)
     1>copyv5.obj : error LNK2019: unresolved external symbol "public: unsigned char __thiscall DB_TABLE::copy_rec(class DB_TABLE &)" (?copy_rec@DB_TABLE@@QAEEAAV1@@Z) referenced in function "unsigned char __cdecl copy_results_dir(class STRING_CLASS &,class STRING_CLASS &)" (?copy_results_dir@@YAEAAVSTRING_CLASS@@0@Z)
     1>copyv5.obj : error LNK2019: unresolved external symbol "public: unsigned char __thiscall DB_TABLE::ensure_existance(class STRING_CLASS &)" (?ensure_existance@DB_TABLE@@QAEEAAVSTRING_CLASS@@@Z) referenced in function "unsigned char __cdecl copy_results_dir(class STRING_CLASS &,class STRING_CLASS &)" (?copy_results_dir@@YAEAAVSTRING_CLASS@@0@Z)
     1>copyv5.obj : error LNK2019: unresolved external symbol "public: unsigned char __thiscall DB_TABLE::get_current_record(unsigned char)" (?get_current_record@DB_TABLE@@QAEEE@Z) referenced in function "unsigned char __cdecl copy_results_dir(class STRING_CLASS &,class STRING_CLASS &)" (?copy_results_dir@@YAEAAVSTRING_CLASS@@0@Z)
     1>copyv5.obj : error LNK2019: unresolved external symbol "public: unsigned char __thiscall DB_TABLE::get_alpha(class STRING_CLASS &,int)" (?get_alpha@DB_TABLE@@QAEEAAVSTRING_CLASS@@H@Z) referenced in function "unsigned char __cdecl copy_results_dir(class STRING_CLASS &,class STRING_CLASS &)" (?copy_results_dir@@YAEAAVSTRING_CLASS@@0@Z)
     1>copyv5.obj : error LNK2019: unresolved external symbol "public: unsigned char __thiscall DB_TABLE::get_next_record(unsigned char)" (?get_next_record@DB_TABLE@@QAEEE@Z) referenced in function "unsigned char __cdecl copy_results_dir(class STRING_CLASS &,class STRING_CLASS &)" (?copy_results_dir@@YAEAAVSTRING_CLASS@@0@Z)
     1>copyv5.obj : error LNK2019: unresolved external symbol "public: unsigned char __thiscall DB_TABLE::goto_record_number(long)" (?goto_record_number@DB_TABLE@@QAEEJ@Z) referenced in function "unsigned char __cdecl copy_results_dir(class STRING_CLASS &,class STRING_CLASS &)" (?copy_results_dir@@YAEAAVSTRING_CLASS@@0@Z)
     1>copyv5.obj : error LNK2019: unresolved external symbol "public: unsigned long __thiscall DB_TABLE::nof_recs(void)" (?nof_recs@DB_TABLE@@QAEKXZ) referenced in function "unsigned char __cdecl copy_results_dir(class STRING_CLASS &,class STRING_CLASS &)" (?copy_results_dir@@YAEAAVSTRING_CLASS@@0@Z)
     1>copyv5.obj : error LNK2019: unresolved external symbol "public: unsigned char __thiscall DB_TABLE::open(char *,short,short)" (?open@DB_TABLE@@QAEEPADFF@Z) referenced in function "public: unsigned char __thiscall DB_TABLE::open(class STRING_CLASS &,short,short)" (?open@DB_TABLE@@QAEEAAVSTRING_CLASS@@FF@Z)
     1>copyv5.obj : error LNK2019: unresolved external symbol "public: unsigned char __thiscall DB_TABLE::rec_append(void)" (?rec_append@DB_TABLE@@QAEEXZ) referenced in function "unsigned char __cdecl copy_results_dir(class STRING_CLASS &,class STRING_CLASS &)" (?copy_results_dir@@YAEAAVSTRING_CLASS@@0@Z)
     1>copyv5.obj : error LNK2019: unresolved external symbol "public: void __thiscall GENERIC_LIST_CLASS::rewind(void)" (?rewind@GENERIC_LIST_CLASS@@QAEXXZ) referenced in function "public: void __thiscall TEXT_LIST_CLASS::rewind(void)" (?rewind@TEXT_LIST_CLASS@@QAEXXZ)
     1>copyv5.obj : error LNK2019: unresolved external symbol "public: __thiscall INI_CLASS::~INI_CLASS(void)" (??1INI_CLASS@@QAE@XZ) referenced in function "void __cdecl get_defaults(void)" (?get_defaults@@YAXXZ)
     1>copyv5.obj : error LNK2019: unresolved external symbol "public: unsigned char __thiscall INI_CLASS::set_file(char const *)" (?set_file@INI_CLASS@@QAEEPBD@Z) referenced in function "void __cdecl get_defaults(void)" (?get_defaults@@YAXXZ)
     1>copyv5.obj : error LNK2019: unresolved external symbol "public: unsigned char __thiscall INI_CLASS::set_section(char const *)" (?set_section@INI_CLASS@@QAEEPBD@Z) referenced in function "void __cdecl get_defaults(void)" (?get_defaults@@YAXXZ)
     1>copyv5.obj : error LNK2019: unresolved external symbol "public: unsigned char __thiscall INI_CLASS::find(char const *)" (?find@INI_CLASS@@QAEEPBD@Z) referenced in function "void __cdecl get_defaults(void)" (?get_defaults@@YAXXZ)
     1>copyv5.obj : error LNK2019: unresolved external symbol "public: char * __thiscall INI_CLASS::get_string(void)" (?get_string@INI_CLASS@@QAEPADXZ) referenced in function "void __cdecl get_defaults(void)" (?get_defaults@@YAXXZ)
     1>copyv5.obj : error LNK2019: unresolved external symbol "public: unsigned char __thiscall INI_CLASS::put_string(char const *,char const *)" (?put_string@INI_CLASS@@QAEEPBD0@Z) referenced in function "void __cdecl save_defaults(void)" (?save_defaults@@YAXXZ)
     1>copyv5.obj : error LNK2019: unresolved external symbol "public: __thiscall LISTBOX_CLASS::~LISTBOX_CLASS(void)" (??1LISTBOX_CLASS@@QAE@XZ) referenced in function "void __cdecl `dynamic atexit destructor for 'StatusLb''(void)" (??__FStatusLb@@YAXXZ)
     1>copyv5.obj : error LNK2019: unresolved external symbol "public: int __thiscall LISTBOX_CLASS::add(char *)" (?add@LISTBOX_CLASS@@QAEHPAD@Z) referenced in function "void __cdecl copydir(class STRING_CLASS &,class STRING_CLASS &)" (?copydir@@YAXAAVSTRING_CLASS@@0@Z)
     1>copyv5.obj : error LNK2019: unresolved external symbol "public: unsigned char __thiscall LISTBOX_CLASS::init(struct HWND__ *,int)" (?init@LISTBOX_CLASS@@QAEEPAUHWND__@@H@Z) referenced in function "int __stdcall main_dialog_proc(struct HWND__ *,unsigned int,unsigned int,long)" (?main_dialog_proc@@YGHPAUHWND__@@IIJ@Z)
     1>copyv5.obj : error LNK2019: unresolved external symbol "public: void __thiscall LISTBOX_CLASS::scroll_to_end(void)" (?scroll_to_end@LISTBOX_CLASS@@QAEXXZ) referenced in function "void __cdecl copydir(class STRING_CLASS &,class STRING_CLASS &)" (?copydir@@YAXAAVSTRING_CLASS@@0@Z)
     1>copyv5.obj : error LNK2019: unresolved external symbol "public: int __thiscall LISTBOX_CLASS::visible_row_count(void)" (?visible_row_count@LISTBOX_CLASS@@QAEHXZ) referenced in function "void __cdecl copydir(class STRING_CLASS &,class STRING_CLASS &)" (?copydir@@YAXAAVSTRING_CLASS@@0@Z)
     1>copyv5.obj : error LNK2019: unresolved external symbol "public: __thiscall RECTANGLE_CLASS::RECTANGLE_CLASS(void)" (??0RECTANGLE_CLASS@@QAE@XZ) referenced in function "long __stdcall main_proc(struct HWND__ *,unsigned int,unsigned int,long)" (?main_proc@@YGJPAUHWND__@@IIJ@Z)
     1>copyv5.obj : error LNK2019: unresolved external symbol "public: __thiscall RECTANGLE_CLASS::~RECTANGLE_CLASS(void)" (??1RECTANGLE_CLASS@@QAE@XZ) referenced in function "void __cdecl `long __stdcall main_proc(struct HWND__ *,unsigned int,unsigned int,long)'::`2'::`dynamic atexit destructor for 'r''(void)" (??__Fr@?1??main_proc@@YGJPAUHWND__@@IIJ@Z@YAXXZ)
     1>copyv5.obj : error LNK2019: unresolved external symbol "public: __thiscall TEXT_LIST_CLASS::TEXT_LIST_CLASS(void)" (??0TEXT_LIST_CLASS@@QAE@XZ) referenced in function "void __cdecl copydir(class STRING_CLASS &,class STRING_CLASS &)" (?copydir@@YAXAAVSTRING_CLASS@@0@Z)
     1>copyv5.obj : error LNK2019: unresolved external symbol "public: __thiscall TEXT_LIST_CLASS::~TEXT_LIST_CLASS(void)" (??1TEXT_LIST_CLASS@@QAE@XZ) referenced in function "void __cdecl copydir(class STRING_CLASS &,class STRING_CLASS &)" (?copydir@@YAXAAVSTRING_CLASS@@0@Z)
     1>copyv5.obj : error LNK2019: unresolved external symbol "public: void __thiscall TEXT_LIST_CLASS::get_directory_list(char const *)" (?get_directory_list@TEXT_LIST_CLASS@@QAEXPBD@Z) referenced in function "void __cdecl copydir(class STRING_CLASS &,class STRING_CLASS &)" (?copydir@@YAXAAVSTRING_CLASS@@0@Z)
     1>copyv5.obj : error LNK2019: unresolved external symbol "public: unsigned char __thiscall TEXT_LIST_CLASS::next(void)" (?next@TEXT_LIST_CLASS@@QAEEXZ) referenced in function "void __cdecl copydir(class STRING_CLASS &,class STRING_CLASS &)" (?copydir@@YAXAAVSTRING_CLASS@@0@Z)
     1>copyv5.obj : error LNK2019: unresolved external symbol "unsigned char __cdecl copy_all_files(char *,char *,char *,unsigned char,struct HWND__ *,int)" (?copy_all_files@@YAEPAD00EPAUHWND__@@H@Z) referenced in function "void __cdecl copydir(class STRING_CLASS &,class STRING_CLASS &)" (?copydir@@YAXAAVSTRING_CLASS@@0@Z)
     1>copyv5.obj : error LNK2019: unresolved external symbol "char const * __cdecl exe_directory(void)" (?exe_directory@@YAPBDXZ) referenced in function "void __cdecl get_defaults(void)" (?get_defaults@@YAXXZ)
     1>copyv5.obj : error LNK2019: unresolved external symbol "unsigned char __cdecl strings_are_equal(char const *,char const *)" (?strings_are_equal@@YAEPBD0@Z) referenced in function "void __cdecl copydir(class STRING_CLASS &,class STRING_CLASS &)" (?copydir@@YAXAAVSTRING_CLASS@@0@Z)
     1>copyv5.obj : error LNK2019: unresolved external symbol "unsigned char __cdecl set_text(struct HWND__ *,int,char const *)" (?set_text@@YAEPAUHWND__@@HPBD@Z) referenced in function "void __cdecl browse_for_dest(struct HWND__ *)" (?browse_for_dest@@YAXPAUHWND__@@@Z)
     1>copyv5.obj : error LNK2019: unresolved external symbol "char * __cdecl resource_string(struct HINSTANCE__ *,unsigned int)" (?resource_string@@YAPADPAUHINSTANCE__@@I@Z) referenced in function "char * __cdecl resource_string(unsigned int)" (?resource_string@@YAPADI@Z)
     1>copyv5.obj : error LNK2019: unresolved external symbol "public: __thiscall VDB_CLASS::VDB_CLASS(void)" (??0VDB_CLASS@@QAE@XZ) referenced in function "unsigned char __cdecl copy_results_dir(class STRING_CLASS &,class STRING_CLASS &)" (?copy_results_dir@@YAEAAVSTRING_CLASS@@0@Z)
     1>copyv5.obj : error LNK2019: unresolved external symbol "public: __thiscall VDB_CLASS::~VDB_CLASS(void)" (??1VDB_CLASS@@QAE@XZ) referenced in function "unsigned char __cdecl copy_results_dir(class STRING_CLASS &,class STRING_CLASS &)" (?copy_results_dir@@YAEAAVSTRING_CLASS@@0@Z)
     1>copyv5.obj : error LNK2019: unresolved external symbol "public: void __thiscall VDB_CLASS::close(void)" (?close@VDB_CLASS@@QAEXXZ) referenced in function "unsigned char __cdecl copy_results_dir(class STRING_CLASS &,class STRING_CLASS &)" (?copy_results_dir@@YAEAAVSTRING_CLASS@@0@Z)
     1>copyv5.obj : error LNK2019: unresolved external symbol "public: bool __thiscall VDB_CLASS::copy_rec(class VDB_CLASS &)" (?copy_rec@VDB_CLASS@@QAE_NAAV1@@Z) referenced in function "unsigned char __cdecl copy_results_dir(class STRING_CLASS &,class STRING_CLASS &)" (?copy_results_dir@@YAEAAVSTRING_CLASS@@0@Z)
     1>copyv5.obj : error LNK2019: unresolved external symbol "public: bool __thiscall VDB_CLASS::ensure_existance(class STRING_CLASS &)" (?ensure_existance@VDB_CLASS@@QAE_NAAVSTRING_CLASS@@@Z) referenced in function "unsigned char __cdecl copy_results_dir(class STRING_CLASS &,class STRING_CLASS &)" (?copy_results_dir@@YAEAAVSTRING_CLASS@@0@Z)
     1>copyv5.obj : error LNK2019: unresolved external symbol "public: bool __thiscall VDB_CLASS::get_next_record(void)" (?get_next_record@VDB_CLASS@@QAE_NXZ) referenced in function "unsigned char __cdecl copy_results_dir(class STRING_CLASS &,class STRING_CLASS &)" (?copy_results_dir@@YAEAAVSTRING_CLASS@@0@Z)
     1>copyv5.obj : error LNK2019: unresolved external symbol "public: bool __thiscall VDB_CLASS::get_rec(int)" (?get_rec@VDB_CLASS@@QAE_NH@Z) referenced in function "unsigned char __cdecl copy_results_dir(class STRING_CLASS &,class STRING_CLASS &)" (?copy_results_dir@@YAEAAVSTRING_CLASS@@0@Z)
     1>copyv5.obj : error LNK2019: unresolved external symbol "public: int __thiscall VDB_CLASS::nof_recs(void)" (?nof_recs@VDB_CLASS@@QAEHXZ) referenced in function "unsigned char __cdecl copy_results_dir(class STRING_CLASS &,class STRING_CLASS &)" (?copy_results_dir@@YAEAAVSTRING_CLASS@@0@Z)
     1>copyv5.obj : error LNK2019: unresolved external symbol "public: bool __thiscall VDB_CLASS::open_for_read(class STRING_CLASS)" (?open_for_read@VDB_CLASS@@QAE_NVSTRING_CLASS@@@Z) referenced in function "unsigned char __cdecl copy_results_dir(class STRING_CLASS &,class STRING_CLASS &)" (?copy_results_dir@@YAEAAVSTRING_CLASS@@0@Z)
     1>copyv5.obj : error LNK2019: unresolved external symbol "public: bool __thiscall VDB_CLASS::open_for_write(class STRING_CLASS &)" (?open_for_write@VDB_CLASS@@QAE_NAAVSTRING_CLASS@@@Z) referenced in function "unsigned char __cdecl copy_results_dir(class STRING_CLASS &,class STRING_CLASS &)" (?copy_results_dir@@YAEAAVSTRING_CLASS@@0@Z)
     1>copyv5.obj : error LNK2019: unresolved external symbol "public: bool __thiscall VDB_CLASS::rec_append(void)" (?rec_append@VDB_CLASS@@QAE_NXZ) referenced in function "unsigned char __cdecl copy_results_dir(class STRING_CLASS &,class STRING_CLASS &)" (?copy_results_dir@@YAEAAVSTRING_CLASS@@0@Z)
     1>copyv5.obj : error LNK2019: unresolved external symbol "public: void __thiscall WINDOW_CLASS::show(int)" (?show@WINDOW_CLASS@@QAEXH@Z) referenced in function "void __cdecl startup(int)" (?startup@@YAXH@Z)
     1>copyv5.obj : error LNK2019: unresolved external symbol "public: void __thiscall WINDOW_CLASS::shrinkwrap(struct HWND__ *)" (?shrinkwrap@WINDOW_CLASS@@QAEXPAUHWND__@@@Z) referenced in function "int __stdcall main_dialog_proc(struct HWND__ *,unsigned int,unsigned int,long)" (?main_dialog_proc@@YGHPAUHWND__@@IIJ@Z)
     1>copyv5.obj : error LNK2001: unresolved external symbol "private: static char * STRING_CLASS::emptystring" (?emptystring@STRING_CLASS@@0PADA)
     1>C:\Sources\Version8\truetrak\Debug\copyv5.exe : fatal error LNK1120: 66 unresolved externals
     1>Done Building Project "C:\Sources\Version8\copyv5\copyv5.vcxproj" (Build target(s)) -- FAILED.

Build FAILED.

Time Elapsed 00:00:01.35
