Build started 5/15/25 12:18:57 AM.
     1>Project "C:\Sources\Version8\v5setups\v5setups.vcxproj" on node 2 (Build target(s)).
     1>ClCompile:
         C:\Program Files (x86)\Microsoft Visual Studio 12.0\VC\bin\CL.exe /c /Zi /nologo /W3 /WX- /Od /Oy- /D WIN32 /D _DEBUG /D _WINDOWS /Gm /EHsc /RTC1 /MDd /GS /fp:precise /Zc:wchar_t /Zc:forScope /Fo"Debug\\" /Fd"Debug\vc120.pdb" /Gd /TP /analyze- /errorReport:prompt v5setups.cpp
         v5setups.cpp
       ResourceCompile:
         C:\Program Files (x86)\Windows Kits\8.1\bin\x86\rc.exe /l"0x0409" /nologo /fo"Debug\v5setups.res" v5setups.rc 
       Link:
         C:\Program Files (x86)\Microsoft Visual Studio 12.0\VC\bin\link.exe /ERRORREPORT:PROMPT /OUT:"C:\Sources\Version8\truetrak\Debug\v5setups.exe" /INCREMENTAL /NOLOGO kernel32.lib user32.lib gdi32.lib winspool.lib comdlg32.lib advapi32.lib shell32.lib ole32.lib oleaut32.lib uuid.lib odbc32.lib odbccp32.lib /MANIFEST /MANIFESTUAC:"level='asInvoker' uiAccess='false'" /manifest:embed /DEBUG /PDB:"C:\Sources\Version8\truetrak\Debug\v5setups.pdb" /SUBSYSTEM:WINDOWS /TLBID:1 /DYNAMICBASE /NXCOMPAT /IMPLIB:"C:\Sources\Version8\truetrak\Debug\v5setups.lib" /MACHINE:X86 Debug\v5setups.res
         Debug\v5setups.obj
     1>v5setups.obj : error LNK2019: unresolved external symbol __imp__InitCommonControls@0 referenced in function _WinMain@16
     1>v5setups.obj : error LNK2019: unresolved external symbol "unsigned char __cdecl file_exists(char *)" (?file_exists@@YAEPAD@Z) referenced in function "public: unsigned char __thiscall NAME_CLASS::file_exists(void)" (?file_exists@NAME_CLASS@@QAEEXZ)
     1>v5setups.obj : error LNK2019: unresolved external symbol "long __cdecl asctoint32(char const *)" (?asctoint32@@YAJPBD@Z) referenced in function "struct MACHINE_ENTRY * __cdecl machine_from_listboxline(char *)" (?machine_from_listboxline@@YAPAUMACHINE_ENTRY@@PAD@Z)
     1>v5setups.obj : error LNK2019: unresolved external symbol "public: __thiscall STRING_CLASS::STRING_CLASS(void)" (??0STRING_CLASS@@QAE@XZ) referenced in function "void __cdecl st_message_box(char *,char *)" (?st_message_box@@YAXPAD0@Z)
     1>v5setups.obj : error LNK2019: unresolved external symbol "public: __thiscall STRING_CLASS::~STRING_CLASS(void)" (??1STRING_CLASS@@QAE@XZ) referenced in function "void __cdecl st_message_box(char *,char *)" (?st_message_box@@YAXPAD0@Z)
     1>v5setups.obj : error LNK2019: unresolved external symbol "public: void __thiscall STRING_CLASS::operator=(char const *)" (??4STRING_CLASS@@QAEXPBD@Z) referenced in function "void __cdecl get_actual_computer_name(void)" (?get_actual_computer_name@@YAXXZ)
     1>v5setups.obj : error LNK2019: unresolved external symbol "public: void __thiscall STRING_CLASS::operator=(class STRING_CLASS const &)" (??4STRING_CLASS@@QAEXABV0@@Z) referenced in function "char * __cdecl machine_listbox_string(struct MACHINE_ENTRY &)" (?machine_listbox_string@@YAPADAAUMACHINE_ENTRY@@@Z)
     1>v5setups.obj : error LNK2019: unresolved external symbol "public: void __thiscall STRING_CLASS::operator=(int)" (??4STRING_CLASS@@QAEXH@Z) referenced in function "void __cdecl save_machines(void)" (?save_machines@@YAXXZ)
     1>v5setups.obj : error LNK2019: unresolved external symbol "public: void __thiscall STRING_CLASS::operator+=(char const *)" (??YSTRING_CLASS@@QAEXPBD@Z) referenced in function "void __cdecl get_actual_computer_name(void)" (?get_actual_computer_name@@YAXXZ)
     1>v5setups.obj : error LNK2019: unresolved external symbol "public: void __thiscall STRING_CLASS::operator+=(int)" (??YSTRING_CLASS@@QAEXH@Z) referenced in function "char * __cdecl machine_listbox_string(struct MACHINE_ENTRY &)" (?machine_listbox_string@@YAPADAAUMACHINE_ENTRY@@@Z)
     1>v5setups.obj : error LNK2019: unresolved external symbol "public: bool __thiscall STRING_CLASS::get_text(struct HWND__ *)" (?get_text@STRING_CLASS@@QAE_NPAUHWND__@@@Z) referenced in function "void __cdecl check_tcp_address(void)" (?check_tcp_address@@YAXXZ)
     1>v5setups.obj : error LNK2019: unresolved external symbol "public: void __thiscall STRING_CLASS::null(void)" (?null@STRING_CLASS@@QAEXXZ) referenced in function "struct MACHINE_ENTRY * __cdecl machine_from_listboxline(char *)" (?machine_from_listboxline@@YAPAUMACHINE_ENTRY@@PAD@Z)
     1>v5setups.obj : error LNK2019: unresolved external symbol "public: unsigned char __thiscall STRING_CLASS::replace(char const *,char const *)" (?replace@STRING_CLASS@@QAEEPBD0@Z) referenced in function "void __cdecl check_tcp_address(void)" (?check_tcp_address@@YAXXZ)
     1>v5setups.obj : error LNK2019: unresolved external symbol "public: bool __thiscall STRING_CLASS::set_text(struct HWND__ *)" (?set_text@STRING_CLASS@@QAE_NPAUHWND__@@@Z) referenced in function "void __cdecl check_tcp_address(void)" (?check_tcp_address@@YAXXZ)
     1>v5setups.obj : error LNK2019: unresolved external symbol "public: unsigned char __thiscall STRING_CLASS::upsize(long)" (?upsize@STRING_CLASS@@QAEEJ@Z) referenced in function "char * __cdecl ftii_board_listbox_string(class DB_TABLE &)" (?ftii_board_listbox_string@@YAPADAAVDB_TABLE@@@Z)
     1>v5setups.obj : error LNK2019: unresolved external symbol "public: unsigned char __thiscall NAME_CLASS::get_data_dir_file_name(class STRING_CLASS &,char const *)" (?get_data_dir_file_name@NAME_CLASS@@QAEEAAVSTRING_CLASS@@PBD@Z) referenced in function "public: unsigned char __thiscall NAME_CLASS::get_ft2_boards_dbname(class STRING_CLASS &)" (?get_ft2_boards_dbname@NAME_CLASS@@QAEEAAVSTRING_CLASS@@@Z)
     1>v5setups.obj : error LNK2019: unresolved external symbol "public: unsigned char __thiscall NAME_CLASS::get_machine_dir_file_name(class STRING_CLASS &,class STRING_CLASS &,char const *)" (?get_machine_dir_file_name@NAME_CLASS@@QAEEAAVSTRING_CLASS@@0PBD@Z) referenced in function "public: unsigned char __thiscall NAME_CLASS::get_machset_csvname(class STRING_CLASS &,class STRING_CLASS &)" (?get_machset_csvname@NAME_CLASS@@QAEEAAVSTRING_CLASS@@0@Z)
     1>v5setups.obj : error LNK2019: unresolved external symbol "public: unsigned char __thiscall NAME_CLASS::get_exe_dir_file_name(char const *)" (?get_exe_dir_file_name@NAME_CLASS@@QAEEPBD@Z) referenced in function "void __cdecl gethelp(unsigned int,unsigned long)" (?gethelp@@YAXIK@Z)
     1>v5setups.obj : error LNK2019: unresolved external symbol "public: __thiscall AUTO_BACKUP_CLASS::AUTO_BACKUP_CLASS(void)" (??0AUTO_BACKUP_CLASS@@QAE@XZ) referenced in function "void __cdecl `dynamic initializer for 'AutoBack''(void)" (??__EAutoBack@@YAXXZ)
     1>v5setups.obj : error LNK2019: unresolved external symbol "public: __thiscall AUTO_BACKUP_CLASS::~AUTO_BACKUP_CLASS(void)" (??1AUTO_BACKUP_CLASS@@QAE@XZ) referenced in function "void __cdecl `dynamic atexit destructor for 'AutoBack''(void)" (??__FAutoBack@@YAXXZ)
     1>v5setups.obj : error LNK2019: unresolved external symbol "public: unsigned char __thiscall AUTO_BACKUP_CLASS::get_backup_dir(void)" (?get_backup_dir@AUTO_BACKUP_CLASS@@QAEEXZ) referenced in function "int __stdcall boards_setup_proc(struct HWND__ *,unsigned int,unsigned int,long)" (?boards_setup_proc@@YGHPAUHWND__@@IIJ@Z)
     1>v5setups.obj : error LNK2019: unresolved external symbol "public: unsigned char __thiscall AUTO_BACKUP_CLASS::backup_data_dir(void)" (?backup_data_dir@AUTO_BACKUP_CLASS@@QAEEXZ) referenced in function "void __cdecl save_boards(void)" (?save_boards@@YAXXZ)
     1>v5setups.obj : error LNK2019: unresolved external symbol "public: unsigned char __thiscall AUTO_BACKUP_CLASS::backup_machine(class STRING_CLASS &)" (?backup_machine@AUTO_BACKUP_CLASS@@QAEEAAVSTRING_CLASS@@@Z) referenced in function "void __cdecl save_machines(void)" (?save_machines@@YAXXZ)
     1>v5setups.obj : error LNK2019: unresolved external symbol "public: __thiscall DB_TABLE::DB_TABLE(void)" (??0DB_TABLE@@QAE@XZ) referenced in function "void __cdecl fill_boards(void)" (?fill_boards@@YAXXZ)
     1>v5setups.obj : error LNK2019: unresolved external symbol "public: __thiscall DB_TABLE::~DB_TABLE(void)" (??1DB_TABLE@@QAE@XZ) referenced in function "void __cdecl fill_boards(void)" (?fill_boards@@YAXXZ)
     1>v5setups.obj : error LNK2019: unresolved external symbol "public: void __thiscall DB_TABLE::close(void)" (?close@DB_TABLE@@QAEXXZ) referenced in function "void __cdecl fill_boards(void)" (?fill_boards@@YAXXZ)
     1>v5setups.obj : error LNK2019: unresolved external symbol "public: unsigned char __thiscall DB_TABLE::create(char *)" (?create@DB_TABLE@@QAEEPAD@Z) referenced in function "public: unsigned char __thiscall DB_TABLE::create(class STRING_CLASS &)" (?create@DB_TABLE@@QAEEAAVSTRING_CLASS@@@Z)
     1>v5setups.obj : error LNK2019: unresolved external symbol "public: unsigned char __thiscall DB_TABLE::empty(void)" (?empty@DB_TABLE@@QAEEXZ) referenced in function "void __cdecl save_boards(void)" (?save_boards@@YAXXZ)
     1>v5setups.obj : error LNK2019: unresolved external symbol "public: unsigned char __thiscall DB_TABLE::get_alpha(char *,unsigned short,short)" (?get_alpha@DB_TABLE@@QAEEPADGF@Z) referenced in function "char * __cdecl ftii_board_listbox_string(class DB_TABLE &)" (?ftii_board_listbox_string@@YAPADAAVDB_TABLE@@@Z)
     1>v5setups.obj : error LNK2019: unresolved external symbol "public: long __thiscall DB_TABLE::get_long(unsigned short)" (?get_long@DB_TABLE@@QAEJG@Z) referenced in function "char * __cdecl ftii_board_listbox_string(class DB_TABLE &)" (?ftii_board_listbox_string@@YAPADAAVDB_TABLE@@@Z)
     1>v5setups.obj : error LNK2019: unresolved external symbol "public: unsigned char __thiscall DB_TABLE::get_next_record(unsigned char)" (?get_next_record@DB_TABLE@@QAEEE@Z) referenced in function "void __cdecl fill_boards(void)" (?fill_boards@@YAXXZ)
     1>v5setups.obj : error LNK2019: unresolved external symbol "public: unsigned char __thiscall DB_TABLE::open(char *,short,short)" (?open@DB_TABLE@@QAEEPADFF@Z) referenced in function "public: unsigned char __thiscall DB_TABLE::open(class STRING_CLASS &,short,short)" (?open@DB_TABLE@@QAEEAAVSTRING_CLASS@@FF@Z)
     1>v5setups.obj : error LNK2019: unresolved external symbol "public: unsigned char __thiscall DB_TABLE::put_alpha(unsigned short,char const *,short)" (?put_alpha@DB_TABLE@@QAEEGPBDF@Z) referenced in function "void __cdecl save_boards(void)" (?save_boards@@YAXXZ)
     1>v5setups.obj : error LNK2019: unresolved external symbol "public: unsigned char __thiscall DB_TABLE::put_long(unsigned short,long,short)" (?put_long@DB_TABLE@@QAEEGJF@Z) referenced in function "public: unsigned char __thiscall DB_TABLE::put_short(unsigned short,short,short)" (?put_short@DB_TABLE@@QAEEGFF@Z)
     1>v5setups.obj : error LNK2019: unresolved external symbol "public: unsigned char __thiscall DB_TABLE::rec_append(void)" (?rec_append@DB_TABLE@@QAEEXZ) referenced in function "void __cdecl save_boards(void)" (?save_boards@@YAXXZ)
     1>v5setups.obj : error LNK2019: unresolved external symbol "public: __thiscall FONT_LIST_CLASS::FONT_LIST_CLASS(void)" (??0FONT_LIST_CLASS@@QAE@XZ) referenced in function "void __cdecl `dynamic initializer for 'FontList''(void)" (??__EFontList@@YAXXZ)
     1>v5setups.obj : error LNK2019: unresolved external symbol "public: __thiscall FONT_LIST_CLASS::~FONT_LIST_CLASS(void)" (??1FONT_LIST_CLASS@@QAE@XZ) referenced in function "void __cdecl `dynamic atexit destructor for 'FontList''(void)" (??__FFontList@@YAXXZ)
     1>v5setups.obj : error LNK2019: unresolved external symbol "public: __thiscall INI_CLASS::~INI_CLASS(void)" (??1INI_CLASS@@QAE@XZ) referenced in function "void __cdecl load_resources(void)" (?load_resources@@YAXXZ)
     1>v5setups.obj : error LNK2019: unresolved external symbol "public: unsigned char __thiscall INI_CLASS::set_file(char const *)" (?set_file@INI_CLASS@@QAEEPBD@Z) referenced in function "void __cdecl load_resources(void)" (?load_resources@@YAXXZ)
     1>v5setups.obj : error LNK2019: unresolved external symbol "public: unsigned char __thiscall INI_CLASS::set_section(char const *)" (?set_section@INI_CLASS@@QAEEPBD@Z) referenced in function "void __cdecl load_resources(void)" (?load_resources@@YAXXZ)
     1>v5setups.obj : error LNK2019: unresolved external symbol "public: unsigned char __thiscall INI_CLASS::find(char const *)" (?find@INI_CLASS@@QAEEPBD@Z) referenced in function "void __cdecl load_resources(void)" (?load_resources@@YAXXZ)
     1>v5setups.obj : error LNK2019: unresolved external symbol "public: char * __thiscall INI_CLASS::get_string(void)" (?get_string@INI_CLASS@@QAEPADXZ) referenced in function "void __cdecl load_resources(void)" (?load_resources@@YAXXZ)
     1>v5setups.obj : error LNK2019: unresolved external symbol "public: __thiscall LISTBOX_CLASS::~LISTBOX_CLASS(void)" (??1LISTBOX_CLASS@@QAE@XZ) referenced in function "void __cdecl refresh_machine_listbox_entry(void)" (?refresh_machine_listbox_entry@@YAXXZ)
     1>v5setups.obj : error LNK2019: unresolved external symbol "public: int __thiscall LISTBOX_CLASS::add(char *)" (?add@LISTBOX_CLASS@@QAEHPAD@Z) referenced in function "void __cdecl fill_machines(void)" (?fill_machines@@YAXXZ)
     1>v5setups.obj : error LNK2019: unresolved external symbol "public: int __thiscall LISTBOX_CLASS::count(void)" (?count@LISTBOX_CLASS@@QAEHXZ) referenced in function "void __cdecl save_machines(void)" (?save_machines@@YAXXZ)
     1>v5setups.obj : error LNK2019: unresolved external symbol "public: int __thiscall LISTBOX_CLASS::current_index(void)" (?current_index@LISTBOX_CLASS@@QAEHXZ) referenced in function "void __cdecl add_new_board(void)" (?add_new_board@@YAXXZ)
     1>v5setups.obj : error LNK2019: unresolved external symbol "public: void __thiscall LISTBOX_CLASS::empty(void)" (?empty@LISTBOX_CLASS@@QAEXXZ) referenced in function "void __cdecl fill_machines(void)" (?fill_machines@@YAXXZ)
     1>v5setups.obj : error LNK2019: unresolved external symbol "public: unsigned char __thiscall LISTBOX_CLASS::init(struct HWND__ *,int)" (?init@LISTBOX_CLASS@@QAEEPAUHWND__@@H@Z) referenced in function "void __cdecl refresh_machine_listbox_entry(void)" (?refresh_machine_listbox_entry@@YAXXZ)
     1>v5setups.obj : error LNK2019: unresolved external symbol "public: char * __thiscall LISTBOX_CLASS::item_text(int)" (?item_text@LISTBOX_CLASS@@QAEPADH@Z) referenced in function "void __cdecl save_machines(void)" (?save_machines@@YAXXZ)
     1>v5setups.obj : error LNK2019: unresolved external symbol "public: void __thiscall LISTBOX_CLASS::redraw_off(void)" (?redraw_off@LISTBOX_CLASS@@QAEXXZ) referenced in function "void __cdecl fill_machines(void)" (?fill_machines@@YAXXZ)
     1>v5setups.obj : error LNK2019: unresolved external symbol "public: void __thiscall LISTBOX_CLASS::redraw_on(void)" (?redraw_on@LISTBOX_CLASS@@QAEXXZ) referenced in function "void __cdecl fill_machines(void)" (?fill_machines@@YAXXZ)
     1>v5setups.obj : error LNK2019: unresolved external symbol "public: unsigned char __thiscall LISTBOX_CLASS::remove(int)" (?remove@LISTBOX_CLASS@@QAEEH@Z) referenced in function "void __cdecl delete_current_board(void)" (?delete_current_board@@YAXXZ)
     1>v5setups.obj : error LNK2019: unresolved external symbol "public: unsigned char __thiscall LISTBOX_CLASS::replace(char *)" (?replace@LISTBOX_CLASS@@QAEEPAD@Z) referenced in function "void __cdecl refresh_machine_listbox_entry(void)" (?refresh_machine_listbox_entry@@YAXXZ)
     1>v5setups.obj : error LNK2019: unresolved external symbol "public: int __thiscall LISTBOX_CLASS::selected_index(void)" (?selected_index@LISTBOX_CLASS@@QAEHXZ) referenced in function "void __cdecl do_board_select(void)" (?do_board_select@@YAXXZ)
     1>v5setups.obj : error LNK2019: unresolved external symbol "public: char * __thiscall LISTBOX_CLASS::selected_text(void)" (?selected_text@LISTBOX_CLASS@@QAEPADXZ) referenced in function "void __cdecl refresh_machine_listbox_entry(void)" (?refresh_machine_listbox_entry@@YAXXZ)
     1>v5setups.obj : error LNK2019: unresolved external symbol "public: unsigned char __thiscall LISTBOX_CLASS::setcursel(int)" (?setcursel@LISTBOX_CLASS@@QAEEH@Z) referenced in function "void __cdecl fill_machines(void)" (?fill_machines@@YAXXZ)
     1>v5setups.obj : error LNK2019: unresolved external symbol "public: __thiscall MULTIPART_RUNLIST_SETTINGS_CLASS::~MULTIPART_RUNLIST_SETTINGS_CLASS(void)" (??1MULTIPART_RUNLIST_SETTINGS_CLASS@@QAE@XZ) referenced in function "public: __thiscall MACHINE_CLASS::~MACHINE_CLASS(void)" (??1MACHINE_CLASS@@QAE@XZ)
     1>v5setups.obj : error LNK2019: unresolved external symbol "public: __thiscall MACHINE_CLASS::MACHINE_CLASS(void)" (??0MACHINE_CLASS@@QAE@XZ) referenced in function "void __cdecl fill_machines(void)" (?fill_machines@@YAXXZ)
     1>v5setups.obj : error LNK2019: unresolved external symbol "public: unsigned char __thiscall MACHINE_CLASS::find(class STRING_CLASS &,class STRING_CLASS &)" (?find@MACHINE_CLASS@@QAEEAAVSTRING_CLASS@@0@Z) referenced in function "void __cdecl fill_machines(void)" (?fill_machines@@YAXXZ)
     1>v5setups.obj : error LNK2019: unresolved external symbol "public: void __thiscall GENERIC_LIST_CLASS::rewind(void)" (?rewind@GENERIC_LIST_CLASS@@QAEXXZ) referenced in function "public: void __thiscall MACHINE_NAME_LIST_CLASS::rewind(void)" (?rewind@MACHINE_NAME_LIST_CLASS@@QAEXXZ)
     1>v5setups.obj : error LNK2019: unresolved external symbol "public: __thiscall MACHINE_NAME_LIST_CLASS::MACHINE_NAME_LIST_CLASS(void)" (??0MACHINE_NAME_LIST_CLASS@@QAE@XZ) referenced in function "void __cdecl fill_machines(void)" (?fill_machines@@YAXXZ)
     1>v5setups.obj : error LNK2019: unresolved external symbol "public: __thiscall MACHINE_NAME_LIST_CLASS::~MACHINE_NAME_LIST_CLASS(void)" (??1MACHINE_NAME_LIST_CLASS@@QAE@XZ) referenced in function "void __cdecl fill_machines(void)" (?fill_machines@@YAXXZ)
     1>v5setups.obj : error LNK2019: unresolved external symbol "public: unsigned char __thiscall MACHINE_NAME_LIST_CLASS::add_computer(class STRING_CLASS &)" (?add_computer@MACHINE_NAME_LIST_CLASS@@QAEEAAVSTRING_CLASS@@@Z) referenced in function "void __cdecl fill_machines(void)" (?fill_machines@@YAXXZ)
     1>v5setups.obj : error LNK2019: unresolved external symbol "public: unsigned char __thiscall MACHINE_NAME_LIST_CLASS::next(void)" (?next@MACHINE_NAME_LIST_CLASS@@QAEEXZ) referenced in function "void __cdecl fill_machines(void)" (?fill_machines@@YAXXZ)
     1>v5setups.obj : error LNK2019: unresolved external symbol "public: class STRING_CLASS & __thiscall MACHINE_NAME_LIST_CLASS::name(void)" (?name@MACHINE_NAME_LIST_CLASS@@QAEAAVSTRING_CLASS@@XZ) referenced in function "void __cdecl fill_machines(void)" (?fill_machines@@YAXXZ)
     1>v5setups.obj : error LNK2019: unresolved external symbol "public: __thiscall SETPOINT_CLASS::SETPOINT_CLASS(void)" (??0SETPOINT_CLASS@@QAE@XZ) referenced in function "void __cdecl save_machines(void)" (?save_machines@@YAXXZ)
     1>v5setups.obj : error LNK2019: unresolved external symbol "public: __thiscall SETPOINT_CLASS::~SETPOINT_CLASS(void)" (??1SETPOINT_CLASS@@QAE@XZ) referenced in function "void __cdecl save_machines(void)" (?save_machines@@YAXXZ)
     1>v5setups.obj : error LNK2019: unresolved external symbol "public: struct SETPOINT_ENTRY & __thiscall SETPOINT_CLASS::operator[](int)" (??ASETPOINT_CLASS@@QAEAAUSETPOINT_ENTRY@@H@Z) referenced in function "void __cdecl save_machines(void)" (?save_machines@@YAXXZ)
     1>v5setups.obj : error LNK2019: unresolved external symbol "public: int __thiscall SETPOINT_CLASS::get(class STRING_CLASS &)" (?get@SETPOINT_CLASS@@QAEHAAVSTRING_CLASS@@@Z) referenced in function "void __cdecl save_machines(void)" (?save_machines@@YAXXZ)
     1>v5setups.obj : error LNK2019: unresolved external symbol "public: unsigned char __thiscall SETPOINT_CLASS::put(class STRING_CLASS &)" (?put@SETPOINT_CLASS@@QAEEAAVSTRING_CLASS@@@Z) referenced in function "void __cdecl save_machines(void)" (?save_machines@@YAXXZ)
     1>v5setups.obj : error LNK2019: unresolved external symbol "char * __cdecl copystring(char *,char const *)" (?copystring@@YAPADPADPBD@Z) referenced in function "char * __cdecl board_listbox_string(struct BOARD_ENTRY &)" (?board_listbox_string@@YAPADAAUBOARD_ENTRY@@@Z)
     1>v5setups.obj : error LNK2019: unresolved external symbol "void __cdecl insalph(char *,long,long,char,long)" (?insalph@@YAXPADJJDJ@Z) referenced in function "char * __cdecl board_listbox_string(struct BOARD_ENTRY &)" (?board_listbox_string@@YAPADAAUBOARD_ENTRY@@@Z)
     1>v5setups.obj : error LNK2019: unresolved external symbol "char * __cdecl nextstring(char *)" (?nextstring@@YAPADPAD@Z) referenced in function "struct MACHINE_ENTRY * __cdecl machine_from_listboxline(char *)" (?machine_from_listboxline@@YAPAUMACHINE_ENTRY@@PAD@Z)
     1>v5setups.obj : error LNK2019: unresolved external symbol "unsigned char __cdecl replace_tab_with_null(char *)" (?replace_tab_with_null@@YAEPAD@Z) referenced in function "struct MACHINE_ENTRY * __cdecl machine_from_listboxline(char *)" (?machine_from_listboxline@@YAPAUMACHINE_ENTRY@@PAD@Z)
     1>v5setups.obj : error LNK2019: unresolved external symbol "int __cdecl eb_get_caret_pos(struct HWND__ *)" (?eb_get_caret_pos@@YAHPAUHWND__@@@Z) referenced in function "void __cdecl check_tcp_address(void)" (?check_tcp_address@@YAXXZ)
     1>v5setups.obj : error LNK2019: unresolved external symbol "void __cdecl eb_set_caret_pos(struct HWND__ *,int)" (?eb_set_caret_pos@@YAXPAUHWND__@@H@Z) referenced in function "void __cdecl check_tcp_address(void)" (?check_tcp_address@@YAXXZ)
     1>v5setups.obj : error LNK2019: unresolved external symbol "unsigned char __cdecl is_checked(struct HWND__ *,int)" (?is_checked@@YAEPAUHWND__@@H@Z) referenced in function "void __cdecl refresh_machine_listbox_entry(void)" (?refresh_machine_listbox_entry@@YAXXZ)
     1>v5setups.obj : error LNK2019: unresolved external symbol "unsigned char __cdecl is_previous_instance(char *,char *)" (?is_previous_instance@@YAEPAD0@Z) referenced in function "bool __cdecl init(int)" (?init@@YA_NH@Z)
     1>v5setups.obj : error LNK2019: unresolved external symbol "void __cdecl set_listbox_tabs_from_title_positions(struct HWND__ *,unsigned int,int *,int)" (?set_listbox_tabs_from_title_positions@@YAXPAUHWND__@@IPAHH@Z) referenced in function "void __cdecl set_tab_stops(void)" (?set_tab_stops@@YAXXZ)
     1>v5setups.obj : error LNK2019: unresolved external symbol "void __cdecl shrinkwrap(struct HWND__ *,struct HWND__ *)" (?shrinkwrap@@YAXPAUHWND__@@0@Z) referenced in function "int __stdcall boards_setup_proc(struct HWND__ *,unsigned int,unsigned int,long)" (?boards_setup_proc@@YGHPAUHWND__@@IIJ@Z)
     1>v5setups.obj : error LNK2019: unresolved external symbol "public: __thiscall STRINGTABLE_CLASS::STRINGTABLE_CLASS(void)" (??0STRINGTABLE_CLASS@@QAE@XZ) referenced in function "void __cdecl `dynamic initializer for 'StringTable''(void)" (??__EStringTable@@YAXXZ)
     1>v5setups.obj : error LNK2019: unresolved external symbol "public: __thiscall STRINGTABLE_CLASS::~STRINGTABLE_CLASS(void)" (??1STRINGTABLE_CLASS@@QAE@XZ) referenced in function "void __cdecl `dynamic atexit destructor for 'StringTable''(void)" (??__FStringTable@@YAXXZ)
     1>v5setups.obj : error LNK2019: unresolved external symbol "public: bool __thiscall STRINGTABLE_CLASS::find(class STRING_CLASS &,char *)" (?find@STRINGTABLE_CLASS@@QAE_NAAVSTRING_CLASS@@PAD@Z) referenced in function "void __cdecl st_message_box(char *,char *)" (?st_message_box@@YAXPAD0@Z)
     1>v5setups.obj : error LNK2019: unresolved external symbol "public: void __thiscall STRINGTABLE_CLASS::set_language(class STRING_CLASS &)" (?set_language@STRINGTABLE_CLASS@@QAEXAAVSTRING_CLASS@@@Z) referenced in function "void __cdecl load_resources(void)" (?load_resources@@YAXXZ)
     1>v5setups.obj : error LNK2019: unresolved external symbol "public: __thiscall COMPUTER_CLASS::COMPUTER_CLASS(void)" (??0COMPUTER_CLASS@@QAE@XZ) referenced in function "bool __cdecl init(int)" (?init@@YA_NH@Z)
     1>v5setups.obj : error LNK2019: unresolved external symbol "public: class STRING_CLASS & __thiscall COMPUTER_CLASS::whoami(void)" (?whoami@COMPUTER_CLASS@@QAEAAVSTRING_CLASS@@XZ) referenced in function "bool __cdecl init(int)" (?init@@YA_NH@Z)
     1>v5setups.obj : error LNK2019: unresolved external symbol "public: unsigned char __thiscall COMPUTER_CLASS::startup(void)" (?startup@COMPUTER_CLASS@@QAEEXZ) referenced in function "bool __cdecl init(int)" (?init@@YA_NH@Z)
     1>v5setups.obj : error LNK2019: unresolved external symbol "public: void __thiscall COMPUTER_CLASS::shutdown(void)" (?shutdown@COMPUTER_CLASS@@QAEXXZ) referenced in function "void __cdecl shutdown(void)" (?shutdown@@YAXXZ)
     1>v5setups.obj : error LNK2019: unresolved external symbol "void __cdecl statics_startup(void)" (?statics_startup@@YAXXZ) referenced in function "void __cdecl load_resources(void)" (?load_resources@@YAXXZ)
     1>v5setups.obj : error LNK2019: unresolved external symbol "void __cdecl statics_shutdown(void)" (?statics_shutdown@@YAXXZ) referenced in function "void __cdecl shutdown(void)" (?shutdown@@YAXXZ)
     1>v5setups.obj : error LNK2019: unresolved external symbol "void __cdecl set_setup_strings(struct HWND__ *,struct RESOURCE_TEXT_ENTRY *,int,unsigned int *,int,char *)" (?set_setup_strings@@YAXPAUHWND__@@PAURESOURCE_TEXT_ENTRY@@HPAIHPAD@Z) referenced in function "void __cdecl set_boards_setup_strings(struct HWND__ *)" (?set_boards_setup_strings@@YAXPAUHWND__@@@Z)
     1>v5setups.obj : error LNK2019: unresolved external symbol "void __cdecl client_dde_shutdown(void)" (?client_dde_shutdown@@YAXXZ) referenced in function "void __cdecl shutdown(void)" (?shutdown@@YAXXZ)
     1>v5setups.obj : error LNK2019: unresolved external symbol "void __cdecl client_dde_startup(struct HWND__ *)" (?client_dde_startup@@YAXPAUHWND__@@@Z) referenced in function "long __stdcall main_proc(struct HWND__ *,unsigned int,unsigned int,long)" (?main_proc@@YGJPAUHWND__@@IIJ@Z)
     1>v5setups.obj : error LNK2001: unresolved external symbol "private: static char * STRING_CLASS::emptystring" (?emptystring@STRING_CLASS@@0PADA)
     1>C:\Sources\Version8\truetrak\Debug\v5setups.exe : fatal error LNK1120: 94 unresolved externals
     1>Done Building Project "C:\Sources\Version8\v5setups\v5setups.vcxproj" (Build target(s)) -- FAILED.

Build FAILED.

Time Elapsed 00:00:01.34
