Build started 5/15/25 12:18:45 AM.
     1>Project "C:\Sources\Version8\monedit\monedit.vcxproj" on node 2 (Build target(s)).
     1>ClCompile:
         C:\Program Files (x86)\Microsoft Visual Studio 12.0\VC\bin\CL.exe /c /Zi /nologo /W3 /WX- /Od /Oy- /D WIN32 /D _DEBUG /D _WINDOWS /Gm /EHsc /RTC1 /MDd /GS /fp:precise /Zc:wchar_t /Zc:forScope /Fo"Debug\\" /Fd"Debug\vc120.pdb" /Gd /TP /analyze- /errorReport:prompt monedit.cpp monitor.cpp
         monitor.cpp
         monedit.cpp
         Generating Code...
       ResourceCompile:
         C:\Program Files (x86)\Windows Kits\8.1\bin\x86\rc.exe /l"0x0409" /nologo /fo"Debug\monedit.res" monedit.rc 
       Link:
         C:\Program Files (x86)\Microsoft Visual Studio 12.0\VC\bin\link.exe /ERRORREPORT:PROMPT /OUT:"C:\Sources\Version8\truetrak\Debug\monedit.exe" /INCREMENTAL /NOLOGO kernel32.lib user32.lib gdi32.lib winspool.lib comdlg32.lib advapi32.lib shell32.lib ole32.lib oleaut32.lib uuid.lib odbc32.lib odbccp32.lib /MANIFEST /MANIFESTUAC:"level='asInvoker' uiAccess='false'" /manifest:embed /DEBUG /PDB:"C:\Sources\Version8\truetrak\Debug\monedit.pdb" /SUBSYSTEM:WINDOWS /TLBID:1 /DYNAMICBASE /NXCOMPAT /IMPLIB:"C:\Sources\Version8\truetrak\Debug\monedit.lib" /MACHINE:X86 Debug\monedit.res
         Debug\monedit.obj
         Debug\monitor.obj
     1>monedit.obj : error LNK2019: unresolved external symbol "public: __thiscall STRING_CLASS::STRING_CLASS(void)" (??0STRING_CLASS@@QAE@XZ) referenced in function "public: __thiscall NAME_CLASS::NAME_CLASS(void)" (??0NAME_CLASS@@QAE@XZ)
     1>monitor.obj : error LNK2001: unresolved external symbol "public: __thiscall STRING_CLASS::STRING_CLASS(void)" (??0STRING_CLASS@@QAE@XZ)
     1>monedit.obj : error LNK2019: unresolved external symbol "public: __thiscall STRING_CLASS::~STRING_CLASS(void)" (??1STRING_CLASS@@QAE@XZ) referenced in function "public: __thiscall NAME_CLASS::~NAME_CLASS(void)" (??1NAME_CLASS@@QAE@XZ)
     1>monitor.obj : error LNK2001: unresolved external symbol "public: __thiscall STRING_CLASS::~STRING_CLASS(void)" (??1STRING_CLASS@@QAE@XZ)
     1>monedit.obj : error LNK2019: unresolved external symbol "public: void __thiscall STRING_CLASS::empty(void)" (?empty@STRING_CLASS@@QAEXXZ) referenced in function "void __cdecl shutdown(void)" (?shutdown@@YAXXZ)
     1>monedit.obj : error LNK2019: unresolved external symbol "public: void __thiscall STRING_CLASS::operator=(char const *)" (??4STRING_CLASS@@QAEXPBD@Z) referenced in function "public: void __thiscall NAME_CLASS::operator=(char const *)" (??4NAME_CLASS@@QAEXPBD@Z)
     1>monitor.obj : error LNK2001: unresolved external symbol "public: void __thiscall STRING_CLASS::operator=(char const *)" (??4STRING_CLASS@@QAEXPBD@Z)
     1>monedit.obj : error LNK2019: unresolved external symbol "public: void __thiscall STRING_CLASS::operator=(class STRING_CLASS const &)" (??4STRING_CLASS@@QAEXABV0@@Z) referenced in function "bool __cdecl init(int)" (?init@@YA_NH@Z)
     1>monitor.obj : error LNK2001: unresolved external symbol "public: void __thiscall STRING_CLASS::operator=(class STRING_CLASS const &)" (??4STRING_CLASS@@QAEXABV0@@Z)
     1>monedit.obj : error LNK2019: unresolved external symbol "public: unsigned char __thiscall STRING_CLASS::upsize(long)" (?upsize@STRING_CLASS@@QAEEJ@Z) referenced in function "void __cdecl new_machine_setup_callback(char *,short,struct HDDEDATA__ *)" (?new_machine_setup_callback@@YAXPADFPAUHDDEDATA__@@@Z)
     1>monitor.obj : error LNK2001: unresolved external symbol "public: unsigned char __thiscall STRING_CLASS::upsize(long)" (?upsize@STRING_CLASS@@QAEEJ@Z)
     1>monedit.obj : error LNK2019: unresolved external symbol "public: unsigned char __thiscall NAME_CLASS::get_exe_dir_file_name(char const *)" (?get_exe_dir_file_name@NAME_CLASS@@QAEEPBD@Z) referenced in function "void __cdecl gethelp(unsigned int,unsigned long)" (?gethelp@@YAXIK@Z)
     1>monitor.obj : error LNK2001: unresolved external symbol "public: unsigned char __thiscall NAME_CLASS::get_exe_dir_file_name(char const *)" (?get_exe_dir_file_name@NAME_CLASS@@QAEEPBD@Z)
     1>monedit.obj : error LNK2019: unresolved external symbol "public: __thiscall FONT_LIST_CLASS::FONT_LIST_CLASS(void)" (??0FONT_LIST_CLASS@@QAE@XZ) referenced in function "void __cdecl `dynamic initializer for 'FontList''(void)" (??__EFontList@@YAXXZ)
     1>monedit.obj : error LNK2019: unresolved external symbol "public: __thiscall FONT_LIST_CLASS::~FONT_LIST_CLASS(void)" (??1FONT_LIST_CLASS@@QAE@XZ) referenced in function "void __cdecl `dynamic atexit destructor for 'FontList''(void)" (??__FFontList@@YAXXZ)
     1>monedit.obj : error LNK2019: unresolved external symbol "public: __thiscall INI_CLASS::~INI_CLASS(void)" (??1INI_CLASS@@QAE@XZ) referenced in function "void __cdecl load_resources(void)" (?load_resources@@YAXXZ)
     1>monitor.obj : error LNK2001: unresolved external symbol "public: __thiscall INI_CLASS::~INI_CLASS(void)" (??1INI_CLASS@@QAE@XZ)
     1>monedit.obj : error LNK2019: unresolved external symbol "public: unsigned char __thiscall INI_CLASS::set_file(char const *)" (?set_file@INI_CLASS@@QAEEPBD@Z) referenced in function "void __cdecl load_resources(void)" (?load_resources@@YAXXZ)
     1>monitor.obj : error LNK2001: unresolved external symbol "public: unsigned char __thiscall INI_CLASS::set_file(char const *)" (?set_file@INI_CLASS@@QAEEPBD@Z)
     1>monedit.obj : error LNK2019: unresolved external symbol "public: unsigned char __thiscall INI_CLASS::set_section(char const *)" (?set_section@INI_CLASS@@QAEEPBD@Z) referenced in function "void __cdecl load_resources(void)" (?load_resources@@YAXXZ)
     1>monitor.obj : error LNK2001: unresolved external symbol "public: unsigned char __thiscall INI_CLASS::set_section(char const *)" (?set_section@INI_CLASS@@QAEEPBD@Z)
     1>monedit.obj : error LNK2019: unresolved external symbol "public: unsigned char __thiscall INI_CLASS::find(char const *)" (?find@INI_CLASS@@QAEEPBD@Z) referenced in function "void __cdecl load_resources(void)" (?load_resources@@YAXXZ)
     1>monitor.obj : error LNK2001: unresolved external symbol "public: unsigned char __thiscall INI_CLASS::find(char const *)" (?find@INI_CLASS@@QAEEPBD@Z)
     1>monedit.obj : error LNK2019: unresolved external symbol "public: char * __thiscall INI_CLASS::get_string(void)" (?get_string@INI_CLASS@@QAEPADXZ) referenced in function "void __cdecl load_resources(void)" (?load_resources@@YAXXZ)
     1>monitor.obj : error LNK2001: unresolved external symbol "public: char * __thiscall INI_CLASS::get_string(void)" (?get_string@INI_CLASS@@QAEPADXZ)
     1>monedit.obj : error LNK2019: unresolved external symbol "public: __thiscall COMPUTER_CLASS::COMPUTER_CLASS(void)" (??0COMPUTER_CLASS@@QAE@XZ) referenced in function "bool __cdecl init(int)" (?init@@YA_NH@Z)
     1>monitor.obj : error LNK2001: unresolved external symbol "public: __thiscall COMPUTER_CLASS::COMPUTER_CLASS(void)" (??0COMPUTER_CLASS@@QAE@XZ)
     1>monedit.obj : error LNK2019: unresolved external symbol "public: class STRING_CLASS & __thiscall COMPUTER_CLASS::whoami(void)" (?whoami@COMPUTER_CLASS@@QAEAAVSTRING_CLASS@@XZ) referenced in function "bool __cdecl init(int)" (?init@@YA_NH@Z)
     1>monedit.obj : error LNK2019: unresolved external symbol "public: unsigned char __thiscall COMPUTER_CLASS::startup(void)" (?startup@COMPUTER_CLASS@@QAEEXZ) referenced in function "bool __cdecl init(int)" (?init@@YA_NH@Z)
     1>monedit.obj : error LNK2019: unresolved external symbol "void __cdecl fix_dde_name(char *)" (?fix_dde_name@@YAXPAD@Z) referenced in function "void __cdecl new_machine_setup_callback(char *,short,struct HDDEDATA__ *)" (?new_machine_setup_callback@@YAXPADFPAUHDDEDATA__@@@Z)
     1>monedit.obj : error LNK2019: unresolved external symbol "unsigned char __cdecl is_previous_instance(char *,char *)" (?is_previous_instance@@YAEPAD0@Z) referenced in function "bool __cdecl init(int)" (?init@@YA_NH@Z)
     1>monedit.obj : error LNK2019: unresolved external symbol "public: __thiscall STRINGTABLE_CLASS::STRINGTABLE_CLASS(void)" (??0STRINGTABLE_CLASS@@QAE@XZ) referenced in function "void __cdecl `dynamic initializer for 'StringTable''(void)" (??__EStringTable@@YAXXZ)
     1>monedit.obj : error LNK2019: unresolved external symbol "public: __thiscall STRINGTABLE_CLASS::~STRINGTABLE_CLASS(void)" (??1STRINGTABLE_CLASS@@QAE@XZ) referenced in function "void __cdecl `dynamic atexit destructor for 'StringTable''(void)" (??__FStringTable@@YAXXZ)
     1>monedit.obj : error LNK2019: unresolved external symbol "public: bool __thiscall STRINGTABLE_CLASS::find(class STRING_CLASS &,char *)" (?find@STRINGTABLE_CLASS@@QAE_NAAVSTRING_CLASS@@PAD@Z) referenced in function "bool __cdecl init(int)" (?init@@YA_NH@Z)
     1>monitor.obj : error LNK2001: unresolved external symbol "public: bool __thiscall STRINGTABLE_CLASS::find(class STRING_CLASS &,char *)" (?find@STRINGTABLE_CLASS@@QAE_NAAVSTRING_CLASS@@PAD@Z)
     1>monedit.obj : error LNK2019: unresolved external symbol "public: void __thiscall STRINGTABLE_CLASS::set_language(class STRING_CLASS &)" (?set_language@STRINGTABLE_CLASS@@QAEXAAVSTRING_CLASS@@@Z) referenced in function "void __cdecl load_resources(void)" (?load_resources@@YAXXZ)
     1>monedit.obj : error LNK2019: unresolved external symbol "void __cdecl statics_startup(void)" (?statics_startup@@YAXXZ) referenced in function "void __cdecl load_resources(void)" (?load_resources@@YAXXZ)
     1>monedit.obj : error LNK2019: unresolved external symbol "void __cdecl statics_shutdown(void)" (?statics_shutdown@@YAXXZ) referenced in function "void __cdecl shutdown(void)" (?shutdown@@YAXXZ)
     1>monedit.obj : error LNK2019: unresolved external symbol "void __cdecl client_dde_shutdown(void)" (?client_dde_shutdown@@YAXXZ) referenced in function "void __cdecl shutdown(void)" (?shutdown@@YAXXZ)
     1>monedit.obj : error LNK2019: unresolved external symbol "void __cdecl client_dde_startup(struct HWND__ *)" (?client_dde_startup@@YAXPAUHWND__@@@Z) referenced in function "long __stdcall main_proc(struct HWND__ *,unsigned int,unsigned int,long)" (?main_proc@@YGJPAUHWND__@@IIJ@Z)
     1>monedit.obj : error LNK2019: unresolved external symbol "void __cdecl unregister_for_event(char *,short)" (?unregister_for_event@@YAXPADF@Z) referenced in function "void __cdecl shutdown(void)" (?shutdown@@YAXXZ)
     1>monedit.obj : error LNK2019: unresolved external symbol "void __cdecl register_for_event(char *,short,void (__cdecl*)(char *,short,struct HDDEDATA__ *))" (?register_for_event@@YAXPADFP6AX0FPAUHDDEDATA__@@@Z@Z) referenced in function "long __stdcall main_proc(struct HWND__ *,unsigned int,unsigned int,long)" (?main_proc@@YGJPAUHWND__@@IIJ@Z)
     1>monedit.obj : error LNK2001: unresolved external symbol "private: static char * STRING_CLASS::emptystring" (?emptystring@STRING_CLASS@@0PADA)
     1>monitor.obj : error LNK2001: unresolved external symbol "private: static char * STRING_CLASS::emptystring" (?emptystring@STRING_CLASS@@0PADA)
     1>monitor.obj : error LNK2019: unresolved external symbol "char * __cdecl int32toasc(long)" (?int32toasc@@YAPADJ@Z) referenced in function "char * __cdecl save_counts_to_line(char *,struct SAVE_COUNTS *)" (?save_counts_to_line@@YAPADPADPAUSAVE_COUNTS@@@Z)
     1>monitor.obj : error LNK2019: unresolved external symbol "public: char * __thiscall STRING_CLASS::find(char)" (?find@STRING_CLASS@@QAEPADD@Z) referenced in function "unsigned char __cdecl do_machine_select(void)" (?do_machine_select@@YAEXZ)
     1>monitor.obj : error LNK2019: unresolved external symbol "public: unsigned char __thiscall STRING_CLASS::isempty(void)" (?isempty@STRING_CLASS@@QAEEXZ) referenced in function "unsigned char __cdecl machine_listbox_string(int)" (?machine_listbox_string@@YAEH@Z)
     1>monitor.obj : error LNK2019: unresolved external symbol "public: long __thiscall STRING_CLASS::len(void)" (?len@STRING_CLASS@@QAEJXZ) referenced in function "unsigned char __cdecl machine_listbox_string(int)" (?machine_listbox_string@@YAEH@Z)
     1>monitor.obj : error LNK2019: unresolved external symbol "public: void __thiscall STRING_CLASS::operator=(int)" (??4STRING_CLASS@@QAEXH@Z) referenced in function "void __cdecl save_sample_seconds(int)" (?save_sample_seconds@@YAXH@Z)
     1>monitor.obj : error LNK2019: unresolved external symbol "public: void __thiscall STRING_CLASS::operator=(unsigned int)" (??4STRING_CLASS@@QAEXI@Z) referenced in function "void __cdecl save_changes(void)" (?save_changes@@YAXXZ)
     1>monitor.obj : error LNK2019: unresolved external symbol "public: void __thiscall STRING_CLASS::operator+=(char)" (??YSTRING_CLASS@@QAEXD@Z) referenced in function "unsigned char __cdecl machine_listbox_string(int)" (?machine_listbox_string@@YAEH@Z)
     1>monitor.obj : error LNK2019: unresolved external symbol "public: void __thiscall STRING_CLASS::operator+=(char const *)" (??YSTRING_CLASS@@QAEXPBD@Z) referenced in function "unsigned char __cdecl machine_listbox_string(int)" (?machine_listbox_string@@YAEH@Z)
     1>monitor.obj : error LNK2019: unresolved external symbol "public: unsigned char __thiscall STRING_CLASS::operator==(class STRING_CLASS const &)" (??8STRING_CLASS@@QAEEABV0@@Z) referenced in function "void __cdecl save_sample_seconds(int)" (?save_sample_seconds@@YAXH@Z)
     1>monitor.obj : error LNK2019: unresolved external symbol "public: unsigned char __thiscall STRING_CLASS::operator==(char const *)" (??8STRING_CLASS@@QAEEPBD@Z) referenced in function "public: unsigned char __thiscall STRING_CLASS::operator!=(char const *)" (??9STRING_CLASS@@QAEEPBD@Z)
     1>monitor.obj : error LNK2019: unresolved external symbol "public: void __thiscall STRING_CLASS::cat_w_char(char const *,char)" (?cat_w_char@STRING_CLASS@@QAEXPBDD@Z) referenced in function "unsigned char __cdecl machine_listbox_string(int)" (?machine_listbox_string@@YAEH@Z)
     1>monitor.obj : error LNK2019: unresolved external symbol "public: bool __thiscall STRING_CLASS::get_text(struct HWND__ *)" (?get_text@STRING_CLASS@@QAE_NPAUHWND__@@@Z) referenced in function "public: bool __thiscall STRING_CLASS::get_text(struct HWND__ *,int)" (?get_text@STRING_CLASS@@QAE_NPAUHWND__@@H@Z)
     1>monitor.obj : error LNK2019: unresolved external symbol "public: void __thiscall STRING_CLASS::null(void)" (?null@STRING_CLASS@@QAEXXZ) referenced in function "unsigned char __cdecl machine_listbox_string(int)" (?machine_listbox_string@@YAEH@Z)
     1>monitor.obj : error LNK2019: unresolved external symbol "public: char * __thiscall STRING_CLASS::release(void)" (?release@STRING_CLASS@@QAEPADXZ) referenced in function "void __cdecl startup(void)" (?startup@@YAXXZ)
     1>monitor.obj : error LNK2019: unresolved external symbol "public: bool __thiscall STRING_CLASS::set_text(struct HWND__ *)" (?set_text@STRING_CLASS@@QAE_NPAUHWND__@@@Z) referenced in function "public: unsigned char __thiscall STRING_CLASS::set_text(struct HWND__ *,int)" (?set_text@STRING_CLASS@@QAEEPAUHWND__@@H@Z)
     1>monitor.obj : error LNK2019: unresolved external symbol "public: unsigned char __thiscall NAME_CLASS::get_machine_dir_file_name(class STRING_CLASS &,class STRING_CLASS &,char const *)" (?get_machine_dir_file_name@NAME_CLASS@@QAEEAAVSTRING_CLASS@@0PBD@Z) referenced in function "public: unsigned char __thiscall NAME_CLASS::get_machset_csvname(class STRING_CLASS &,class STRING_CLASS &)" (?get_machset_csvname@NAME_CLASS@@QAEEAAVSTRING_CLASS@@0@Z)
     1>monitor.obj : error LNK2019: unresolved external symbol "public: unsigned char __thiscall NAME_CLASS::get_part_dir_file_name(class STRING_CLASS &,class STRING_CLASS &,class STRING_CLASS &,char const *)" (?get_part_dir_file_name@NAME_CLASS@@QAEEAAVSTRING_CLASS@@00PBD@Z) referenced in function "public: unsigned char __thiscall NAME_CLASS::get_ft2_part_settings_file_name(class STRING_CLASS &,class STRING_CLASS &,class STRING_CLASS &)" (?get_ft2_part_settings_file_name@NAME_CLASS@@QAEEAAVSTRING_CLASS@@00@Z)
     1>monitor.obj : error LNK2019: unresolved external symbol "public: __thiscall AUTO_BACKUP_CLASS::AUTO_BACKUP_CLASS(void)" (??0AUTO_BACKUP_CLASS@@QAE@XZ) referenced in function "void __cdecl save_sample_seconds(int)" (?save_sample_seconds@@YAXH@Z)
     1>monitor.obj : error LNK2019: unresolved external symbol "public: __thiscall AUTO_BACKUP_CLASS::~AUTO_BACKUP_CLASS(void)" (??1AUTO_BACKUP_CLASS@@QAE@XZ) referenced in function "void __cdecl save_sample_seconds(int)" (?save_sample_seconds@@YAXH@Z)
     1>monitor.obj : error LNK2019: unresolved external symbol "public: unsigned char __thiscall AUTO_BACKUP_CLASS::get_backup_dir(void)" (?get_backup_dir@AUTO_BACKUP_CLASS@@QAEEXZ) referenced in function "void __cdecl save_sample_seconds(int)" (?save_sample_seconds@@YAXH@Z)
     1>monitor.obj : error LNK2019: unresolved external symbol "public: unsigned char __thiscall AUTO_BACKUP_CLASS::backup_machine(class STRING_CLASS &)" (?backup_machine@AUTO_BACKUP_CLASS@@QAEEAAVSTRING_CLASS@@@Z) referenced in function "void __cdecl save_changes(void)" (?save_changes@@YAXXZ)
     1>monitor.obj : error LNK2019: unresolved external symbol "public: unsigned char __thiscall AUTO_BACKUP_CLASS::backup_part(class STRING_CLASS &,class STRING_CLASS &)" (?backup_part@AUTO_BACKUP_CLASS@@QAEEAAVSTRING_CLASS@@0@Z) referenced in function "void __cdecl save_sample_seconds(int)" (?save_sample_seconds@@YAXH@Z)
     1>monitor.obj : error LNK2019: unresolved external symbol "public: __thiscall BIT_CLASS::BIT_CLASS(long)" (??0BIT_CLASS@@QAE@J@Z) referenced in function "void __cdecl save_changes(void)" (?save_changes@@YAXXZ)
     1>monitor.obj : error LNK2019: unresolved external symbol "public: __thiscall BIT_CLASS::~BIT_CLASS(void)" (??1BIT_CLASS@@QAE@XZ) referenced in function "void __cdecl save_changes(void)" (?save_changes@@YAXXZ)
     1>monitor.obj : error LNK2019: unresolved external symbol "public: void __thiscall BIT_CLASS::set(long)" (?set@BIT_CLASS@@QAEXJ@Z) referenced in function "void __cdecl save_changes(void)" (?save_changes@@YAXXZ)
     1>monitor.obj : error LNK2019: unresolved external symbol "public: bool __thiscall BIT_CLASS::operator[](long)" (??ABIT_CLASS@@QAE_NJ@Z) referenced in function "void __cdecl save_changes(void)" (?save_changes@@YAXXZ)
     1>monitor.obj : error LNK2019: unresolved external symbol "public: unsigned char __thiscall COMPUTER_CLASS::find(char *)" (?find@COMPUTER_CLASS@@QAEEPAD@Z) referenced in function "public: unsigned char __thiscall COMPUTER_CLASS::find(class STRING_CLASS &)" (?find@COMPUTER_CLASS@@QAEEAAVSTRING_CLASS@@@Z)
     1>monitor.obj : error LNK2019: unresolved external symbol "public: unsigned char __thiscall COMPUTER_CLASS::is_this_computer(void)" (?is_this_computer@COMPUTER_CLASS@@QAEEXZ) referenced in function "void __cdecl save_sample_seconds(int)" (?save_sample_seconds@@YAXH@Z)
     1>monitor.obj : error LNK2019: unresolved external symbol "public: short __thiscall GENERIC_LIST_CLASS::count(void)" (?count@GENERIC_LIST_CLASS@@QAEFXZ) referenced in function "public: int __thiscall MACHINE_NAME_LIST_CLASS::count(void)" (?count@MACHINE_NAME_LIST_CLASS@@QAEHXZ)
     1>monitor.obj : error LNK2019: unresolved external symbol "public: void __thiscall GENERIC_LIST_CLASS::rewind(void)" (?rewind@GENERIC_LIST_CLASS@@QAEXXZ) referenced in function "public: void __thiscall MACHINE_NAME_LIST_CLASS::rewind(void)" (?rewind@MACHINE_NAME_LIST_CLASS@@QAEXXZ)
     1>monitor.obj : error LNK2019: unresolved external symbol "void __cdecl poke_data(char *,char *,char *)" (?poke_data@@YAXPAD00@Z) referenced in function "void __cdecl save_changes(void)" (?save_changes@@YAXXZ)
     1>monitor.obj : error LNK2019: unresolved external symbol "public: __thiscall FILE_CLASS::FILE_CLASS(void)" (??0FILE_CLASS@@QAE@XZ) referenced in function "void __cdecl save_changes(void)" (?save_changes@@YAXXZ)
     1>monitor.obj : error LNK2019: unresolved external symbol "public: __thiscall FILE_CLASS::~FILE_CLASS(void)" (??1FILE_CLASS@@QAE@XZ) referenced in function "void __cdecl save_changes(void)" (?save_changes@@YAXXZ)
     1>monitor.obj : error LNK2019: unresolved external symbol "public: void __thiscall FILE_CLASS::close(void)" (?close@FILE_CLASS@@QAEXXZ) referenced in function "void __cdecl save_changes(void)" (?save_changes@@YAXXZ)
     1>monitor.obj : error LNK2019: unresolved external symbol "public: unsigned char __thiscall FILE_CLASS::open_for_append(char *)" (?open_for_append@FILE_CLASS@@QAEEPAD@Z) referenced in function "void __cdecl save_changes(void)" (?save_changes@@YAXXZ)
     1>monitor.obj : error LNK2019: unresolved external symbol "public: unsigned char __thiscall FILE_CLASS::writeline(char *)" (?writeline@FILE_CLASS@@QAEEPAD@Z) referenced in function "void __cdecl save_changes(void)" (?save_changes@@YAXXZ)
     1>monitor.obj : error LNK2019: unresolved external symbol "public: unsigned char __thiscall INI_CLASS::put_string(char const *,char const *)" (?put_string@INI_CLASS@@QAEEPBD0@Z) referenced in function "void __cdecl save_sample_seconds(int)" (?save_sample_seconds@@YAXH@Z)
     1>monitor.obj : error LNK2019: unresolved external symbol "public: void __thiscall INI_CLASS::remove_key(char const *)" (?remove_key@INI_CLASS@@QAEXPBD@Z) referenced in function "void __cdecl save_sample_seconds(int)" (?save_sample_seconds@@YAXH@Z)
     1>monitor.obj : error LNK2019: unresolved external symbol "public: __thiscall LISTBOX_CLASS::~LISTBOX_CLASS(void)" (??1LISTBOX_CLASS@@QAE@XZ) referenced in function "void __cdecl refresh_machine_listbox(void)" (?refresh_machine_listbox@@YAXXZ)
     1>monitor.obj : error LNK2019: unresolved external symbol "public: int __thiscall LISTBOX_CLASS::add(char *)" (?add@LISTBOX_CLASS@@QAEHPAD@Z) referenced in function "void __cdecl fill_machines(void)" (?fill_machines@@YAXXZ)
     1>monitor.obj : error LNK2019: unresolved external symbol "public: int __thiscall LISTBOX_CLASS::current_index(void)" (?current_index@LISTBOX_CLASS@@QAEHXZ) referenced in function "void __cdecl update_machine_listbox(int)" (?update_machine_listbox@@YAXH@Z)
     1>monitor.obj : error LNK2019: unresolved external symbol "public: unsigned char __thiscall LISTBOX_CLASS::init(struct HWND__ *,int)" (?init@LISTBOX_CLASS@@QAEEPAUHWND__@@H@Z) referenced in function "void __cdecl refresh_machine_listbox(void)" (?refresh_machine_listbox@@YAXXZ)
     1>monitor.obj : error LNK2019: unresolved external symbol "public: int __thiscall LISTBOX_CLASS::insert(int,char *)" (?insert@LISTBOX_CLASS@@QAEHHPAD@Z) referenced in function "void __cdecl update_machine_listbox(int)" (?update_machine_listbox@@YAXH@Z)
     1>monitor.obj : error LNK2019: unresolved external symbol "public: void __thiscall LISTBOX_CLASS::redraw_off(void)" (?redraw_off@LISTBOX_CLASS@@QAEXXZ) referenced in function "void __cdecl update_machine_listbox(int)" (?update_machine_listbox@@YAXH@Z)
     1>monitor.obj : error LNK2019: unresolved external symbol "public: void __thiscall LISTBOX_CLASS::redraw_on(void)" (?redraw_on@LISTBOX_CLASS@@QAEXXZ) referenced in function "void __cdecl update_machine_listbox(int)" (?update_machine_listbox@@YAXH@Z)
     1>monitor.obj : error LNK2019: unresolved external symbol "public: unsigned char __thiscall LISTBOX_CLASS::remove(int)" (?remove@LISTBOX_CLASS@@QAEEH@Z) referenced in function "void __cdecl update_machine_listbox(int)" (?update_machine_listbox@@YAXH@Z)
     1>monitor.obj : error LNK2019: unresolved external symbol "public: unsigned char __thiscall LISTBOX_CLASS::replace(char *)" (?replace@LISTBOX_CLASS@@QAEEPAD@Z) referenced in function "void __cdecl refresh_machine_listbox(void)" (?refresh_machine_listbox@@YAXXZ)
     1>monitor.obj : error LNK2019: unresolved external symbol "public: char * __thiscall LISTBOX_CLASS::selected_text(void)" (?selected_text@LISTBOX_CLASS@@QAEPADXZ) referenced in function "void __cdecl get_new_part(void)" (?get_new_part@@YAXXZ)
     1>monitor.obj : error LNK2019: unresolved external symbol "public: unsigned char __thiscall LISTBOX_CLASS::setcursel(int)" (?setcursel@LISTBOX_CLASS@@QAEEH@Z) referenced in function "void __cdecl update_machine_listbox(int)" (?update_machine_listbox@@YAXH@Z)
     1>monitor.obj : error LNK2019: unresolved external symbol "public: unsigned char __thiscall LISTBOX_CLASS::setcursel(char *)" (?setcursel@LISTBOX_CLASS@@QAEEPAD@Z) referenced in function "void __cdecl display_config(void)" (?display_config@@YAXXZ)
     1>monitor.obj : error LNK2019: unresolved external symbol "public: __thiscall MULTIPART_RUNLIST_SETTINGS_CLASS::~MULTIPART_RUNLIST_SETTINGS_CLASS(void)" (??1MULTIPART_RUNLIST_SETTINGS_CLASS@@QAE@XZ) referenced in function "public: __thiscall MACHINE_CLASS::~MACHINE_CLASS(void)" (??1MACHINE_CLASS@@QAE@XZ)
     1>monitor.obj : error LNK2019: unresolved external symbol "public: __thiscall MACHINE_CLASS::MACHINE_CLASS(void)" (??0MACHINE_CLASS@@QAE@XZ) referenced in function "public: __thiscall MONITOR_ENTRY::MONITOR_ENTRY(void)" (??0MONITOR_ENTRY@@QAE@XZ)
     1>monitor.obj : error LNK2019: unresolved external symbol "public: unsigned char __thiscall MACHINE_CLASS::find(class STRING_CLASS &,class STRING_CLASS &)" (?find@MACHINE_CLASS@@QAEEAAVSTRING_CLASS@@0@Z) referenced in function "void __cdecl fill_machines(void)" (?fill_machines@@YAXXZ)
     1>monitor.obj : error LNK2019: unresolved external symbol "public: void __thiscall MACHINE_CLASS::operator=(class MACHINE_CLASS const &)" (??4MACHINE_CLASS@@QAEXABV0@@Z) referenced in function "public: struct MONITOR_ENTRY & __thiscall MONITOR_ENTRY::operator=(struct MONITOR_ENTRY const &)" (??4MONITOR_ENTRY@@QAEAAU0@ABU0@@Z)
     1>monitor.obj : error LNK2019: unresolved external symbol "public: __thiscall MACHINE_NAME_LIST_CLASS::MACHINE_NAME_LIST_CLASS(void)" (??0MACHINE_NAME_LIST_CLASS@@QAE@XZ) referenced in function "void __cdecl fill_machines(void)" (?fill_machines@@YAXXZ)
     1>monitor.obj : error LNK2019: unresolved external symbol "public: __thiscall MACHINE_NAME_LIST_CLASS::~MACHINE_NAME_LIST_CLASS(void)" (??1MACHINE_NAME_LIST_CLASS@@QAE@XZ) referenced in function "void __cdecl fill_machines(void)" (?fill_machines@@YAXXZ)
     1>monitor.obj : error LNK2019: unresolved external symbol "public: unsigned char __thiscall MACHINE_NAME_LIST_CLASS::add_computer(class STRING_CLASS &)" (?add_computer@MACHINE_NAME_LIST_CLASS@@QAEEAAVSTRING_CLASS@@@Z) referenced in function "void __cdecl fill_machines(void)" (?fill_machines@@YAXXZ)
     1>monitor.obj : error LNK2019: unresolved external symbol "public: unsigned char __thiscall MACHINE_NAME_LIST_CLASS::next(void)" (?next@MACHINE_NAME_LIST_CLASS@@QAEEXZ) referenced in function "void __cdecl fill_machines(void)" (?fill_machines@@YAXXZ)
     1>monitor.obj : error LNK2019: unresolved external symbol "public: class STRING_CLASS & __thiscall MACHINE_NAME_LIST_CLASS::name(void)" (?name@MACHINE_NAME_LIST_CLASS@@QAEAAVSTRING_CLASS@@XZ) referenced in function "void __cdecl fill_machines(void)" (?fill_machines@@YAXXZ)
     1>monitor.obj : error LNK2019: unresolved external symbol "public: __thiscall SETPOINT_CLASS::SETPOINT_CLASS(void)" (??0SETPOINT_CLASS@@QAE@XZ) referenced in function "void __cdecl save_sample_seconds(int)" (?save_sample_seconds@@YAXH@Z)
     1>monitor.obj : error LNK2019: unresolved external symbol "public: __thiscall SETPOINT_CLASS::~SETPOINT_CLASS(void)" (??1SETPOINT_CLASS@@QAE@XZ) referenced in function "void __cdecl save_sample_seconds(int)" (?save_sample_seconds@@YAXH@Z)
     1>monitor.obj : error LNK2019: unresolved external symbol "public: struct SETPOINT_ENTRY & __thiscall SETPOINT_CLASS::operator[](int)" (??ASETPOINT_CLASS@@QAEAAUSETPOINT_ENTRY@@H@Z) referenced in function "void __cdecl save_sample_seconds(int)" (?save_sample_seconds@@YAXH@Z)
     1>monitor.obj : error LNK2019: unresolved external symbol "public: int __thiscall SETPOINT_CLASS::get(class STRING_CLASS &)" (?get@SETPOINT_CLASS@@QAEHAAVSTRING_CLASS@@@Z) referenced in function "void __cdecl save_sample_seconds(int)" (?save_sample_seconds@@YAXH@Z)
     1>monitor.obj : error LNK2019: unresolved external symbol "public: unsigned char __thiscall SETPOINT_CLASS::put(class STRING_CLASS &)" (?put@SETPOINT_CLASS@@QAEEAAVSTRING_CLASS@@@Z) referenced in function "void __cdecl save_sample_seconds(int)" (?save_sample_seconds@@YAXH@Z)
     1>monitor.obj : error LNK2019: unresolved external symbol "public: __thiscall PART_CLASS::PART_CLASS(void)" (??0PART_CLASS@@QAE@XZ) referenced in function "public: __thiscall MONITOR_ENTRY::MONITOR_ENTRY(void)" (??0MONITOR_ENTRY@@QAE@XZ)
     1>monitor.obj : error LNK2019: unresolved external symbol "public: __thiscall PART_CLASS::~PART_CLASS(void)" (??1PART_CLASS@@QAE@XZ) referenced in function __unwindfunclet$??0MONITOR_ENTRY@@QAE@XZ$1
     1>monitor.obj : error LNK2019: unresolved external symbol "public: unsigned char __thiscall PART_CLASS::find(class STRING_CLASS &,class STRING_CLASS &,class STRING_CLASS &)" (?find@PART_CLASS@@QAEEAAVSTRING_CLASS@@00@Z) referenced in function "void __cdecl fill_machines(void)" (?fill_machines@@YAXXZ)
     1>monitor.obj : error LNK2019: unresolved external symbol "public: void __thiscall PART_CLASS::operator=(class PART_CLASS const &)" (??4PART_CLASS@@QAEXABV0@@Z) referenced in function "public: struct MONITOR_ENTRY & __thiscall MONITOR_ENTRY::operator=(struct MONITOR_ENTRY const &)" (??4MONITOR_ENTRY@@QAEAAU0@ABU0@@Z)
     1>monitor.obj : error LNK2019: unresolved external symbol "char * __cdecl copystring(char *,char const *)" (?copystring@@YAPADPADPBD@Z) referenced in function "char * __cdecl save_counts_to_line(char *,struct SAVE_COUNTS *)" (?save_counts_to_line@@YAPADPADPAUSAVE_COUNTS@@@Z)
     1>monitor.obj : error LNK2019: unresolved external symbol "char * __cdecl copy_w_char(char *,char *,char)" (?copy_w_char@@YAPADPAD0D@Z) referenced in function "char * __cdecl save_counts_to_line(char *,struct SAVE_COUNTS *)" (?save_counts_to_line@@YAPADPADPAUSAVE_COUNTS@@@Z)
     1>monitor.obj : error LNK2019: unresolved external symbol "void __cdecl fill_part_listbox(struct HWND__ *,int,class STRING_CLASS &,class STRING_CLASS &)" (?fill_part_listbox@@YAXPAUHWND__@@HAAVSTRING_CLASS@@1@Z) referenced in function "void __cdecl load_partlist(void)" (?load_partlist@@YAXXZ)
     1>monitor.obj : error LNK2019: unresolved external symbol "char * __cdecl get_ini_string(char const *,char const *,char const *)" (?get_ini_string@@YAPADPBD00@Z) referenced in function "void __cdecl save_changes(void)" (?save_changes@@YAXXZ)
     1>monitor.obj : error LNK2019: unresolved external symbol "void __cdecl int32toasc(char *,long,long)" (?int32toasc@@YAXPADJJ@Z) referenced in function "char * __cdecl save_counts_to_line(char *,struct SAVE_COUNTS *)" (?save_counts_to_line@@YAPADPADPAUSAVE_COUNTS@@@Z)
     1>monitor.obj : error LNK2019: unresolved external symbol "unsigned char __cdecl log_file_string(class STRING_CLASS &,char *,char *,class STRING_CLASS &,class STRING_CLASS &,class STRING_CLASS &)" (?log_file_string@@YAEAAVSTRING_CLASS@@PAD1000@Z) referenced in function "void __cdecl save_changes(void)" (?save_changes@@YAXXZ)
     1>monitor.obj : error LNK2019: unresolved external symbol "unsigned char __cdecl monitor_is_running(void)" (?monitor_is_running@@YAEXZ) referenced in function "void __cdecl position_myself(struct HWND__ *)" (?position_myself@@YAXPAUHWND__@@@Z)
     1>monitor.obj : error LNK2019: unresolved external symbol "void __cdecl post_impact_seconds(char *,short,short)" (?post_impact_seconds@@YAXPADFF@Z) referenced in function "unsigned char __cdecl machine_listbox_string(int)" (?machine_listbox_string@@YAEH@Z)
     1>monitor.obj : error LNK2019: unresolved external symbol "void __cdecl post_impact_n_ms(short *,short *,char *)" (?post_impact_n_ms@@YAXPAF0PAD@Z) referenced in function "void __cdecl refresh_machine_listbox(void)" (?refresh_machine_listbox@@YAXXZ)
     1>monitor.obj : error LNK2019: unresolved external symbol "char * __cdecl unknown_string(void)" (?unknown_string@@YAPADXZ) referenced in function "void __cdecl save_changes(void)" (?save_changes@@YAXXZ)
     1>monitor.obj : error LNK2019: unresolved external symbol "unsigned char __cdecl set_text(struct HWND__ *,int,char const *)" (?set_text@@YAEPAUHWND__@@HPBD@Z) referenced in function "void __cdecl display_post_impact_seconds(class PART_CLASS *)" (?display_post_impact_seconds@@YAXPAVPART_CLASS@@@Z)
     1>monitor.obj : error LNK2019: unresolved external symbol "unsigned char __cdecl is_checked(struct HWND__ *,int)" (?is_checked@@YAEPAUHWND__@@H@Z) referenced in function "void __cdecl get_save_counts(int,struct SAVE_COUNTS *)" (?get_save_counts@@YAXHPAUSAVE_COUNTS@@@Z)
     1>monitor.obj : error LNK2019: unresolved external symbol "void __cdecl resource_message_box(struct HINSTANCE__ *,unsigned int,unsigned int)" (?resource_message_box@@YAXPAUHINSTANCE__@@II@Z) referenced in function "int __stdcall MonitorProc(struct HWND__ *,unsigned int,unsigned int,long)" (?MonitorProc@@YGHPAUHWND__@@IIJ@Z)
     1>monitor.obj : error LNK2019: unresolved external symbol "void __cdecl set_checkbox(struct HWND__ *,int,unsigned char)" (?set_checkbox@@YAXPAUHWND__@@HE@Z) referenced in function "void __cdecl display_config(void)" (?display_config@@YAXXZ)
     1>monitor.obj : error LNK2019: unresolved external symbol "void __cdecl set_listbox_tabs_from_title_positions(struct HWND__ *,unsigned int,int *,int)" (?set_listbox_tabs_from_title_positions@@YAXPAUHWND__@@IPAHH@Z) referenced in function "void __cdecl set_tab_stops(void)" (?set_tab_stops@@YAXXZ)
     1>monitor.obj : error LNK2019: unresolved external symbol "void __cdecl shrinkwrap(struct HWND__ *,struct HWND__ *)" (?shrinkwrap@@YAXPAUHWND__@@0@Z) referenced in function "void __cdecl position_myself(struct HWND__ *)" (?position_myself@@YAXPAUHWND__@@@Z)
     1>monitor.obj : error LNK2019: unresolved external symbol "public: __thiscall WARMUP_CLASS::WARMUP_CLASS(void)" (??0WARMUP_CLASS@@QAE@XZ) referenced in function "void __cdecl save_changes(void)" (?save_changes@@YAXXZ)
     1>monitor.obj : error LNK2019: unresolved external symbol "public: unsigned char __thiscall WARMUP_CLASS::get(class STRING_CLASS &,class STRING_CLASS &,class STRING_CLASS &)" (?get@WARMUP_CLASS@@QAEEAAVSTRING_CLASS@@00@Z) referenced in function "void __cdecl save_changes(void)" (?save_changes@@YAXXZ)
     1>monitor.obj : error LNK2019: unresolved external symbol "public: unsigned char __thiscall WARMUP_CLASS::create_runlist(class STRING_CLASS &,class STRING_CLASS &,class STRING_CLASS &)" (?create_runlist@WARMUP_CLASS@@QAEEAAVSTRING_CLASS@@00@Z) referenced in function "void __cdecl save_changes(void)" (?save_changes@@YAXXZ)
     1>monitor.obj : error LNK2001: unresolved external symbol "public: virtual bool __thiscall FTII_VAR::get(char const *)" (?get@FTII_VAR@@UAE_NPBD@Z)
     1>monitor.obj : error LNK2001: unresolved external symbol "public: virtual bool __thiscall FTII_VAR::put(class STRING_CLASS &)" (?put@FTII_VAR@@UAE_NAAVSTRING_CLASS@@@Z)
     1>monitor.obj : error LNK2001: unresolved external symbol "public: virtual bool __thiscall FTII_VAR::set(int,unsigned int)" (?set@FTII_VAR@@UAE_NHI@Z)
     1>monitor.obj : error LNK2001: unresolved external symbol "public: virtual bool __thiscall FTII_VAR::set(int,double)" (?set@FTII_VAR@@UAE_NHN@Z)
     1>monitor.obj : error LNK2001: unresolved external symbol "public: virtual void __thiscall FTII_VAR::operator=(char const *)" (??4FTII_VAR@@UAEXPBD@Z)
     1>monitor.obj : error LNK2001: unresolved external symbol "public: virtual void __thiscall FTII_VAR::operator=(double)" (??4FTII_VAR@@UAEXN@Z)
     1>monitor.obj : error LNK2019: unresolved external symbol "public: virtual __thiscall FTII_VAR_ARRAY::~FTII_VAR_ARRAY(void)" (??1FTII_VAR_ARRAY@@UAE@XZ) referenced in function "void __cdecl save_sample_seconds(int)" (?save_sample_seconds@@YAXH@Z)
     1>monitor.obj : error LNK2001: unresolved external symbol "public: virtual bool __thiscall FTII_VAR_ARRAY::put(class STRING_CLASS &)" (?put@FTII_VAR_ARRAY@@UAE_NAAVSTRING_CLASS@@@Z)
     1>monitor.obj : error LNK2019: unresolved external symbol "public: bool __thiscall FTII_VAR_ARRAY::put_into(class STRING_CLASS &)" (?put_into@FTII_VAR_ARRAY@@QAE_NAAVSTRING_CLASS@@@Z) referenced in function "void __cdecl save_sample_seconds(int)" (?save_sample_seconds@@YAXH@Z)
     1>monitor.obj : error LNK2019: unresolved external symbol "public: class FTII_VAR & __thiscall FTII_VAR_ARRAY::operator[](int)" (??AFTII_VAR_ARRAY@@QAEAAVFTII_VAR@@H@Z) referenced in function "void __cdecl save_sample_seconds(int)" (?save_sample_seconds@@YAXH@Z)
     1>monitor.obj : error LNK2001: unresolved external symbol "public: virtual void __thiscall FTII_VAR_ARRAY::operator=(class FTII_VAR const &)" (??4FTII_VAR_ARRAY@@UAEXABVFTII_VAR@@@Z)
     1>monitor.obj : error LNK2001: unresolved external symbol "public: virtual void __thiscall FTII_VAR_ARRAY::operator=(int)" (??4FTII_VAR_ARRAY@@UAEXH@Z)
     1>monitor.obj : error LNK2001: unresolved external symbol "public: virtual void __thiscall FTII_VAR_ARRAY::operator=(unsigned int)" (??4FTII_VAR_ARRAY@@UAEXI@Z)
     1>monitor.obj : error LNK2001: unresolved external symbol "public: virtual void __thiscall FTII_VAR_ARRAY::operator=(double)" (??4FTII_VAR_ARRAY@@UAEXN@Z)
     1>monitor.obj : error LNK2001: unresolved external symbol "public: virtual bool __thiscall FTII_VAR_ARRAY::set(int,unsigned int)" (?set@FTII_VAR_ARRAY@@UAE_NHI@Z)
     1>monitor.obj : error LNK2019: unresolved external symbol "public: bool __thiscall FTII_VAR_ARRAY::upsize(int)" (?upsize@FTII_VAR_ARRAY@@QAE_NH@Z) referenced in function "void __cdecl save_sample_seconds(int)" (?save_sample_seconds@@YAXH@Z)
     1>monitor.obj : error LNK2019: unresolved external symbol "public: void __thiscall WORKER_LIST_CLASS::cleanup(void)" (?cleanup@WORKER_LIST_CLASS@@QAEXXZ) referenced in function "public: __thiscall WORKER_LIST_CLASS::~WORKER_LIST_CLASS(void)" (??1WORKER_LIST_CLASS@@QAE@XZ)
     1>monitor.obj : error LNK2019: unresolved external symbol "public: unsigned char __thiscall WORKER_LIST_CLASS::load(void)" (?load@WORKER_LIST_CLASS@@QAEEXZ) referenced in function "void __cdecl save_changes(void)" (?save_changes@@YAXXZ)
     1>monitor.obj : error LNK2019: unresolved external symbol "public: char * __thiscall WORKER_LIST_CLASS::full_name(char *)" (?full_name@WORKER_LIST_CLASS@@QAEPADPAD@Z) referenced in function "void __cdecl save_changes(void)" (?save_changes@@YAXXZ)
     1>monitor.obj : error LNK2019: unresolved external symbol "void __cdecl set_setup_strings(struct HWND__ *,struct RESOURCE_TEXT_ENTRY *,int,unsigned int *,int,char *)" (?set_setup_strings@@YAXPAUHWND__@@PAURESOURCE_TEXT_ENTRY@@HPAIHPAD@Z) referenced in function "void __cdecl set_monitorproc_setup_strings(struct HWND__ *)" (?set_monitorproc_setup_strings@@YAXPAUHWND__@@@Z)
     1>C:\Sources\Version8\truetrak\Debug\monedit.exe : fatal error LNK1120: 137 unresolved externals
     1>Done Building Project "C:\Sources\Version8\monedit\monedit.vcxproj" (Build target(s)) -- FAILED.

Build FAILED.

Time Elapsed 00:00:01.93
