Build started 5/15/25 12:18:52 AM.
     1>Project "C:\Sources\Version8\shiftrpt\shiftrpt.vcxproj" on node 3 (Build target(s)).
     1>ClCompile:
         C:\Program Files (x86)\Microsoft Visual Studio 12.0\VC\bin\CL.exe /c /Zi /nologo /W3 /WX- /Od /Oy- /D WIN32 /D _DEBUG /D _WINDOWS /Gm /EHsc /RTC1 /MDd /GS /fp:precise /Zc:wchar_t /Zc:forScope /Fo"Debug\\" /Fd"Debug\vc120.pdb" /Gd /TP /analyze- /errorReport:prompt shiftrpt.cpp
         shiftrpt.cpp
       ResourceCompile:
         C:\Program Files (x86)\Windows Kits\8.1\bin\x86\rc.exe /l"0x0409" /nologo /fo"Debug\shiftrpt.res" shiftrpt.rc 
       Link:
         C:\Program Files (x86)\Microsoft Visual Studio 12.0\VC\bin\link.exe /ERRORREPORT:PROMPT /OUT:"C:\Sources\Version8\truetrak\Debug\shiftrpt.exe" /INCREMENTAL /NOLOGO kernel32.lib user32.lib gdi32.lib winspool.lib comdlg32.lib advapi32.lib shell32.lib ole32.lib oleaut32.lib uuid.lib odbc32.lib odbccp32.lib /MANIFEST /MANIFESTUAC:"level='asInvoker' uiAccess='false'" /manifest:embed /DEBUG /PDB:"C:\Sources\Version8\truetrak\Debug\shiftrpt.pdb" /SUBSYSTEM:WINDOWS /TLBID:1 /DYNAMICBASE /NXCOMPAT /IMPLIB:"C:\Sources\Version8\truetrak\Debug\shiftrpt.lib" /MACHINE:X86 Debug\shiftrpt.res
         Debug\shiftrpt.obj
     1>shiftrpt.obj : error LNK2019: unresolved external symbol __imp__InitCommonControls@0 referenced in function _WinMain@16
     1>shiftrpt.obj : error LNK2019: unresolved external symbol "unsigned char __cdecl file_exists(char *)" (?file_exists@@YAEPAD@Z) referenced in function "public: unsigned char __thiscall NAME_CLASS::file_exists(void)" (?file_exists@NAME_CLASS@@QAEEXZ)
     1>shiftrpt.obj : error LNK2019: unresolved external symbol "long __cdecl asctoint32(char const *)" (?asctoint32@@YAJPBD@Z) referenced in function "void __cdecl get_config(char *)" (?get_config@@YAXPAD@Z)
     1>shiftrpt.obj : error LNK2019: unresolved external symbol "char * __cdecl int32toasc(long)" (?int32toasc@@YAPADJ@Z) referenced in function "void __cdecl put_config(char *)" (?put_config@@YAXPAD@Z)
     1>shiftrpt.obj : error LNK2019: unresolved external symbol "public: __thiscall STRING_CLASS::STRING_CLASS(void)" (??0STRING_CLASS@@QAE@XZ) referenced in function "void __cdecl get_all_limits(void)" (?get_all_limits@@YAXXZ)
     1>shiftrpt.obj : error LNK2019: unresolved external symbol "public: __thiscall STRING_CLASS::~STRING_CLASS(void)" (??1STRING_CLASS@@QAE@XZ) referenced in function "void __cdecl get_all_limits(void)" (?get_all_limits@@YAXXZ)
     1>shiftrpt.obj : error LNK2019: unresolved external symbol "public: char * __thiscall STRING_CLASS::find(char)" (?find@STRING_CLASS@@QAEPADD@Z) referenced in function "void __cdecl startup(int)" (?startup@@YAXH@Z)
     1>shiftrpt.obj : error LNK2019: unresolved external symbol "public: char * __thiscall STRING_CLASS::find(char const *)" (?find@STRING_CLASS@@QAEPADPBD@Z) referenced in function "void __cdecl startup(int)" (?startup@@YAXH@Z)
     1>shiftrpt.obj : error LNK2019: unresolved external symbol "public: unsigned char __thiscall STRING_CLASS::isempty(void)" (?isempty@STRING_CLASS@@QAEEXZ) referenced in function "void __cdecl write_csv_file(void)" (?write_csv_file@@YAXXZ)
     1>shiftrpt.obj : error LNK2019: unresolved external symbol "public: long __thiscall STRING_CLASS::len(void)" (?len@STRING_CLASS@@QAEJXZ) referenced in function "void __cdecl paint_report_plot(void)" (?paint_report_plot@@YAXXZ)
     1>shiftrpt.obj : error LNK2019: unresolved external symbol "public: void __thiscall STRING_CLASS::operator=(char const *)" (??4STRING_CLASS@@QAEXPBD@Z) referenced in function _WinMain@16
     1>shiftrpt.obj : error LNK2019: unresolved external symbol "public: void __thiscall STRING_CLASS::operator=(class STRING_CLASS const &)" (??4STRING_CLASS@@QAEXABV0@@Z) referenced in function "void __cdecl make_csv_string(class STRING_CLASS &,class TIME_CLASS &,class TIME_CLASS &,char *,char *)" (?make_csv_string@@YAXAAVSTRING_CLASS@@AAVTIME_CLASS@@1PAD2@Z)
     1>shiftrpt.obj : error LNK2019: unresolved external symbol "public: void __thiscall STRING_CLASS::operator+=(char const *)" (??YSTRING_CLASS@@QAEXPBD@Z) referenced in function "void __cdecl paint_report_plot(void)" (?paint_report_plot@@YAXXZ)
     1>shiftrpt.obj : error LNK2019: unresolved external symbol "public: void __thiscall STRING_CLASS::operator+=(class STRING_CLASS const &)" (??YSTRING_CLASS@@QAEXABV0@@Z) referenced in function "void __cdecl put_config(char *)" (?put_config@@YAXPAD@Z)
     1>shiftrpt.obj : error LNK2019: unresolved external symbol "public: void __thiscall STRING_CLASS::cat_path(char const *)" (?cat_path@STRING_CLASS@@QAEXPBD@Z) referenced in function "void __cdecl put_config(char *)" (?put_config@@YAXPAD@Z)
     1>shiftrpt.obj : error LNK2019: unresolved external symbol "public: bool __thiscall STRING_CLASS::get_text(struct HWND__ *)" (?get_text@STRING_CLASS@@QAE_NPAUHWND__@@@Z) referenced in function "int __stdcall save_as_dialog_proc(struct HWND__ *,unsigned int,unsigned int,long)" (?save_as_dialog_proc@@YGHPAUHWND__@@IIJ@Z)
     1>shiftrpt.obj : error LNK2019: unresolved external symbol "public: bool __thiscall STRING_CLASS::set_text(struct HWND__ *)" (?set_text@STRING_CLASS@@QAE_NPAUHWND__@@@Z) referenced in function "public: unsigned char __thiscall STRING_CLASS::set_text(struct HWND__ *,int)" (?set_text@STRING_CLASS@@QAEEPAUHWND__@@H@Z)
     1>shiftrpt.obj : error LNK2019: unresolved external symbol "public: unsigned char __thiscall STRING_CLASS::upsize(long)" (?upsize@STRING_CLASS@@QAEEJ@Z) referenced in function "void __cdecl write_csv_file(void)" (?write_csv_file@@YAXXZ)
     1>shiftrpt.obj : error LNK2019: unresolved external symbol "public: unsigned char __thiscall NAME_CLASS::get_machine_results_dir_file_name(class STRING_CLASS &,class STRING_CLASS &,char const *)" (?get_machine_results_dir_file_name@NAME_CLASS@@QAEEAAVSTRING_CLASS@@0PBD@Z) referenced in function "public: unsigned char __thiscall NAME_CLASS::get_downtime_dbname(class STRING_CLASS &,class STRING_CLASS &)" (?get_downtime_dbname@NAME_CLASS@@QAEEAAVSTRING_CLASS@@0@Z)
     1>shiftrpt.obj : error LNK2019: unresolved external symbol "public: unsigned char __thiscall NAME_CLASS::get_exe_dir_file_name(char const *)" (?get_exe_dir_file_name@NAME_CLASS@@QAEEPBD@Z) referenced in function "void __cdecl get_config(char *)" (?get_config@@YAXPAD@Z)
     1>shiftrpt.obj : error LNK2019: unresolved external symbol "public: unsigned char __thiscall TIME_CLASS::set(struct _SYSTEMTIME const &)" (?set@TIME_CLASS@@QAEEABU_SYSTEMTIME@@@Z) referenced in function "void __cdecl get_all_limits(void)" (?get_all_limits@@YAXXZ)
     1>shiftrpt.obj : error LNK2019: unresolved external symbol "public: struct _SYSTEMTIME & __thiscall TIME_CLASS::system_time(void)" (?system_time@TIME_CLASS@@QAEAAU_SYSTEMTIME@@XZ) referenced in function "void __cdecl get_all_limits(void)" (?get_all_limits@@YAXXZ)
     1>shiftrpt.obj : error LNK2019: unresolved external symbol "public: void __thiscall TIME_CLASS::get_local_time(void)" (?get_local_time@TIME_CLASS@@QAEXXZ) referenced in function "bool __cdecl next_interval(void)" (?next_interval@@YA_NXZ)
     1>shiftrpt.obj : error LNK2019: unresolved external symbol "public: void __thiscall TIME_CLASS::operator-=(unsigned long)" (??ZTIME_CLASS@@QAEXK@Z) referenced in function "void __cdecl previous_interval(void)" (?previous_interval@@YAXXZ)
     1>shiftrpt.obj : error LNK2019: unresolved external symbol "public: long __thiscall TIME_CLASS::operator-(class TIME_CLASS const &)" (??GTIME_CLASS@@QAEJABV0@@Z) referenced in function "int __cdecl x_pixel(class TIME_CLASS &)" (?x_pixel@@YAHAAVTIME_CLASS@@@Z)
     1>shiftrpt.obj : error LNK2019: unresolved external symbol "public: char * __thiscall TIME_CLASS::text(void)" (?text@TIME_CLASS@@QAEPADXZ) referenced in function "void __cdecl make_csv_string(class STRING_CLASS &,class TIME_CLASS &,class TIME_CLASS &,char *,char *)" (?make_csv_string@@YAXAAVSTRING_CLASS@@AAVTIME_CLASS@@1PAD2@Z)
     1>shiftrpt.obj : error LNK2019: unresolved external symbol "public: char * __thiscall TIME_CLASS::mmddyy(void)" (?mmddyy@TIME_CLASS@@QAEPADXZ) referenced in function "void __cdecl paint_report_plot(void)" (?paint_report_plot@@YAXXZ)
     1>shiftrpt.obj : error LNK2019: unresolved external symbol "public: char * __thiscall TIME_CLASS::dd(void)" (?dd@TIME_CLASS@@QAEPADXZ) referenced in function "void __cdecl paint_report_plot(void)" (?paint_report_plot@@YAXXZ)
     1>shiftrpt.obj : error LNK2019: unresolved external symbol "public: char * __thiscall TIME_CLASS::mm(void)" (?mm@TIME_CLASS@@QAEPADXZ) referenced in function "void __cdecl paint_report_plot(void)" (?paint_report_plot@@YAXXZ)
     1>shiftrpt.obj : error LNK2019: unresolved external symbol "public: char * __thiscall TIME_CLASS::hhmm(void)" (?hhmm@TIME_CLASS@@QAEPADXZ) referenced in function "void __cdecl paint_report_plot(void)" (?paint_report_plot@@YAXXZ)
     1>shiftrpt.obj : error LNK2019: unresolved external symbol "public: char * __thiscall TIME_CLASS::hh(void)" (?hh@TIME_CLASS@@QAEPADXZ) referenced in function "void __cdecl paint_report_plot(void)" (?paint_report_plot@@YAXXZ)
     1>shiftrpt.obj : error LNK2019: unresolved external symbol "public: __thiscall INT_ARRAY_CLASS::~INT_ARRAY_CLASS(void)" (??1INT_ARRAY_CLASS@@QAE@XZ) referenced in function "void __cdecl `dynamic atexit destructor for 'SubCatCount''(void)" (??__FSubCatCount@@YAXXZ)
     1>shiftrpt.obj : error LNK2019: unresolved external symbol "public: int & __thiscall INT_ARRAY_CLASS::operator[](int)" (??AINT_ARRAY_CLASS@@QAEAAHH@Z) referenced in function "void __cdecl reload(void)" (?reload@@YAXXZ)
     1>shiftrpt.obj : error LNK2019: unresolved external symbol "public: void __thiscall DOWNCAT_NAME_CLASS::cleanup(void)" (?cleanup@DOWNCAT_NAME_CLASS@@QAEXXZ) referenced in function "public: __thiscall DOWNCAT_NAME_CLASS::~DOWNCAT_NAME_CLASS(void)" (??1DOWNCAT_NAME_CLASS@@QAE@XZ)
     1>shiftrpt.obj : error LNK2019: unresolved external symbol "public: unsigned char __thiscall DOWNCAT_NAME_CLASS::read(void)" (?read@DOWNCAT_NAME_CLASS@@QAEEXZ) referenced in function "void __cdecl reload(void)" (?reload@@YAXXZ)
     1>shiftrpt.obj : error LNK2019: unresolved external symbol "public: char * __thiscall DOWNCAT_NAME_CLASS::name(char *)" (?name@DOWNCAT_NAME_CLASS@@QAEPADPAD@Z) referenced in function "void __cdecl paint_report_plot(void)" (?paint_report_plot@@YAXXZ)
     1>shiftrpt.obj : error LNK2019: unresolved external symbol "public: struct DOWNCAT_NAME_ENTRY & __thiscall DOWNCAT_NAME_CLASS::operator[](long)" (??ADOWNCAT_NAME_CLASS@@QAEAAUDOWNCAT_NAME_ENTRY@@J@Z) referenced in function "void __cdecl paint_report_plot(void)" (?paint_report_plot@@YAXXZ)
     1>shiftrpt.obj : error LNK2019: unresolved external symbol "public: void __thiscall DOWNSCAT_NAME_CLASS::cleanup(void)" (?cleanup@DOWNSCAT_NAME_CLASS@@QAEXXZ) referenced in function "public: __thiscall DOWNSCAT_NAME_CLASS::~DOWNSCAT_NAME_CLASS(void)" (??1DOWNSCAT_NAME_CLASS@@QAE@XZ)
     1>shiftrpt.obj : error LNK2019: unresolved external symbol "public: long __thiscall DOWNSCAT_NAME_CLASS::index(char *,char *)" (?index@DOWNSCAT_NAME_CLASS@@QAEJPAD0@Z) referenced in function "void __cdecl plot_machine(class STRING_CLASS &,int,int)" (?plot_machine@@YAXAAVSTRING_CLASS@@HH@Z)
     1>shiftrpt.obj : error LNK2019: unresolved external symbol "public: char * __thiscall DOWNSCAT_NAME_CLASS::name(char *,char *)" (?name@DOWNSCAT_NAME_CLASS@@QAEPADPAD0@Z) referenced in function "void __cdecl make_csv_string(class STRING_CLASS &,class TIME_CLASS &,class TIME_CLASS &,char *,char *)" (?make_csv_string@@YAXAAVSTRING_CLASS@@AAVTIME_CLASS@@1PAD2@Z)
     1>shiftrpt.obj : error LNK2019: unresolved external symbol "public: struct DOWNSCAT_NAME_ENTRY & __thiscall DOWNSCAT_NAME_CLASS::operator[](long)" (??ADOWNSCAT_NAME_CLASS@@QAEAAUDOWNSCAT_NAME_ENTRY@@J@Z) referenced in function "void __cdecl paint_report_plot(void)" (?paint_report_plot@@YAXXZ)
     1>shiftrpt.obj : error LNK2019: unresolved external symbol "public: unsigned long __thiscall DOWNSCAT_NAME_CLASS::color(char *,char *)" (?color@DOWNSCAT_NAME_CLASS@@QAEKPAD0@Z) referenced in function "void __cdecl plot_machine(class STRING_CLASS &,int,int)" (?plot_machine@@YAXAAVSTRING_CLASS@@HH@Z)
     1>shiftrpt.obj : error LNK2019: unresolved external symbol "public: unsigned char __thiscall DOWNSCAT_NAME_CLASS::read(void)" (?read@DOWNSCAT_NAME_CLASS@@QAEEXZ) referenced in function "void __cdecl reload(void)" (?reload@@YAXXZ)
     1>shiftrpt.obj : error LNK2019: unresolved external symbol "public: int __thiscall COLOR_CLASS::red_component(void)" (?red_component@COLOR_CLASS@@QAEHXZ) referenced in function "void __cdecl paint_report_plot(void)" (?paint_report_plot@@YAXXZ)
     1>shiftrpt.obj : error LNK2019: unresolved external symbol "public: int __thiscall COLOR_CLASS::green_component(void)" (?green_component@COLOR_CLASS@@QAEHXZ) referenced in function "void __cdecl paint_report_plot(void)" (?paint_report_plot@@YAXXZ)
     1>shiftrpt.obj : error LNK2019: unresolved external symbol "public: int __thiscall COLOR_CLASS::blue_component(void)" (?blue_component@COLOR_CLASS@@QAEHXZ) referenced in function "void __cdecl paint_report_plot(void)" (?paint_report_plot@@YAXXZ)
     1>shiftrpt.obj : error LNK2019: unresolved external symbol "public: char * __thiscall COLOR_CLASS::put(void)" (?put@COLOR_CLASS@@QAEPADXZ) referenced in function "void __cdecl make_csv_string(class STRING_CLASS &,class TIME_CLASS &,class TIME_CLASS &,char *,char *)" (?make_csv_string@@YAXAAVSTRING_CLASS@@AAVTIME_CLASS@@1PAD2@Z)
     1>shiftrpt.obj : error LNK2019: unresolved external symbol "public: void __thiscall COLOR_CLASS::get(char *)" (?get@COLOR_CLASS@@QAEXPAD@Z) referenced in function "void __cdecl get_background_colors(void)" (?get_background_colors@@YAXXZ)
     1>shiftrpt.obj : error LNK2019: unresolved external symbol "public: __thiscall COMPUTER_CLASS::COMPUTER_CLASS(void)" (??0COMPUTER_CLASS@@QAE@XZ) referenced in function "void __cdecl load_machines(struct HWND__ *)" (?load_machines@@YAXPAUHWND__@@@Z)
     1>shiftrpt.obj : error LNK2019: unresolved external symbol "public: class STRING_CLASS & __thiscall COMPUTER_CLASS::name(void)" (?name@COMPUTER_CLASS@@QAEAAVSTRING_CLASS@@XZ) referenced in function "void __cdecl load_machines(struct HWND__ *)" (?load_machines@@YAXPAUHWND__@@@Z)
     1>shiftrpt.obj : error LNK2019: unresolved external symbol "public: unsigned char __thiscall COMPUTER_CLASS::is_present(void)" (?is_present@COMPUTER_CLASS@@QAEEXZ) referenced in function "void __cdecl load_machines(struct HWND__ *)" (?load_machines@@YAXPAUHWND__@@@Z)
     1>shiftrpt.obj : error LNK2019: unresolved external symbol "public: unsigned char __thiscall COMPUTER_CLASS::next(void)" (?next@COMPUTER_CLASS@@QAEEXZ) referenced in function "void __cdecl load_machines(struct HWND__ *)" (?load_machines@@YAXPAUHWND__@@@Z)
     1>shiftrpt.obj : error LNK2019: unresolved external symbol "public: void __thiscall COMPUTER_CLASS::rewind(void)" (?rewind@COMPUTER_CLASS@@QAEXXZ) referenced in function "void __cdecl load_machines(struct HWND__ *)" (?load_machines@@YAXPAUHWND__@@@Z)
     1>shiftrpt.obj : error LNK2019: unresolved external symbol "public: unsigned char __thiscall COMPUTER_CLASS::startup(void)" (?startup@COMPUTER_CLASS@@QAEEXZ) referenced in function "void __cdecl startup(int)" (?startup@@YAXH@Z)
     1>shiftrpt.obj : error LNK2019: unresolved external symbol "public: __thiscall DB_TABLE::DB_TABLE(void)" (??0DB_TABLE@@QAE@XZ) referenced in function "void __cdecl get_all_limits(void)" (?get_all_limits@@YAXXZ)
     1>shiftrpt.obj : error LNK2019: unresolved external symbol "public: __thiscall DB_TABLE::~DB_TABLE(void)" (??1DB_TABLE@@QAE@XZ) referenced in function "void __cdecl get_all_limits(void)" (?get_all_limits@@YAXXZ)
     1>shiftrpt.obj : error LNK2019: unresolved external symbol "public: void __thiscall DB_TABLE::close(void)" (?close@DB_TABLE@@QAEXXZ) referenced in function "void __cdecl get_all_limits(void)" (?get_all_limits@@YAXXZ)
     1>shiftrpt.obj : error LNK2019: unresolved external symbol "public: unsigned char __thiscall DB_TABLE::get_current_record(unsigned char)" (?get_current_record@DB_TABLE@@QAEEE@Z) referenced in function "void __cdecl get_all_limits(void)" (?get_all_limits@@YAXXZ)
     1>shiftrpt.obj : error LNK2019: unresolved external symbol "public: unsigned char __thiscall DB_TABLE::get_next_record(unsigned char)" (?get_next_record@DB_TABLE@@QAEEE@Z) referenced in function "void __cdecl get_all_limits(void)" (?get_all_limits@@YAXXZ)
     1>shiftrpt.obj : error LNK2019: unresolved external symbol "public: unsigned char __thiscall DB_TABLE::goto_first_equal_or_greater_record(short)" (?goto_first_equal_or_greater_record@DB_TABLE@@QAEEF@Z) referenced in function "void __cdecl plot_machine(class STRING_CLASS &,int,int)" (?plot_machine@@YAXAAVSTRING_CLASS@@HH@Z)
     1>shiftrpt.obj : error LNK2019: unresolved external symbol "public: unsigned char __thiscall DB_TABLE::goto_record_number(long)" (?goto_record_number@DB_TABLE@@QAEEJ@Z) referenced in function "void __cdecl get_all_limits(void)" (?get_all_limits@@YAXXZ)
     1>shiftrpt.obj : error LNK2019: unresolved external symbol "public: unsigned long __thiscall DB_TABLE::nof_recs(void)" (?nof_recs@DB_TABLE@@QAEKXZ) referenced in function "void __cdecl get_all_limits(void)" (?get_all_limits@@YAXXZ)
     1>shiftrpt.obj : error LNK2019: unresolved external symbol "public: unsigned char __thiscall DB_TABLE::open(char *,short,short)" (?open@DB_TABLE@@QAEEPADFF@Z) referenced in function "public: unsigned char __thiscall DB_TABLE::open(class STRING_CLASS &,short,short)" (?open@DB_TABLE@@QAEEAAVSTRING_CLASS@@FF@Z)
     1>shiftrpt.obj : error LNK2019: unresolved external symbol "public: unsigned char __thiscall DB_TABLE::put_date(unsigned short,struct _SYSTEMTIME const &)" (?put_date@DB_TABLE@@QAEEGABU_SYSTEMTIME@@@Z) referenced in function "void __cdecl plot_machine(class STRING_CLASS &,int,int)" (?plot_machine@@YAXAAVSTRING_CLASS@@HH@Z)
     1>shiftrpt.obj : error LNK2019: unresolved external symbol "public: unsigned char __thiscall DB_TABLE::put_time(unsigned short,struct _SYSTEMTIME &)" (?put_time@DB_TABLE@@QAEEGAAU_SYSTEMTIME@@@Z) referenced in function "void __cdecl plot_machine(class STRING_CLASS &,int,int)" (?plot_machine@@YAXAAVSTRING_CLASS@@HH@Z)
     1>shiftrpt.obj : error LNK2019: unresolved external symbol "public: __thiscall DOWNTIME_ENTRY::DOWNTIME_ENTRY(void)" (??0DOWNTIME_ENTRY@@QAE@XZ) referenced in function "void __cdecl get_all_limits(void)" (?get_all_limits@@YAXXZ)
     1>shiftrpt.obj : error LNK2019: unresolved external symbol "public: void __thiscall DOWNTIME_ENTRY::operator=(struct DOWNTIME_ENTRY const &)" (??4DOWNTIME_ENTRY@@QAEXABU0@@Z) referenced in function "void __cdecl plot_machine(class STRING_CLASS &,int,int)" (?plot_machine@@YAXAAVSTRING_CLASS@@HH@Z)
     1>shiftrpt.obj : error LNK2019: unresolved external symbol "public: unsigned char __thiscall DOWNTIME_ENTRY::get(class DB_TABLE &)" (?get@DOWNTIME_ENTRY@@QAEEAAVDB_TABLE@@@Z) referenced in function "void __cdecl get_all_limits(void)" (?get_all_limits@@YAXXZ)
     1>shiftrpt.obj : error LNK2019: unresolved external symbol "public: __thiscall FILE_CLASS::FILE_CLASS(void)" (??0FILE_CLASS@@QAE@XZ) referenced in function "void __cdecl write_csv_file(void)" (?write_csv_file@@YAXXZ)
     1>shiftrpt.obj : error LNK2019: unresolved external symbol "public: __thiscall FILE_CLASS::~FILE_CLASS(void)" (??1FILE_CLASS@@QAE@XZ) referenced in function "void __cdecl write_csv_file(void)" (?write_csv_file@@YAXXZ)
     1>shiftrpt.obj : error LNK2019: unresolved external symbol "public: void __thiscall FILE_CLASS::close(void)" (?close@FILE_CLASS@@QAEXXZ) referenced in function "void __cdecl write_csv_file(void)" (?write_csv_file@@YAXXZ)
     1>shiftrpt.obj : error LNK2019: unresolved external symbol "public: unsigned char __thiscall FILE_CLASS::open_for_read(char *)" (?open_for_read@FILE_CLASS@@QAEEPAD@Z) referenced in function "void __cdecl get_config(char *)" (?get_config@@YAXPAD@Z)
     1>shiftrpt.obj : error LNK2019: unresolved external symbol "public: unsigned char __thiscall FILE_CLASS::open_for_write(char *)" (?open_for_write@FILE_CLASS@@QAEEPAD@Z) referenced in function "void __cdecl write_csv_file(void)" (?write_csv_file@@YAXXZ)
     1>shiftrpt.obj : error LNK2019: unresolved external symbol "public: char * __thiscall FILE_CLASS::readline(void)" (?readline@FILE_CLASS@@QAEPADXZ) referenced in function "void __cdecl get_config(char *)" (?get_config@@YAXPAD@Z)
     1>shiftrpt.obj : error LNK2019: unresolved external symbol "public: unsigned char __thiscall FILE_CLASS::writebinary(void *,unsigned long)" (?writebinary@FILE_CLASS@@QAEEPAXK@Z) referenced in function "void __cdecl get_help(void)" (?get_help@@YAXXZ)
     1>shiftrpt.obj : error LNK2019: unresolved external symbol "public: unsigned char __thiscall FILE_CLASS::writeline(char *)" (?writeline@FILE_CLASS@@QAEEPAD@Z) referenced in function "void __cdecl write_csv_file(void)" (?write_csv_file@@YAXXZ)
     1>shiftrpt.obj : error LNK2019: unresolved external symbol "public: __thiscall FONT_CLASS::FONT_CLASS(void)" (??0FONT_CLASS@@QAE@XZ) referenced in function "bool __cdecl choose_font(struct HFONT__ * &,struct HFONT__ * &)" (?choose_font@@YA_NAAPAUHFONT__@@0@Z)
     1>shiftrpt.obj : error LNK2019: unresolved external symbol "public: __thiscall FONT_CLASS::~FONT_CLASS(void)" (??1FONT_CLASS@@QAE@XZ) referenced in function "bool __cdecl choose_font(struct HFONT__ * &,struct HFONT__ * &)" (?choose_font@@YA_NAAPAUHFONT__@@0@Z)
     1>shiftrpt.obj : error LNK2019: unresolved external symbol "public: bool __thiscall FONT_CLASS::get(char *)" (?get@FONT_CLASS@@QAE_NPAD@Z) referenced in function "void __cdecl get_config(char *)" (?get_config@@YAXPAD@Z)
     1>shiftrpt.obj : error LNK2019: unresolved external symbol "public: char * __thiscall FONT_CLASS::put(void)" (?put@FONT_CLASS@@QAEPADXZ) referenced in function "void __cdecl put_config(char *)" (?put_config@@YAXPAD@Z)
     1>shiftrpt.obj : error LNK2019: unresolved external symbol "public: bool __thiscall FONT_CLASS::choose(struct HWND__ *)" (?choose@FONT_CLASS@@QAE_NPAUHWND__@@@Z) referenced in function "bool __cdecl choose_font(struct HFONT__ * &,struct HFONT__ * &)" (?choose_font@@YA_NAAPAUHFONT__@@0@Z)
     1>shiftrpt.obj : error LNK2019: unresolved external symbol "public: __thiscall FONT_LIST_CLASS::FONT_LIST_CLASS(void)" (??0FONT_LIST_CLASS@@QAE@XZ) referenced in function "void __cdecl `dynamic initializer for 'FontList''(void)" (??__EFontList@@YAXXZ)
     1>shiftrpt.obj : error LNK2019: unresolved external symbol "public: __thiscall FONT_LIST_CLASS::~FONT_LIST_CLASS(void)" (??1FONT_LIST_CLASS@@QAE@XZ) referenced in function "void __cdecl `dynamic atexit destructor for 'FontList''(void)" (??__FFontList@@YAXXZ)
     1>shiftrpt.obj : error LNK2019: unresolved external symbol "public: bool __thiscall FONT_LIST_CLASS::get_font(class FONT_CLASS &,struct HFONT__ *)" (?get_font@FONT_LIST_CLASS@@QAE_NAAVFONT_CLASS@@PAUHFONT__@@@Z) referenced in function "bool __cdecl choose_font(struct HFONT__ * &,struct HFONT__ * &)" (?choose_font@@YA_NAAPAUHFONT__@@0@Z)
     1>shiftrpt.obj : error LNK2019: unresolved external symbol "public: struct HFONT__ * __thiscall FONT_LIST_CLASS::get_handle(class FONT_CLASS const &)" (?get_handle@FONT_LIST_CLASS@@QAEPAUHFONT__@@ABVFONT_CLASS@@@Z) referenced in function "bool __cdecl choose_font(struct HFONT__ * &,struct HFONT__ * &)" (?choose_font@@YA_NAAPAUHFONT__@@0@Z)
     1>shiftrpt.obj : error LNK2019: unresolved external symbol "public: void __thiscall FONT_LIST_CLASS::free_handle(struct HFONT__ *)" (?free_handle@FONT_LIST_CLASS@@QAEXPAUHFONT__@@@Z) referenced in function "bool __cdecl choose_font(struct HFONT__ * &,struct HFONT__ * &)" (?choose_font@@YA_NAAPAUHFONT__@@0@Z)
     1>shiftrpt.obj : error LNK2019: unresolved external symbol "public: __thiscall INI_CLASS::~INI_CLASS(void)" (??1INI_CLASS@@QAE@XZ) referenced in function "void __cdecl get_background_colors(void)" (?get_background_colors@@YAXXZ)
     1>shiftrpt.obj : error LNK2019: unresolved external symbol "public: unsigned char __thiscall INI_CLASS::set_file(char const *)" (?set_file@INI_CLASS@@QAEEPBD@Z) referenced in function "void __cdecl get_background_colors(void)" (?get_background_colors@@YAXXZ)
     1>shiftrpt.obj : error LNK2019: unresolved external symbol "public: unsigned char __thiscall INI_CLASS::set_section(char const *)" (?set_section@INI_CLASS@@QAEEPBD@Z) referenced in function "void __cdecl get_background_colors(void)" (?get_background_colors@@YAXXZ)
     1>shiftrpt.obj : error LNK2019: unresolved external symbol "public: unsigned char __thiscall INI_CLASS::find(char const *)" (?find@INI_CLASS@@QAEEPBD@Z) referenced in function "void __cdecl get_background_colors(void)" (?get_background_colors@@YAXXZ)
     1>shiftrpt.obj : error LNK2019: unresolved external symbol "public: char * __thiscall INI_CLASS::get_string(void)" (?get_string@INI_CLASS@@QAEPADXZ) referenced in function "void __cdecl get_background_colors(void)" (?get_background_colors@@YAXXZ)
     1>shiftrpt.obj : error LNK2019: unresolved external symbol "public: __thiscall LISTBOX_CLASS::~LISTBOX_CLASS(void)" (??1LISTBOX_CLASS@@QAE@XZ) referenced in function "void __cdecl load_report_list(struct HWND__ *)" (?load_report_list@@YAXPAUHWND__@@@Z)
     1>shiftrpt.obj : error LNK2019: unresolved external symbol "public: int __thiscall LISTBOX_CLASS::add(char *)" (?add@LISTBOX_CLASS@@QAEHPAD@Z) referenced in function "void __cdecl load_report_list(struct HWND__ *)" (?load_report_list@@YAXPAUHWND__@@@Z)
     1>shiftrpt.obj : error LNK2019: unresolved external symbol "public: int __thiscall LISTBOX_CLASS::get_select_list(int * *)" (?get_select_list@LISTBOX_CLASS@@QAEHPAPAH@Z) referenced in function "void __cdecl update_selected_machines(struct HWND__ *)" (?update_selected_machines@@YAXPAUHWND__@@@Z)
     1>shiftrpt.obj : error LNK2019: unresolved external symbol "public: unsigned char __thiscall LISTBOX_CLASS::init(struct HWND__ *)" (?init@LISTBOX_CLASS@@QAEEPAUHWND__@@@Z) referenced in function "void __cdecl load_report_list(struct HWND__ *)" (?load_report_list@@YAXPAUHWND__@@@Z)
     1>shiftrpt.obj : error LNK2019: unresolved external symbol "public: unsigned char __thiscall LISTBOX_CLASS::init(struct HWND__ *,int)" (?init@LISTBOX_CLASS@@QAEEPAUHWND__@@H@Z) referenced in function "void __cdecl update_selected_machines(struct HWND__ *)" (?update_selected_machines@@YAXPAUHWND__@@@Z)
     1>shiftrpt.obj : error LNK2019: unresolved external symbol "public: char * __thiscall LISTBOX_CLASS::item_text(int)" (?item_text@LISTBOX_CLASS@@QAEPADH@Z) referenced in function "void __cdecl update_selected_machines(struct HWND__ *)" (?update_selected_machines@@YAXPAUHWND__@@@Z)
     1>shiftrpt.obj : error LNK2019: unresolved external symbol "public: void __thiscall LISTBOX_CLASS::select_all(unsigned int)" (?select_all@LISTBOX_CLASS@@QAEXI@Z) referenced in function "public: void __thiscall LISTBOX_CLASS::select_all(void)" (?select_all@LISTBOX_CLASS@@QAEXXZ)
     1>shiftrpt.obj : error LNK2019: unresolved external symbol "public: unsigned char __thiscall LISTBOX_CLASS::setcursel(int)" (?setcursel@LISTBOX_CLASS@@QAEEH@Z) referenced in function "void __cdecl load_machines(struct HWND__ *)" (?load_machines@@YAXPAUHWND__@@@Z)
     1>shiftrpt.obj : error LNK2019: unresolved external symbol "public: short __thiscall GENERIC_LIST_CLASS::count(void)" (?count@GENERIC_LIST_CLASS@@QAEFXZ) referenced in function "public: long __thiscall TEXT_LIST_CLASS::count(void)" (?count@TEXT_LIST_CLASS@@QAEJXZ)
     1>shiftrpt.obj : error LNK2019: unresolved external symbol "public: void __thiscall GENERIC_LIST_CLASS::rewind(void)" (?rewind@GENERIC_LIST_CLASS@@QAEXXZ) referenced in function "public: void __thiscall MACHINE_NAME_LIST_CLASS::rewind(void)" (?rewind@MACHINE_NAME_LIST_CLASS@@QAEXXZ)
     1>shiftrpt.obj : error LNK2019: unresolved external symbol "public: __thiscall MACHINE_NAME_LIST_CLASS::MACHINE_NAME_LIST_CLASS(void)" (??0MACHINE_NAME_LIST_CLASS@@QAE@XZ) referenced in function "void __cdecl `dynamic initializer for 'Machine''(void)" (??__EMachine@@YAXXZ)
     1>shiftrpt.obj : error LNK2019: unresolved external symbol "public: __thiscall MACHINE_NAME_LIST_CLASS::~MACHINE_NAME_LIST_CLASS(void)" (??1MACHINE_NAME_LIST_CLASS@@QAE@XZ) referenced in function "void __cdecl `dynamic atexit destructor for 'Machine''(void)" (??__FMachine@@YAXXZ)
     1>shiftrpt.obj : error LNK2019: unresolved external symbol "public: unsigned char __thiscall MACHINE_NAME_LIST_CLASS::add_computer(class STRING_CLASS &)" (?add_computer@MACHINE_NAME_LIST_CLASS@@QAEEAAVSTRING_CLASS@@@Z) referenced in function "void __cdecl load_machines(struct HWND__ *)" (?load_machines@@YAXPAUHWND__@@@Z)
     1>shiftrpt.obj : error LNK2019: unresolved external symbol "public: void __thiscall MACHINE_NAME_LIST_CLASS::empty(void)" (?empty@MACHINE_NAME_LIST_CLASS@@QAEXXZ) referenced in function "void __cdecl load_machines(struct HWND__ *)" (?load_machines@@YAXPAUHWND__@@@Z)
     1>shiftrpt.obj : error LNK2019: unresolved external symbol "public: unsigned char __thiscall MACHINE_NAME_LIST_CLASS::next(void)" (?next@MACHINE_NAME_LIST_CLASS@@QAEEXZ) referenced in function "void __cdecl load_machines(struct HWND__ *)" (?load_machines@@YAXPAUHWND__@@@Z)
     1>shiftrpt.obj : error LNK2019: unresolved external symbol "public: unsigned char __thiscall MACHINE_NAME_LIST_CLASS::find(char *)" (?find@MACHINE_NAME_LIST_CLASS@@QAEEPAD@Z) referenced in function "void __cdecl write_csv_file(void)" (?write_csv_file@@YAXXZ)
     1>shiftrpt.obj : error LNK2019: unresolved external symbol "public: unsigned char __thiscall MACHINE_NAME_LIST_CLASS::find(class STRING_CLASS &)" (?find@MACHINE_NAME_LIST_CLASS@@QAEEAAVSTRING_CLASS@@@Z) referenced in function "void __cdecl get_all_limits(void)" (?get_all_limits@@YAXXZ)
     1>shiftrpt.obj : error LNK2019: unresolved external symbol "public: class STRING_CLASS & __thiscall MACHINE_NAME_LIST_CLASS::name(void)" (?name@MACHINE_NAME_LIST_CLASS@@QAEAAVSTRING_CLASS@@XZ) referenced in function "void __cdecl make_csv_string(class STRING_CLASS &,class TIME_CLASS &,class TIME_CLASS &,char *,char *)" (?make_csv_string@@YAXAAVSTRING_CLASS@@AAVTIME_CLASS@@1PAD2@Z)
     1>shiftrpt.obj : error LNK2019: unresolved external symbol "public: class STRING_CLASS & __thiscall MACHINE_NAME_LIST_CLASS::computer_name(void)" (?computer_name@MACHINE_NAME_LIST_CLASS@@QAEAAVSTRING_CLASS@@XZ) referenced in function "void __cdecl get_all_limits(void)" (?get_all_limits@@YAXXZ)
     1>shiftrpt.obj : error LNK2019: unresolved external symbol "public: __thiscall RECTANGLE_CLASS::RECTANGLE_CLASS(void)" (??0RECTANGLE_CLASS@@QAE@XZ) referenced in function "void __cdecl resize_report_plot(void)" (?resize_report_plot@@YAXXZ)
     1>shiftrpt.obj : error LNK2019: unresolved external symbol "public: __thiscall RECTANGLE_CLASS::~RECTANGLE_CLASS(void)" (??1RECTANGLE_CLASS@@QAE@XZ) referenced in function "void __cdecl resize_report_plot(void)" (?resize_report_plot@@YAXXZ)
     1>shiftrpt.obj : error LNK2019: unresolved external symbol "public: void __thiscall RECTANGLE_CLASS::operator=(class RECTANGLE_CLASS const &)" (??4RECTANGLE_CLASS@@QAEXABV0@@Z) referenced in function "void __cdecl draw_rectangle_background(class RECTANGLE_CLASS &)" (?draw_rectangle_background@@YAXAAVRECTANGLE_CLASS@@@Z)
     1>shiftrpt.obj : error LNK2019: unresolved external symbol "public: unsigned char __thiscall RECTANGLE_CLASS::contains(struct tagPOINT const &)" (?contains@RECTANGLE_CLASS@@QAEEABUtagPOINT@@@Z) referenced in function "int __cdecl x_in_plotrect(long)" (?x_in_plotrect@@YAHJ@Z)
     1>shiftrpt.obj : error LNK2019: unresolved external symbol "public: unsigned char __thiscall RECTANGLE_CLASS::get(char *)" (?get@RECTANGLE_CLASS@@QAEEPAD@Z) referenced in function "void __cdecl get_config(char *)" (?get_config@@YAXPAD@Z)
     1>shiftrpt.obj : error LNK2019: unresolved external symbol "public: void __thiscall RECTANGLE_CLASS::moveto(long,long)" (?moveto@RECTANGLE_CLASS@@QAEXJJ@Z) referenced in function "void __cdecl position_select_machines_dialog(struct HWND__ *)" (?position_select_machines_dialog@@YAXPAUHWND__@@@Z)
     1>shiftrpt.obj : error LNK2019: unresolved external symbol "public: char * __thiscall RECTANGLE_CLASS::put(void)" (?put@RECTANGLE_CLASS@@QAEPADXZ) referenced in function "void __cdecl put_config(char *)" (?put_config@@YAXPAD@Z)
     1>shiftrpt.obj : error LNK2019: unresolved external symbol "public: void __thiscall RECTANGLE_CLASS::draw(struct HDC__ *,unsigned long)" (?draw@RECTANGLE_CLASS@@QAEXPAUHDC__@@K@Z) referenced in function "void __cdecl plot_machine(class STRING_CLASS &,int,int)" (?plot_machine@@YAXAAVSTRING_CLASS@@HH@Z)
     1>shiftrpt.obj : error LNK2019: unresolved external symbol "public: void __thiscall RECTANGLE_CLASS::fill(struct HDC__ *,unsigned long)" (?fill@RECTANGLE_CLASS@@QAEXPAUHDC__@@K@Z) referenced in function "void __cdecl plot_machine(class STRING_CLASS &,int,int)" (?plot_machine@@YAXAAVSTRING_CLASS@@HH@Z)
     1>shiftrpt.obj : error LNK2019: unresolved external symbol "public: void __thiscall TEXT_LEN_CLASS::check(char *)" (?check@TEXT_LEN_CLASS@@QAEXPAD@Z) referenced in function "void __cdecl paint_report_plot(void)" (?paint_report_plot@@YAXXZ)
     1>shiftrpt.obj : error LNK2019: unresolved external symbol "public: __thiscall TEXT_LIST_CLASS::TEXT_LIST_CLASS(void)" (??0TEXT_LIST_CLASS@@QAE@XZ) referenced in function "void __cdecl load_report_list(struct HWND__ *)" (?load_report_list@@YAXPAUHWND__@@@Z)
     1>shiftrpt.obj : error LNK2019: unresolved external symbol "public: __thiscall TEXT_LIST_CLASS::~TEXT_LIST_CLASS(void)" (??1TEXT_LIST_CLASS@@QAE@XZ) referenced in function "void __cdecl load_report_list(struct HWND__ *)" (?load_report_list@@YAXPAUHWND__@@@Z)
     1>shiftrpt.obj : error LNK2019: unresolved external symbol "public: unsigned char __thiscall TEXT_LIST_CLASS::append(char *,long)" (?append@TEXT_LIST_CLASS@@QAEEPADJ@Z) referenced in function "public: unsigned char __thiscall TEXT_LIST_CLASS::append(char *)" (?append@TEXT_LIST_CLASS@@QAEEPAD@Z)
     1>shiftrpt.obj : error LNK2019: unresolved external symbol "public: void __thiscall TEXT_LIST_CLASS::empty(void)" (?empty@TEXT_LIST_CLASS@@QAEXXZ) referenced in function "void __cdecl get_config(char *)" (?get_config@@YAXPAD@Z)
     1>shiftrpt.obj : error LNK2019: unresolved external symbol "public: unsigned char __thiscall TEXT_LIST_CLASS::find(char *,long)" (?find@TEXT_LIST_CLASS@@QAEEPADJ@Z) referenced in function "public: unsigned char __thiscall TEXT_LIST_CLASS::find(char *)" (?find@TEXT_LIST_CLASS@@QAEEPAD@Z)
     1>shiftrpt.obj : error LNK2019: unresolved external symbol "public: void __thiscall TEXT_LIST_CLASS::get_file_list(char const *,char const *)" (?get_file_list@TEXT_LIST_CLASS@@QAEXPBD0@Z) referenced in function "void __cdecl load_report_list(struct HWND__ *)" (?load_report_list@@YAXPAUHWND__@@@Z)
     1>shiftrpt.obj : error LNK2019: unresolved external symbol "public: unsigned char __thiscall TEXT_LIST_CLASS::next(void)" (?next@TEXT_LIST_CLASS@@QAEEXZ) referenced in function "void __cdecl get_all_limits(void)" (?get_all_limits@@YAXXZ)
     1>shiftrpt.obj : error LNK2019: unresolved external symbol "char * __cdecl copystring(char *,char const *)" (?copystring@@YAPADPADPBD@Z) referenced in function "void __cdecl plot_machine(class STRING_CLASS &,int,int)" (?plot_machine@@YAXAAVSTRING_CLASS@@HH@Z)
     1>shiftrpt.obj : error LNK2019: unresolved external symbol "unsigned short __cdecl days_in_month(unsigned short,unsigned short)" (?days_in_month@@YAGGG@Z) referenced in function "void __cdecl previous_interval(void)" (?previous_interval@@YAXXZ)
     1>shiftrpt.obj : error LNK2019: unresolved external symbol "unsigned short __cdecl days_in_month(struct _SYSTEMTIME &)" (?days_in_month@@YAGAAU_SYSTEMTIME@@@Z) referenced in function "bool __cdecl next_interval(void)" (?next_interval@@YA_NXZ)
     1>shiftrpt.obj : error LNK2019: unresolved external symbol "unsigned char __cdecl execute(char *)" (?execute@@YAEPAD@Z) referenced in function "void __cdecl get_help(void)" (?get_help@@YAXXZ)
     1>shiftrpt.obj : error LNK2019: unresolved external symbol "char const * __cdecl exe_directory(void)" (?exe_directory@@YAPBDXZ) referenced in function "void __cdecl load_report_list(struct HWND__ *)" (?load_report_list@@YAXPAUHWND__@@@Z)
     1>shiftrpt.obj : error LNK2019: unresolved external symbol "char * __cdecl findchar(char,char *)" (?findchar@@YAPADDPAD@Z) referenced in function "void __cdecl get_default_printer_dc(void)" (?get_default_printer_dc@@YAXXZ)
     1>shiftrpt.obj : error LNK2019: unresolved external symbol "char * __cdecl findstring(char const *,char *)" (?findstring@@YAPADPBDPAD@Z) referenced in function "void __cdecl get_config(char *)" (?get_config@@YAXPAD@Z)
     1>shiftrpt.obj : error LNK2019: unresolved external symbol "unsigned char __cdecl is_empty(char const *)" (?is_empty@@YAEPBD@Z) referenced in function "void __cdecl put_config(char *)" (?put_config@@YAXPAD@Z)
     1>shiftrpt.obj : error LNK2019: unresolved external symbol "short __cdecl shift_number(short *,struct _SYSTEMTIME const &)" (?shift_number@@YAFPAFABU_SYSTEMTIME@@@Z) referenced in function "void __cdecl get_all_limits(void)" (?get_all_limits@@YAXXZ)
     1>shiftrpt.obj : error LNK2019: unresolved external symbol "void __cdecl shifts_shutdown(void)" (?shifts_shutdown@@YAXXZ) referenced in function "void __cdecl shutdown(void)" (?shutdown@@YAXXZ)
     1>shiftrpt.obj : error LNK2019: unresolved external symbol "unsigned char __cdecl shifts_startup(void)" (?shifts_startup@@YAEXZ) referenced in function "void __cdecl startup(int)" (?startup@@YAXH@Z)
     1>shiftrpt.obj : error LNK2019: unresolved external symbol "struct _SYSTEMTIME & __cdecl start_of_shift(struct _SYSTEMTIME const &)" (?start_of_shift@@YAAAU_SYSTEMTIME@@ABU1@@Z) referenced in function "void __cdecl get_all_limits(void)" (?get_all_limits@@YAXXZ)
     1>shiftrpt.obj : error LNK2019: unresolved external symbol "unsigned char __cdecl strings_are_equal(char const *,char const *,short)" (?strings_are_equal@@YAEPBD0F@Z) referenced in function "void __cdecl get_config(char *)" (?get_config@@YAXPAD@Z)
     1>shiftrpt.obj : error LNK2019: unresolved external symbol "long __cdecl average_character_width(struct HDC__ *)" (?average_character_width@@YAJPAUHDC__@@@Z) referenced in function "void __cdecl paint_report_plot(void)" (?paint_report_plot@@YAXXZ)
     1>shiftrpt.obj : error LNK2019: unresolved external symbol "long __cdecl character_height(struct HDC__ *)" (?character_height@@YAJPAUHDC__@@@Z) referenced in function "void __cdecl paint_report_plot(void)" (?paint_report_plot@@YAXXZ)
     1>shiftrpt.obj : error LNK2019: unresolved external symbol "long __cdecl pixel_width(struct HDC__ *,char *)" (?pixel_width@@YAJPAUHDC__@@PAD@Z) referenced in function "void __cdecl paint_report_plot(void)" (?paint_report_plot@@YAXXZ)
     1>shiftrpt.obj : error LNK2019: unresolved external symbol "unsigned char __cdecl set_text(struct HWND__ *,char const *)" (?set_text@@YAEPAUHWND__@@PBD@Z) referenced in function "int __stdcall save_as_dialog_proc(struct HWND__ *,unsigned int,unsigned int,long)" (?save_as_dialog_proc@@YGHPAUHWND__@@IIJ@Z)
     1>shiftrpt.obj : error LNK2019: unresolved external symbol "unsigned char __cdecl set_text(struct HWND__ *,int,char const *)" (?set_text@@YAEPAUHWND__@@HPBD@Z) referenced in function "int __stdcall save_as_dialog_proc(struct HWND__ *,unsigned int,unsigned int,long)" (?save_as_dialog_proc@@YGHPAUHWND__@@IIJ@Z)
     1>shiftrpt.obj : error LNK2019: unresolved external symbol "unsigned char __cdecl is_checked(struct HWND__ *)" (?is_checked@@YAEPAUHWND__@@@Z) referenced in function "void __cdecl previous_interval(void)" (?previous_interval@@YAXXZ)
     1>shiftrpt.obj : error LNK2019: unresolved external symbol "void __cdecl resource_message_box(struct HINSTANCE__ *,unsigned int,unsigned int)" (?resource_message_box@@YAXPAUHINSTANCE__@@II@Z) referenced in function "void __cdecl get_default_printer_dc(void)" (?get_default_printer_dc@@YAXXZ)
     1>shiftrpt.obj : error LNK2019: unresolved external symbol "char * __cdecl resource_string(struct HINSTANCE__ *,unsigned int)" (?resource_string@@YAPADPAUHINSTANCE__@@I@Z) referenced in function "char * __cdecl resource_string(unsigned int)" (?resource_string@@YAPADI@Z)
     1>shiftrpt.obj : error LNK2019: unresolved external symbol "void __cdecl set_checkbox(struct HWND__ *,unsigned char)" (?set_checkbox@@YAXPAUHWND__@@E@Z) referenced in function "void __cdecl get_config(char *)" (?get_config@@YAXPAD@Z)
     1>shiftrpt.obj : error LNK2019: unresolved external symbol "public: void __thiscall WINDOW_CLASS::move(struct tagRECT &)" (?move@WINDOW_CLASS@@QAEXAAUtagRECT@@@Z) referenced in function "void __cdecl resize_report_plot(void)" (?resize_report_plot@@YAXXZ)
     1>shiftrpt.obj : error LNK2019: unresolved external symbol "public: int __thiscall WINDOW_CLASS::getrect(struct tagRECT &)" (?getrect@WINDOW_CLASS@@QAEHAAUtagRECT@@@Z) referenced in function "void __cdecl resize_report_plot(void)" (?resize_report_plot@@YAXXZ)
     1>shiftrpt.obj : error LNK2019: unresolved external symbol "public: void __thiscall WINDOW_CLASS::show(int)" (?show@WINDOW_CLASS@@QAEXH@Z) referenced in function "void __cdecl create_report_plot(struct HWND__ *)" (?create_report_plot@@YAXPAUHWND__@@@Z)
     1>shiftrpt.obj : error LNK2019: unresolved external symbol "public: void __thiscall WINDOW_CLASS::post(unsigned int)" (?post@WINDOW_CLASS@@QAEXI@Z) referenced in function "int __stdcall main_dialog_proc(struct HWND__ *,unsigned int,unsigned int,long)" (?main_dialog_proc@@YGHPAUHWND__@@IIJ@Z)
     1>shiftrpt.obj : error LNK2019: unresolved external symbol "public: void __thiscall WINDOW_CLASS::refresh(void)" (?refresh@WINDOW_CLASS@@QAEXXZ) referenced in function "void __cdecl get_all_limits(void)" (?get_all_limits@@YAXXZ)
     1>shiftrpt.obj : error LNK2001: unresolved external symbol "private: static char * STRING_CLASS::emptystring" (?emptystring@STRING_CLASS@@0PADA)
     1>C:\Sources\Version8\truetrak\Debug\shiftrpt.exe : fatal error LNK1120: 155 unresolved externals
     1>Done Building Project "C:\Sources\Version8\shiftrpt\shiftrpt.vcxproj" (Build target(s)) -- FAILED.

Build FAILED.

Time Elapsed 00:00:01.31
