quad_decoder - Quartus II Simulation Report File
-------------------------------------------------------------------------------

+-----------------------------------------------------------------------------------------------+
| Report Information                                                                            |
+--------------------+--------------------------------------------------------------------------+
| Project            | C:\qdesigns2_2\sub_designs\quadrature_decoder/                           |
| Simulator Settings | quad_decoder                                                             |
| Quartus II Version | 2.2 Build 176 02/04/2003 SP 1 SJ Full Version                            |
+--------------------+--------------------------------------------------------------------------+

Table of Contents
    Simulator Report
        Legal Notice
        Project Settings
            General Settings
        Results for "quad_decoder" Simulator Settings
            Summary
            Simulator Settings
            Simulation Waveforms
            Messages
            Processing Time

+-----------------------------------------------------------------------------+
| Legal Notice                                                                |
+-----------------------------------------------------------------------------+
Copyright (C) 1991-2003 Altera Corporation
Any  megafunction  design,  and related netlist (encrypted  or  decrypted),
support information,  device programming or simulation file,  and any other
associated  documentation or information  provided by  Altera  or a partner
under  Altera's   Megafunction   Partnership   Program  may  be  used  only
to program  PLD  devices (but not masked  PLD  devices) from  Altera.   Any
other  use  of such  megafunction  design,  netlist,  support  information,
device programming or simulation file,  or any other  related documentation
or information  is prohibited  for  any  other purpose,  including, but not
limited to  modification,  reverse engineering,  de-compiling, or use  with
any other  silicon devices,  unless such use is  explicitly  licensed under
a separate agreement with  Altera  or a megafunction partner.  Title to the
intellectual property,  including patents,  copyrights,  trademarks,  trade
secrets,  or maskworks,  embodied in any such megafunction design, netlist,
support  information,  device programming or simulation file,  or any other
related documentation or information provided by  Altera  or a megafunction
partner, remains with Altera, the megafunction partner, or their respective
licensors. No other licenses, including any licenses needed under any third
party's intellectual property, are provided herein.


+-----------------------------------------------------------------------------+
| General Settings                                                            |
+-----------------------------------------------------------------------------+
+-------------------+---------------------+
| Option            | Setting             |
+-------------------+---------------------+
| Start date & time | 09/24/2003 20:45:05 |
| Main task         | Simulation          |
| Settings name     | quad_decoder        |
| Simulation mode   | Timing              |
| Compiler Settings | quad_decoder        |
+-------------------+---------------------+

+-----------------------------------------------------------------------------+
| Summary                                                                     |
+-----------------------------------------------------------------------------+
+-----------------------+--------------+
| Option                | Setting      |
+-----------------------+--------------+
| Simulation Start Time | 0 ps         |
| Simulation End Time   | 15.0 us      |
| Simulation Coverage   |      98.67 % |
| Number of transitions | 3154         |
+-----------------------+--------------+

+-----------------------------------------------------------------------------+
| Simulator Settings                                                          |
+-----------------------------------------------------------------------------+
+-------------------------------------------------------+--------------+
| Option                                                | Setting      |
+-------------------------------------------------------+--------------+
| Simulator settings name                               | quad_decoder |
| Simulation mode                                       | Timing       |
| Start time                                            | 0ns          |
| Add pins automatically to simulation output waveforms | On           |
| Check outputs                                         | Off          |
| Report simulation coverage                            | On           |
| Detect setup and hold time violations                 | Off          |
| Detect glitches                                       | Off          |
| Estimate power consumption                            | Off          |
+-------------------------------------------------------+--------------+

+-----------------------------------------------------------------------------+
| Simulation Waveforms                                                        |
+-----------------------------------------------------------------------------+
Waveform report data cannot be output to ASCII.
Please use Quartus II to view the waveform report data.

+-----------------------------------------------------------------------------+
| Messages                                                                    |
+-----------------------------------------------------------------------------+
Warning: Compiler synthesized away node CNT[1]. Ignored vector source file node.
Warning: Compiler synthesized away node CNT[0]. Ignored vector source file node.

+-----------------------------------------------------------------------------+
| Processing Time                                                             |
+-----------------------------------------------------------------------------+
+-----------------+--------------+
| Module Name     | Elapsed Time |
+-----------------+--------------+
| Netlist Builder | 00:00:00     |
| Simulator       | 00:00:00     |
+-----------------+--------------+

