Build started 5/15/25 12:18:28 AM.
     1>Project "C:\Sources\Version8\bupres\bupres.vcxproj" on node 2 (Build target(s)).
     1>ClCompile:
         C:\Program Files (x86)\Microsoft Visual Studio 12.0\VC\bin\CL.exe /c /Zi /nologo /W3 /WX- /Od /Oy- /D WIN32 /D _DEBUG /D _WINDOWS /Gm /EHsc /RTC1 /MDd /GS /fp:precise /Zc:wchar_t /Zc:forScope /Fo"Debug\\" /Fd"Debug\vc120.pdb" /Gd /TP /analyze- /errorReport:prompt ab.cpp backup.cpp bupres.cpp dd.cpp delete.cpp fill.cpp loadzip.cpp purge.cpp renum.cpp restore.cpp save.cpp tb.cpp tr.cpp
         tr.cpp
         tb.cpp
         save.cpp
         restore.cpp
         renum.cpp
     1>c1xx : fatal error C1083: Cannot open source file: 'renum.cpp': No such file or directory
         purge.cpp
         loadzip.cpp
         fill.cpp
         delete.cpp
         dd.cpp
         bupres.cpp
         backup.cpp
         ab.cpp
         Generating Code...
     1>Done Building Project "C:\Sources\Version8\bupres\bupres.vcxproj" (Build target(s)) -- FAILED.

Build FAILED.

Time Elapsed 00:00:04.73
