Flow report for config_controller_w_reload
Fri Jan 19 11:30:51 2007
Version 5.1 Build 216 03/06/2006 Service Pack 2.01 SJ Full Version


---------------------
; Table of Contents ;
---------------------
  1. Legal Notice
  2. Flow Summary
  3. Flow Settings
  4. Flow Elapsed Time
  5. Flow Log



----------------
; Legal Notice ;
----------------
Copyright (C) 1991-2006 Altera Corporation
Your use of Altera Corporation's design tools, logic functions 
and other software and tools, and its AMPP partner logic 
functions, and any output files any of the foregoing 
(including device programming or simulation files), and any 
associated documentation or information are expressly subject 
to the terms and conditions of the Altera Program License 
Subscription Agreement, Altera MegaCore Function License 
Agreement, or other applicable license agreement, including, 
without limitation, that your use is for the sole purpose of 
programming logic devices manufactured by Altera and sold by 
Altera or its authorized distributors.  Please refer to the 
applicable agreement for further details.



+----------------------------------------------------------------------------+
; Flow Summary                                                               ;
+-------------------------+--------------------------------------------------+
; Flow Status             ; Successful - Fri Jan 19 11:30:50 2007            ;
; Quartus II Version      ; 5.1 Build 216 03/06/2006 SP 2.01 SJ Full Version ;
; Revision Name           ; config_controller_w_reload                       ;
; Top-level Entity Name   ; config_controller_w_reload                       ;
; Family                  ; MAX7000AE                                        ;
; Device                  ; EPM7064AETC44-7                                  ;
; Timing Models           ; Final                                            ;
; Met timing requirements ; Yes                                              ;
; Total macrocells        ; 34 / 64 ( 53 % )                                 ;
; Total pins              ; 34 / 36 ( 94 % )                                 ;
+-------------------------+--------------------------------------------------+


+------------------------------------------------+
; Flow Settings                                  ;
+-------------------+----------------------------+
; Option            ; Setting                    ;
+-------------------+----------------------------+
; Start date & time ; 01/19/2007 11:30:39        ;
; Main task         ; Compilation                ;
; Revision Name     ; config_controller_w_reload ;
+-------------------+----------------------------+


+-------------------------------------+
; Flow Elapsed Time                   ;
+----------------------+--------------+
; Module Name          ; Elapsed Time ;
+----------------------+--------------+
; Analysis & Synthesis ; 00:00:04     ;
; Fitter               ; 00:00:01     ;
; Assembler            ; 00:00:01     ;
; Timing Analyzer      ; 00:00:01     ;
; Total                ; 00:00:07     ;
+----------------------+--------------+


------------
; Flow Log ;
------------
quartus_map --read_settings_files=on --write_settings_files=off config_controller_w_reload -c config_controller_w_reload
quartus_fit --read_settings_files=off --write_settings_files=off config_controller_w_reload -c config_controller_w_reload
quartus_asm --read_settings_files=off --write_settings_files=off config_controller_w_reload -c config_controller_w_reload
quartus_tan --read_settings_files=off --write_settings_files=off config_controller_w_reload -c config_controller_w_reload



