Build started 5/15/25 12:18:28 AM.
     1>Project "C:\Sources\Version8\convert\convert.vcxproj" on node 3 (Build target(s)).
     1>ClCompile:
         C:\Program Files (x86)\Microsoft Visual Studio 12.0\VC\bin\CL.exe /c /Zi /nologo /W3 /WX- /Od /Oy- /D WIN32 /D _DEBUG /D _WINDOWS /Gm /EHsc /RTC1 /MDd /GS /fp:precise /Zc:wchar_t /Zc:forScope /Fo"Debug\\" /Fd"Debug\vc120.pdb" /Gd /TP /analyze- /errorReport:prompt convert.cpp
         convert.cpp
       ResourceCompile:
         C:\Program Files (x86)\Windows Kits\8.1\bin\x86\rc.exe /l"0x0409" /nologo /fo"Debug\convert.res" convert.rc 
       Link:
         C:\Program Files (x86)\Microsoft Visual Studio 12.0\VC\bin\link.exe /ERRORREPORT:PROMPT /OUT:"C:\Sources\Version8\truetrak\Debug\convert.exe" /INCREMENTAL /NOLOGO kernel32.lib user32.lib gdi32.lib winspool.lib comdlg32.lib advapi32.lib shell32.lib ole32.lib oleaut32.lib uuid.lib odbc32.lib odbccp32.lib /MANIFEST /MANIFESTUAC:"level='asInvoker' uiAccess='false'" /manifest:embed /DEBUG /PDB:"C:\Sources\Version8\truetrak\Debug\convert.pdb" /SUBSYSTEM:WINDOWS /TLBID:1 /DYNAMICBASE /NXCOMPAT /IMPLIB:"C:\Sources\Version8\truetrak\Debug\convert.lib" /MACHINE:X86 Debug\convert.res
         Debug\convert.obj
     1>convert.obj : error LNK2019: unresolved external symbol "public: __thiscall STRING_CLASS::STRING_CLASS(void)" (??0STRING_CLASS@@QAE@XZ) referenced in function "double __cdecl distance_between_marks(short &)" (?distance_between_marks@@YANAAF@Z)
     1>convert.obj : error LNK2019: unresolved external symbol "public: __thiscall STRING_CLASS::~STRING_CLASS(void)" (??1STRING_CLASS@@QAE@XZ) referenced in function "double __cdecl distance_between_marks(short &)" (?distance_between_marks@@YANAAF@Z)
     1>convert.obj : error LNK2019: unresolved external symbol "public: void __thiscall STRING_CLASS::operator=(char)" (??4STRING_CLASS@@QAEXD@Z) referenced in function "void __cdecl do_mm_change(void)" (?do_mm_change@@YAXXZ)
     1>convert.obj : error LNK2019: unresolved external symbol "public: void __thiscall STRING_CLASS::operator=(char const *)" (??4STRING_CLASS@@QAEXPBD@Z) referenced in function "public: void __thiscall NAME_CLASS::operator=(char const *)" (??4NAME_CLASS@@QAEXPBD@Z)
     1>convert.obj : error LNK2019: unresolved external symbol "public: void __thiscall STRING_CLASS::operator=(double)" (??4STRING_CLASS@@QAEXN@Z) referenced in function "void __cdecl do_mm_change(void)" (?do_mm_change@@YAXXZ)
     1>convert.obj : error LNK2019: unresolved external symbol "public: void __thiscall STRING_CLASS::cat_path(char const *)" (?cat_path@STRING_CLASS@@QAEXPBD@Z) referenced in function "void __cdecl initialize(void)" (?initialize@@YAXXZ)
     1>convert.obj : error LNK2019: unresolved external symbol "public: bool __thiscall STRING_CLASS::get_text(struct HWND__ *)" (?get_text@STRING_CLASS@@QAE_NPAUHWND__@@@Z) referenced in function "double __cdecl distance_between_marks(short &)" (?distance_between_marks@@YANAAF@Z)
     1>convert.obj : error LNK2019: unresolved external symbol "public: bool __thiscall STRING_CLASS::set_text(struct HWND__ *)" (?set_text@STRING_CLASS@@QAE_NPAUHWND__@@@Z) referenced in function "void __cdecl do_mm_change(void)" (?do_mm_change@@YAXXZ)
     1>convert.obj : error LNK2019: unresolved external symbol "public: double __thiscall STRING_CLASS::real_value(void)" (?real_value@STRING_CLASS@@QAENXZ) referenced in function "double __cdecl distance_between_marks(short &)" (?distance_between_marks@@YANAAF@Z)
     1>convert.obj : error LNK2019: unresolved external symbol "public: unsigned char __thiscall NAME_CLASS::get_exe_dir_file_name(char const *)" (?get_exe_dir_file_name@NAME_CLASS@@QAEEPBD@Z) referenced in function "public: unsigned char __thiscall NAME_CLASS::get_local_ini_file_name(char *)" (?get_local_ini_file_name@NAME_CLASS@@QAEEPAD@Z)
     1>convert.obj : error LNK2019: unresolved external symbol "public: __thiscall COMPUTER_CLASS::COMPUTER_CLASS(void)" (??0COMPUTER_CLASS@@QAE@XZ) referenced in function "bool __cdecl startup(int)" (?startup@@YA_NH@Z)
     1>convert.obj : error LNK2019: unresolved external symbol "public: unsigned char __thiscall COMPUTER_CLASS::startup(void)" (?startup@COMPUTER_CLASS@@QAEEXZ) referenced in function "bool __cdecl startup(int)" (?startup@@YA_NH@Z)
     1>convert.obj : error LNK2019: unresolved external symbol "public: __thiscall FONT_LIST_CLASS::FONT_LIST_CLASS(void)" (??0FONT_LIST_CLASS@@QAE@XZ) referenced in function "void __cdecl `dynamic initializer for 'FontList''(void)" (??__EFontList@@YAXXZ)
     1>convert.obj : error LNK2019: unresolved external symbol "public: __thiscall FONT_LIST_CLASS::~FONT_LIST_CLASS(void)" (??1FONT_LIST_CLASS@@QAE@XZ) referenced in function "void __cdecl `dynamic atexit destructor for 'FontList''(void)" (??__FFontList@@YAXXZ)
     1>convert.obj : error LNK2019: unresolved external symbol "public: __thiscall INI_CLASS::~INI_CLASS(void)" (??1INI_CLASS@@QAE@XZ) referenced in function "void __cdecl initialize(void)" (?initialize@@YAXXZ)
     1>convert.obj : error LNK2019: unresolved external symbol "public: unsigned char __thiscall INI_CLASS::set_file(char const *)" (?set_file@INI_CLASS@@QAEEPBD@Z) referenced in function "void __cdecl initialize(void)" (?initialize@@YAXXZ)
     1>convert.obj : error LNK2019: unresolved external symbol "public: unsigned char __thiscall INI_CLASS::set_section(char const *)" (?set_section@INI_CLASS@@QAEEPBD@Z) referenced in function "void __cdecl initialize(void)" (?initialize@@YAXXZ)
     1>convert.obj : error LNK2019: unresolved external symbol "public: unsigned char __thiscall INI_CLASS::find(char const *)" (?find@INI_CLASS@@QAEEPBD@Z) referenced in function "void __cdecl initialize(void)" (?initialize@@YAXXZ)
     1>convert.obj : error LNK2019: unresolved external symbol "public: int __thiscall INI_CLASS::get_int(void)" (?get_int@INI_CLASS@@QAEHXZ) referenced in function "void __cdecl initialize(void)" (?initialize@@YAXXZ)
     1>convert.obj : error LNK2019: unresolved external symbol "public: char * __thiscall INI_CLASS::get_string(void)" (?get_string@INI_CLASS@@QAEPADXZ) referenced in function "void __cdecl initialize(void)" (?initialize@@YAXXZ)
     1>convert.obj : error LNK2019: unresolved external symbol "public: unsigned char __thiscall INI_CLASS::put_string(char const *,char const *)" (?put_string@INI_CLASS@@QAEEPBD0@Z) referenced in function "void __cdecl finalize(void)" (?finalize@@YAXXZ)
     1>convert.obj : error LNK2019: unresolved external symbol "public: unsigned char __thiscall INI_CLASS::put_int(char const *,int)" (?put_int@INI_CLASS@@QAEEPBDH@Z) referenced in function "void __cdecl finalize(void)" (?finalize@@YAXXZ)
     1>convert.obj : error LNK2019: unresolved external symbol "char const * __cdecl exe_directory(void)" (?exe_directory@@YAPBDXZ) referenced in function "void __cdecl initialize(void)" (?initialize@@YAXXZ)
     1>convert.obj : error LNK2019: unresolved external symbol "void __cdecl maxint(int &,int)" (?maxint@@YAXAAHH@Z) referenced in function "void __cdecl finalize(void)" (?finalize@@YAXXZ)
     1>convert.obj : error LNK2019: unresolved external symbol "bool __cdecl not_zero(double)" (?not_zero@@YA_NN@Z) referenced in function "void __cdecl do_mm_change(void)" (?do_mm_change@@YAXXZ)
     1>convert.obj : error LNK2019: unresolved external symbol "unsigned char __cdecl is_checked(struct HWND__ *)" (?is_checked@@YAEPAUHWND__@@@Z) referenced in function "double __cdecl distance_between_marks(short &)" (?distance_between_marks@@YANAAF@Z)
     1>convert.obj : error LNK2019: unresolved external symbol "unsigned char __cdecl is_previous_instance(char *,char *)" (?is_previous_instance@@YAEPAD0@Z) referenced in function "unsigned char __cdecl my_previous_instance(void)" (?my_previous_instance@@YAEXZ)
     1>convert.obj : error LNK2019: unresolved external symbol "void __cdecl set_checkbox(struct HWND__ *,unsigned char)" (?set_checkbox@@YAXPAUHWND__@@E@Z) referenced in function "void __cdecl initialize(void)" (?initialize@@YAXXZ)
     1>convert.obj : error LNK2019: unresolved external symbol "public: __thiscall STRINGTABLE_CLASS::STRINGTABLE_CLASS(void)" (??0STRINGTABLE_CLASS@@QAE@XZ) referenced in function "void __cdecl `dynamic initializer for 'StringTable''(void)" (??__EStringTable@@YAXXZ)
     1>convert.obj : error LNK2019: unresolved external symbol "public: __thiscall STRINGTABLE_CLASS::~STRINGTABLE_CLASS(void)" (??1STRINGTABLE_CLASS@@QAE@XZ) referenced in function "void __cdecl `dynamic atexit destructor for 'StringTable''(void)" (??__FStringTable@@YAXXZ)
     1>convert.obj : error LNK2019: unresolved external symbol "public: bool __thiscall STRINGTABLE_CLASS::find(class STRING_CLASS &,char *)" (?find@STRINGTABLE_CLASS@@QAE_NAAVSTRING_CLASS@@PAD@Z) referenced in function "void __cdecl load_resources(void)" (?load_resources@@YAXXZ)
     1>convert.obj : error LNK2019: unresolved external symbol "public: void __thiscall STRINGTABLE_CLASS::set_language(class STRING_CLASS &)" (?set_language@STRINGTABLE_CLASS@@QAEXAAVSTRING_CLASS@@@Z) referenced in function "void __cdecl load_resources(void)" (?load_resources@@YAXXZ)
     1>convert.obj : error LNK2019: unresolved external symbol "public: void __thiscall WINDOW_CLASS::move(int,int,int)" (?move@WINDOW_CLASS@@QAEXHHH@Z) referenced in function "public: void __thiscall WINDOW_CLASS::move(int,int)" (?move@WINDOW_CLASS@@QAEXHH@Z)
     1>convert.obj : error LNK2019: unresolved external symbol "public: int __thiscall WINDOW_CLASS::getrect(struct tagRECT &)" (?getrect@WINDOW_CLASS@@QAEHAAUtagRECT@@@Z) referenced in function "void __cdecl finalize(void)" (?finalize@@YAXXZ)
     1>convert.obj : error LNK2019: unresolved external symbol "public: void __thiscall WINDOW_CLASS::show(int)" (?show@WINDOW_CLASS@@QAEXH@Z) referenced in function "bool __cdecl startup(int)" (?startup@@YA_NH@Z)
     1>convert.obj : error LNK2019: unresolved external symbol "public: void __thiscall WINDOW_CLASS::post(unsigned int)" (?post@WINDOW_CLASS@@QAEXI@Z) referenced in function "int __stdcall convert_dialog_proc(struct HWND__ *,unsigned int,unsigned int,long)" (?convert_dialog_proc@@YGHPAUHWND__@@IIJ@Z)
     1>convert.obj : error LNK2019: unresolved external symbol "public: void __thiscall WINDOW_CLASS::shrinkwrap(struct HWND__ *)" (?shrinkwrap@WINDOW_CLASS@@QAEXPAUHWND__@@@Z) referenced in function "int __stdcall convert_dialog_proc(struct HWND__ *,unsigned int,unsigned int,long)" (?convert_dialog_proc@@YGHPAUHWND__@@IIJ@Z)
     1>convert.obj : error LNK2019: unresolved external symbol "void __cdecl statics_startup(void)" (?statics_startup@@YAXXZ) referenced in function "void __cdecl load_resources(void)" (?load_resources@@YAXXZ)
     1>convert.obj : error LNK2019: unresolved external symbol "void __cdecl statics_shutdown(void)" (?statics_shutdown@@YAXXZ) referenced in function "void __cdecl shutdown(void)" (?shutdown@@YAXXZ)
     1>convert.obj : error LNK2019: unresolved external symbol "void __cdecl set_setup_strings(struct HWND__ *,struct RESOURCE_TEXT_ENTRY *,int,unsigned int *,int,char *)" (?set_setup_strings@@YAXPAUHWND__@@PAURESOURCE_TEXT_ENTRY@@HPAIHPAD@Z) referenced in function "void __cdecl set_convert_setup_strings(struct HWND__ *)" (?set_convert_setup_strings@@YAXPAUHWND__@@@Z)
     1>convert.obj : error LNK2001: unresolved external symbol "private: static char * STRING_CLASS::emptystring" (?emptystring@STRING_CLASS@@0PADA)
     1>C:\Sources\Version8\truetrak\Debug\convert.exe : fatal error LNK1120: 41 unresolved externals
     1>Done Building Project "C:\Sources\Version8\convert\convert.vcxproj" (Build target(s)) -- FAILED.

Build FAILED.

Time Elapsed 00:00:01.62
