Build started 5/15/25 12:18:33 AM.
     1>Project "C:\Sources\Version8\demo\demo.vcxproj" on node 3 (Build target(s)).
     1>ClCompile:
         C:\Program Files (x86)\Microsoft Visual Studio 12.0\VC\bin\CL.exe /c /Zi /nologo /W3 /WX- /Od /Oy- /D WIN32 /D _DEBUG /D _WINDOWS /Gm /EHsc /RTC1 /MDd /GS /fp:precise /Zc:wchar_t /Zc:forScope /Fo"Debug\\" /Fd"Debug\vc120.pdb" /Gd /TP /analyze- /errorReport:prompt demo.cpp monitor.cpp
         monitor.cpp
         demo.cpp
         Generating Code...
       ResourceCompile:
         C:\Program Files (x86)\Windows Kits\8.1\bin\x86\rc.exe /l"0x0409" /nologo /fo"Debug\demo.res" demo.rc 
       Link:
         C:\Program Files (x86)\Microsoft Visual Studio 12.0\VC\bin\link.exe /ERRORREPORT:PROMPT /OUT:"C:\Sources\Version8\truetrak\Debug\demo.exe" /INCREMENTAL /NOLOGO kernel32.lib user32.lib gdi32.lib winspool.lib comdlg32.lib advapi32.lib shell32.lib ole32.lib oleaut32.lib uuid.lib odbc32.lib odbccp32.lib /MANIFEST /MANIFESTUAC:"level='asInvoker' uiAccess='false'" /manifest:embed /DEBUG /PDB:"C:\Sources\Version8\truetrak\Debug\demo.pdb" /SUBSYSTEM:WINDOWS /TLBID:1 /DYNAMICBASE /NXCOMPAT /IMPLIB:"C:\Sources\Version8\truetrak\Debug\demo.lib" /MACHINE:X86 Debug\demo.res
         Debug\demo.obj
         Debug\monitor.obj
     1>demo.obj : error LNK2019: unresolved external symbol _HtmlHelpA@16 referenced in function "void __cdecl gethelp(struct HWND__ *)" (?gethelp@@YAXPAUHWND__@@@Z)
     1>demo.obj : error LNK2019: unresolved external symbol __imp__InitCommonControls@0 referenced in function _WinMain@16
     1>demo.obj : error LNK2019: unresolved external symbol "unsigned char __cdecl file_exists(char *)" (?file_exists@@YAEPAD@Z) referenced in function "public: unsigned char __thiscall NAME_CLASS::file_exists(void)" (?file_exists@NAME_CLASS@@QAEEXZ)
     1>monitor.obj : error LNK2001: unresolved external symbol "unsigned char __cdecl file_exists(char *)" (?file_exists@@YAEPAD@Z)
     1>demo.obj : error LNK2019: unresolved external symbol "unsigned long __cdecl asctoul(char const *)" (?asctoul@@YAKPBD@Z) referenced in function "public: unsigned int __thiscall STRING_CLASS::uint_value(void)" (?uint_value@STRING_CLASS@@QAEIXZ)
     1>demo.obj : error LNK2019: unresolved external symbol "long __cdecl asctoint32(char const *)" (?asctoint32@@YAJPBD@Z) referenced in function "public: int __thiscall STRING_CLASS::int_value(void)" (?int_value@STRING_CLASS@@QAEHXZ)
     1>monitor.obj : error LNK2001: unresolved external symbol "long __cdecl asctoint32(char const *)" (?asctoint32@@YAJPBD@Z)
     1>demo.obj : error LNK2019: unresolved external symbol "public: __thiscall STRING_CLASS::STRING_CLASS(void)" (??0STRING_CLASS@@QAE@XZ) referenced in function "void __cdecl brouse_for_sorcdir(void)" (?brouse_for_sorcdir@@YAXXZ)
     1>monitor.obj : error LNK2001: unresolved external symbol "public: __thiscall STRING_CLASS::STRING_CLASS(void)" (??0STRING_CLASS@@QAE@XZ)
     1>demo.obj : error LNK2019: unresolved external symbol "public: __thiscall STRING_CLASS::~STRING_CLASS(void)" (??1STRING_CLASS@@QAE@XZ) referenced in function "void __cdecl brouse_for_sorcdir(void)" (?brouse_for_sorcdir@@YAXXZ)
     1>monitor.obj : error LNK2001: unresolved external symbol "public: __thiscall STRING_CLASS::~STRING_CLASS(void)" (??1STRING_CLASS@@QAE@XZ)
     1>demo.obj : error LNK2019: unresolved external symbol "public: void __thiscall STRING_CLASS::operator=(char const *)" (??4STRING_CLASS@@QAEXPBD@Z) referenced in function "void __cdecl load_defaults(void)" (?load_defaults@@YAXXZ)
     1>monitor.obj : error LNK2001: unresolved external symbol "public: void __thiscall STRING_CLASS::operator=(char const *)" (??4STRING_CLASS@@QAEXPBD@Z)
     1>demo.obj : error LNK2019: unresolved external symbol "public: void __thiscall STRING_CLASS::operator=(class STRING_CLASS const &)" (??4STRING_CLASS@@QAEXABV0@@Z) referenced in function "unsigned char __cdecl find_part_to_monitor(void)" (?find_part_to_monitor@@YAEXZ)
     1>monitor.obj : error LNK2001: unresolved external symbol "public: void __thiscall STRING_CLASS::operator=(class STRING_CLASS const &)" (??4STRING_CLASS@@QAEXABV0@@Z)
     1>demo.obj : error LNK2019: unresolved external symbol "public: bool __thiscall STRING_CLASS::get_text(struct HWND__ *)" (?get_text@STRING_CLASS@@QAE_NPAUHWND__@@@Z) referenced in function "void __cdecl brouse_for_sorcdir(void)" (?brouse_for_sorcdir@@YAXXZ)
     1>demo.obj : error LNK2019: unresolved external symbol "public: bool __thiscall STRING_CLASS::set_text(struct HWND__ *)" (?set_text@STRING_CLASS@@QAE_NPAUHWND__@@@Z) referenced in function "void __cdecl show_current_part(void)" (?show_current_part@@YAXXZ)
     1>monitor.obj : error LNK2001: unresolved external symbol "public: bool __thiscall STRING_CLASS::set_text(struct HWND__ *)" (?set_text@STRING_CLASS@@QAE_NPAUHWND__@@@Z)
     1>demo.obj : error LNK2019: unresolved external symbol "public: unsigned char __thiscall NAME_CLASS::get_machine_dir_file_name(class STRING_CLASS &,class STRING_CLASS &,char const *)" (?get_machine_dir_file_name@NAME_CLASS@@QAEEAAVSTRING_CLASS@@0PBD@Z) referenced in function "public: unsigned char __thiscall NAME_CLASS::get_machset_csvname(class STRING_CLASS &,class STRING_CLASS &)" (?get_machset_csvname@NAME_CLASS@@QAEEAAVSTRING_CLASS@@0@Z)
     1>monitor.obj : error LNK2001: unresolved external symbol "public: unsigned char __thiscall NAME_CLASS::get_machine_dir_file_name(class STRING_CLASS &,class STRING_CLASS &,char const *)" (?get_machine_dir_file_name@NAME_CLASS@@QAEEAAVSTRING_CLASS@@0PBD@Z)
     1>demo.obj : error LNK2019: unresolved external symbol "public: static unsigned char __cdecl ANALOG_SENSOR::get(void)" (?get@ANALOG_SENSOR@@SAEXZ) referenced in function "void __cdecl startup(int)" (?startup@@YAXH@Z)
     1>demo.obj : error LNK2019: unresolved external symbol "public: __thiscall COMPUTER_CLASS::COMPUTER_CLASS(void)" (??0COMPUTER_CLASS@@QAE@XZ) referenced in function "void __cdecl startup(int)" (?startup@@YAXH@Z)
     1>monitor.obj : error LNK2001: unresolved external symbol "public: __thiscall COMPUTER_CLASS::COMPUTER_CLASS(void)" (??0COMPUTER_CLASS@@QAE@XZ)
     1>demo.obj : error LNK2019: unresolved external symbol "public: class STRING_CLASS & __thiscall COMPUTER_CLASS::whoami(void)" (?whoami@COMPUTER_CLASS@@QAEAAVSTRING_CLASS@@XZ) referenced in function "void __cdecl startup(int)" (?startup@@YAXH@Z)
     1>demo.obj : error LNK2019: unresolved external symbol "public: unsigned char __thiscall COMPUTER_CLASS::startup(void)" (?startup@COMPUTER_CLASS@@QAEEXZ) referenced in function "void __cdecl startup(int)" (?startup@@YAXH@Z)
     1>demo.obj : error LNK2019: unresolved external symbol "public: __thiscall DB_TABLE::DB_TABLE(void)" (??0DB_TABLE@@QAE@XZ) referenced in function "unsigned char __cdecl find_part_to_monitor(void)" (?find_part_to_monitor@@YAEXZ)
     1>monitor.obj : error LNK2001: unresolved external symbol "public: __thiscall DB_TABLE::DB_TABLE(void)" (??0DB_TABLE@@QAE@XZ)
     1>demo.obj : error LNK2019: unresolved external symbol "public: __thiscall DB_TABLE::~DB_TABLE(void)" (??1DB_TABLE@@QAE@XZ) referenced in function "unsigned char __cdecl find_part_to_monitor(void)" (?find_part_to_monitor@@YAEXZ)
     1>monitor.obj : error LNK2001: unresolved external symbol "public: __thiscall DB_TABLE::~DB_TABLE(void)" (??1DB_TABLE@@QAE@XZ)
     1>demo.obj : error LNK2019: unresolved external symbol "public: unsigned char __thiscall DB_TABLE::create(char *)" (?create@DB_TABLE@@QAEEPAD@Z) referenced in function "unsigned char __cdecl find_part_to_monitor(void)" (?find_part_to_monitor@@YAEXZ)
     1>demo.obj : error LNK2019: unresolved external symbol "public: int __thiscall DSTAT_CLASS::down_state(void)" (?down_state@DSTAT_CLASS@@QAEHXZ) referenced in function "void __cdecl new_downtime_callback(char *,short,struct HDDEDATA__ *)" (?new_downtime_callback@@YAXPADFPAUHDDEDATA__@@@Z)
     1>monitor.obj : error LNK2001: unresolved external symbol "public: int __thiscall DSTAT_CLASS::down_state(void)" (?down_state@DSTAT_CLASS@@QAEHXZ)
     1>demo.obj : error LNK2019: unresolved external symbol "public: __thiscall DOWN_DATA_CLASS::DOWN_DATA_CLASS(void)" (??0DOWN_DATA_CLASS@@QAE@XZ) referenced in function "void __cdecl new_downtime_callback(char *,short,struct HDDEDATA__ *)" (?new_downtime_callback@@YAXPADFPAUHDDEDATA__@@@Z)
     1>demo.obj : error LNK2019: unresolved external symbol "public: unsigned char __thiscall DOWN_DATA_CLASS::set(struct HDDEDATA__ *)" (?set@DOWN_DATA_CLASS@@QAEEPAUHDDEDATA__@@@Z) referenced in function "void __cdecl new_downtime_callback(char *,short,struct HDDEDATA__ *)" (?new_downtime_callback@@YAXPADFPAUHDDEDATA__@@@Z)
     1>demo.obj : error LNK2019: unresolved external symbol "public: void __thiscall GENERIC_LIST_CLASS::rewind(void)" (?rewind@GENERIC_LIST_CLASS@@QAEXXZ) referenced in function "public: void __thiscall MACHINE_NAME_LIST_CLASS::rewind(void)" (?rewind@MACHINE_NAME_LIST_CLASS@@QAEXXZ)
     1>monitor.obj : error LNK2001: unresolved external symbol "public: void __thiscall GENERIC_LIST_CLASS::rewind(void)" (?rewind@GENERIC_LIST_CLASS@@QAEXXZ)
     1>demo.obj : error LNK2019: unresolved external symbol "public: __thiscall MACHINE_NAME_LIST_CLASS::MACHINE_NAME_LIST_CLASS(void)" (??0MACHINE_NAME_LIST_CLASS@@QAE@XZ) referenced in function "unsigned char __cdecl find_part_to_monitor(void)" (?find_part_to_monitor@@YAEXZ)
     1>demo.obj : error LNK2019: unresolved external symbol "public: __thiscall MACHINE_NAME_LIST_CLASS::~MACHINE_NAME_LIST_CLASS(void)" (??1MACHINE_NAME_LIST_CLASS@@QAE@XZ) referenced in function "unsigned char __cdecl find_part_to_monitor(void)" (?find_part_to_monitor@@YAEXZ)
     1>demo.obj : error LNK2019: unresolved external symbol "public: unsigned char __thiscall MACHINE_NAME_LIST_CLASS::add_computer(class STRING_CLASS &)" (?add_computer@MACHINE_NAME_LIST_CLASS@@QAEEAAVSTRING_CLASS@@@Z) referenced in function "unsigned char __cdecl find_part_to_monitor(void)" (?find_part_to_monitor@@YAEXZ)
     1>demo.obj : error LNK2019: unresolved external symbol "public: unsigned char __thiscall MACHINE_NAME_LIST_CLASS::next(void)" (?next@MACHINE_NAME_LIST_CLASS@@QAEEXZ) referenced in function "unsigned char __cdecl find_part_to_monitor(void)" (?find_part_to_monitor@@YAEXZ)
     1>demo.obj : error LNK2019: unresolved external symbol "public: class STRING_CLASS & __thiscall MACHINE_NAME_LIST_CLASS::name(void)" (?name@MACHINE_NAME_LIST_CLASS@@QAEAAVSTRING_CLASS@@XZ) referenced in function "unsigned char __cdecl find_part_to_monitor(void)" (?find_part_to_monitor@@YAEXZ)
     1>demo.obj : error LNK2019: unresolved external symbol "public: __thiscall RECTANGLE_CLASS::RECTANGLE_CLASS(void)" (??0RECTANGLE_CLASS@@QAE@XZ) referenced in function "void __cdecl position_manual_shot_dialog(void)" (?position_manual_shot_dialog@@YAXXZ)
     1>demo.obj : error LNK2019: unresolved external symbol "public: __thiscall RECTANGLE_CLASS::~RECTANGLE_CLASS(void)" (??1RECTANGLE_CLASS@@QAE@XZ) referenced in function "void __cdecl position_manual_shot_dialog(void)" (?position_manual_shot_dialog@@YAXXZ)
     1>demo.obj : error LNK2019: unresolved external symbol "public: __thiscall SETPOINT_CLASS::SETPOINT_CLASS(void)" (??0SETPOINT_CLASS@@QAE@XZ) referenced in function "unsigned char __cdecl find_part_to_monitor(void)" (?find_part_to_monitor@@YAEXZ)
     1>monitor.obj : error LNK2001: unresolved external symbol "public: __thiscall SETPOINT_CLASS::SETPOINT_CLASS(void)" (??0SETPOINT_CLASS@@QAE@XZ)
     1>demo.obj : error LNK2019: unresolved external symbol "public: __thiscall SETPOINT_CLASS::~SETPOINT_CLASS(void)" (??1SETPOINT_CLASS@@QAE@XZ) referenced in function "unsigned char __cdecl find_part_to_monitor(void)" (?find_part_to_monitor@@YAEXZ)
     1>monitor.obj : error LNK2001: unresolved external symbol "public: __thiscall SETPOINT_CLASS::~SETPOINT_CLASS(void)" (??1SETPOINT_CLASS@@QAE@XZ)
     1>demo.obj : error LNK2019: unresolved external symbol "public: struct SETPOINT_ENTRY & __thiscall SETPOINT_CLASS::operator[](int)" (??ASETPOINT_CLASS@@QAEAAUSETPOINT_ENTRY@@H@Z) referenced in function "unsigned char __cdecl find_part_to_monitor(void)" (?find_part_to_monitor@@YAEXZ)
     1>monitor.obj : error LNK2001: unresolved external symbol "public: struct SETPOINT_ENTRY & __thiscall SETPOINT_CLASS::operator[](int)" (??ASETPOINT_CLASS@@QAEAAUSETPOINT_ENTRY@@H@Z)
     1>demo.obj : error LNK2019: unresolved external symbol "public: int __thiscall SETPOINT_CLASS::get(class STRING_CLASS &)" (?get@SETPOINT_CLASS@@QAEHAAVSTRING_CLASS@@@Z) referenced in function "unsigned char __cdecl find_part_to_monitor(void)" (?find_part_to_monitor@@YAEXZ)
     1>monitor.obj : error LNK2001: unresolved external symbol "public: int __thiscall SETPOINT_CLASS::get(class STRING_CLASS &)" (?get@SETPOINT_CLASS@@QAEHAAVSTRING_CLASS@@@Z)
     1>demo.obj : error LNK2019: unresolved external symbol "public: __thiscall PART_NAME_ENTRY::PART_NAME_ENTRY(void)" (??0PART_NAME_ENTRY@@QAE@XZ) referenced in function "void __cdecl `dynamic initializer for 'CurrentPart''(void)" (??__ECurrentPart@@YAXXZ)
     1>monitor.obj : error LNK2001: unresolved external symbol "public: __thiscall PART_NAME_ENTRY::PART_NAME_ENTRY(void)" (??0PART_NAME_ENTRY@@QAE@XZ)
     1>demo.obj : error LNK2019: unresolved external symbol "public: int __thiscall WINDOW_CLASS::is_minimized(void)" (?is_minimized@WINDOW_CLASS@@QAEHXZ) referenced in function "void __cdecl plot_min_callback(char *,short,struct HDDEDATA__ *)" (?plot_min_callback@@YAXPADFPAUHDDEDATA__@@@Z)
     1>demo.obj : error LNK2019: unresolved external symbol "public: int __thiscall WINDOW_CLASS::getrect(struct tagRECT &)" (?getrect@WINDOW_CLASS@@QAEHAAUtagRECT@@@Z) referenced in function "void __cdecl position_auto_shot_display(void)" (?position_auto_shot_display@@YAXXZ)
     1>demo.obj : error LNK2019: unresolved external symbol "public: void __thiscall WINDOW_CLASS::show(int)" (?show@WINDOW_CLASS@@QAEXH@Z) referenced in function "void __cdecl startup(int)" (?startup@@YAXH@Z)
     1>monitor.obj : error LNK2001: unresolved external symbol "public: void __thiscall WINDOW_CLASS::show(int)" (?show@WINDOW_CLASS@@QAEXH@Z)
     1>demo.obj : error LNK2019: unresolved external symbol "public: void __thiscall WINDOW_CLASS::post(unsigned int)" (?post@WINDOW_CLASS@@QAEXI@Z) referenced in function "long __stdcall main_proc(struct HWND__ *,unsigned int,unsigned int,long)" (?main_proc@@YGJPAUHWND__@@IIJ@Z)
     1>monitor.obj : error LNK2001: unresolved external symbol "public: void __thiscall WINDOW_CLASS::post(unsigned int)" (?post@WINDOW_CLASS@@QAEXI@Z)
     1>demo.obj : error LNK2019: unresolved external symbol "public: void __thiscall WINDOW_CLASS::shrinkwrap(struct HWND__ *)" (?shrinkwrap@WINDOW_CLASS@@QAEXPAUHWND__@@@Z) referenced in function "int __stdcall brouse_dialog_proc(struct HWND__ *,unsigned int,unsigned int,long)" (?brouse_dialog_proc@@YGHPAUHWND__@@IIJ@Z)
     1>demo.obj : error LNK2019: unresolved external symbol "unsigned char __cdecl boolean_from_ini(char const *,char const *,char const *)" (?boolean_from_ini@@YAEPBD00@Z) referenced in function "void __cdecl load_defaults(void)" (?load_defaults@@YAXXZ)
     1>demo.obj : error LNK2019: unresolved external symbol "void __cdecl boolean_to_ini(char const *,char const *,char const *,unsigned char)" (?boolean_to_ini@@YAXPBD00E@Z) referenced in function "void __cdecl save_defaults(void)" (?save_defaults@@YAXXZ)
     1>demo.obj : error LNK2019: unresolved external symbol "char * __cdecl findchar(char,char *)" (?findchar@@YAPADDPAD@Z) referenced in function "void __cdecl poke_newshot_message(unsigned int,long)" (?poke_newshot_message@@YAXIJ@Z)
     1>demo.obj : error LNK2019: unresolved external symbol "unsigned char __cdecl get_exe_directory(char *)" (?get_exe_directory@@YAEPAD@Z) referenced in function "void __cdecl gethelp(struct HWND__ *)" (?gethelp@@YAXPAUHWND__@@@Z)
     1>demo.obj : error LNK2019: unresolved external symbol "char * __cdecl get_ini_string(char const *,char const *,char const *)" (?get_ini_string@@YAPADPBD00@Z) referenced in function "void __cdecl load_defaults(void)" (?load_defaults@@YAXXZ)
     1>demo.obj : error LNK2019: unresolved external symbol "void __cdecl put_ini_string(char const *,char const *,char const *,char const *)" (?put_ini_string@@YAXPBD000@Z) referenced in function "void __cdecl save_defaults(void)" (?save_defaults@@YAXXZ)
     1>demo.obj : error LNK2019: unresolved external symbol "void __cdecl shifts_shutdown(void)" (?shifts_shutdown@@YAXXZ) referenced in function "void __cdecl shutdown(void)" (?shutdown@@YAXXZ)
     1>demo.obj : error LNK2019: unresolved external symbol "unsigned char __cdecl shifts_startup(void)" (?shifts_startup@@YAEXZ) referenced in function "void __cdecl startup(int)" (?startup@@YAXH@Z)
     1>demo.obj : error LNK2019: unresolved external symbol "void __cdecl units_shutdown(void)" (?units_shutdown@@YAXXZ) referenced in function "void __cdecl shutdown(void)" (?shutdown@@YAXXZ)
     1>demo.obj : error LNK2019: unresolved external symbol "unsigned char __cdecl units_startup(void)" (?units_startup@@YAEXZ) referenced in function "void __cdecl startup(int)" (?startup@@YAXH@Z)
     1>demo.obj : error LNK2019: unresolved external symbol "unsigned char __cdecl unknown(char *)" (?unknown@@YAEPAD@Z) referenced in function "void __cdecl load_defaults(void)" (?load_defaults@@YAXXZ)
     1>demo.obj : error LNK2019: unresolved external symbol "void __cdecl append_filename_to_path(char *,char const *)" (?append_filename_to_path@@YAXPADPBD@Z) referenced in function "void __cdecl gethelp(struct HWND__ *)" (?gethelp@@YAXPAUHWND__@@@Z)
     1>demo.obj : error LNK2019: unresolved external symbol "unsigned char __cdecl set_text(struct HWND__ *,char const *)" (?set_text@@YAEPAUHWND__@@PBD@Z) referenced in function "void __cdecl brouse_for_sorcdir(void)" (?brouse_for_sorcdir@@YAXXZ)
     1>demo.obj : error LNK2019: unresolved external symbol "unsigned char __cdecl is_checked(struct HWND__ *)" (?is_checked@@YAEPAUHWND__@@@Z) referenced in function "void __cdecl copy_dialog_to_globals(void)" (?copy_dialog_to_globals@@YAXXZ)
     1>demo.obj : error LNK2019: unresolved external symbol "void __cdecl resource_message_box(struct HINSTANCE__ *,unsigned int,unsigned int)" (?resource_message_box@@YAXPAUHINSTANCE__@@II@Z) referenced in function "int __stdcall brouse_dialog_proc(struct HWND__ *,unsigned int,unsigned int,long)" (?brouse_dialog_proc@@YGHPAUHWND__@@IIJ@Z)
     1>demo.obj : error LNK2019: unresolved external symbol "char * __cdecl resource_string(struct HINSTANCE__ *,unsigned int)" (?resource_string@@YAPADPAUHINSTANCE__@@I@Z) referenced in function "char * __cdecl resource_string(unsigned int)" (?resource_string@@YAPADI@Z)
     1>demo.obj : error LNK2019: unresolved external symbol "void __cdecl set_checkbox(struct HWND__ *,int,unsigned char)" (?set_checkbox@@YAXPAUHWND__@@HE@Z) referenced in function "int __stdcall brouse_dialog_proc(struct HWND__ *,unsigned int,unsigned int,long)" (?brouse_dialog_proc@@YGHPAUHWND__@@IIJ@Z)
     1>demo.obj : error LNK2019: unresolved external symbol "void __cdecl poke_data(char *,char *,char *)" (?poke_data@@YAXPAD00@Z) referenced in function "void __cdecl poke_newshot_message(unsigned int,long)" (?poke_newshot_message@@YAXIJ@Z)
     1>demo.obj : error LNK2019: unresolved external symbol "void __cdecl client_dde_shutdown(void)" (?client_dde_shutdown@@YAXXZ) referenced in function "void __cdecl shutdown(void)" (?shutdown@@YAXXZ)
     1>demo.obj : error LNK2019: unresolved external symbol "void __cdecl client_dde_startup(struct HWND__ *)" (?client_dde_startup@@YAXPAUHWND__@@@Z) referenced in function "long __stdcall main_proc(struct HWND__ *,unsigned int,unsigned int,long)" (?main_proc@@YGJPAUHWND__@@IIJ@Z)
     1>demo.obj : error LNK2019: unresolved external symbol "void __cdecl unregister_for_event(char *,short)" (?unregister_for_event@@YAXPADF@Z) referenced in function "void __cdecl shutdown(void)" (?shutdown@@YAXXZ)
     1>demo.obj : error LNK2019: unresolved external symbol "void __cdecl register_for_event(char *,short,void (__cdecl*)(char *,short,struct HDDEDATA__ *))" (?register_for_event@@YAXPADFP6AX0FPAUHDDEDATA__@@@Z@Z) referenced in function "long __stdcall main_proc(struct HWND__ *,unsigned int,unsigned int,long)" (?main_proc@@YGJPAUHWND__@@IIJ@Z)
     1>demo.obj : error LNK2001: unresolved external symbol "private: static char * STRING_CLASS::emptystring" (?emptystring@STRING_CLASS@@0PADA)
     1>monitor.obj : error LNK2001: unresolved external symbol "private: static char * STRING_CLASS::emptystring" (?emptystring@STRING_CLASS@@0PADA)
     1>monitor.obj : error LNK2019: unresolved external symbol "public: char * __thiscall STRING_CLASS::find(char const *)" (?find@STRING_CLASS@@QAEPADPBD@Z) referenced in function "unsigned char __cdecl check_sorc_dir(void)" (?check_sorc_dir@@YAEXZ)
     1>monitor.obj : error LNK2019: unresolved external symbol "public: unsigned char __thiscall STRING_CLASS::isempty(void)" (?isempty@STRING_CLASS@@QAEEXZ) referenced in function "char * __cdecl current_operator(void)" (?current_operator@@YAPADXZ)
     1>monitor.obj : error LNK2019: unresolved external symbol "public: long __thiscall STRING_CLASS::len(void)" (?len@STRING_CLASS@@QAEJXZ) referenced in function "void __cdecl send_machine_state_event_string(int)" (?send_machine_state_event_string@@YAXH@Z)
     1>monitor.obj : error LNK2019: unresolved external symbol "public: void __thiscall STRING_CLASS::operator=(double)" (??4STRING_CLASS@@QAEXN@Z) referenced in function "public: void __thiscall MULTISTRING_CLASS::operator=(double)" (??4MULTISTRING_CLASS@@QAEXN@Z)
     1>monitor.obj : error LNK2019: unresolved external symbol "public: void __thiscall STRING_CLASS::operator+=(char)" (??YSTRING_CLASS@@QAEXD@Z) referenced in function "void __cdecl make_a_shot(void)" (?make_a_shot@@YAXXZ)
     1>monitor.obj : error LNK2019: unresolved external symbol "public: void __thiscall STRING_CLASS::operator+=(char const *)" (??YSTRING_CLASS@@QAEXPBD@Z) referenced in function "public: void __thiscall NAME_CLASS::operator+=(char const *)" (??YNAME_CLASS@@QAEXPBD@Z)
     1>monitor.obj : error LNK2019: unresolved external symbol "public: void __thiscall STRING_CLASS::operator+=(class STRING_CLASS const &)" (??YSTRING_CLASS@@QAEXABV0@@Z) referenced in function "void __cdecl make_a_shot(void)" (?make_a_shot@@YAXXZ)
     1>monitor.obj : error LNK2019: unresolved external symbol "public: unsigned char __thiscall STRING_CLASS::operator==(class STRING_CLASS const &)" (??8STRING_CLASS@@QAEEABV0@@Z) referenced in function "public: unsigned char __thiscall STRING_CLASS::operator!=(class STRING_CLASS const &)" (??9STRING_CLASS@@QAEEABV0@@Z)
     1>monitor.obj : error LNK2019: unresolved external symbol "public: char * __thiscall STRING_CLASS::release(void)" (?release@STRING_CLASS@@QAEPADXZ) referenced in function "void __cdecl make_a_shot(void)" (?make_a_shot@@YAXXZ)
     1>monitor.obj : error LNK2019: unresolved external symbol "public: unsigned char __thiscall NAME_CLASS::get_part_results_dir_file_name(class STRING_CLASS &,class STRING_CLASS &,class STRING_CLASS &,char const *)" (?get_part_results_dir_file_name@NAME_CLASS@@QAEEAAVSTRING_CLASS@@00PBD@Z) referenced in function "public: unsigned char __thiscall NAME_CLASS::get_graphlst_dbname(class STRING_CLASS &,class STRING_CLASS &,class STRING_CLASS &)" (?get_graphlst_dbname@NAME_CLASS@@QAEEAAVSTRING_CLASS@@00@Z)
     1>monitor.obj : error LNK2019: unresolved external symbol "public: unsigned char __thiscall NAME_CLASS::get_profile_name(class STRING_CLASS &,class STRING_CLASS &,class STRING_CLASS &,char const *,char const *)" (?get_profile_name@NAME_CLASS@@QAEEAAVSTRING_CLASS@@00PBD1@Z) referenced in function "public: unsigned char __thiscall NAME_CLASS::get_profile_ii_name(class STRING_CLASS &,class STRING_CLASS &,class STRING_CLASS &,class STRING_CLASS &)" (?get_profile_ii_name@NAME_CLASS@@QAEEAAVSTRING_CLASS@@000@Z)
     1>monitor.obj : error LNK2019: unresolved external symbol "public: unsigned char __thiscall NAME_CLASS::get_machine_results_dir_file_name(class STRING_CLASS &,class STRING_CLASS &,char const *)" (?get_machine_results_dir_file_name@NAME_CLASS@@QAEEAAVSTRING_CLASS@@0PBD@Z) referenced in function "public: unsigned char __thiscall NAME_CLASS::get_downtime_dbname(class STRING_CLASS &,class STRING_CLASS &)" (?get_downtime_dbname@NAME_CLASS@@QAEEAAVSTRING_CLASS@@0@Z)
     1>monitor.obj : error LNK2019: unresolved external symbol "public: void __thiscall NAME_CLASS::remove_ending_backslash(void)" (?remove_ending_backslash@NAME_CLASS@@QAEXXZ) referenced in function "unsigned char __cdecl check_sorc_dir(void)" (?check_sorc_dir@@YAEXZ)
     1>monitor.obj : error LNK2019: unresolved external symbol "public: __thiscall ANALOG_SENSOR::ANALOG_SENSOR(void)" (??0ANALOG_SENSOR@@QAE@XZ) referenced in function "void __cdecl `dynamic initializer for 'AnalogSensor''(void)" (??__EAnalogSensor@@YAXXZ)
     1>monitor.obj : error LNK2019: unresolved external symbol "public: __thiscall ANALOG_SENSOR::~ANALOG_SENSOR(void)" (??1ANALOG_SENSOR@@QAE@XZ) referenced in function "void __cdecl `dynamic atexit destructor for 'AnalogSensor''(void)" (??__FAnalogSensor@@YAXXZ)
     1>monitor.obj : error LNK2019: unresolved external symbol "public: class STRING_CLASS & __thiscall COMPUTER_CLASS::name(void)" (?name@COMPUTER_CLASS@@QAEAAVSTRING_CLASS@@XZ) referenced in function "unsigned char __cdecl check_sorc_dir(void)" (?check_sorc_dir@@YAEXZ)
     1>monitor.obj : error LNK2019: unresolved external symbol "public: unsigned char __thiscall COMPUTER_CLASS::find(char *)" (?find@COMPUTER_CLASS@@QAEEPAD@Z) referenced in function "unsigned char __cdecl check_sorc_dir(void)" (?check_sorc_dir@@YAEXZ)
     1>monitor.obj : error LNK2019: unresolved external symbol "public: void __thiscall DB_TABLE::close(void)" (?close@DB_TABLE@@QAEXXZ) referenced in function "void __cdecl set_downtime_state(char *,char *,struct _SYSTEMTIME)" (?set_downtime_state@@YAXPAD0U_SYSTEMTIME@@@Z)
     1>monitor.obj : error LNK2019: unresolved external symbol "public: unsigned char __thiscall DB_TABLE::ensure_existance(class STRING_CLASS &)" (?ensure_existance@DB_TABLE@@QAEEAAVSTRING_CLASS@@@Z) referenced in function "void __cdecl make_a_shot(void)" (?make_a_shot@@YAXXZ)
     1>monitor.obj : error LNK2019: unresolved external symbol "public: unsigned char __thiscall DB_TABLE::open(char *,short,short)" (?open@DB_TABLE@@QAEEPADFF@Z) referenced in function "public: unsigned char __thiscall DB_TABLE::open(class STRING_CLASS &,short,short)" (?open@DB_TABLE@@QAEEAAVSTRING_CLASS@@FF@Z)
     1>monitor.obj : error LNK2019: unresolved external symbol "public: unsigned char __thiscall DB_TABLE::put_alpha(unsigned short,char const *,short)" (?put_alpha@DB_TABLE@@QAEEGPBDF@Z) referenced in function "public: unsigned char __thiscall DB_TABLE::put_alpha(unsigned short,class STRING_CLASS &,short)" (?put_alpha@DB_TABLE@@QAEEGAAVSTRING_CLASS@@F@Z)
     1>monitor.obj : error LNK2019: unresolved external symbol "public: unsigned char __thiscall DB_TABLE::put_date(unsigned short,struct _SYSTEMTIME const &)" (?put_date@DB_TABLE@@QAEEGABU_SYSTEMTIME@@@Z) referenced in function "void __cdecl make_a_shot(void)" (?make_a_shot@@YAXXZ)
     1>monitor.obj : error LNK2019: unresolved external symbol "public: unsigned char __thiscall DB_TABLE::put_long(unsigned short,long,short)" (?put_long@DB_TABLE@@QAEEGJF@Z) referenced in function "public: unsigned char __thiscall DB_TABLE::put_short(unsigned short,short,short)" (?put_short@DB_TABLE@@QAEEGFF@Z)
     1>monitor.obj : error LNK2019: unresolved external symbol "public: unsigned char __thiscall DB_TABLE::put_time(unsigned short,struct _SYSTEMTIME &)" (?put_time@DB_TABLE@@QAEEGAAU_SYSTEMTIME@@@Z) referenced in function "void __cdecl make_a_shot(void)" (?make_a_shot@@YAXXZ)
     1>monitor.obj : error LNK2019: unresolved external symbol "public: unsigned char __thiscall DB_TABLE::rec_append(void)" (?rec_append@DB_TABLE@@QAEEXZ) referenced in function "void __cdecl set_downtime_state(char *,char *,struct _SYSTEMTIME)" (?set_downtime_state@@YAXPAD0U_SYSTEMTIME@@@Z)
     1>monitor.obj : error LNK2019: unresolved external symbol "public: unsigned char __thiscall DSTAT_CLASS::same_code(char *,char *)" (?same_code@DSTAT_CLASS@@QAEEPAD0@Z) referenced in function "void __cdecl set_downtime_state(char *,char *,struct _SYSTEMTIME)" (?set_downtime_state@@YAXPAD0U_SYSTEMTIME@@@Z)
     1>monitor.obj : error LNK2019: unresolved external symbol "public: unsigned char __thiscall DSTAT_CLASS::get(class STRING_CLASS &,class STRING_CLASS &)" (?get@DSTAT_CLASS@@QAEEAAVSTRING_CLASS@@0@Z) referenced in function "void __cdecl set_downtime_state(char *,char *,struct _SYSTEMTIME)" (?set_downtime_state@@YAXPAD0U_SYSTEMTIME@@@Z)
     1>monitor.obj : error LNK2019: unresolved external symbol "public: unsigned char __thiscall DSTAT_CLASS::put(class STRING_CLASS &,class STRING_CLASS &)" (?put@DSTAT_CLASS@@QAEEAAVSTRING_CLASS@@0@Z) referenced in function "void __cdecl set_downtime_state(char *,char *,struct _SYSTEMTIME)" (?set_downtime_state@@YAXPAD0U_SYSTEMTIME@@@Z)
     1>monitor.obj : error LNK2019: unresolved external symbol "public: short __thiscall GENERIC_LIST_CLASS::count(void)" (?count@GENERIC_LIST_CLASS@@QAEFXZ) referenced in function "public: long __thiscall TEXT_LIST_CLASS::count(void)" (?count@TEXT_LIST_CLASS@@QAEJXZ)
     1>monitor.obj : error LNK2019: unresolved external symbol "public: __thiscall FTANALOG_ENTRY::FTANALOG_ENTRY(void)" (??0FTANALOG_ENTRY@@QAE@XZ) referenced in function "public: __thiscall FTANALOG_CLASS::FTANALOG_CLASS(void)" (??0FTANALOG_CLASS@@QAE@XZ)
     1>monitor.obj : error LNK2019: unresolved external symbol "public: __thiscall FTANALOG_ENTRY::~FTANALOG_ENTRY(void)" (??1FTANALOG_ENTRY@@QAE@XZ) referenced in function "public: __thiscall FTANALOG_CLASS::FTANALOG_CLASS(void)" (??0FTANALOG_CLASS@@QAE@XZ)
     1>monitor.obj : error LNK2019: unresolved external symbol "public: unsigned char __thiscall FTANALOG_CLASS::load(class STRING_CLASS &,class STRING_CLASS &,class STRING_CLASS &)" (?load@FTANALOG_CLASS@@QAEEAAVSTRING_CLASS@@00@Z) referenced in function "unsigned char __cdecl check_sorc_dir(void)" (?check_sorc_dir@@YAEXZ)
     1>monitor.obj : error LNK2019: unresolved external symbol "public: __thiscall MULTIPART_RUNLIST_SETTINGS_CLASS::~MULTIPART_RUNLIST_SETTINGS_CLASS(void)" (??1MULTIPART_RUNLIST_SETTINGS_CLASS@@QAE@XZ) referenced in function "public: __thiscall MACHINE_CLASS::~MACHINE_CLASS(void)" (??1MACHINE_CLASS@@QAE@XZ)
     1>monitor.obj : error LNK2019: unresolved external symbol "public: __thiscall MACHINE_CLASS::MACHINE_CLASS(void)" (??0MACHINE_CLASS@@QAE@XZ) referenced in function "void __cdecl `dynamic initializer for 'SorcMachine''(void)" (??__ESorcMachine@@YAXXZ)
     1>monitor.obj : error LNK2019: unresolved external symbol "public: unsigned char __thiscall MACHINE_CLASS::find(class STRING_CLASS &,class STRING_CLASS &)" (?find@MACHINE_CLASS@@QAEEAAVSTRING_CLASS@@0@Z) referenced in function "unsigned char __cdecl check_sorc_dir(void)" (?check_sorc_dir@@YAEXZ)
     1>monitor.obj : error LNK2019: unresolved external symbol "public: bool __thiscall MULTISTRING_CLASS::rewind(void)" (?rewind@MULTISTRING_CLASS@@QAE_NXZ) referenced in function "void __cdecl make_a_shot(void)" (?make_a_shot@@YAXXZ)
     1>monitor.obj : error LNK2019: unresolved external symbol "public: bool __thiscall MULTISTRING_CLASS::next(void)" (?next@MULTISTRING_CLASS@@QAE_NXZ) referenced in function "void __cdecl make_a_shot(void)" (?make_a_shot@@YAXXZ)
     1>monitor.obj : error LNK2019: unresolved external symbol "public: __thiscall VDB_CLASS::VDB_CLASS(void)" (??0VDB_CLASS@@QAE@XZ) referenced in function "void __cdecl make_a_shot(void)" (?make_a_shot@@YAXXZ)
     1>monitor.obj : error LNK2019: unresolved external symbol "public: __thiscall VDB_CLASS::~VDB_CLASS(void)" (??1VDB_CLASS@@QAE@XZ) referenced in function "void __cdecl make_a_shot(void)" (?make_a_shot@@YAXXZ)
     1>monitor.obj : error LNK2019: unresolved external symbol "public: void __thiscall VDB_CLASS::close(void)" (?close@VDB_CLASS@@QAEXXZ) referenced in function "void __cdecl make_a_shot(void)" (?make_a_shot@@YAXXZ)
     1>monitor.obj : error LNK2019: unresolved external symbol "public: bool __thiscall VDB_CLASS::create(char *)" (?create@VDB_CLASS@@QAE_NPAD@Z) referenced in function "public: bool __thiscall VDB_CLASS::create(class STRING_CLASS &)" (?create@VDB_CLASS@@QAE_NAAVSTRING_CLASS@@@Z)
     1>monitor.obj : error LNK2019: unresolved external symbol "public: bool __thiscall VDB_CLASS::open_for_rw(class STRING_CLASS &)" (?open_for_rw@VDB_CLASS@@QAE_NAAVSTRING_CLASS@@@Z) referenced in function "void __cdecl make_a_shot(void)" (?make_a_shot@@YAXXZ)
     1>monitor.obj : error LNK2019: unresolved external symbol "public: bool __thiscall VDB_CLASS::put_bitsetype(int,unsigned short)" (?put_bitsetype@VDB_CLASS@@QAE_NHG@Z) referenced in function "void __cdecl make_a_shot(void)" (?make_a_shot@@YAXXZ)
     1>monitor.obj : error LNK2019: unresolved external symbol "public: bool __thiscall VDB_CLASS::put_date(int,struct _SYSTEMTIME const &)" (?put_date@VDB_CLASS@@QAE_NHABU_SYSTEMTIME@@@Z) referenced in function "void __cdecl make_a_shot(void)" (?make_a_shot@@YAXXZ)
     1>monitor.obj : error LNK2019: unresolved external symbol "public: bool __thiscall VDB_CLASS::put_time(int,struct _SYSTEMTIME &)" (?put_time@VDB_CLASS@@QAE_NHAAU_SYSTEMTIME@@@Z) referenced in function "void __cdecl make_a_shot(void)" (?make_a_shot@@YAXXZ)
     1>monitor.obj : error LNK2019: unresolved external symbol "public: bool __thiscall VDB_CLASS::rec_append(void)" (?rec_append@VDB_CLASS@@QAE_NXZ) referenced in function "void __cdecl make_a_shot(void)" (?make_a_shot@@YAXXZ)
     1>monitor.obj : error LNK2019: unresolved external symbol "public: bool __thiscall VDB_CLASS::set_nof_cols(int)" (?set_nof_cols@VDB_CLASS@@QAE_NH@Z) referenced in function "void __cdecl make_a_shot(void)" (?make_a_shot@@YAXXZ)
     1>monitor.obj : error LNK2019: unresolved external symbol "public: __thiscall STATIC_TEXT_PARAMETER_CLASS::~STATIC_TEXT_PARAMETER_CLASS(void)" (??1STATIC_TEXT_PARAMETER_CLASS@@QAE@XZ) referenced in function "public: __thiscall PARAMETER_ENTRY::~PARAMETER_ENTRY(void)" (??1PARAMETER_ENTRY@@QAE@XZ)
     1>monitor.obj : error LNK2019: unresolved external symbol "public: __thiscall PARAMETER_CLASS::PARAMETER_CLASS(void)" (??0PARAMETER_CLASS@@QAE@XZ) referenced in function "void __cdecl `dynamic initializer for 'SorcParam''(void)" (??__ESorcParam@@YAXXZ)
     1>monitor.obj : error LNK2019: unresolved external symbol "public: unsigned char __thiscall PARAMETER_CLASS::find(class STRING_CLASS &,class STRING_CLASS &,class STRING_CLASS &)" (?find@PARAMETER_CLASS@@QAEEAAVSTRING_CLASS@@00@Z) referenced in function "unsigned char __cdecl check_sorc_dir(void)" (?check_sorc_dir@@YAEXZ)
     1>monitor.obj : error LNK2019: unresolved external symbol "public: __thiscall PART_CLASS::PART_CLASS(void)" (??0PART_CLASS@@QAE@XZ) referenced in function "void __cdecl `dynamic initializer for 'SorcPart''(void)" (??__ESorcPart@@YAXXZ)
     1>monitor.obj : error LNK2019: unresolved external symbol "public: __thiscall PART_CLASS::~PART_CLASS(void)" (??1PART_CLASS@@QAE@XZ) referenced in function "void __cdecl `dynamic atexit destructor for 'SorcPart''(void)" (??__FSorcPart@@YAXXZ)
     1>monitor.obj : error LNK2019: unresolved external symbol "public: unsigned char __thiscall PART_CLASS::find(class STRING_CLASS &,class STRING_CLASS &,class STRING_CLASS &)" (?find@PART_CLASS@@QAEEAAVSTRING_CLASS@@00@Z) referenced in function "unsigned char __cdecl check_sorc_dir(void)" (?check_sorc_dir@@YAEXZ)
     1>monitor.obj : error LNK2019: unresolved external symbol "public: __thiscall SOURCE_DATA::~SOURCE_DATA(void)" (??1SOURCE_DATA@@QAE@XZ) referenced in function "public: __thiscall FTCALC_CLASS::~FTCALC_CLASS(void)" (??1FTCALC_CLASS@@QAE@XZ)
     1>monitor.obj : error LNK2019: unresolved external symbol "public: __thiscall FTCALC_CLASS::FTCALC_CLASS(void)" (??0FTCALC_CLASS@@QAE@XZ) referenced in function "void __cdecl make_a_shot(void)" (?make_a_shot@@YAXXZ)
     1>monitor.obj : error LNK2019: unresolved external symbol "public: unsigned char __thiscall FTCALC_CLASS::load(class STRING_CLASS &,class STRING_CLASS &,class STRING_CLASS &)" (?load@FTCALC_CLASS@@QAEEAAVSTRING_CLASS@@00@Z) referenced in function "void __cdecl make_a_shot(void)" (?make_a_shot@@YAXXZ)
     1>monitor.obj : error LNK2019: unresolved external symbol "public: unsigned char __thiscall TIME_CLASS::set(struct _SYSTEMTIME const &)" (?set@TIME_CLASS@@QAEEABU_SYSTEMTIME@@@Z) referenced in function "bool __cdecl nextshot(void)" (?nextshot@@YA_NXZ)
     1>monitor.obj : error LNK2019: unresolved external symbol "public: struct _SYSTEMTIME & __thiscall TIME_CLASS::system_time(void)" (?system_time@TIME_CLASS@@QAEAAU_SYSTEMTIME@@XZ) referenced in function "unsigned long __cdecl board_monitor_thread(int *)" (?board_monitor_thread@@YAKPAH@Z)
     1>monitor.obj : error LNK2019: unresolved external symbol "public: void __thiscall TIME_CLASS::operator-=(unsigned long)" (??ZTIME_CLASS@@QAEXK@Z) referenced in function "unsigned long __cdecl board_monitor_thread(int *)" (?board_monitor_thread@@YAKPAH@Z)
     1>monitor.obj : error LNK2019: unresolved external symbol "public: __thiscall PLOOKUP_CLASS::PLOOKUP_CLASS(void)" (??0PLOOKUP_CLASS@@QAE@XZ) referenced in function "bool __cdecl nextshot(void)" (?nextshot@@YA_NXZ)
     1>monitor.obj : error LNK2019: unresolved external symbol "public: __thiscall PLOOKUP_CLASS::~PLOOKUP_CLASS(void)" (??1PLOOKUP_CLASS@@QAE@XZ) referenced in function "bool __cdecl nextshot(void)" (?nextshot@@YA_NXZ)
     1>monitor.obj : error LNK2019: unresolved external symbol "public: unsigned char __thiscall PLOOKUP_CLASS::init(class STRING_CLASS &,class STRING_CLASS &,class STRING_CLASS &)" (?init@PLOOKUP_CLASS@@QAEEAAVSTRING_CLASS@@00@Z) referenced in function "bool __cdecl nextshot(void)" (?nextshot@@YA_NXZ)
     1>monitor.obj : error LNK2019: unresolved external symbol "public: int __thiscall PLOOKUP_CLASS::get(void)" (?get@PLOOKUP_CLASS@@QAEHXZ) referenced in function "bool __cdecl nextshot(void)" (?nextshot@@YA_NXZ)
     1>monitor.obj : error LNK2019: unresolved external symbol "public: unsigned char __thiscall PLOOKUP_CLASS::put(void)" (?put@PLOOKUP_CLASS@@QAEEXZ) referenced in function "bool __cdecl nextshot(void)" (?nextshot@@YA_NXZ)
     1>monitor.obj : error LNK2019: unresolved external symbol "public: unsigned char __thiscall PLOOKUP_CLASS::set_last_shot_name(class STRING_CLASS &)" (?set_last_shot_name@PLOOKUP_CLASS@@QAEEAAVSTRING_CLASS@@@Z) referenced in function "bool __cdecl nextshot(void)" (?nextshot@@YA_NXZ)
     1>monitor.obj : error LNK2019: unresolved external symbol "public: unsigned char __thiscall PLOOKUP_CLASS::set_last_shot_number(int)" (?set_last_shot_number@PLOOKUP_CLASS@@QAEEH@Z) referenced in function "bool __cdecl nextshot(void)" (?nextshot@@YA_NXZ)
     1>monitor.obj : error LNK2019: unresolved external symbol "public: int __thiscall PLOOKUP_CLASS::get_last_shot_number(void)" (?get_last_shot_number@PLOOKUP_CLASS@@QAEHXZ) referenced in function "bool __cdecl nextshot(void)" (?nextshot@@YA_NXZ)
     1>monitor.obj : error LNK2019: unresolved external symbol "public: unsigned char __thiscall PLOOKUP_CLASS::set_time(class TIME_CLASS &)" (?set_time@PLOOKUP_CLASS@@QAEEAAVTIME_CLASS@@@Z) referenced in function "bool __cdecl nextshot(void)" (?nextshot@@YA_NXZ)
     1>monitor.obj : error LNK2019: unresolved external symbol "public: __thiscall SHOT_NAME_CLASS::SHOT_NAME_CLASS(void)" (??0SHOT_NAME_CLASS@@QAE@XZ) referenced in function "bool __cdecl nextshot(void)" (?nextshot@@YA_NXZ)
     1>monitor.obj : error LNK2019: unresolved external symbol "public: __thiscall SHOT_NAME_CLASS::~SHOT_NAME_CLASS(void)" (??1SHOT_NAME_CLASS@@QAE@XZ) referenced in function "bool __cdecl nextshot(void)" (?nextshot@@YA_NXZ)
     1>monitor.obj : error LNK2019: unresolved external symbol "public: unsigned char __thiscall SHOT_NAME_CLASS::init(class STRING_CLASS &,class STRING_CLASS &,class STRING_CLASS &)" (?init@SHOT_NAME_CLASS@@QAEEAAVSTRING_CLASS@@00@Z) referenced in function "bool __cdecl nextshot(void)" (?nextshot@@YA_NXZ)
     1>monitor.obj : error LNK2019: unresolved external symbol "public: int __thiscall SHOT_NAME_CLASS::get(void)" (?get@SHOT_NAME_CLASS@@QAEHXZ) referenced in function "bool __cdecl nextshot(void)" (?nextshot@@YA_NXZ)
     1>monitor.obj : error LNK2019: unresolved external symbol "public: unsigned char __thiscall SHOT_NAME_CLASS::get_shot_name_template(class STRING_CLASS &)" (?get_shot_name_template@SHOT_NAME_CLASS@@QAEEAAVSTRING_CLASS@@@Z) referenced in function "bool __cdecl nextshot(void)" (?nextshot@@YA_NXZ)
     1>monitor.obj : error LNK2019: unresolved external symbol "public: void __thiscall STDDOWN_CLASS::startup(void)" (?startup@STDDOWN_CLASS@@QAEXXZ) referenced in function "unsigned long __cdecl board_monitor_thread(int *)" (?board_monitor_thread@@YAKPAH@Z)
     1>monitor.obj : error LNK2019: unresolved external symbol "public: bool __thiscall STDDOWN_CLASS::find(long)" (?find@STDDOWN_CLASS@@QAE_NJ@Z) referenced in function "unsigned long __cdecl board_monitor_thread(int *)" (?board_monitor_thread@@YAKPAH@Z)
     1>monitor.obj : error LNK2019: unresolved external symbol "public: char * __thiscall STDDOWN_CLASS::cat(void)" (?cat@STDDOWN_CLASS@@QAEPADXZ) referenced in function "unsigned long __cdecl board_monitor_thread(int *)" (?board_monitor_thread@@YAKPAH@Z)
     1>monitor.obj : error LNK2019: unresolved external symbol "public: char * __thiscall STDDOWN_CLASS::subcat(void)" (?subcat@STDDOWN_CLASS@@QAEPADXZ) referenced in function "unsigned long __cdecl board_monitor_thread(int *)" (?board_monitor_thread@@YAKPAH@Z)
     1>monitor.obj : error LNK2019: unresolved external symbol "public: void __thiscall PART_NAME_ENTRY::operator=(struct PART_NAME_ENTRY const &)" (??4PART_NAME_ENTRY@@QAEXABU0@@Z) referenced in function "unsigned long __cdecl board_monitor_thread(int *)" (?board_monitor_thread@@YAKPAH@Z)
     1>monitor.obj : error LNK2019: unresolved external symbol "public: __thiscall TEXT_LIST_CLASS::TEXT_LIST_CLASS(void)" (??0TEXT_LIST_CLASS@@QAE@XZ) referenced in function "void __cdecl `dynamic initializer for 'FileName''(void)" (??__EFileName@@YAXXZ)
     1>monitor.obj : error LNK2019: unresolved external symbol "public: __thiscall TEXT_LIST_CLASS::~TEXT_LIST_CLASS(void)" (??1TEXT_LIST_CLASS@@QAE@XZ) referenced in function "void __cdecl `dynamic atexit destructor for 'FileName''(void)" (??__FFileName@@YAXXZ)
     1>monitor.obj : error LNK2019: unresolved external symbol "public: void __thiscall TEXT_LIST_CLASS::empty(void)" (?empty@TEXT_LIST_CLASS@@QAEXXZ) referenced in function "void __cdecl start_monitoring(void)" (?start_monitoring@@YAXXZ)
     1>monitor.obj : error LNK2019: unresolved external symbol "public: void __thiscall TEXT_LIST_CLASS::get_file_list(char const *,char const *)" (?get_file_list@TEXT_LIST_CLASS@@QAEXPBD0@Z) referenced in function "void __cdecl start_monitoring(void)" (?start_monitoring@@YAXXZ)
     1>monitor.obj : error LNK2019: unresolved external symbol "public: unsigned char __thiscall TEXT_LIST_CLASS::next(void)" (?next@TEXT_LIST_CLASS@@QAEEXZ) referenced in function "void __cdecl make_a_shot(void)" (?make_a_shot@@YAXXZ)
     1>monitor.obj : error LNK2019: unresolved external symbol "public: unsigned char __thiscall TEXT_LIST_CLASS::sort(void)" (?sort@TEXT_LIST_CLASS@@QAEEXZ) referenced in function "void __cdecl start_monitoring(void)" (?start_monitoring@@YAXXZ)
     1>monitor.obj : error LNK2019: unresolved external symbol "public: void __thiscall WINDOW_CLASS::post(unsigned int,unsigned int,long)" (?post@WINDOW_CLASS@@QAEXIIJ@Z) referenced in function "void __cdecl set_downtime_state(char *,char *,struct _SYSTEMTIME)" (?set_downtime_state@@YAXPAD0U_SYSTEMTIME@@@Z)
     1>monitor.obj : error LNK2019: unresolved external symbol "char * __cdecl copystring(char *,char const *)" (?copystring@@YAPADPADPBD@Z) referenced in function "void __cdecl send_machine_state_event_string(int)" (?send_machine_state_event_string@@YAXH@Z)
     1>monitor.obj : error LNK2019: unresolved external symbol "char * __cdecl copystring(char *,char const *,int)" (?copystring@@YAPADPADPBDH@Z) referenced in function "char * __cdecl current_operator(void)" (?current_operator@@YAPADXZ)
     1>monitor.obj : error LNK2019: unresolved external symbol "unsigned char __cdecl get_shotsave_semaphore(class STRING_CLASS &,class STRING_CLASS &)" (?get_shotsave_semaphore@@YAEAAVSTRING_CLASS@@0@Z) referenced in function "void __cdecl make_a_shot(void)" (?make_a_shot@@YAXXZ)
     1>monitor.obj : error LNK2019: unresolved external symbol "char * __cdecl find_last_char(char,char *)" (?find_last_char@@YAPADDPAD@Z) referenced in function "unsigned char __cdecl check_sorc_dir(void)" (?check_sorc_dir@@YAEXZ)
     1>monitor.obj : error LNK2019: unresolved external symbol "char * __cdecl findstring(char const *,char *)" (?findstring@@YAPADPBDPAD@Z) referenced in function "void __cdecl make_a_shot(void)" (?make_a_shot@@YAXXZ)
     1>monitor.obj : error LNK2019: unresolved external symbol "void __cdecl free_shotsave_semaphore(void)" (?free_shotsave_semaphore@@YAXXZ) referenced in function "void __cdecl make_a_shot(void)" (?make_a_shot@@YAXXZ)
     1>monitor.obj : error LNK2019: unresolved external symbol "char * __cdecl maketext(long)" (?maketext@@YAPADJ@Z) referenced in function "void __cdecl send_machine_state_event_string(int)" (?send_machine_state_event_string@@YAXH@Z)
     1>monitor.obj : error LNK2019: unresolved external symbol "char * __cdecl maketext(char const *)" (?maketext@@YAPADPBD@Z) referenced in function "void __cdecl make_a_shot(void)" (?make_a_shot@@YAXXZ)
     1>monitor.obj : error LNK2019: unresolved external symbol "char * __cdecl make_downtime_event_string(class STRING_CLASS &,class STRING_CLASS &,struct _SYSTEMTIME &,char *,char *,char *)" (?make_downtime_event_string@@YAPADAAVSTRING_CLASS@@0AAU_SYSTEMTIME@@PAD22@Z) referenced in function "void __cdecl set_downtime_state(char *,char *,struct _SYSTEMTIME)" (?set_downtime_state@@YAXPAD0U_SYSTEMTIME@@@Z)
     1>monitor.obj : error LNK2019: unresolved external symbol "unsigned char __cdecl make_downtime_record(class DB_TABLE &,struct _SYSTEMTIME &,char *,char *,char *,class STRING_CLASS &)" (?make_downtime_record@@YAEAAVDB_TABLE@@AAU_SYSTEMTIME@@PAD22AAVSTRING_CLASS@@@Z) referenced in function "void __cdecl set_downtime_state(char *,char *,struct _SYSTEMTIME)" (?set_downtime_state@@YAXPAD0U_SYSTEMTIME@@@Z)
     1>monitor.obj : error LNK2019: unresolved external symbol "long __cdecl sec_since1990(struct _SYSTEMTIME &)" (?sec_since1990@@YAJAAU_SYSTEMTIME@@@Z) referenced in function "unsigned long __cdecl board_monitor_thread(int *)" (?board_monitor_thread@@YAKPAH@Z)
     1>monitor.obj : error LNK2019: unresolved external symbol "unsigned char __cdecl shot_name(class STRING_CLASS &,class STRING_CLASS &,class STRING_CLASS &,class STRING_CLASS &,int)" (?shot_name@@YAEAAVSTRING_CLASS@@000H@Z) referenced in function "bool __cdecl nextshot(void)" (?nextshot@@YA_NXZ)
     1>monitor.obj : error LNK2019: unresolved external symbol "void __cdecl hourglass_cursor(void)" (?hourglass_cursor@@YAXXZ) referenced in function "void __cdecl start_monitoring(void)" (?start_monitoring@@YAXXZ)
     1>monitor.obj : error LNK2019: unresolved external symbol "void __cdecl restore_cursor(void)" (?restore_cursor@@YAXXZ) referenced in function "void __cdecl start_monitoring(void)" (?start_monitoring@@YAXXZ)
     1>monitor.obj : error LNK2019: unresolved external symbol "int __cdecl resource_message_box(struct HINSTANCE__ *,unsigned int,unsigned int,unsigned int)" (?resource_message_box@@YAHPAUHINSTANCE__@@III@Z) referenced in function "unsigned long __cdecl board_monitor_thread(int *)" (?board_monitor_thread@@YAKPAH@Z)
     1>monitor.obj : error LNK2019: unresolved external symbol "public: __thiscall FTII_PROFILE::FTII_PROFILE(void)" (??0FTII_PROFILE@@QAE@XZ) referenced in function "void __cdecl make_a_shot(void)" (?make_a_shot@@YAXXZ)
     1>monitor.obj : error LNK2019: unresolved external symbol "public: virtual __thiscall FTII_PROFILE::~FTII_PROFILE(void)" (??1FTII_PROFILE@@UAE@XZ) referenced in function "void __cdecl make_a_shot(void)" (?make_a_shot@@YAXXZ)
     1>monitor.obj : error LNK2019: unresolved external symbol "public: unsigned char __thiscall FTII_PROFILE::get(class STRING_CLASS &)" (?get@FTII_PROFILE@@QAEEAAVSTRING_CLASS@@@Z) referenced in function "void __cdecl make_a_shot(void)" (?make_a_shot@@YAXXZ)
     1>monitor.obj : error LNK2019: unresolved external symbol "double * __cdecl calculate_ftii_parameters(class FTII_PROFILE &,class MACHINE_CLASS &,class PART_CLASS &,class PARAMETER_CLASS &,class ANALOG_SENSOR &,class FTANALOG_CLASS &,class FTCALC_CLASS &)" (?calculate_ftii_parameters@@YAPANAAVFTII_PROFILE@@AAVMACHINE_CLASS@@AAVPART_CLASS@@AAVPARAMETER_CLASS@@AAVANALOG_SENSOR@@AAVFTANALOG_CLASS@@AAVFTCALC_CLASS@@@Z) referenced in function "void __cdecl make_a_shot(void)" (?make_a_shot@@YAXXZ)
     1>C:\Sources\Version8\truetrak\Debug\demo.exe : fatal error LNK1120: 167 unresolved externals
     1>Done Building Project "C:\Sources\Version8\demo\demo.vcxproj" (Build target(s)) -- FAILED.

Build FAILED.

Time Elapsed 00:00:01.67
