Build started 5/15/25 12:18:38 AM.
     1>Project "C:\Sources\Version8\editdown\editdown.vcxproj" on node 3 (Build target(s)).
     1>ClCompile:
         C:\Program Files (x86)\Microsoft Visual Studio 12.0\VC\bin\CL.exe /c /Zi /nologo /W3 /WX- /Od /Oy- /D WIN32 /D _DEBUG /D _WINDOWS /Gm /EHsc /RTC1 /MDd /GS /fp:precise /Zc:wchar_t /Zc:forScope /Fo"Debug\\" /Fd"Debug\vc120.pdb" /Gd /TP /analyze- /errorReport:prompt category.cpp editdown.cpp
         editdown.cpp
         category.cpp
         Generating Code...
       ResourceCompile:
         C:\Program Files (x86)\Windows Kits\8.1\bin\x86\rc.exe /l"0x0409" /nologo /fo"Debug\editdown.res" editdown.rc 
       Link:
         C:\Program Files (x86)\Microsoft Visual Studio 12.0\VC\bin\link.exe /ERRORREPORT:PROMPT /OUT:"C:\Sources\Version8\truetrak\Debug\editdown.exe" /INCREMENTAL /NOLOGO kernel32.lib user32.lib gdi32.lib winspool.lib comdlg32.lib advapi32.lib shell32.lib ole32.lib oleaut32.lib uuid.lib odbc32.lib odbccp32.lib /MANIFEST /MANIFESTUAC:"level='asInvoker' uiAccess='false'" /manifest:embed /DEBUG /PDB:"C:\Sources\Version8\truetrak\Debug\editdown.pdb" /SUBSYSTEM:WINDOWS /TLBID:1 /DYNAMICBASE /NXCOMPAT /IMPLIB:"C:\Sources\Version8\truetrak\Debug\editdown.lib" /MACHINE:X86 Debug\editdown.res
         Debug\category.obj
         Debug\editdown.obj
     1>category.obj : error LNK2019: unresolved external symbol "unsigned char __cdecl file_exists(char *)" (?file_exists@@YAEPAD@Z) referenced in function "public: unsigned char __thiscall NAME_CLASS::file_exists(void)" (?file_exists@NAME_CLASS@@QAEEXZ)
     1>editdown.obj : error LNK2001: unresolved external symbol "unsigned char __cdecl file_exists(char *)" (?file_exists@@YAEPAD@Z)
     1>category.obj : error LNK2019: unresolved external symbol "public: __thiscall STRING_CLASS::STRING_CLASS(void)" (??0STRING_CLASS@@QAE@XZ) referenced in function "public: __thiscall NAME_CLASS::NAME_CLASS(void)" (??0NAME_CLASS@@QAE@XZ)
     1>editdown.obj : error LNK2001: unresolved external symbol "public: __thiscall STRING_CLASS::STRING_CLASS(void)" (??0STRING_CLASS@@QAE@XZ)
     1>category.obj : error LNK2019: unresolved external symbol "public: __thiscall STRING_CLASS::~STRING_CLASS(void)" (??1STRING_CLASS@@QAE@XZ) referenced in function "public: __thiscall NAME_CLASS::~NAME_CLASS(void)" (??1NAME_CLASS@@QAE@XZ)
     1>editdown.obj : error LNK2001: unresolved external symbol "public: __thiscall STRING_CLASS::~STRING_CLASS(void)" (??1STRING_CLASS@@QAE@XZ)
     1>category.obj : error LNK2019: unresolved external symbol "public: unsigned char __thiscall NAME_CLASS::get_data_dir_file_name(char const *)" (?get_data_dir_file_name@NAME_CLASS@@QAEEPBD@Z) referenced in function "public: unsigned char __thiscall NAME_CLASS::get_downcat_dbname(void)" (?get_downcat_dbname@NAME_CLASS@@QAEEXZ)
     1>editdown.obj : error LNK2001: unresolved external symbol "public: unsigned char __thiscall NAME_CLASS::get_data_dir_file_name(char const *)" (?get_data_dir_file_name@NAME_CLASS@@QAEEPBD@Z)
     1>category.obj : error LNK2019: unresolved external symbol "public: __thiscall DB_TABLE::DB_TABLE(void)" (??0DB_TABLE@@QAE@XZ) referenced in function "public: unsigned char __thiscall CATEGORY_CLASS::read(void)" (?read@CATEGORY_CLASS@@QAEEXZ)
     1>editdown.obj : error LNK2001: unresolved external symbol "public: __thiscall DB_TABLE::DB_TABLE(void)" (??0DB_TABLE@@QAE@XZ)
     1>category.obj : error LNK2019: unresolved external symbol "public: __thiscall DB_TABLE::~DB_TABLE(void)" (??1DB_TABLE@@QAE@XZ) referenced in function "public: unsigned char __thiscall CATEGORY_CLASS::read(void)" (?read@CATEGORY_CLASS@@QAEEXZ)
     1>editdown.obj : error LNK2001: unresolved external symbol "public: __thiscall DB_TABLE::~DB_TABLE(void)" (??1DB_TABLE@@QAE@XZ)
     1>category.obj : error LNK2019: unresolved external symbol "public: void __thiscall DB_TABLE::close(void)" (?close@DB_TABLE@@QAEXXZ) referenced in function "public: unsigned char __thiscall CATEGORY_CLASS::read(void)" (?read@CATEGORY_CLASS@@QAEEXZ)
     1>editdown.obj : error LNK2001: unresolved external symbol "public: void __thiscall DB_TABLE::close(void)" (?close@DB_TABLE@@QAEXXZ)
     1>category.obj : error LNK2019: unresolved external symbol "public: unsigned char __thiscall DB_TABLE::get_alpha(char *,unsigned short,short)" (?get_alpha@DB_TABLE@@QAEEPADGF@Z) referenced in function "public: unsigned char __thiscall CATEGORY_CLASS::read(void)" (?read@CATEGORY_CLASS@@QAEEXZ)
     1>editdown.obj : error LNK2001: unresolved external symbol "public: unsigned char __thiscall DB_TABLE::get_alpha(char *,unsigned short,short)" (?get_alpha@DB_TABLE@@QAEEPADGF@Z)
     1>category.obj : error LNK2019: unresolved external symbol "public: unsigned char __thiscall DB_TABLE::get_next_record(unsigned char)" (?get_next_record@DB_TABLE@@QAEEE@Z) referenced in function "public: unsigned char __thiscall CATEGORY_CLASS::read(void)" (?read@CATEGORY_CLASS@@QAEEXZ)
     1>editdown.obj : error LNK2001: unresolved external symbol "public: unsigned char __thiscall DB_TABLE::get_next_record(unsigned char)" (?get_next_record@DB_TABLE@@QAEEE@Z)
     1>category.obj : error LNK2019: unresolved external symbol "public: unsigned long __thiscall DB_TABLE::nof_recs(void)" (?nof_recs@DB_TABLE@@QAEKXZ) referenced in function "public: unsigned char __thiscall CATEGORY_CLASS::read(void)" (?read@CATEGORY_CLASS@@QAEEXZ)
     1>editdown.obj : error LNK2001: unresolved external symbol "public: unsigned long __thiscall DB_TABLE::nof_recs(void)" (?nof_recs@DB_TABLE@@QAEKXZ)
     1>category.obj : error LNK2019: unresolved external symbol "public: unsigned char __thiscall DB_TABLE::open(char *,short,short)" (?open@DB_TABLE@@QAEEPADFF@Z) referenced in function "public: unsigned char __thiscall DB_TABLE::open(class STRING_CLASS &,short,short)" (?open@DB_TABLE@@QAEEAAVSTRING_CLASS@@FF@Z)
     1>editdown.obj : error LNK2001: unresolved external symbol "public: unsigned char __thiscall DB_TABLE::open(char *,short,short)" (?open@DB_TABLE@@QAEEPADFF@Z)
     1>category.obj : error LNK2019: unresolved external symbol "public: char * __thiscall STRINGTABLE_CLASS::find(char *)" (?find@STRINGTABLE_CLASS@@QAEPADPAD@Z) referenced in function "public: __thiscall CATEGORY_CLASS::CATEGORY_CLASS(void)" (??0CATEGORY_CLASS@@QAE@XZ)
     1>editdown.obj : error LNK2001: unresolved external symbol "public: char * __thiscall STRINGTABLE_CLASS::find(char *)" (?find@STRINGTABLE_CLASS@@QAEPADPAD@Z)
     1>category.obj : error LNK2019: unresolved external symbol "char * __cdecl maketext(char const *)" (?maketext@@YAPADPBD@Z) referenced in function "public: __thiscall CATEGORY_CLASS::CATEGORY_CLASS(void)" (??0CATEGORY_CLASS@@QAE@XZ)
     1>editdown.obj : error LNK2001: unresolved external symbol "char * __cdecl maketext(char const *)" (?maketext@@YAPADPBD@Z)
     1>category.obj : error LNK2001: unresolved external symbol "private: static char * STRING_CLASS::emptystring" (?emptystring@STRING_CLASS@@0PADA)
     1>editdown.obj : error LNK2001: unresolved external symbol "private: static char * STRING_CLASS::emptystring" (?emptystring@STRING_CLASS@@0PADA)
     1>editdown.obj : error LNK2019: unresolved external symbol "long __cdecl asctoint32(char const *)" (?asctoint32@@YAJPBD@Z) referenced in function "void __cdecl enable_purge_button(void)" (?enable_purge_button@@YAXXZ)
     1>editdown.obj : error LNK2019: unresolved external symbol "public: unsigned char __thiscall STRING_CLASS::isempty(void)" (?isempty@STRING_CLASS@@QAEEXZ) referenced in function "public: void __thiscall EDITDOWN_CLASS::fill_editboxes(void)" (?fill_editboxes@EDITDOWN_CLASS@@QAEXXZ)
     1>editdown.obj : error LNK2019: unresolved external symbol "public: void __thiscall STRING_CLASS::operator=(char const *)" (??4STRING_CLASS@@QAEXPBD@Z) referenced in function "public: char * __thiscall EDITDOWN_CLASS::lbline(void)" (?lbline@EDITDOWN_CLASS@@QAEPADXZ)
     1>editdown.obj : error LNK2019: unresolved external symbol "public: void __thiscall STRING_CLASS::operator=(class STRING_CLASS const &)" (??4STRING_CLASS@@QAEXABV0@@Z) referenced in function "public: char * __thiscall EDITDOWN_CLASS::ddeline(void)" (?ddeline@EDITDOWN_CLASS@@QAEPADXZ)
     1>editdown.obj : error LNK2019: unresolved external symbol "public: void __thiscall STRING_CLASS::operator+=(char)" (??YSTRING_CLASS@@QAEXD@Z) referenced in function "public: char * __thiscall EDITDOWN_CLASS::lbline(void)" (?lbline@EDITDOWN_CLASS@@QAEPADXZ)
     1>editdown.obj : error LNK2019: unresolved external symbol "public: void __thiscall STRING_CLASS::operator+=(char const *)" (??YSTRING_CLASS@@QAEXPBD@Z) referenced in function "public: char * __thiscall EDITDOWN_CLASS::lbline(void)" (?lbline@EDITDOWN_CLASS@@QAEPADXZ)
     1>editdown.obj : error LNK2019: unresolved external symbol "public: void __thiscall STRING_CLASS::operator+=(class STRING_CLASS const &)" (??YSTRING_CLASS@@QAEXABV0@@Z) referenced in function "public: char * __thiscall EDITDOWN_CLASS::lbline(void)" (?lbline@EDITDOWN_CLASS@@QAEPADXZ)
     1>editdown.obj : error LNK2019: unresolved external symbol "public: void __thiscall STRING_CLASS::cat_w_char(char const *,char)" (?cat_w_char@STRING_CLASS@@QAEXPBDD@Z) referenced in function "public: char * __thiscall EDITDOWN_CLASS::lbline(void)" (?lbline@EDITDOWN_CLASS@@QAEPADXZ)
     1>editdown.obj : error LNK2019: unresolved external symbol "public: void __thiscall STRING_CLASS::null(void)" (?null@STRING_CLASS@@QAEXXZ) referenced in function "public: __thiscall EDITDOWN_CLASS::EDITDOWN_CLASS(void)" (??0EDITDOWN_CLASS@@QAE@XZ)
     1>editdown.obj : error LNK2019: unresolved external symbol "public: bool __thiscall STRING_CLASS::set_text(struct HWND__ *)" (?set_text@STRING_CLASS@@QAE_NPAUHWND__@@@Z) referenced in function "public: unsigned char __thiscall STRING_CLASS::set_text(struct HWND__ *,int)" (?set_text@STRING_CLASS@@QAEEPAUHWND__@@H@Z)
     1>editdown.obj : error LNK2019: unresolved external symbol "public: void __thiscall STRING_CLASS::strip(void)" (?strip@STRING_CLASS@@QAEXXZ) referenced in function "public: unsigned char __thiscall EDITDOWN_CLASS::read(class DB_TABLE &)" (?read@EDITDOWN_CLASS@@QAEEAAVDB_TABLE@@@Z)
     1>editdown.obj : error LNK2019: unresolved external symbol "public: unsigned char __thiscall NAME_CLASS::get_machine_results_dir_file_name(class STRING_CLASS &,class STRING_CLASS &,char const *)" (?get_machine_results_dir_file_name@NAME_CLASS@@QAEEAAVSTRING_CLASS@@0PBD@Z) referenced in function "public: unsigned char __thiscall NAME_CLASS::get_downtime_dbname(class STRING_CLASS &,class STRING_CLASS &)" (?get_downtime_dbname@NAME_CLASS@@QAEEAAVSTRING_CLASS@@0@Z)
     1>editdown.obj : error LNK2019: unresolved external symbol "public: unsigned char __thiscall NAME_CLASS::get_exe_dir_file_name(char const *)" (?get_exe_dir_file_name@NAME_CLASS@@QAEEPBD@Z) referenced in function "public: unsigned char __thiscall NAME_CLASS::get_local_ini_file_name(char *)" (?get_local_ini_file_name@NAME_CLASS@@QAEEPAD@Z)
     1>editdown.obj : error LNK2019: unresolved external symbol "public: unsigned char __thiscall DB_TABLE::create(char *)" (?create@DB_TABLE@@QAEEPAD@Z) referenced in function "public: unsigned char __thiscall DB_TABLE::create(class STRING_CLASS &)" (?create@DB_TABLE@@QAEEAAVSTRING_CLASS@@@Z)
     1>editdown.obj : error LNK2019: unresolved external symbol "public: unsigned char __thiscall DB_TABLE::empty(void)" (?empty@DB_TABLE@@QAEEXZ) referenced in function "unsigned char __cdecl purge_downtimes(void)" (?purge_downtimes@@YAEXZ)
     1>editdown.obj : error LNK2019: unresolved external symbol "public: unsigned char __thiscall DB_TABLE::get_current_record(unsigned char)" (?get_current_record@DB_TABLE@@QAEEE@Z) referenced in function "char * __cdecl getline(int)" (?getline@@YAPADH@Z)
     1>editdown.obj : error LNK2019: unresolved external symbol "public: unsigned char __thiscall DB_TABLE::get_alpha(class STRING_CLASS &,unsigned short,short)" (?get_alpha@DB_TABLE@@QAEEAAVSTRING_CLASS@@GF@Z) referenced in function "public: unsigned char __thiscall EDITDOWN_CLASS::read(class DB_TABLE &)" (?read@EDITDOWN_CLASS@@QAEEAAVDB_TABLE@@@Z)
     1>editdown.obj : error LNK2019: unresolved external symbol "public: unsigned char __thiscall DB_TABLE::get_date(struct _SYSTEMTIME &,unsigned short)" (?get_date@DB_TABLE@@QAEEAAU_SYSTEMTIME@@G@Z) referenced in function "public: unsigned char __thiscall EDITDOWN_CLASS::read(class DB_TABLE &)" (?read@EDITDOWN_CLASS@@QAEEAAVDB_TABLE@@@Z)
     1>editdown.obj : error LNK2019: unresolved external symbol "public: unsigned char __thiscall DB_TABLE::get_next_key_match(short,unsigned char)" (?get_next_key_match@DB_TABLE@@QAEEFE@Z) referenced in function "void __cdecl restart(void)" (?restart@@YAXXZ)
     1>editdown.obj : error LNK2019: unresolved external symbol "public: unsigned char __thiscall DB_TABLE::get_time(struct _SYSTEMTIME &,unsigned short)" (?get_time@DB_TABLE@@QAEEAAU_SYSTEMTIME@@G@Z) referenced in function "public: unsigned char __thiscall EDITDOWN_CLASS::read(class DB_TABLE &)" (?read@EDITDOWN_CLASS@@QAEEAAVDB_TABLE@@@Z)
     1>editdown.obj : error LNK2019: unresolved external symbol "public: unsigned char __thiscall DB_TABLE::goto_record_number(long)" (?goto_record_number@DB_TABLE@@QAEEJ@Z) referenced in function "char * __cdecl getline(int)" (?getline@@YAPADH@Z)
     1>editdown.obj : error LNK2019: unresolved external symbol "public: unsigned char __thiscall DB_TABLE::open_status(void)" (?open_status@DB_TABLE@@QAEEXZ) referenced in function "unsigned char __cdecl purge_downtimes(void)" (?purge_downtimes@@YAEXZ)
     1>editdown.obj : error LNK2019: unresolved external symbol "public: unsigned char __thiscall DB_TABLE::rec_append(void)" (?rec_append@DB_TABLE@@QAEEXZ) referenced in function "unsigned char __cdecl purge_downtimes(void)" (?purge_downtimes@@YAEXZ)
     1>editdown.obj : error LNK2019: unresolved external symbol "public: unsigned char __thiscall DB_TABLE::rec_delete(long)" (?rec_delete@DB_TABLE@@QAEEJ@Z) referenced in function "public: unsigned char __thiscall DB_TABLE::rec_delete(void)" (?rec_delete@DB_TABLE@@QAEEXZ)
     1>editdown.obj : error LNK2019: unresolved external symbol "public: unsigned char __thiscall DB_TABLE::rec_insert(void)" (?rec_insert@DB_TABLE@@QAEEXZ) referenced in function "void __cdecl save_changes(void)" (?save_changes@@YAXXZ)
     1>editdown.obj : error LNK2019: unresolved external symbol "public: unsigned char __thiscall DB_TABLE::rec_update(void)" (?rec_update@DB_TABLE@@QAEEXZ) referenced in function "void __cdecl save_changes(void)" (?save_changes@@YAXXZ)
     1>editdown.obj : error LNK2019: unresolved external symbol "public: __thiscall FONT_LIST_CLASS::FONT_LIST_CLASS(void)" (??0FONT_LIST_CLASS@@QAE@XZ) referenced in function "void __cdecl `dynamic initializer for 'FontList''(void)" (??__EFontList@@YAXXZ)
     1>editdown.obj : error LNK2019: unresolved external symbol "public: __thiscall FONT_LIST_CLASS::~FONT_LIST_CLASS(void)" (??1FONT_LIST_CLASS@@QAE@XZ) referenced in function "void __cdecl `dynamic atexit destructor for 'FontList''(void)" (??__FFontList@@YAXXZ)
     1>editdown.obj : error LNK2019: unresolved external symbol "public: __thiscall INI_CLASS::~INI_CLASS(void)" (??1INI_CLASS@@QAE@XZ) referenced in function "void __cdecl load_resources(void)" (?load_resources@@YAXXZ)
     1>editdown.obj : error LNK2019: unresolved external symbol "public: unsigned char __thiscall INI_CLASS::set_file(char const *)" (?set_file@INI_CLASS@@QAEEPBD@Z) referenced in function "void __cdecl load_resources(void)" (?load_resources@@YAXXZ)
     1>editdown.obj : error LNK2019: unresolved external symbol "public: unsigned char __thiscall INI_CLASS::set_section(char const *)" (?set_section@INI_CLASS@@QAEEPBD@Z) referenced in function "void __cdecl load_resources(void)" (?load_resources@@YAXXZ)
     1>editdown.obj : error LNK2019: unresolved external symbol "public: unsigned char __thiscall INI_CLASS::find(char const *)" (?find@INI_CLASS@@QAEEPBD@Z) referenced in function "void __cdecl load_resources(void)" (?load_resources@@YAXXZ)
     1>editdown.obj : error LNK2019: unresolved external symbol "public: char * __thiscall INI_CLASS::get_string(void)" (?get_string@INI_CLASS@@QAEPADXZ) referenced in function "void __cdecl load_resources(void)" (?load_resources@@YAXXZ)
     1>editdown.obj : error LNK2019: unresolved external symbol "public: __thiscall LISTBOX_CLASS::~LISTBOX_CLASS(void)" (??1LISTBOX_CLASS@@QAE@XZ) referenced in function "public: void __thiscall EDITDOWN_CLASS::fill_editboxes(void)" (?fill_editboxes@EDITDOWN_CLASS@@QAEXXZ)
     1>editdown.obj : error LNK2019: unresolved external symbol "public: int __thiscall LISTBOX_CLASS::add(char *)" (?add@LISTBOX_CLASS@@QAEHPAD@Z) referenced in function "void __cdecl fill_catboxes(void)" (?fill_catboxes@@YAXXZ)
     1>editdown.obj : error LNK2019: unresolved external symbol "public: int __thiscall LISTBOX_CLASS::count(void)" (?count@LISTBOX_CLASS@@QAEHXZ) referenced in function "void __cdecl select_last_line(void)" (?select_last_line@@YAXXZ)
     1>editdown.obj : error LNK2019: unresolved external symbol "public: int __thiscall LISTBOX_CLASS::current_index(void)" (?current_index@LISTBOX_CLASS@@QAEHXZ) referenced in function "void __cdecl add_record(void)" (?add_record@@YAXXZ)
     1>editdown.obj : error LNK2019: unresolved external symbol "public: void __thiscall LISTBOX_CLASS::empty(void)" (?empty@LISTBOX_CLASS@@QAEXXZ) referenced in function "void __cdecl fill_catboxes(void)" (?fill_catboxes@@YAXXZ)
     1>editdown.obj : error LNK2019: unresolved external symbol "public: unsigned char __thiscall LISTBOX_CLASS::init(struct HWND__ *,int)" (?init@LISTBOX_CLASS@@QAEEPAUHWND__@@H@Z) referenced in function "public: void __thiscall EDITDOWN_CLASS::fill_editboxes(void)" (?fill_editboxes@EDITDOWN_CLASS@@QAEXXZ)
     1>editdown.obj : error LNK2019: unresolved external symbol "public: int __thiscall LISTBOX_CLASS::insert(int,char *)" (?insert@LISTBOX_CLASS@@QAEHHPAD@Z) referenced in function "void __cdecl add_record(void)" (?add_record@@YAXXZ)
     1>editdown.obj : error LNK2019: unresolved external symbol "public: unsigned char __thiscall LISTBOX_CLASS::remove(int)" (?remove@LISTBOX_CLASS@@QAEEH@Z) referenced in function "void __cdecl add_record(void)" (?add_record@@YAXXZ)
     1>editdown.obj : error LNK2019: unresolved external symbol "public: unsigned char __thiscall LISTBOX_CLASS::replace(char *)" (?replace@LISTBOX_CLASS@@QAEEPAD@Z) referenced in function "void __cdecl refresh_listbox_entry(void)" (?refresh_listbox_entry@@YAXXZ)
     1>editdown.obj : error LNK2019: unresolved external symbol "public: int __thiscall LISTBOX_CLASS::selected_index(void)" (?selected_index@LISTBOX_CLASS@@QAEHXZ) referenced in function "void __cdecl get_currentline(void)" (?get_currentline@@YAXXZ)
     1>editdown.obj : error LNK2019: unresolved external symbol "public: char * __thiscall LISTBOX_CLASS::selected_text(void)" (?selected_text@LISTBOX_CLASS@@QAEPADXZ) referenced in function "public: unsigned char __thiscall EDITDOWN_CLASS::read_editboxes(void)" (?read_editboxes@EDITDOWN_CLASS@@QAEEXZ)
     1>editdown.obj : error LNK2019: unresolved external symbol "public: unsigned char __thiscall LISTBOX_CLASS::setcursel(int)" (?setcursel@LISTBOX_CLASS@@QAEEH@Z) referenced in function "void __cdecl fill_listbox(void)" (?fill_listbox@@YAXXZ)
     1>editdown.obj : error LNK2019: unresolved external symbol "public: unsigned char __thiscall LISTBOX_CLASS::setcursel(char *)" (?setcursel@LISTBOX_CLASS@@QAEEPAD@Z) referenced in function "public: void __thiscall EDITDOWN_CLASS::fill_editboxes(void)" (?fill_editboxes@EDITDOWN_CLASS@@QAEXXZ)
     1>editdown.obj : error LNK2019: unresolved external symbol "public: bool __thiscall LISTBOX_CLASS::set_tabs(int,int)" (?set_tabs@LISTBOX_CLASS@@QAE_NHH@Z) referenced in function "void __cdecl set_tab_stops(void)" (?set_tab_stops@@YAXXZ)
     1>editdown.obj : error LNK2019: unresolved external symbol "public: int __thiscall LISTBOX_CLASS::visible_row_count(void)" (?visible_row_count@LISTBOX_CLASS@@QAEHXZ) referenced in function "unsigned char __cdecl init_globals(void)" (?init_globals@@YAEXZ)
     1>editdown.obj : error LNK2019: unresolved external symbol "public: __thiscall COMPUTER_CLASS::COMPUTER_CLASS(void)" (??0COMPUTER_CLASS@@QAE@XZ) referenced in function "bool __cdecl init(int)" (?init@@YA_NH@Z)
     1>editdown.obj : error LNK2019: unresolved external symbol "public: unsigned char __thiscall COMPUTER_CLASS::startup(void)" (?startup@COMPUTER_CLASS@@QAEEXZ) referenced in function "bool __cdecl init(int)" (?init@@YA_NH@Z)
     1>editdown.obj : error LNK2019: unresolved external symbol "public: __thiscall STRINGTABLE_CLASS::STRINGTABLE_CLASS(void)" (??0STRINGTABLE_CLASS@@QAE@XZ) referenced in function "void __cdecl `dynamic initializer for 'StringTable''(void)" (??__EStringTable@@YAXXZ)
     1>editdown.obj : error LNK2019: unresolved external symbol "public: __thiscall STRINGTABLE_CLASS::~STRINGTABLE_CLASS(void)" (??1STRINGTABLE_CLASS@@QAE@XZ) referenced in function "void __cdecl `dynamic atexit destructor for 'StringTable''(void)" (??__FStringTable@@YAXXZ)
     1>editdown.obj : error LNK2019: unresolved external symbol "public: bool __thiscall STRINGTABLE_CLASS::find(class STRING_CLASS &,char *)" (?find@STRINGTABLE_CLASS@@QAE_NAAVSTRING_CLASS@@PAD@Z) referenced in function "int __cdecl st_resource_message_box(char *,char *,unsigned int)" (?st_resource_message_box@@YAHPAD0I@Z)
     1>editdown.obj : error LNK2019: unresolved external symbol "public: void __thiscall STRINGTABLE_CLASS::set_language(class STRING_CLASS &)" (?set_language@STRINGTABLE_CLASS@@QAEXAAVSTRING_CLASS@@@Z) referenced in function "void __cdecl load_resources(void)" (?load_resources@@YAXXZ)
     1>editdown.obj : error LNK2019: unresolved external symbol "public: void __thiscall GENERIC_LIST_CLASS::rewind(void)" (?rewind@GENERIC_LIST_CLASS@@QAEXXZ) referenced in function "public: void __thiscall TEXT_LIST_CLASS::rewind(void)" (?rewind@TEXT_LIST_CLASS@@QAEXXZ)
     1>editdown.obj : error LNK2019: unresolved external symbol "public: __thiscall TEXT_LIST_CLASS::TEXT_LIST_CLASS(void)" (??0TEXT_LIST_CLASS@@QAE@XZ) referenced in function "void __cdecl fill_global_listboxes(void)" (?fill_global_listboxes@@YAXXZ)
     1>editdown.obj : error LNK2019: unresolved external symbol "public: __thiscall TEXT_LIST_CLASS::~TEXT_LIST_CLASS(void)" (??1TEXT_LIST_CLASS@@QAE@XZ) referenced in function "void __cdecl fill_global_listboxes(void)" (?fill_global_listboxes@@YAXXZ)
     1>editdown.obj : error LNK2019: unresolved external symbol "public: unsigned char __thiscall TEXT_LIST_CLASS::next(void)" (?next@TEXT_LIST_CLASS@@QAEEXZ) referenced in function "void __cdecl fill_global_listboxes(void)" (?fill_global_listboxes@@YAXXZ)
     1>editdown.obj : error LNK2019: unresolved external symbol "char * __cdecl alphadate(struct _SYSTEMTIME const &)" (?alphadate@@YAPADABU_SYSTEMTIME@@@Z) referenced in function "public: char * __thiscall EDITDOWN_CLASS::lbline(void)" (?lbline@EDITDOWN_CLASS@@QAEPADXZ)
     1>editdown.obj : error LNK2019: unresolved external symbol "char * __cdecl alphatime(struct _SYSTEMTIME const &)" (?alphatime@@YAPADABU_SYSTEMTIME@@@Z) referenced in function "public: char * __thiscall EDITDOWN_CLASS::lbline(void)" (?lbline@EDITDOWN_CLASS@@QAEPADXZ)
     1>editdown.obj : error LNK2019: unresolved external symbol "void __cdecl copychars(char *,char const *,short)" (?copychars@@YAXPADPBDF@Z) referenced in function "public: unsigned char __thiscall EDITDOWN_CLASS::read(char *)" (?read@EDITDOWN_CLASS@@QAEEPAD@Z)
     1>editdown.obj : error LNK2019: unresolved external symbol "void __cdecl get_current_password_level(void)" (?get_current_password_level@@YAXXZ) referenced in function "long __stdcall main_proc(struct HWND__ *,unsigned int,unsigned int,long)" (?main_proc@@YGJPAUHWND__@@IIJ@Z)
     1>editdown.obj : error LNK2019: unresolved external symbol "unsigned char __cdecl exthms(struct _SYSTEMTIME &,char const *)" (?exthms@@YAEAAU_SYSTEMTIME@@PBD@Z) referenced in function "public: unsigned char __thiscall EDITDOWN_CLASS::read_editboxes(void)" (?read_editboxes@EDITDOWN_CLASS@@QAEEXZ)
     1>editdown.obj : error LNK2019: unresolved external symbol "unsigned char __cdecl extmdy(struct _SYSTEMTIME &,char const *)" (?extmdy@@YAEAAU_SYSTEMTIME@@PBD@Z) referenced in function "public: unsigned char __thiscall EDITDOWN_CLASS::read_editboxes(void)" (?read_editboxes@EDITDOWN_CLASS@@QAEEXZ)
     1>editdown.obj : error LNK2019: unresolved external symbol "unsigned char __cdecl get_partlist(class TEXT_LIST_CLASS &,class STRING_CLASS &,class STRING_CLASS &)" (?get_partlist@@YAEAAVTEXT_LIST_CLASS@@AAVSTRING_CLASS@@1@Z) referenced in function "void __cdecl fill_global_listboxes(void)" (?fill_global_listboxes@@YAXXZ)
     1>editdown.obj : error LNK2019: unresolved external symbol "unsigned char __cdecl get_startup_part(class STRING_CLASS &,class STRING_CLASS &)" (?get_startup_part@@YAEAAVSTRING_CLASS@@0@Z) referenced in function "void __cdecl get_computer_and_machine(void)" (?get_computer_and_machine@@YAXXZ)
     1>editdown.obj : error LNK2019: unresolved external symbol "void __cdecl fix_dde_name(char *)" (?fix_dde_name@@YAXPAD@Z) referenced in function "void __cdecl password_level_callback(char *,short,struct HDDEDATA__ *)" (?password_level_callback@@YAXPADFPAUHDDEDATA__@@@Z)
     1>editdown.obj : error LNK2019: unresolved external symbol "void __cdecl free_shotsave_semaphore(void)" (?free_shotsave_semaphore@@YAXXZ) referenced in function "void __cdecl save_changes(void)" (?save_changes@@YAXXZ)
     1>editdown.obj : error LNK2019: unresolved external symbol "unsigned char __cdecl get_exe_directory(char *)" (?get_exe_directory@@YAEPAD@Z) referenced in function "void __cdecl gethelp(char *,unsigned int,unsigned long)" (?gethelp@@YAXPADIK@Z)
     1>editdown.obj : error LNK2019: unresolved external symbol "char * __cdecl get_ini_string(char const *,char const *,char const *)" (?get_ini_string@@YAPADPBD00@Z) referenced in function "void __cdecl enable_purge_button(void)" (?enable_purge_button@@YAXXZ)
     1>editdown.obj : error LNK2019: unresolved external symbol "void __cdecl init_systemtime_struct(struct _SYSTEMTIME &)" (?init_systemtime_struct@@YAXAAU_SYSTEMTIME@@@Z) referenced in function "public: unsigned char __thiscall EDITDOWN_CLASS::read_editboxes(void)" (?read_editboxes@EDITDOWN_CLASS@@QAEEXZ)
     1>editdown.obj : error LNK2019: unresolved external symbol "unsigned char __cdecl machine_computer_name(class STRING_CLASS &,class STRING_CLASS &)" (?machine_computer_name@@YAEAAVSTRING_CLASS@@0@Z) referenced in function "void __cdecl get_computer_and_machine(void)" (?get_computer_and_machine@@YAXXZ)
     1>editdown.obj : error LNK2019: unresolved external symbol "unsigned char __cdecl make_downtime_record(class DB_TABLE &,struct _SYSTEMTIME &,char *,char *,char *,class STRING_CLASS &)" (?make_downtime_record@@YAEAAVDB_TABLE@@AAU_SYSTEMTIME@@PAD22AAVSTRING_CLASS@@@Z) referenced in function "public: unsigned char __thiscall EDITDOWN_CLASS::put_record(void)" (?put_record@EDITDOWN_CLASS@@QAEEXZ)
     1>editdown.obj : error LNK2019: unresolved external symbol "void __cdecl maxint(int &,int)" (?maxint@@YAXAAHH@Z) referenced in function "void __cdecl scroll_up_one_page(void)" (?scroll_up_one_page@@YAXXZ)
     1>editdown.obj : error LNK2019: unresolved external symbol "void __cdecl minint(int &,int)" (?minint@@YAXAAHH@Z) referenced in function "void __cdecl scroll_down_one_page(void)" (?scroll_down_one_page@@YAXXZ)
     1>editdown.obj : error LNK2019: unresolved external symbol "char * __cdecl nextstring(char *)" (?nextstring@@YAPADPAD@Z) referenced in function "public: unsigned char __thiscall EDITDOWN_CLASS::read(char *)" (?read@EDITDOWN_CLASS@@QAEEPAD@Z)
     1>editdown.obj : error LNK2019: unresolved external symbol "unsigned char __cdecl replace_tab_with_null(char *)" (?replace_tab_with_null@@YAEPAD@Z) referenced in function "public: unsigned char __thiscall EDITDOWN_CLASS::read(char *)" (?read@EDITDOWN_CLASS@@QAEEPAD@Z)
     1>editdown.obj : error LNK2019: unresolved external symbol "unsigned char __cdecl waitfor_shotsave_semaphor(class STRING_CLASS &,class STRING_CLASS &)" (?waitfor_shotsave_semaphor@@YAEAAVSTRING_CLASS@@0@Z) referenced in function "void __cdecl save_changes(void)" (?save_changes@@YAXXZ)
     1>editdown.obj : error LNK2019: unresolved external symbol "void __cdecl eb_select_all(struct HWND__ *)" (?eb_select_all@@YAXPAUHWND__@@@Z) referenced in function "void __cdecl select_last_line(void)" (?select_last_line@@YAXXZ)
     1>editdown.obj : error LNK2019: unresolved external symbol "unsigned char __cdecl get_text(char *,struct HWND__ *,int,int)" (?get_text@@YAEPADPAUHWND__@@HH@Z) referenced in function "public: unsigned char __thiscall EDITDOWN_CLASS::read_editboxes(void)" (?read_editboxes@EDITDOWN_CLASS@@QAEEXZ)
     1>editdown.obj : error LNK2019: unresolved external symbol "unsigned char __cdecl set_text(struct HWND__ *,int,char const *)" (?set_text@@YAEPAUHWND__@@HPBD@Z) referenced in function "public: void __thiscall EDITDOWN_CLASS::fill_editboxes(void)" (?fill_editboxes@EDITDOWN_CLASS@@QAEXXZ)
     1>editdown.obj : error LNK2019: unresolved external symbol "unsigned char __cdecl is_previous_instance(char *,char *)" (?is_previous_instance@@YAEPAD0@Z) referenced in function "unsigned char __cdecl my_previous_instance(void)" (?my_previous_instance@@YAEXZ)
     1>editdown.obj : error LNK2019: unresolved external symbol "int __cdecl resource_message_box(char *,char *,unsigned int)" (?resource_message_box@@YAHPAD0I@Z) referenced in function "int __cdecl st_resource_message_box(char *,char *,unsigned int)" (?st_resource_message_box@@YAHPAD0I@Z)
     1>editdown.obj : error LNK2019: unresolved external symbol "void __cdecl shrinkwrap(struct HWND__ *,struct HWND__ *)" (?shrinkwrap@@YAXPAUHWND__@@0@Z) referenced in function "int __stdcall editdown_proc(struct HWND__ *,unsigned int,unsigned int,long)" (?editdown_proc@@YGHPAUHWND__@@IIJ@Z)
     1>editdown.obj : error LNK2019: unresolved external symbol "public: unsigned char __thiscall TIME_CLASS::set(struct _SYSTEMTIME const &)" (?set@TIME_CLASS@@QAEEABU_SYSTEMTIME@@@Z) referenced in function "public: void __thiscall EDITDOWN_CLASS::fill_editboxes(void)" (?fill_editboxes@EDITDOWN_CLASS@@QAEXXZ)
     1>editdown.obj : error LNK2019: unresolved external symbol "public: struct _SYSTEMTIME & __thiscall TIME_CLASS::system_time(void)" (?system_time@TIME_CLASS@@QAEAAU_SYSTEMTIME@@XZ) referenced in function "public: char * __thiscall EDITDOWN_CLASS::lbline(void)" (?lbline@EDITDOWN_CLASS@@QAEPADXZ)
     1>editdown.obj : error LNK2019: unresolved external symbol "public: unsigned char __thiscall DSTAT_CLASS::put(class STRING_CLASS &,class STRING_CLASS &)" (?put@DSTAT_CLASS@@QAEEAAVSTRING_CLASS@@0@Z) referenced in function "void __cdecl save_changes(void)" (?save_changes@@YAXXZ)
     1>editdown.obj : error LNK2019: unresolved external symbol "void __cdecl statics_startup(void)" (?statics_startup@@YAXXZ) referenced in function "void __cdecl load_resources(void)" (?load_resources@@YAXXZ)
     1>editdown.obj : error LNK2019: unresolved external symbol "void __cdecl statics_shutdown(void)" (?statics_shutdown@@YAXXZ) referenced in function "void __cdecl shutdown(void)" (?shutdown@@YAXXZ)
     1>editdown.obj : error LNK2019: unresolved external symbol "void __cdecl set_setup_strings(struct HWND__ *,struct RESOURCE_TEXT_ENTRY *,int,unsigned int *,int,char *)" (?set_setup_strings@@YAXPAUHWND__@@PAURESOURCE_TEXT_ENTRY@@HPAIHPAD@Z) referenced in function "void __cdecl set_editdown_setup_strings(struct HWND__ *)" (?set_editdown_setup_strings@@YAXPAUHWND__@@@Z)
     1>editdown.obj : error LNK2019: unresolved external symbol "void __cdecl poke_data(char *,char *,char *)" (?poke_data@@YAXPAD00@Z) referenced in function "void __cdecl save_changes(void)" (?save_changes@@YAXXZ)
     1>editdown.obj : error LNK2019: unresolved external symbol "void __cdecl client_dde_shutdown(void)" (?client_dde_shutdown@@YAXXZ) referenced in function "void __cdecl shutdown(void)" (?shutdown@@YAXXZ)
     1>editdown.obj : error LNK2019: unresolved external symbol "void __cdecl client_dde_startup(struct HWND__ *)" (?client_dde_startup@@YAXPAUHWND__@@@Z) referenced in function "long __stdcall main_proc(struct HWND__ *,unsigned int,unsigned int,long)" (?main_proc@@YGJPAUHWND__@@IIJ@Z)
     1>editdown.obj : error LNK2019: unresolved external symbol "void __cdecl unregister_for_event(char *,short)" (?unregister_for_event@@YAXPADF@Z) referenced in function "void __cdecl shutdown(void)" (?shutdown@@YAXXZ)
     1>editdown.obj : error LNK2019: unresolved external symbol "void __cdecl register_for_event(char *,short,void (__cdecl*)(char *,short,struct HDDEDATA__ *))" (?register_for_event@@YAXPADFP6AX0FPAUHDDEDATA__@@@Z@Z) referenced in function "long __stdcall main_proc(struct HWND__ *,unsigned int,unsigned int,long)" (?main_proc@@YGJPAUHWND__@@IIJ@Z)
     1>C:\Sources\Version8\truetrak\Debug\editdown.exe : fatal error LNK1120: 109 unresolved externals
     1>Done Building Project "C:\Sources\Version8\editdown\editdown.vcxproj" (Build target(s)) -- FAILED.

Build FAILED.

Time Elapsed 00:00:02.00
