Build started 5/15/25 12:18:40 AM.
     1>Project "C:\Sources\Version8\emachine\emachine.vcxproj" on node 3 (Build target(s)).
     1>ClCompile:
         C:\Program Files (x86)\Microsoft Visual Studio 12.0\VC\bin\CL.exe /c /Zi /nologo /W3 /WX- /Od /Oy- /D WIN32 /D _DEBUG /D _WINDOWS /Gm /EHsc /RTC1 /MDd /GS /fp:precise /Zc:wchar_t /Zc:forScope /Fo"Debug\\" /Fd"Debug\vc120.pdb" /Gd /TP /analyze- /errorReport:prompt editdiff.cpp emachine.cpp
         emachine.cpp
         editdiff.cpp
         Generating Code...
       ResourceCompile:
         C:\Program Files (x86)\Windows Kits\8.1\bin\x86\rc.exe /l"0x0409" /nologo /fo"Debug\EMachine.res" EMachine.RC 
       Link:
         C:\Program Files (x86)\Microsoft Visual Studio 12.0\VC\bin\link.exe /ERRORREPORT:PROMPT /OUT:"C:\Sources\Version8\truetrak\Debug\emachine.exe" /INCREMENTAL /NOLOGO kernel32.lib user32.lib gdi32.lib winspool.lib comdlg32.lib advapi32.lib shell32.lib ole32.lib oleaut32.lib uuid.lib odbc32.lib odbccp32.lib /MANIFEST /MANIFESTUAC:"level='asInvoker' uiAccess='false'" /manifest:embed /DEBUG /PDB:"C:\Sources\Version8\truetrak\Debug\emachine.pdb" /SUBSYSTEM:WINDOWS /TLBID:1 /DYNAMICBASE /NXCOMPAT /IMPLIB:"C:\Sources\Version8\truetrak\Debug\emachine.lib" /MACHINE:X86 Debug\EMachine.res
         Debug\editdiff.obj
         Debug\emachine.obj
     1>editdiff.obj : error LNK2019: unresolved external symbol "public: __thiscall CUGCell::CUGCell(void)" (??0CUGCell@@QAE@XZ) referenced in function "public: virtual void __thiscall EDITDIFF_GRID_CLASS::OnSetup(void)" (?OnSetup@EDITDIFF_GRID_CLASS@@UAEXXZ)
     1>editdiff.obj : error LNK2019: unresolved external symbol "public: __thiscall CUGCell::~CUGCell(void)" (??1CUGCell@@QAE@XZ) referenced in function "public: virtual void __thiscall EDITDIFF_GRID_CLASS::OnSetup(void)" (?OnSetup@EDITDIFF_GRID_CLASS@@UAEXXZ)
     1>editdiff.obj : error LNK2019: unresolved external symbol "public: int __thiscall CUGCell::SetText(char const *)" (?SetText@CUGCell@@QAEHPBD@Z) referenced in function "public: virtual void __thiscall EDITDIFF_GRID_CLASS::OnSetup(void)" (?OnSetup@EDITDIFF_GRID_CLASS@@UAEXXZ)
     1>editdiff.obj : error LNK2019: unresolved external symbol "public: char * __thiscall CUGCell::GetText(void)" (?GetText@CUGCell@@QAEPADXZ) referenced in function "unsigned char __cdecl save_changes(void)" (?save_changes@@YAEXZ)
     1>editdiff.obj : error LNK2019: unresolved external symbol "public: int __thiscall CUGCell::SetFont(struct HFONT__ *)" (?SetFont@CUGCell@@QAEHPAUHFONT__@@@Z) referenced in function "public: virtual void __thiscall EDITDIFF_GRID_CLASS::OnSetup(void)" (?OnSetup@EDITDIFF_GRID_CLASS@@UAEXXZ)
     1>editdiff.obj : error LNK2019: unresolved external symbol "public: int __thiscall CUGMultiSelect::EndBlock(int,long)" (?EndBlock@CUGMultiSelect@@QAEHHJ@Z) referenced in function "public: virtual void __thiscall EDITDIFF_GRID_CLASS::OnSH_LClicked(int,long,int,struct tagRECT *,struct tagPOINT *,int)" (?OnSH_LClicked@EDITDIFF_GRID_CLASS@@UAEXHJHPAUtagRECT@@PAUtagPOINT@@H@Z)
     1>editdiff.obj : error LNK2019: unresolved external symbol "public: __thiscall CUGCtrl::CUGCtrl(void)" (??0CUGCtrl@@QAE@XZ) referenced in function "public: __thiscall EDITDIFF_GRID_CLASS::EDITDIFF_GRID_CLASS(void)" (??0EDITDIFF_GRID_CLASS@@QAE@XZ)
     1>editdiff.obj : error LNK2019: unresolved external symbol "public: virtual __thiscall CUGCtrl::~CUGCtrl(void)" (??1CUGCtrl@@UAE@XZ) referenced in function "public: virtual __thiscall EDITDIFF_GRID_CLASS::~EDITDIFF_GRID_CLASS(void)" (??1EDITDIFF_GRID_CLASS@@UAE@XZ)
     1>editdiff.obj : error LNK2001: unresolved external symbol "protected: virtual int __thiscall CUGCtrl::OnCommand(unsigned int,long)" (?OnCommand@CUGCtrl@@MAEHIJ@Z)
     1>editdiff.obj : error LNK2019: unresolved external symbol "protected: void __thiscall CUGCtrl::Update(void)" (?Update@CUGCtrl@@IAEXXZ) referenced in function "public: virtual void __thiscall EDITDIFF_GRID_CLASS::OnSH_LClicked(int,long,int,struct tagRECT *,struct tagPOINT *,int)" (?OnSH_LClicked@EDITDIFF_GRID_CLASS@@UAEXHJHPAUtagRECT@@PAUtagPOINT@@H@Z)
     1>editdiff.obj : error LNK2019: unresolved external symbol "public: int __thiscall CUGCtrl::AttachGrid(struct HWND__ *,unsigned int)" (?AttachGrid@CUGCtrl@@QAEHPAUHWND__@@I@Z) referenced in function "int __stdcall edit_dcurve_dialog_proc(struct HWND__ *,unsigned int,unsigned int,long)" (?edit_dcurve_dialog_proc@@YGHPAUHWND__@@IIJ@Z)
     1>editdiff.obj : error LNK2019: unresolved external symbol "public: int __thiscall CUGCtrl::StartEdit(void)" (?StartEdit@CUGCtrl@@QAEHXZ) referenced in function "public: virtual void __thiscall EDITDIFF_GRID_CLASS::OnLClicked(int,long,int,struct tagRECT *,struct tagPOINT *,int)" (?OnLClicked@EDITDIFF_GRID_CLASS@@UAEXHJHPAUtagRECT@@PAUtagPOINT@@H@Z)
     1>editdiff.obj : error LNK2019: unresolved external symbol "public: int __thiscall CUGCtrl::StartEdit(int)" (?StartEdit@CUGCtrl@@QAEHH@Z) referenced in function "public: virtual void __thiscall EDITDIFF_GRID_CLASS::OnCharDown(unsigned int *,int)" (?OnCharDown@EDITDIFF_GRID_CLASS@@UAEXPAIH@Z)
     1>editdiff.obj : error LNK2019: unresolved external symbol "public: int __thiscall CUGCtrl::SetNumberRows(long,int)" (?SetNumberRows@CUGCtrl@@QAEHJH@Z) referenced in function "public: virtual void __thiscall EDITDIFF_GRID_CLASS::OnSetup(void)" (?OnSetup@EDITDIFF_GRID_CLASS@@UAEXXZ)
     1>editdiff.obj : error LNK2019: unresolved external symbol "public: long __thiscall CUGCtrl::GetNumberRows(void)" (?GetNumberRows@CUGCtrl@@QAEJXZ) referenced in function "public: void __thiscall EDITDIFF_GRID_CLASS::delete_highlighted_rows(void)" (?delete_highlighted_rows@EDITDIFF_GRID_CLASS@@QAEXXZ)
     1>editdiff.obj : error LNK2019: unresolved external symbol "public: int __thiscall CUGCtrl::SetNumberCols(int,int)" (?SetNumberCols@CUGCtrl@@QAEHHH@Z) referenced in function "public: virtual void __thiscall EDITDIFF_GRID_CLASS::OnSetup(void)" (?OnSetup@EDITDIFF_GRID_CLASS@@UAEXXZ)
     1>editdiff.obj : error LNK2019: unresolved external symbol "public: int __thiscall CUGCtrl::SetColWidth(int,int)" (?SetColWidth@CUGCtrl@@QAEHHH@Z) referenced in function "void __cdecl load_grid(void)" (?load_grid@@YAXXZ)
     1>editdiff.obj : error LNK2019: unresolved external symbol "public: long __thiscall CUGCtrl::GetCurrentRow(void)" (?GetCurrentRow@CUGCtrl@@QAEJXZ) referenced in function "public: void __thiscall EDITDIFF_GRID_CLASS::insert_row(void)" (?insert_row@EDITDIFF_GRID_CLASS@@QAEXXZ)
     1>editdiff.obj : error LNK2019: unresolved external symbol "public: int __thiscall CUGCtrl::InsertRow(long)" (?InsertRow@CUGCtrl@@QAEHJ@Z) referenced in function "public: void __thiscall EDITDIFF_GRID_CLASS::insert_row(void)" (?insert_row@EDITDIFF_GRID_CLASS@@QAEXXZ)
     1>editdiff.obj : error LNK2019: unresolved external symbol "public: int __thiscall CUGCtrl::DeleteRow(long)" (?DeleteRow@CUGCtrl@@QAEHJ@Z) referenced in function "public: void __thiscall EDITDIFF_GRID_CLASS::delete_highlighted_rows(void)" (?delete_highlighted_rows@EDITDIFF_GRID_CLASS@@QAEXXZ)
     1>editdiff.obj : error LNK2019: unresolved external symbol "public: int __thiscall CUGCtrl::GetCell(int,long,class CUGCell *)" (?GetCell@CUGCtrl@@QAEHHJPAVCUGCell@@@Z) referenced in function "public: virtual void __thiscall EDITDIFF_GRID_CLASS::OnSetup(void)" (?OnSetup@EDITDIFF_GRID_CLASS@@UAEXXZ)
     1>editdiff.obj : error LNK2019: unresolved external symbol "public: int __thiscall CUGCtrl::SetCell(int,long,class CUGCell *)" (?SetCell@CUGCtrl@@QAEHHJPAVCUGCell@@@Z) referenced in function "public: virtual void __thiscall EDITDIFF_GRID_CLASS::OnSetup(void)" (?OnSetup@EDITDIFF_GRID_CLASS@@UAEXXZ)
     1>editdiff.obj : error LNK2019: unresolved external symbol "public: int __thiscall CUGCtrl::SetMultiSelectMode(int)" (?SetMultiSelectMode@CUGCtrl@@QAEHH@Z) referenced in function "public: virtual void __thiscall EDITDIFF_GRID_CLASS::OnSetup(void)" (?OnSetup@EDITDIFF_GRID_CLASS@@UAEXXZ)
     1>editdiff.obj : error LNK2019: unresolved external symbol "public: int __thiscall CUGCtrl::GotoRow(long)" (?GotoRow@CUGCtrl@@QAEHJ@Z) referenced in function "public: void __thiscall EDITDIFF_GRID_CLASS::select_row(long)" (?select_row@EDITDIFF_GRID_CLASS@@QAEXJ@Z)
     1>editdiff.obj : error LNK2019: unresolved external symbol "public: int __thiscall CUGCtrl::GotoCell(int,long)" (?GotoCell@CUGCtrl@@QAEHHJ@Z) referenced in function "public: virtual void __thiscall EDITDIFF_GRID_CLASS::OnLClicked(int,long,int,struct tagRECT *,struct tagPOINT *,int)" (?OnLClicked@EDITDIFF_GRID_CLASS@@UAEXHJHPAUtagRECT@@PAUtagPOINT@@H@Z)
     1>editdiff.obj : error LNK2019: unresolved external symbol "public: int __thiscall CUGCtrl::RedrawAll(void)" (?RedrawAll@CUGCtrl@@QAEHXZ) referenced in function "public: void __thiscall EDITDIFF_GRID_CLASS::delete_highlighted_rows(void)" (?delete_highlighted_rows@EDITDIFF_GRID_CLASS@@QAEXXZ)
     1>editdiff.obj : error LNK2019: unresolved external symbol "public: int __thiscall CUGCtrl::ClearSelections(void)" (?ClearSelections@CUGCtrl@@QAEHXZ) referenced in function "public: void __thiscall EDITDIFF_GRID_CLASS::delete_highlighted_rows(void)" (?delete_highlighted_rows@EDITDIFF_GRID_CLASS@@QAEXXZ)
     1>editdiff.obj : error LNK2019: unresolved external symbol "public: int __thiscall CUGCtrl::SelectRange(int,long,int,long)" (?SelectRange@CUGCtrl@@QAEHHJHJ@Z) referenced in function "public: void __thiscall EDITDIFF_GRID_CLASS::select_row(long)" (?select_row@EDITDIFF_GRID_CLASS@@QAEXJ@Z)
     1>editdiff.obj : error LNK2019: unresolved external symbol "public: int __thiscall CUGCtrl::IsSelected(int,long,int *)" (?IsSelected@CUGCtrl@@QAEHHJPAH@Z) referenced in function "public: void __thiscall EDITDIFF_GRID_CLASS::select_row(long)" (?select_row@EDITDIFF_GRID_CLASS@@QAEXJ@Z)
     1>editdiff.obj : error LNK2001: unresolved external symbol "public: virtual void __thiscall CUGCtrl::OnSheetSetup(int)" (?OnSheetSetup@CUGCtrl@@UAEXH@Z)
     1>editdiff.obj : error LNK2001: unresolved external symbol "public: virtual int __thiscall CUGCtrl::OnCanMove(int,long,int &,long &)" (?OnCanMove@CUGCtrl@@UAEHHJAAHAAJ@Z)
     1>editdiff.obj : error LNK2001: unresolved external symbol "public: virtual int __thiscall CUGCtrl::OnCanViewMove(int,long,int,long)" (?OnCanViewMove@CUGCtrl@@UAEHHJHJ@Z)
     1>editdiff.obj : error LNK2001: unresolved external symbol "public: virtual void __thiscall CUGCtrl::OnHitBottom(long,long,long)" (?OnHitBottom@CUGCtrl@@UAEXJJJ@Z)
     1>editdiff.obj : error LNK2001: unresolved external symbol "public: virtual void __thiscall CUGCtrl::OnHitTop(long,long)" (?OnHitTop@CUGCtrl@@UAEXJJ@Z)
     1>editdiff.obj : error LNK2001: unresolved external symbol "public: virtual int __thiscall CUGCtrl::OnCanSizeCol(int)" (?OnCanSizeCol@CUGCtrl@@UAEHH@Z)
     1>editdiff.obj : error LNK2001: unresolved external symbol "public: virtual void __thiscall CUGCtrl::OnColSizing(int,int *)" (?OnColSizing@CUGCtrl@@UAEXHPAH@Z)
     1>editdiff.obj : error LNK2001: unresolved external symbol "public: virtual void __thiscall CUGCtrl::OnColSized(int,int *)" (?OnColSized@CUGCtrl@@UAEXHPAH@Z)
     1>editdiff.obj : error LNK2001: unresolved external symbol "public: virtual int __thiscall CUGCtrl::OnCanSizeRow(long)" (?OnCanSizeRow@CUGCtrl@@UAEHJ@Z)
     1>editdiff.obj : error LNK2001: unresolved external symbol "public: virtual void __thiscall CUGCtrl::OnRowSizing(long,int *)" (?OnRowSizing@CUGCtrl@@UAEXJPAH@Z)
     1>editdiff.obj : error LNK2001: unresolved external symbol "public: virtual void __thiscall CUGCtrl::OnRowSized(long,int *)" (?OnRowSized@CUGCtrl@@UAEXJPAH@Z)
     1>editdiff.obj : error LNK2001: unresolved external symbol "public: virtual int __thiscall CUGCtrl::OnCanSizeTopHdg(void)" (?OnCanSizeTopHdg@CUGCtrl@@UAEHXZ)
     1>editdiff.obj : error LNK2001: unresolved external symbol "public: virtual int __thiscall CUGCtrl::OnCanSizeSideHdg(void)" (?OnCanSizeSideHdg@CUGCtrl@@UAEHXZ)
     1>editdiff.obj : error LNK2001: unresolved external symbol "public: virtual int __thiscall CUGCtrl::OnTopHdgSizing(int *)" (?OnTopHdgSizing@CUGCtrl@@UAEHPAH@Z)
     1>editdiff.obj : error LNK2001: unresolved external symbol "public: virtual int __thiscall CUGCtrl::OnSideHdgSizing(int *)" (?OnSideHdgSizing@CUGCtrl@@UAEHPAH@Z)
     1>editdiff.obj : error LNK2001: unresolved external symbol "public: virtual int __thiscall CUGCtrl::OnTopHdgSized(int *)" (?OnTopHdgSized@CUGCtrl@@UAEHPAH@Z)
     1>editdiff.obj : error LNK2001: unresolved external symbol "public: virtual int __thiscall CUGCtrl::OnSideHdgSized(int *)" (?OnSideHdgSized@CUGCtrl@@UAEHPAH@Z)
     1>editdiff.obj : error LNK2001: unresolved external symbol "public: virtual void __thiscall CUGCtrl::OnColChange(int,int)" (?OnColChange@CUGCtrl@@UAEXHH@Z)
     1>editdiff.obj : error LNK2001: unresolved external symbol "public: virtual void __thiscall CUGCtrl::OnRowChange(long,long)" (?OnRowChange@CUGCtrl@@UAEXJJ@Z)
     1>editdiff.obj : error LNK2001: unresolved external symbol "public: virtual void __thiscall CUGCtrl::OnCellChange(int,int,long,long)" (?OnCellChange@CUGCtrl@@UAEXHHJJ@Z)
     1>editdiff.obj : error LNK2001: unresolved external symbol "public: virtual void __thiscall CUGCtrl::OnLeftColChange(int,int)" (?OnLeftColChange@CUGCtrl@@UAEXHH@Z)
     1>editdiff.obj : error LNK2001: unresolved external symbol "public: virtual void __thiscall CUGCtrl::OnTopRowChange(long,long)" (?OnTopRowChange@CUGCtrl@@UAEXJJ@Z)
     1>editdiff.obj : error LNK2001: unresolved external symbol "public: virtual void __thiscall CUGCtrl::OnRClicked(int,long,int,struct tagRECT *,struct tagPOINT *,int)" (?OnRClicked@CUGCtrl@@UAEXHJHPAUtagRECT@@PAUtagPOINT@@H@Z)
     1>editdiff.obj : error LNK2001: unresolved external symbol "public: virtual void __thiscall CUGCtrl::OnDClicked(int,long,struct tagRECT *,struct tagPOINT *,int)" (?OnDClicked@CUGCtrl@@UAEXHJPAUtagRECT@@PAUtagPOINT@@H@Z)
     1>editdiff.obj : error LNK2001: unresolved external symbol "public: virtual void __thiscall CUGCtrl::OnMouseMove(int,long,struct tagPOINT *,unsigned int,int)" (?OnMouseMove@CUGCtrl@@UAEXHJPAUtagPOINT@@IH@Z)
     1>editdiff.obj : error LNK2001: unresolved external symbol "public: virtual void __thiscall CUGCtrl::OnTH_LClicked(int,long,int,struct tagRECT *,struct tagPOINT *,int)" (?OnTH_LClicked@CUGCtrl@@UAEXHJHPAUtagRECT@@PAUtagPOINT@@H@Z)
     1>editdiff.obj : error LNK2001: unresolved external symbol "public: virtual void __thiscall CUGCtrl::OnTH_RClicked(int,long,int,struct tagRECT *,struct tagPOINT *,int)" (?OnTH_RClicked@CUGCtrl@@UAEXHJHPAUtagRECT@@PAUtagPOINT@@H@Z)
     1>editdiff.obj : error LNK2001: unresolved external symbol "public: virtual void __thiscall CUGCtrl::OnTH_DClicked(int,long,struct tagRECT *,struct tagPOINT *,int)" (?OnTH_DClicked@CUGCtrl@@UAEXHJPAUtagRECT@@PAUtagPOINT@@H@Z)
     1>editdiff.obj : error LNK2001: unresolved external symbol "public: virtual void __thiscall CUGCtrl::OnSH_RClicked(int,long,int,struct tagRECT *,struct tagPOINT *,int)" (?OnSH_RClicked@CUGCtrl@@UAEXHJHPAUtagRECT@@PAUtagPOINT@@H@Z)
     1>editdiff.obj : error LNK2001: unresolved external symbol "public: virtual void __thiscall CUGCtrl::OnSH_DClicked(int,long,struct tagRECT *,struct tagPOINT *,int)" (?OnSH_DClicked@CUGCtrl@@UAEXHJPAUtagRECT@@PAUtagPOINT@@H@Z)
     1>editdiff.obj : error LNK2001: unresolved external symbol "public: virtual void __thiscall CUGCtrl::OnCB_LClicked(int,struct tagRECT *,struct tagPOINT *,int)" (?OnCB_LClicked@CUGCtrl@@UAEXHPAUtagRECT@@PAUtagPOINT@@H@Z)
     1>editdiff.obj : error LNK2001: unresolved external symbol "public: virtual void __thiscall CUGCtrl::OnCB_RClicked(int,struct tagRECT *,struct tagPOINT *,int)" (?OnCB_RClicked@CUGCtrl@@UAEXHPAUtagRECT@@PAUtagPOINT@@H@Z)
     1>editdiff.obj : error LNK2001: unresolved external symbol "public: virtual void __thiscall CUGCtrl::OnCB_DClicked(struct tagRECT *,struct tagPOINT *,int)" (?OnCB_DClicked@CUGCtrl@@UAEXPAUtagRECT@@PAUtagPOINT@@H@Z)
     1>editdiff.obj : error LNK2001: unresolved external symbol "public: virtual void __thiscall CUGCtrl::OnGetCell(int,long,class CUGCell *)" (?OnGetCell@CUGCtrl@@UAEXHJPAVCUGCell@@@Z)
     1>editdiff.obj : error LNK2001: unresolved external symbol "public: virtual void __thiscall CUGCtrl::OnSetCell(int,long,class CUGCell *)" (?OnSetCell@CUGCtrl@@UAEXHJPAVCUGCell@@@Z)
     1>editdiff.obj : error LNK2001: unresolved external symbol "public: virtual int __thiscall CUGCtrl::OnCellTypeNotify(long,int,long,long,long)" (?OnCellTypeNotify@CUGCtrl@@UAEHJHJJJ@Z)
     1>editdiff.obj : error LNK2001: unresolved external symbol "public: virtual int __thiscall CUGCtrl::OnEditStart(int,long,struct HWND__ * *)" (?OnEditStart@CUGCtrl@@UAEHHJPAPAUHWND__@@@Z)
     1>editdiff.obj : error LNK2001: unresolved external symbol "public: virtual int __thiscall CUGCtrl::OnEditVerify(int,long,struct HWND__ *,unsigned int *)" (?OnEditVerify@CUGCtrl@@UAEHHJPAUHWND__@@PAI@Z)
     1>editdiff.obj : error LNK2001: unresolved external symbol "public: virtual int __thiscall CUGCtrl::OnEditContinue(int,long,int *,long *)" (?OnEditContinue@CUGCtrl@@UAEHHJPAHPAJ@Z)
     1>editdiff.obj : error LNK2001: unresolved external symbol "public: virtual void __thiscall CUGCtrl::OnMenuCommand(int,long,int,int)" (?OnMenuCommand@CUGCtrl@@UAEXHJHH@Z)
     1>editdiff.obj : error LNK2001: unresolved external symbol "public: virtual int __thiscall CUGCtrl::OnMenuStart(int,long,int)" (?OnMenuStart@CUGCtrl@@UAEHHJH@Z)
     1>editdiff.obj : error LNK2001: unresolved external symbol "public: virtual int __thiscall CUGCtrl::OnHint(int,long,int,char *)" (?OnHint@CUGCtrl@@UAEHHJHPAD@Z)
     1>editdiff.obj : error LNK2001: unresolved external symbol "public: virtual int __thiscall CUGCtrl::OnVScrollHint(long,char *)" (?OnVScrollHint@CUGCtrl@@UAEHJPAD@Z)
     1>editdiff.obj : error LNK2001: unresolved external symbol "public: virtual int __thiscall CUGCtrl::OnHScrollHint(int,char *)" (?OnHScrollHint@CUGCtrl@@UAEHHPAD@Z)
     1>editdiff.obj : error LNK2001: unresolved external symbol "public: virtual int __thiscall CUGCtrl::OnSortEvaluate(class CUGCell *,class CUGCell *,int)" (?OnSortEvaluate@CUGCtrl@@UAEHPAVCUGCell@@0H@Z)
     1>editdiff.obj : error LNK2001: unresolved external symbol "public: virtual void __thiscall CUGCtrl::OnScreenDCSetup(struct HDC__ *,struct HDC__ *,int)" (?OnScreenDCSetup@CUGCtrl@@UAEXPAUHDC__@@0H@Z)
     1>editdiff.obj : error LNK2001: unresolved external symbol "public: virtual void __thiscall CUGCtrl::OnAdjustComponentSizes(struct tagRECT *,struct tagRECT *,struct tagRECT *,struct tagRECT *,struct tagRECT *,struct tagRECT *,struct tagRECT *)" (?OnAdjustComponentSizes@CUGCtrl@@UAEXPAUtagRECT@@000000@Z)
     1>editdiff.obj : error LNK2001: unresolved external symbol "public: virtual void __thiscall CUGCtrl::OnTabSelected(int)" (?OnTabSelected@CUGCtrl@@UAEXH@Z)
     1>editdiff.obj : error LNK2001: unresolved external symbol "public: virtual unsigned long __thiscall CUGCtrl::OnGetDefBackColor(int)" (?OnGetDefBackColor@CUGCtrl@@UAEKH@Z)
     1>editdiff.obj : error LNK2001: unresolved external symbol "public: virtual void __thiscall CUGCtrl::OnDrawFocusRect(struct HDC__ *,struct tagRECT *)" (?OnDrawFocusRect@CUGCtrl@@UAEXPAUHDC__@@PAUtagRECT@@@Z)
     1>editdiff.obj : error LNK2001: unresolved external symbol "public: virtual void __thiscall CUGCtrl::OnSetFocus(int)" (?OnSetFocus@CUGCtrl@@UAEXH@Z)
     1>editdiff.obj : error LNK2001: unresolved external symbol "public: virtual void __thiscall CUGCtrl::OnKillFocus(int)" (?OnKillFocus@CUGCtrl@@UAEXH@Z)
     1>editdiff.obj : error LNK2001: unresolved external symbol "public: virtual int __thiscall CUGCtrl::OnColSwapStart(int)" (?OnColSwapStart@CUGCtrl@@UAEHH@Z)
     1>editdiff.obj : error LNK2001: unresolved external symbol "public: virtual int __thiscall CUGCtrl::OnCanColSwap(int,int)" (?OnCanColSwap@CUGCtrl@@UAEHHH@Z)
     1>editdiff.obj : error LNK2001: unresolved external symbol "public: virtual void __thiscall CUGCtrl::OnTrackingWindowMoved(struct tagRECT *,struct tagRECT *)" (?OnTrackingWindowMoved@CUGCtrl@@UAEXPAUtagRECT@@0@Z)
     1>editdiff.obj : error LNK2019: unresolved external symbol "char * __cdecl ascii_double(double)" (?ascii_double@@YAPADN@Z) referenced in function "void __cdecl load_grid(void)" (?load_grid@@YAXXZ)
     1>editdiff.obj : error LNK2019: unresolved external symbol "double __cdecl extdouble(char const *)" (?extdouble@@YANPBD@Z) referenced in function "unsigned char __cdecl save_changes(void)" (?save_changes@@YAEXZ)
     1>editdiff.obj : error LNK2019: unresolved external symbol "long __cdecl asctoint32(char const *)" (?asctoint32@@YAJPBD@Z) referenced in function "unsigned char __cdecl save_changes(void)" (?save_changes@@YAEXZ)
     1>emachine.obj : error LNK2001: unresolved external symbol "long __cdecl asctoint32(char const *)" (?asctoint32@@YAJPBD@Z)
     1>editdiff.obj : error LNK2019: unresolved external symbol "char * __cdecl int32toasc(long)" (?int32toasc@@YAPADJ@Z) referenced in function "public: void __thiscall EDITDIFF_GRID_CLASS::refresh_row_labels(void)" (?refresh_row_labels@EDITDIFF_GRID_CLASS@@QAEXXZ)
     1>emachine.obj : error LNK2001: unresolved external symbol "char * __cdecl int32toasc(long)" (?int32toasc@@YAPADJ@Z)
     1>editdiff.obj : error LNK2019: unresolved external symbol "public: __thiscall STRING_CLASS::STRING_CLASS(void)" (??0STRING_CLASS@@QAE@XZ) referenced in function "void __cdecl set_input_error_setup_strings(struct HWND__ *)" (?set_input_error_setup_strings@@YAXPAUHWND__@@@Z)
     1>emachine.obj : error LNK2001: unresolved external symbol "public: __thiscall STRING_CLASS::STRING_CLASS(void)" (??0STRING_CLASS@@QAE@XZ)
     1>editdiff.obj : error LNK2019: unresolved external symbol "public: __thiscall STRING_CLASS::~STRING_CLASS(void)" (??1STRING_CLASS@@QAE@XZ) referenced in function "void __cdecl set_input_error_setup_strings(struct HWND__ *)" (?set_input_error_setup_strings@@YAXPAUHWND__@@@Z)
     1>emachine.obj : error LNK2001: unresolved external symbol "public: __thiscall STRING_CLASS::~STRING_CLASS(void)" (??1STRING_CLASS@@QAE@XZ)
     1>editdiff.obj : error LNK2019: unresolved external symbol "public: bool __thiscall STRING_CLASS::set_text(struct HWND__ *)" (?set_text@STRING_CLASS@@QAE_NPAUHWND__@@@Z) referenced in function "void __cdecl set_input_error_setup_strings(struct HWND__ *)" (?set_input_error_setup_strings@@YAXPAUHWND__@@@Z)
     1>emachine.obj : error LNK2001: unresolved external symbol "public: bool __thiscall STRING_CLASS::set_text(struct HWND__ *)" (?set_text@STRING_CLASS@@QAE_NPAUHWND__@@@Z)
     1>editdiff.obj : error LNK2019: unresolved external symbol "public: unsigned char __thiscall NAME_CLASS::get_data_dir_file_name(char const *)" (?get_data_dir_file_name@NAME_CLASS@@QAEEPBD@Z) referenced in function "void __cdecl load_grid(void)" (?load_grid@@YAXXZ)
     1>emachine.obj : error LNK2001: unresolved external symbol "public: unsigned char __thiscall NAME_CLASS::get_data_dir_file_name(char const *)" (?get_data_dir_file_name@NAME_CLASS@@QAEEPBD@Z)
     1>editdiff.obj : error LNK2019: unresolved external symbol "public: __thiscall AUTO_BACKUP_CLASS::AUTO_BACKUP_CLASS(void)" (??0AUTO_BACKUP_CLASS@@QAE@XZ) referenced in function "unsigned char __cdecl save_changes(void)" (?save_changes@@YAEXZ)
     1>emachine.obj : error LNK2001: unresolved external symbol "public: __thiscall AUTO_BACKUP_CLASS::AUTO_BACKUP_CLASS(void)" (??0AUTO_BACKUP_CLASS@@QAE@XZ)
     1>editdiff.obj : error LNK2019: unresolved external symbol "public: __thiscall AUTO_BACKUP_CLASS::~AUTO_BACKUP_CLASS(void)" (??1AUTO_BACKUP_CLASS@@QAE@XZ) referenced in function "unsigned char __cdecl save_changes(void)" (?save_changes@@YAEXZ)
     1>emachine.obj : error LNK2001: unresolved external symbol "public: __thiscall AUTO_BACKUP_CLASS::~AUTO_BACKUP_CLASS(void)" (??1AUTO_BACKUP_CLASS@@QAE@XZ)
     1>editdiff.obj : error LNK2019: unresolved external symbol "public: unsigned char __thiscall AUTO_BACKUP_CLASS::get_backup_dir(void)" (?get_backup_dir@AUTO_BACKUP_CLASS@@QAEEXZ) referenced in function "unsigned char __cdecl save_changes(void)" (?save_changes@@YAEXZ)
     1>emachine.obj : error LNK2001: unresolved external symbol "public: unsigned char __thiscall AUTO_BACKUP_CLASS::get_backup_dir(void)" (?get_backup_dir@AUTO_BACKUP_CLASS@@QAEEXZ)
     1>editdiff.obj : error LNK2019: unresolved external symbol "public: unsigned char __thiscall AUTO_BACKUP_CLASS::backup_data_dir(void)" (?backup_data_dir@AUTO_BACKUP_CLASS@@QAEEXZ) referenced in function "unsigned char __cdecl save_changes(void)" (?save_changes@@YAEXZ)
     1>editdiff.obj : error LNK2019: unresolved external symbol "public: __thiscall DB_TABLE::DB_TABLE(void)" (??0DB_TABLE@@QAE@XZ) referenced in function "void __cdecl load_grid(void)" (?load_grid@@YAXXZ)
     1>emachine.obj : error LNK2001: unresolved external symbol "public: __thiscall DB_TABLE::DB_TABLE(void)" (??0DB_TABLE@@QAE@XZ)
     1>editdiff.obj : error LNK2019: unresolved external symbol "public: __thiscall DB_TABLE::~DB_TABLE(void)" (??1DB_TABLE@@QAE@XZ) referenced in function "void __cdecl load_grid(void)" (?load_grid@@YAXXZ)
     1>emachine.obj : error LNK2001: unresolved external symbol "public: __thiscall DB_TABLE::~DB_TABLE(void)" (??1DB_TABLE@@QAE@XZ)
     1>editdiff.obj : error LNK2019: unresolved external symbol "public: void __thiscall DB_TABLE::close(void)" (?close@DB_TABLE@@QAEXXZ) referenced in function "void __cdecl load_grid(void)" (?load_grid@@YAXXZ)
     1>emachine.obj : error LNK2001: unresolved external symbol "public: void __thiscall DB_TABLE::close(void)" (?close@DB_TABLE@@QAEXXZ)
     1>editdiff.obj : error LNK2019: unresolved external symbol "public: unsigned char __thiscall DB_TABLE::empty(void)" (?empty@DB_TABLE@@QAEEXZ) referenced in function "unsigned char __cdecl save_changes(void)" (?save_changes@@YAEXZ)
     1>editdiff.obj : error LNK2019: unresolved external symbol "public: unsigned char __thiscall DB_TABLE::get_alpha(class STRING_CLASS &,unsigned short,short)" (?get_alpha@DB_TABLE@@QAEEAAVSTRING_CLASS@@GF@Z) referenced in function "void __cdecl load_grid(void)" (?load_grid@@YAXXZ)
     1>emachine.obj : error LNK2001: unresolved external symbol "public: unsigned char __thiscall DB_TABLE::get_alpha(class STRING_CLASS &,unsigned short,short)" (?get_alpha@DB_TABLE@@QAEEAAVSTRING_CLASS@@GF@Z)
     1>editdiff.obj : error LNK2019: unresolved external symbol "public: double __thiscall DB_TABLE::get_double(unsigned short)" (?get_double@DB_TABLE@@QAENG@Z) referenced in function "void __cdecl load_grid(void)" (?load_grid@@YAXXZ)
     1>editdiff.obj : error LNK2019: unresolved external symbol "public: long __thiscall DB_TABLE::get_long(unsigned short)" (?get_long@DB_TABLE@@QAEJG@Z) referenced in function "public: short __thiscall DB_TABLE::get_short(unsigned short)" (?get_short@DB_TABLE@@QAEFG@Z)
     1>emachine.obj : error LNK2001: unresolved external symbol "public: long __thiscall DB_TABLE::get_long(unsigned short)" (?get_long@DB_TABLE@@QAEJG@Z)
     1>editdiff.obj : error LNK2019: unresolved external symbol "public: unsigned char __thiscall DB_TABLE::get_next_record(unsigned char)" (?get_next_record@DB_TABLE@@QAEEE@Z) referenced in function "void __cdecl load_grid(void)" (?load_grid@@YAXXZ)
     1>emachine.obj : error LNK2001: unresolved external symbol "public: unsigned char __thiscall DB_TABLE::get_next_record(unsigned char)" (?get_next_record@DB_TABLE@@QAEEE@Z)
     1>editdiff.obj : error LNK2019: unresolved external symbol "public: unsigned long __thiscall DB_TABLE::nof_recs(void)" (?nof_recs@DB_TABLE@@QAEKXZ) referenced in function "void __cdecl load_grid(void)" (?load_grid@@YAXXZ)
     1>emachine.obj : error LNK2001: unresolved external symbol "public: unsigned long __thiscall DB_TABLE::nof_recs(void)" (?nof_recs@DB_TABLE@@QAEKXZ)
     1>editdiff.obj : error LNK2019: unresolved external symbol "public: unsigned char __thiscall DB_TABLE::open(char *,short,short)" (?open@DB_TABLE@@QAEEPADFF@Z) referenced in function "public: unsigned char __thiscall DB_TABLE::open(class STRING_CLASS &,short,short)" (?open@DB_TABLE@@QAEEAAVSTRING_CLASS@@FF@Z)
     1>emachine.obj : error LNK2001: unresolved external symbol "public: unsigned char __thiscall DB_TABLE::open(char *,short,short)" (?open@DB_TABLE@@QAEEPADFF@Z)
     1>editdiff.obj : error LNK2019: unresolved external symbol "public: unsigned char __thiscall DB_TABLE::put_alpha(unsigned short,char const *,short)" (?put_alpha@DB_TABLE@@QAEEGPBDF@Z) referenced in function "unsigned char __cdecl save_changes(void)" (?save_changes@@YAEXZ)
     1>editdiff.obj : error LNK2019: unresolved external symbol "public: unsigned char __thiscall DB_TABLE::put_double(unsigned short,double,short)" (?put_double@DB_TABLE@@QAEEGNF@Z) referenced in function "unsigned char __cdecl save_changes(void)" (?save_changes@@YAEXZ)
     1>editdiff.obj : error LNK2019: unresolved external symbol "public: unsigned char __thiscall DB_TABLE::put_long(unsigned short,long,short)" (?put_long@DB_TABLE@@QAEEGJF@Z) referenced in function "unsigned char __cdecl save_changes(void)" (?save_changes@@YAEXZ)
     1>editdiff.obj : error LNK2019: unresolved external symbol "public: unsigned char __thiscall DB_TABLE::rec_append(void)" (?rec_append@DB_TABLE@@QAEEXZ) referenced in function "unsigned char __cdecl save_changes(void)" (?save_changes@@YAEXZ)
     1>editdiff.obj : error LNK2019: unresolved external symbol "unsigned char __cdecl set_text(struct HWND__ *,int,char const *)" (?set_text@@YAEPAUHWND__@@HPBD@Z) referenced in function "int __stdcall input_error_dialog_proc(struct HWND__ *,unsigned int,unsigned int,long)" (?input_error_dialog_proc@@YGHPAUHWND__@@IIJ@Z)
     1>emachine.obj : error LNK2001: unresolved external symbol "unsigned char __cdecl set_text(struct HWND__ *,int,char const *)" (?set_text@@YAEPAUHWND__@@HPBD@Z)
     1>editdiff.obj : error LNK2019: unresolved external symbol "void __cdecl resource_message_box(struct HINSTANCE__ *,unsigned int,unsigned int)" (?resource_message_box@@YAXPAUHINSTANCE__@@II@Z) referenced in function "public: void __thiscall EDITDIFF_GRID_CLASS::delete_highlighted_rows(void)" (?delete_highlighted_rows@EDITDIFF_GRID_CLASS@@QAEXXZ)
     1>editdiff.obj : error LNK2019: unresolved external symbol "public: bool __thiscall STRINGTABLE_CLASS::find(class STRING_CLASS &,char *)" (?find@STRINGTABLE_CLASS@@QAE_NAAVSTRING_CLASS@@PAD@Z) referenced in function "void __cdecl set_input_error_setup_strings(struct HWND__ *)" (?set_input_error_setup_strings@@YAXPAUHWND__@@@Z)
     1>emachine.obj : error LNK2001: unresolved external symbol "public: bool __thiscall STRINGTABLE_CLASS::find(class STRING_CLASS &,char *)" (?find@STRINGTABLE_CLASS@@QAE_NAAVSTRING_CLASS@@PAD@Z)
     1>editdiff.obj : error LNK2019: unresolved external symbol "public: char * __thiscall STRINGTABLE_CLASS::find(char *)" (?find@STRINGTABLE_CLASS@@QAEPADPAD@Z) referenced in function "void __cdecl load_grid(void)" (?load_grid@@YAXXZ)
     1>emachine.obj : error LNK2001: unresolved external symbol "public: char * __thiscall STRINGTABLE_CLASS::find(char *)" (?find@STRINGTABLE_CLASS@@QAEPADPAD@Z)
     1>editdiff.obj : error LNK2019: unresolved external symbol "public: void __thiscall WINDOW_CLASS::refresh(void)" (?refresh@WINDOW_CLASS@@QAEXXZ) referenced in function "void __cdecl set_input_error_setup_strings(struct HWND__ *)" (?set_input_error_setup_strings@@YAXPAUHWND__@@@Z)
     1>emachine.obj : error LNK2001: unresolved external symbol "public: void __thiscall WINDOW_CLASS::refresh(void)" (?refresh@WINDOW_CLASS@@QAEXXZ)
     1>editdiff.obj : error LNK2019: unresolved external symbol "public: void __thiscall WINDOW_CLASS::set_title(char *)" (?set_title@WINDOW_CLASS@@QAEXPAD@Z) referenced in function "void __cdecl set_edit_dcurve_setup_strings(struct HWND__ *)" (?set_edit_dcurve_setup_strings@@YAXPAUHWND__@@@Z)
     1>emachine.obj : error LNK2001: unresolved external symbol "public: void __thiscall WINDOW_CLASS::set_title(char *)" (?set_title@WINDOW_CLASS@@QAEXPAD@Z)
     1>editdiff.obj : error LNK2019: unresolved external symbol "void __cdecl set_statics_font(class WINDOW_CLASS &)" (?set_statics_font@@YAXAAVWINDOW_CLASS@@@Z) referenced in function "void __cdecl set_input_error_setup_strings(struct HWND__ *)" (?set_input_error_setup_strings@@YAXPAUHWND__@@@Z)
     1>emachine.obj : error LNK2001: unresolved external symbol "void __cdecl set_statics_font(class WINDOW_CLASS &)" (?set_statics_font@@YAXAAVWINDOW_CLASS@@@Z)
     1>editdiff.obj : error LNK2001: unresolved external symbol "private: static char * STRING_CLASS::emptystring" (?emptystring@STRING_CLASS@@0PADA)
     1>emachine.obj : error LNK2001: unresolved external symbol "private: static char * STRING_CLASS::emptystring" (?emptystring@STRING_CLASS@@0PADA)
     1>emachine.obj : error LNK2019: unresolved external symbol "unsigned char __cdecl file_exists(char *)" (?file_exists@@YAEPAD@Z) referenced in function "public: unsigned char __thiscall NAME_CLASS::file_exists(void)" (?file_exists@NAME_CLASS@@QAEEXZ)
     1>emachine.obj : error LNK2019: unresolved external symbol "unsigned char __cdecl kill_directory(char *)" (?kill_directory@@YAEPAD@Z) referenced in function "public: unsigned char __thiscall NAME_CLASS::delete_directory(void)" (?delete_directory@NAME_CLASS@@QAEEXZ)
     1>emachine.obj : error LNK2019: unresolved external symbol "unsigned long __cdecl asctoul(char const *)" (?asctoul@@YAKPBD@Z) referenced in function "public: unsigned int __thiscall STRING_CLASS::uint_value(void)" (?uint_value@STRING_CLASS@@QAEIXZ)
     1>emachine.obj : error LNK2019: unresolved external symbol "public: unsigned char __thiscall STRING_CLASS::isempty(void)" (?isempty@STRING_CLASS@@QAEEXZ) referenced in function "int __cdecl resource_message_box(unsigned int,unsigned int,unsigned int)" (?resource_message_box@@YAHIII@Z)
     1>emachine.obj : error LNK2019: unresolved external symbol "public: long __thiscall STRING_CLASS::len(void)" (?len@STRING_CLASS@@QAEJXZ) referenced in function "void __cdecl check_multipart_runlist_wires(class MACHINE_CLASS *)" (?check_multipart_runlist_wires@@YAXPAVMACHINE_CLASS@@@Z)
     1>emachine.obj : error LNK2019: unresolved external symbol "public: void __thiscall STRING_CLASS::operator=(char const *)" (??4STRING_CLASS@@QAEXPBD@Z) referenced in function "int __cdecl resource_message_box(unsigned int,unsigned int,unsigned int)" (?resource_message_box@@YAHIII@Z)
     1>emachine.obj : error LNK2019: unresolved external symbol "public: void __thiscall STRING_CLASS::operator=(class STRING_CLASS const &)" (??4STRING_CLASS@@QAEXABV0@@Z) referenced in function "void __cdecl fill_machines(class STRING_CLASS &)" (?fill_machines@@YAXAAVSTRING_CLASS@@@Z)
     1>emachine.obj : error LNK2019: unresolved external symbol "public: unsigned char __thiscall STRING_CLASS::operator==(class STRING_CLASS const &)" (??8STRING_CLASS@@QAEEABV0@@Z) referenced in function "unsigned char __cdecl save_changes(void)" (?save_changes@@YAEXZ)
     1>emachine.obj : error LNK2019: unresolved external symbol "public: unsigned char __thiscall STRING_CLASS::operator==(char const *)" (??8STRING_CLASS@@QAEEPBD@Z) referenced in function "void __cdecl show_machine(void)" (?show_machine@@YAXXZ)
     1>emachine.obj : error LNK2019: unresolved external symbol "public: bool __thiscall STRING_CLASS::get_text(struct HWND__ *)" (?get_text@STRING_CLASS@@QAE_NPAUHWND__@@@Z) referenced in function "void __cdecl check_multipart_runlist_wires(class MACHINE_CLASS *)" (?check_multipart_runlist_wires@@YAXPAVMACHINE_CLASS@@@Z)
     1>emachine.obj : error LNK2019: unresolved external symbol "public: void __thiscall STRING_CLASS::null(void)" (?null@STRING_CLASS@@QAEXXZ) referenced in function "void __cdecl fill_machines(class STRING_CLASS &)" (?fill_machines@@YAXAAVSTRING_CLASS@@@Z)
     1>emachine.obj : error LNK2019: unresolved external symbol "public: unsigned char __thiscall STRING_CLASS::replace(char const *,char const *)" (?replace@STRING_CLASS@@QAEEPBD0@Z) referenced in function "void __cdecl check_multipart_runlist_wires(class MACHINE_CLASS *)" (?check_multipart_runlist_wires@@YAXPAVMACHINE_CLASS@@@Z)
     1>emachine.obj : error LNK2019: unresolved external symbol "public: int __thiscall STRING_CLASS::replace_all(char,char)" (?replace_all@STRING_CLASS@@QAEHDD@Z) referenced in function "void __cdecl check_multipart_runlist_wires(class MACHINE_CLASS *)" (?check_multipart_runlist_wires@@YAXPAVMACHINE_CLASS@@@Z)
     1>emachine.obj : error LNK2019: unresolved external symbol "public: double __thiscall STRING_CLASS::real_value(void)" (?real_value@STRING_CLASS@@QAENXZ) referenced in function "unsigned char __cdecl save_changes(void)" (?save_changes@@YAEXZ)
     1>emachine.obj : error LNK2019: unresolved external symbol "public: unsigned char __thiscall NAME_CLASS::get_machine_dir_file_name(class STRING_CLASS &,class STRING_CLASS &,char const *)" (?get_machine_dir_file_name@NAME_CLASS@@QAEEAAVSTRING_CLASS@@0PBD@Z) referenced in function "public: unsigned char __thiscall NAME_CLASS::get_ft2_machine_settings_file_name(class STRING_CLASS &,class STRING_CLASS &)" (?get_ft2_machine_settings_file_name@NAME_CLASS@@QAEEAAVSTRING_CLASS@@0@Z)
     1>emachine.obj : error LNK2019: unresolved external symbol "public: unsigned char __thiscall NAME_CLASS::get_exe_dir_file_name(char const *)" (?get_exe_dir_file_name@NAME_CLASS@@QAEEPBD@Z) referenced in function "public: unsigned char __thiscall NAME_CLASS::get_local_ini_file_name(char *)" (?get_local_ini_file_name@NAME_CLASS@@QAEEPAD@Z)
     1>emachine.obj : error LNK2019: unresolved external symbol "public: unsigned char __thiscall NAME_CLASS::get_exe_dir_file_name(class STRING_CLASS &,char const *)" (?get_exe_dir_file_name@NAME_CLASS@@QAEEAAVSTRING_CLASS@@PBD@Z) referenced in function "void __cdecl ensure_ft2_machine_settings_file_existance(class STRING_CLASS &,class STRING_CLASS &)" (?ensure_ft2_machine_settings_file_existance@@YAXAAVSTRING_CLASS@@0@Z)
     1>emachine.obj : error LNK2019: unresolved external symbol "public: unsigned char __thiscall AUTO_BACKUP_CLASS::backup_machine(class STRING_CLASS &)" (?backup_machine@AUTO_BACKUP_CLASS@@QAEEAAVSTRING_CLASS@@@Z) referenced in function "unsigned char __cdecl save_changes(void)" (?save_changes@@YAEXZ)
     1>emachine.obj : error LNK2019: unresolved external symbol "public: __thiscall COMPUTER_CLASS::COMPUTER_CLASS(void)" (??0COMPUTER_CLASS@@QAE@XZ) referenced in function "unsigned char __cdecl save_changes(void)" (?save_changes@@YAEXZ)
     1>emachine.obj : error LNK2019: unresolved external symbol "public: class STRING_CLASS & __thiscall COMPUTER_CLASS::whoami(void)" (?whoami@COMPUTER_CLASS@@QAEAAVSTRING_CLASS@@XZ) referenced in function "unsigned char __cdecl save_changes(void)" (?save_changes@@YAEXZ)
     1>emachine.obj : error LNK2019: unresolved external symbol "public: class STRING_CLASS & __thiscall COMPUTER_CLASS::name(void)" (?name@COMPUTER_CLASS@@QAEAAVSTRING_CLASS@@XZ) referenced in function "void __cdecl fill_machines(class STRING_CLASS &)" (?fill_machines@@YAXAAVSTRING_CLASS@@@Z)
     1>emachine.obj : error LNK2019: unresolved external symbol "public: unsigned char __thiscall COMPUTER_CLASS::find(char *)" (?find@COMPUTER_CLASS@@QAEEPAD@Z) referenced in function "public: unsigned char __thiscall COMPUTER_CLASS::find(class STRING_CLASS &)" (?find@COMPUTER_CLASS@@QAEEAAVSTRING_CLASS@@@Z)
     1>emachine.obj : error LNK2019: unresolved external symbol "public: unsigned char __thiscall COMPUTER_CLASS::is_present(void)" (?is_present@COMPUTER_CLASS@@QAEEXZ) referenced in function "void __cdecl fill_machines(class STRING_CLASS &)" (?fill_machines@@YAXAAVSTRING_CLASS@@@Z)
     1>emachine.obj : error LNK2019: unresolved external symbol "public: unsigned char __thiscall COMPUTER_CLASS::is_this_computer(void)" (?is_this_computer@COMPUTER_CLASS@@QAEEXZ) referenced in function "unsigned char __cdecl save_changes(void)" (?save_changes@@YAEXZ)
     1>emachine.obj : error LNK2019: unresolved external symbol "public: unsigned char __thiscall COMPUTER_CLASS::load(void)" (?load@COMPUTER_CLASS@@QAEEXZ) referenced in function "void __cdecl fill_machines(class STRING_CLASS &)" (?fill_machines@@YAXAAVSTRING_CLASS@@@Z)
     1>emachine.obj : error LNK2019: unresolved external symbol "public: unsigned char __thiscall COMPUTER_CLASS::next(void)" (?next@COMPUTER_CLASS@@QAEEXZ) referenced in function "void __cdecl fill_machines(class STRING_CLASS &)" (?fill_machines@@YAXAAVSTRING_CLASS@@@Z)
     1>emachine.obj : error LNK2019: unresolved external symbol "public: void __thiscall COMPUTER_CLASS::rewind(void)" (?rewind@COMPUTER_CLASS@@QAEXXZ) referenced in function "void __cdecl fill_machines(class STRING_CLASS &)" (?fill_machines@@YAXAAVSTRING_CLASS@@@Z)
     1>emachine.obj : error LNK2019: unresolved external symbol "public: unsigned char __thiscall COMPUTER_CLASS::startup(void)" (?startup@COMPUTER_CLASS@@QAEEXZ) referenced in function "bool __cdecl init(struct HINSTANCE__ *,int)" (?init@@YA_NPAUHINSTANCE__@@H@Z)
     1>emachine.obj : error LNK2019: unresolved external symbol "public: void __thiscall COMPUTER_CLASS::shutdown(void)" (?shutdown@COMPUTER_CLASS@@QAEXXZ) referenced in function "void __cdecl shutdown(void)" (?shutdown@@YAXXZ)
     1>emachine.obj : error LNK2019: unresolved external symbol "public: __thiscall FILE_CLASS::FILE_CLASS(void)" (??0FILE_CLASS@@QAE@XZ) referenced in function "unsigned char __cdecl save_changes(void)" (?save_changes@@YAEXZ)
     1>emachine.obj : error LNK2019: unresolved external symbol "public: __thiscall FILE_CLASS::~FILE_CLASS(void)" (??1FILE_CLASS@@QAE@XZ) referenced in function "unsigned char __cdecl save_changes(void)" (?save_changes@@YAEXZ)
     1>emachine.obj : error LNK2019: unresolved external symbol "public: void __thiscall FILE_CLASS::close(void)" (?close@FILE_CLASS@@QAEXXZ) referenced in function "unsigned char __cdecl save_changes(void)" (?save_changes@@YAEXZ)
     1>emachine.obj : error LNK2019: unresolved external symbol "public: unsigned char __thiscall FILE_CLASS::open_for_write(class STRING_CLASS &)" (?open_for_write@FILE_CLASS@@QAEEAAVSTRING_CLASS@@@Z) referenced in function "unsigned char __cdecl save_changes(void)" (?save_changes@@YAEXZ)
     1>emachine.obj : error LNK2019: unresolved external symbol "public: unsigned char __thiscall FILE_CLASS::writeline(char *)" (?writeline@FILE_CLASS@@QAEEPAD@Z) referenced in function "unsigned char __cdecl save_changes(void)" (?save_changes@@YAEXZ)
     1>emachine.obj : error LNK2019: unresolved external symbol "public: __thiscall FONT_LIST_CLASS::FONT_LIST_CLASS(void)" (??0FONT_LIST_CLASS@@QAE@XZ) referenced in function "void __cdecl `dynamic initializer for 'FontList''(void)" (??__EFontList@@YAXXZ)
     1>emachine.obj : error LNK2019: unresolved external symbol "public: __thiscall FONT_LIST_CLASS::~FONT_LIST_CLASS(void)" (??1FONT_LIST_CLASS@@QAE@XZ) referenced in function "void __cdecl `dynamic atexit destructor for 'FontList''(void)" (??__FFontList@@YAXXZ)
     1>emachine.obj : error LNK2001: unresolved external symbol "public: virtual bool __thiscall FTII_VAR::get(char const *)" (?get@FTII_VAR@@UAE_NPBD@Z)
     1>emachine.obj : error LNK2001: unresolved external symbol "public: virtual bool __thiscall FTII_VAR::put(class STRING_CLASS &)" (?put@FTII_VAR@@UAE_NAAVSTRING_CLASS@@@Z)
     1>emachine.obj : error LNK2001: unresolved external symbol "public: virtual bool __thiscall FTII_VAR::set(int,unsigned int)" (?set@FTII_VAR@@UAE_NHI@Z)
     1>emachine.obj : error LNK2001: unresolved external symbol "public: virtual bool __thiscall FTII_VAR::set(int,double)" (?set@FTII_VAR@@UAE_NHN@Z)
     1>emachine.obj : error LNK2001: unresolved external symbol "public: virtual void __thiscall FTII_VAR::operator=(char const *)" (??4FTII_VAR@@UAEXPBD@Z)
     1>emachine.obj : error LNK2001: unresolved external symbol "public: virtual void __thiscall FTII_VAR::operator=(double)" (??4FTII_VAR@@UAEXN@Z)
     1>emachine.obj : error LNK2019: unresolved external symbol "public: virtual __thiscall FTII_VAR_ARRAY::~FTII_VAR_ARRAY(void)" (??1FTII_VAR_ARRAY@@UAE@XZ) referenced in function "void __cdecl ensure_ft2_machine_settings_file_existance(class STRING_CLASS &,class STRING_CLASS &)" (?ensure_ft2_machine_settings_file_existance@@YAXAAVSTRING_CLASS@@0@Z)
     1>emachine.obj : error LNK2019: unresolved external symbol "public: bool __thiscall FTII_VAR_ARRAY::get(class STRING_CLASS &)" (?get@FTII_VAR_ARRAY@@QAE_NAAVSTRING_CLASS@@@Z) referenced in function "void __cdecl ensure_ft2_machine_settings_file_existance(class STRING_CLASS &,class STRING_CLASS &)" (?ensure_ft2_machine_settings_file_existance@@YAXAAVSTRING_CLASS@@0@Z)
     1>emachine.obj : error LNK2019: unresolved external symbol "public: bool __thiscall FTII_VAR_ARRAY::get_from(class STRING_CLASS &)" (?get_from@FTII_VAR_ARRAY@@QAE_NAAVSTRING_CLASS@@@Z) referenced in function "void __cdecl ensure_ft2_machine_settings_file_existance(class STRING_CLASS &,class STRING_CLASS &)" (?ensure_ft2_machine_settings_file_existance@@YAXAAVSTRING_CLASS@@0@Z)
     1>emachine.obj : error LNK2019: unresolved external symbol "public: virtual bool __thiscall FTII_VAR_ARRAY::put(class STRING_CLASS &)" (?put@FTII_VAR_ARRAY@@UAE_NAAVSTRING_CLASS@@@Z) referenced in function "void __cdecl ensure_ft2_machine_settings_file_existance(class STRING_CLASS &,class STRING_CLASS &)" (?ensure_ft2_machine_settings_file_existance@@YAXAAVSTRING_CLASS@@0@Z)
     1>emachine.obj : error LNK2019: unresolved external symbol "public: class FTII_VAR & __thiscall FTII_VAR_ARRAY::operator[](int)" (??AFTII_VAR_ARRAY@@QAEAAVFTII_VAR@@H@Z) referenced in function "void __cdecl ensure_ft2_machine_settings_file_existance(class STRING_CLASS &,class STRING_CLASS &)" (?ensure_ft2_machine_settings_file_existance@@YAXAAVSTRING_CLASS@@0@Z)
     1>emachine.obj : error LNK2001: unresolved external symbol "public: virtual void __thiscall FTII_VAR_ARRAY::operator=(class FTII_VAR const &)" (??4FTII_VAR_ARRAY@@UAEXABVFTII_VAR@@@Z)
     1>emachine.obj : error LNK2001: unresolved external symbol "public: virtual void __thiscall FTII_VAR_ARRAY::operator=(int)" (??4FTII_VAR_ARRAY@@UAEXH@Z)
     1>emachine.obj : error LNK2001: unresolved external symbol "public: virtual void __thiscall FTII_VAR_ARRAY::operator=(unsigned int)" (??4FTII_VAR_ARRAY@@UAEXI@Z)
     1>emachine.obj : error LNK2001: unresolved external symbol "public: virtual void __thiscall FTII_VAR_ARRAY::operator=(double)" (??4FTII_VAR_ARRAY@@UAEXN@Z)
     1>emachine.obj : error LNK2001: unresolved external symbol "public: virtual bool __thiscall FTII_VAR_ARRAY::set(int,unsigned int)" (?set@FTII_VAR_ARRAY@@UAE_NHI@Z)
     1>emachine.obj : error LNK2019: unresolved external symbol "public: bool __thiscall FTII_VAR_ARRAY::update(int,unsigned int)" (?update@FTII_VAR_ARRAY@@QAE_NHI@Z) referenced in function "unsigned char __cdecl save_changes(void)" (?save_changes@@YAEXZ)
     1>emachine.obj : error LNK2019: unresolved external symbol "public: bool __thiscall FTII_VAR_ARRAY::update(int,double)" (?update@FTII_VAR_ARRAY@@QAE_NHN@Z) referenced in function "unsigned char __cdecl save_changes(void)" (?save_changes@@YAEXZ)
     1>emachine.obj : error LNK2019: unresolved external symbol "public: bool __thiscall FTII_VAR_ARRAY::upsize(int)" (?upsize@FTII_VAR_ARRAY@@QAE_NH@Z) referenced in function "void __cdecl ensure_ft2_machine_settings_file_existance(class STRING_CLASS &,class STRING_CLASS &)" (?ensure_ft2_machine_settings_file_existance@@YAXAAVSTRING_CLASS@@0@Z)
     1>emachine.obj : error LNK2019: unresolved external symbol "public: __thiscall INI_CLASS::~INI_CLASS(void)" (??1INI_CLASS@@QAE@XZ) referenced in function "void __cdecl fill_machines(class STRING_CLASS &)" (?fill_machines@@YAXAAVSTRING_CLASS@@@Z)
     1>emachine.obj : error LNK2019: unresolved external symbol "public: unsigned char __thiscall INI_CLASS::set_file(char const *)" (?set_file@INI_CLASS@@QAEEPBD@Z) referenced in function "void __cdecl fill_machines(class STRING_CLASS &)" (?fill_machines@@YAXAAVSTRING_CLASS@@@Z)
     1>emachine.obj : error LNK2019: unresolved external symbol "public: unsigned char __thiscall INI_CLASS::set_section(char const *)" (?set_section@INI_CLASS@@QAEEPBD@Z) referenced in function "void __cdecl fill_machines(class STRING_CLASS &)" (?fill_machines@@YAXAAVSTRING_CLASS@@@Z)
     1>emachine.obj : error LNK2019: unresolved external symbol "public: unsigned char __thiscall INI_CLASS::find(char const *)" (?find@INI_CLASS@@QAEEPBD@Z) referenced in function "void __cdecl fill_machines(class STRING_CLASS &)" (?fill_machines@@YAXAAVSTRING_CLASS@@@Z)
     1>emachine.obj : error LNK2019: unresolved external symbol "public: unsigned char __thiscall INI_CLASS::get_boolean(void)" (?get_boolean@INI_CLASS@@QAEEXZ) referenced in function "void __cdecl fill_machines(class STRING_CLASS &)" (?fill_machines@@YAXAAVSTRING_CLASS@@@Z)
     1>emachine.obj : error LNK2019: unresolved external symbol "public: int __thiscall INI_CLASS::get_int(void)" (?get_int@INI_CLASS@@QAEHXZ) referenced in function "void __cdecl load_resources(void)" (?load_resources@@YAXXZ)
     1>emachine.obj : error LNK2019: unresolved external symbol "public: char * __thiscall INI_CLASS::get_string(void)" (?get_string@INI_CLASS@@QAEPADXZ) referenced in function "void __cdecl load_resources(void)" (?load_resources@@YAXXZ)
     1>emachine.obj : error LNK2019: unresolved external symbol "public: __thiscall LISTBOX_CLASS::~LISTBOX_CLASS(void)" (??1LISTBOX_CLASS@@QAE@XZ) referenced in function "void __cdecl get_new_pitch(void)" (?get_new_pitch@@YAXXZ)
     1>emachine.obj : error LNK2019: unresolved external symbol "public: int __thiscall LISTBOX_CLASS::add(char *)" (?add@LISTBOX_CLASS@@QAEHPAD@Z) referenced in function "void __cdecl fill_machines(class STRING_CLASS &)" (?fill_machines@@YAXAAVSTRING_CLASS@@@Z)
     1>emachine.obj : error LNK2019: unresolved external symbol "public: void __thiscall LISTBOX_CLASS::empty(void)" (?empty@LISTBOX_CLASS@@QAEXXZ) referenced in function "void __cdecl fill_machines(class STRING_CLASS &)" (?fill_machines@@YAXAAVSTRING_CLASS@@@Z)
     1>emachine.obj : error LNK2019: unresolved external symbol "public: int __thiscall LISTBOX_CLASS::index(char *)" (?index@LISTBOX_CLASS@@QAEHPAD@Z) referenced in function "void __cdecl make_new_machine(void)" (?make_new_machine@@YAXXZ)
     1>emachine.obj : error LNK2019: unresolved external symbol "public: unsigned char __thiscall LISTBOX_CLASS::init(struct HWND__ *,int)" (?init@LISTBOX_CLASS@@QAEEPAUHWND__@@H@Z) referenced in function "void __cdecl get_new_pitch(void)" (?get_new_pitch@@YAXXZ)
     1>emachine.obj : error LNK2019: unresolved external symbol "public: void __thiscall LISTBOX_CLASS::redraw_off(void)" (?redraw_off@LISTBOX_CLASS@@QAEXXZ) referenced in function "void __cdecl fill_machines(class STRING_CLASS &)" (?fill_machines@@YAXAAVSTRING_CLASS@@@Z)
     1>emachine.obj : error LNK2019: unresolved external symbol "public: void __thiscall LISTBOX_CLASS::redraw_on(void)" (?redraw_on@LISTBOX_CLASS@@QAEXXZ) referenced in function "void __cdecl fill_machines(class STRING_CLASS &)" (?fill_machines@@YAXAAVSTRING_CLASS@@@Z)
     1>emachine.obj : error LNK2019: unresolved external symbol "public: char * __thiscall LISTBOX_CLASS::selected_text(void)" (?selected_text@LISTBOX_CLASS@@QAEPADXZ) referenced in function "void __cdecl get_new_pitch(void)" (?get_new_pitch@@YAXXZ)
     1>emachine.obj : error LNK2019: unresolved external symbol "public: unsigned char __thiscall LISTBOX_CLASS::setcursel(int)" (?setcursel@LISTBOX_CLASS@@QAEEH@Z) referenced in function "void __cdecl fill_dcurves(void)" (?fill_dcurves@@YAXXZ)
     1>emachine.obj : error LNK2019: unresolved external symbol "public: unsigned char __thiscall LISTBOX_CLASS::setcursel(char *)" (?setcursel@LISTBOX_CLASS@@QAEEPAD@Z) referenced in function "void __cdecl fill_machines(class STRING_CLASS &)" (?fill_machines@@YAXAAVSTRING_CLASS@@@Z)
     1>emachine.obj : error LNK2019: unresolved external symbol "public: __thiscall MULTIPART_RUNLIST_SETTINGS_CLASS::~MULTIPART_RUNLIST_SETTINGS_CLASS(void)" (??1MULTIPART_RUNLIST_SETTINGS_CLASS@@QAE@XZ) referenced in function "public: __thiscall MACHINE_CLASS::~MACHINE_CLASS(void)" (??1MACHINE_CLASS@@QAE@XZ)
     1>emachine.obj : error LNK2019: unresolved external symbol "public: __thiscall MACHINE_CLASS::MACHINE_CLASS(void)" (??0MACHINE_CLASS@@QAE@XZ) referenced in function "void __cdecl fill_machines(class STRING_CLASS &)" (?fill_machines@@YAXAAVSTRING_CLASS@@@Z)
     1>emachine.obj : error LNK2019: unresolved external symbol "public: unsigned char __thiscall MACHINE_CLASS::has_hmi(void)" (?has_hmi@MACHINE_CLASS@@QAEEXZ) referenced in function "void __cdecl show_machine(void)" (?show_machine@@YAXXZ)
     1>emachine.obj : error LNK2019: unresolved external symbol "public: unsigned char __thiscall MACHINE_CLASS::has_binary_valve(void)" (?has_binary_valve@MACHINE_CLASS@@QAEEXZ) referenced in function "unsigned char __cdecl save_changes(void)" (?save_changes@@YAEXZ)
     1>emachine.obj : error LNK2019: unresolved external symbol "public: unsigned char __thiscall MACHINE_CLASS::find(class STRING_CLASS &,class STRING_CLASS &)" (?find@MACHINE_CLASS@@QAEEAAVSTRING_CLASS@@0@Z) referenced in function "void __cdecl fill_machines(class STRING_CLASS &)" (?fill_machines@@YAXAAVSTRING_CLASS@@@Z)
     1>emachine.obj : error LNK2019: unresolved external symbol "public: unsigned char __thiscall MACHINE_CLASS::ls_off_at_eos(void)" (?ls_off_at_eos@MACHINE_CLASS@@QAEEXZ) referenced in function "void __cdecl show_machine(void)" (?show_machine@@YAXXZ)
     1>emachine.obj : error LNK2019: unresolved external symbol "public: unsigned char __thiscall MACHINE_CLASS::refresh_monitor_flags(void)" (?refresh_monitor_flags@MACHINE_CLASS@@QAEEXZ) referenced in function "void __cdecl delete_machine(void)" (?delete_machine@@YAXXZ)
     1>emachine.obj : error LNK2019: unresolved external symbol "public: unsigned char __thiscall MACHINE_CLASS::save(void)" (?save@MACHINE_CLASS@@QAEEXZ) referenced in function "unsigned char __cdecl save_changes(void)" (?save_changes@@YAEXZ)
     1>emachine.obj : error LNK2019: unresolved external symbol "public: void __thiscall MACHINE_CLASS::set_has_hmi(unsigned char)" (?set_has_hmi@MACHINE_CLASS@@QAEXE@Z) referenced in function "int __stdcall MachSetupProc(struct HWND__ *,unsigned int,unsigned int,long)" (?MachSetupProc@@YGHPAUHWND__@@IIJ@Z)
     1>emachine.obj : error LNK2019: unresolved external symbol "public: void __thiscall MACHINE_CLASS::set_has_binary_valve(unsigned char)" (?set_has_binary_valve@MACHINE_CLASS@@QAEXE@Z) referenced in function "int __stdcall MachSetupProc(struct HWND__ *,unsigned int,unsigned int,long)" (?MachSetupProc@@YGHPAUHWND__@@IIJ@Z)
     1>emachine.obj : error LNK2019: unresolved external symbol "public: void __thiscall MACHINE_CLASS::set_ls_off_at_eos(unsigned char)" (?set_ls_off_at_eos@MACHINE_CLASS@@QAEXE@Z) referenced in function "int __stdcall MachSetupProc(struct HWND__ *,unsigned int,unsigned int,long)" (?MachSetupProc@@YGHPAUHWND__@@IIJ@Z)
     1>emachine.obj : error LNK2019: unresolved external symbol "public: __thiscall SETPOINT_CLASS::SETPOINT_CLASS(void)" (??0SETPOINT_CLASS@@QAE@XZ) referenced in function "void __cdecl enable_binary_valve_controls(void)" (?enable_binary_valve_controls@@YAXXZ)
     1>emachine.obj : error LNK2019: unresolved external symbol "public: __thiscall SETPOINT_CLASS::~SETPOINT_CLASS(void)" (??1SETPOINT_CLASS@@QAE@XZ) referenced in function "void __cdecl enable_binary_valve_controls(void)" (?enable_binary_valve_controls@@YAXXZ)
     1>emachine.obj : error LNK2019: unresolved external symbol "public: short __thiscall GENERIC_LIST_CLASS::count(void)" (?count@GENERIC_LIST_CLASS@@QAEFXZ) referenced in function "public: int __thiscall MACHINE_NAME_LIST_CLASS::count(void)" (?count@MACHINE_NAME_LIST_CLASS@@QAEHXZ)
     1>emachine.obj : error LNK2019: unresolved external symbol "public: void __thiscall GENERIC_LIST_CLASS::rewind(void)" (?rewind@GENERIC_LIST_CLASS@@QAEXXZ) referenced in function "public: void __thiscall MACHINE_NAME_LIST_CLASS::rewind(void)" (?rewind@MACHINE_NAME_LIST_CLASS@@QAEXXZ)
     1>emachine.obj : error LNK2019: unresolved external symbol "public: __thiscall MACHINE_NAME_LIST_CLASS::MACHINE_NAME_LIST_CLASS(void)" (??0MACHINE_NAME_LIST_CLASS@@QAE@XZ) referenced in function "void __cdecl fill_machines(class STRING_CLASS &)" (?fill_machines@@YAXAAVSTRING_CLASS@@@Z)
     1>emachine.obj : error LNK2019: unresolved external symbol "public: __thiscall MACHINE_NAME_LIST_CLASS::~MACHINE_NAME_LIST_CLASS(void)" (??1MACHINE_NAME_LIST_CLASS@@QAE@XZ) referenced in function "void __cdecl fill_machines(class STRING_CLASS &)" (?fill_machines@@YAXAAVSTRING_CLASS@@@Z)
     1>emachine.obj : error LNK2019: unresolved external symbol "public: unsigned char __thiscall MACHINE_NAME_LIST_CLASS::add_computer(class STRING_CLASS &)" (?add_computer@MACHINE_NAME_LIST_CLASS@@QAEEAAVSTRING_CLASS@@@Z) referenced in function "void __cdecl fill_machines(class STRING_CLASS &)" (?fill_machines@@YAXAAVSTRING_CLASS@@@Z)
     1>emachine.obj : error LNK2019: unresolved external symbol "public: unsigned char __thiscall MACHINE_NAME_LIST_CLASS::next(void)" (?next@MACHINE_NAME_LIST_CLASS@@QAEEXZ) referenced in function "void __cdecl fill_machines(class STRING_CLASS &)" (?fill_machines@@YAXAAVSTRING_CLASS@@@Z)
     1>emachine.obj : error LNK2019: unresolved external symbol "public: class STRING_CLASS & __thiscall MACHINE_NAME_LIST_CLASS::name(void)" (?name@MACHINE_NAME_LIST_CLASS@@QAEAAVSTRING_CLASS@@XZ) referenced in function "void __cdecl fill_machines(class STRING_CLASS &)" (?fill_machines@@YAXAAVSTRING_CLASS@@@Z)
     1>emachine.obj : error LNK2019: unresolved external symbol "public: class STRING_CLASS & __thiscall MACHINE_NAME_LIST_CLASS::computer_name(void)" (?computer_name@MACHINE_NAME_LIST_CLASS@@QAEAAVSTRING_CLASS@@XZ) referenced in function "void __cdecl fill_machines(class STRING_CLASS &)" (?fill_machines@@YAXAAVSTRING_CLASS@@@Z)
     1>emachine.obj : error LNK2019: unresolved external symbol "unsigned char __cdecl choose_wire(struct HWND__ *,struct HWND__ *,int,int,class STRING_CLASS &,class STRING_CLASS &,class STRING_CLASS &)" (?choose_wire@@YAEPAUHWND__@@0HHAAVSTRING_CLASS@@11@Z) referenced in function "int __stdcall MachSetupProc(struct HWND__ *,unsigned int,unsigned int,long)" (?MachSetupProc@@YGHPAUHWND__@@IIJ@Z)
     1>emachine.obj : error LNK2019: unresolved external symbol "void __cdecl get_current_password_level(void)" (?get_current_password_level@@YAXXZ) referenced in function "int __stdcall MachSetupProc(struct HWND__ *,unsigned int,unsigned int,long)" (?MachSetupProc@@YGHPAUHWND__@@IIJ@Z)
     1>emachine.obj : error LNK2019: unresolved external symbol "char * __cdecl findchar(char,char *)" (?findchar@@YAPADDPAD@Z) referenced in function "long __stdcall sub_proc(struct HWND__ *,unsigned int,unsigned int,long)" (?sub_proc@@YGJPAUHWND__@@IIJ@Z)
     1>emachine.obj : error LNK2019: unresolved external symbol "void __cdecl fix_dde_name(char *)" (?fix_dde_name@@YAXPAD@Z) referenced in function "void __cdecl password_level_callback(char *,short,struct HDDEDATA__ *)" (?password_level_callback@@YAXPADFPAUHDDEDATA__@@@Z)
     1>emachine.obj : error LNK2019: unresolved external symbol "unsigned char __cdecl get_exe_directory(char *)" (?get_exe_directory@@YAEPAD@Z) referenced in function "void __cdecl gethelp(unsigned int,unsigned long)" (?gethelp@@YAXIK@Z)
     1>emachine.obj : error LNK2019: unresolved external symbol "char * __cdecl get_ini_string(char const *,char const *,char const *)" (?get_ini_string@@YAPADPBD00@Z) referenced in function "bool __cdecl init(struct HINSTANCE__ *,int)" (?init@@YA_NPAUHINSTANCE__@@H@Z)
     1>emachine.obj : error LNK2019: unresolved external symbol "void __cdecl put_ini_string(char const *,char const *,char const *,char const *)" (?put_ini_string@@YAXPBD000@Z) referenced in function "unsigned char __cdecl save_changes(void)" (?save_changes@@YAEXZ)
     1>emachine.obj : error LNK2019: unresolved external symbol "unsigned char __cdecl machine_to_hmi(class MACHINE_CLASS &,unsigned char)" (?machine_to_hmi@@YAEAAVMACHINE_CLASS@@E@Z) referenced in function "unsigned char __cdecl save_changes(void)" (?save_changes@@YAEXZ)
     1>emachine.obj : error LNK2019: unresolved external symbol "bool __cdecl is_zero(double)" (?is_zero@@YA_NN@Z) referenced in function "unsigned char __cdecl save_changes(void)" (?save_changes@@YAEXZ)
     1>emachine.obj : error LNK2019: unresolved external symbol "void __cdecl register_choose_wire_control(void)" (?register_choose_wire_control@@YAXXZ) referenced in function "bool __cdecl init(struct HINSTANCE__ *,int)" (?init@@YA_NPAUHINSTANCE__@@H@Z)
     1>emachine.obj : error LNK2019: unresolved external symbol "unsigned char __cdecl remove_hmi_from_machine(class STRING_CLASS &,class STRING_CLASS &)" (?remove_hmi_from_machine@@YAEAAVSTRING_CLASS@@0@Z) referenced in function "unsigned char __cdecl save_changes(void)" (?save_changes@@YAEXZ)
     1>emachine.obj : error LNK2019: unresolved external symbol "unsigned int __cdecl mask_from_wire(unsigned int)" (?mask_from_wire@@YAII@Z) referenced in function "unsigned char __cdecl save_changes(void)" (?save_changes@@YAEXZ)
     1>emachine.obj : error LNK2019: unresolved external symbol "char * __cdecl catpath(char *,char const *)" (?catpath@@YAPADPADPBD@Z) referenced in function "void __cdecl gethelp(unsigned int,unsigned long)" (?gethelp@@YAXIK@Z)
     1>emachine.obj : error LNK2019: unresolved external symbol "unsigned char __cdecl copymachine(class STRING_CLASS &,class STRING_CLASS &,class MACHINE_CLASS &)" (?copymachine@@YAEAAVSTRING_CLASS@@0AAVMACHINE_CLASS@@@Z) referenced in function "void __cdecl add_machine(class STRING_CLASS &)" (?add_machine@@YAXAAVSTRING_CLASS@@@Z)
     1>emachine.obj : error LNK2019: unresolved external symbol "int __cdecl eb_get_caret_pos(struct HWND__ *)" (?eb_get_caret_pos@@YAHPAUHWND__@@@Z) referenced in function "void __cdecl check_multipart_runlist_wires(class MACHINE_CLASS *)" (?check_multipart_runlist_wires@@YAXPAVMACHINE_CLASS@@@Z)
     1>emachine.obj : error LNK2019: unresolved external symbol "void __cdecl eb_set_caret_pos(struct HWND__ *,int)" (?eb_set_caret_pos@@YAXPAUHWND__@@H@Z) referenced in function "void __cdecl check_multipart_runlist_wires(class MACHINE_CLASS *)" (?check_multipart_runlist_wires@@YAXPAVMACHINE_CLASS@@@Z)
     1>emachine.obj : error LNK2019: unresolved external symbol "int __cdecl get_int_from_ebox(struct HWND__ *,int)" (?get_int_from_ebox@@YAHPAUHWND__@@H@Z) referenced in function "void __cdecl get_new_quadrature_divisor(void)" (?get_new_quadrature_divisor@@YAXXZ)
     1>emachine.obj : error LNK2019: unresolved external symbol "unsigned char __cdecl set_current_cb_item(struct HWND__ *,int,char *)" (?set_current_cb_item@@YAEPAUHWND__@@HPAD@Z) referenced in function "void __cdecl show_machine(void)" (?show_machine@@YAXXZ)
     1>emachine.obj : error LNK2019: unresolved external symbol "unsigned char __cdecl is_checked(struct HWND__ *)" (?is_checked@@YAEPAUHWND__@@@Z) referenced in function "void __cdecl enable_binary_valve_controls(void)" (?enable_binary_valve_controls@@YAXXZ)
     1>emachine.obj : error LNK2019: unresolved external symbol "unsigned char __cdecl is_checked(struct HWND__ *,int)" (?is_checked@@YAEPAUHWND__@@H@Z) referenced in function "int __stdcall MachSetupProc(struct HWND__ *,unsigned int,unsigned int,long)" (?MachSetupProc@@YGHPAUHWND__@@IIJ@Z)
     1>emachine.obj : error LNK2019: unresolved external symbol "unsigned char __cdecl is_previous_instance(char *,char *)" (?is_previous_instance@@YAEPAD0@Z) referenced in function "bool __cdecl init(struct HINSTANCE__ *,int)" (?init@@YA_NPAUHINSTANCE__@@H@Z)
     1>emachine.obj : error LNK2019: unresolved external symbol "void __cdecl set_checkbox(struct HWND__ *,unsigned char)" (?set_checkbox@@YAXPAUHWND__@@E@Z) referenced in function "void __cdecl enable_binary_valve_controls(void)" (?enable_binary_valve_controls@@YAXXZ)
     1>emachine.obj : error LNK2019: unresolved external symbol "void __cdecl set_checkbox(struct HWND__ *,int,unsigned char)" (?set_checkbox@@YAXPAUHWND__@@HE@Z) referenced in function "void __cdecl show_machine(void)" (?show_machine@@YAXXZ)
     1>emachine.obj : error LNK2019: unresolved external symbol "void __cdecl shrinkwrap(struct HWND__ *,struct HWND__ *)" (?shrinkwrap@@YAXPAUHWND__@@0@Z) referenced in function "int __stdcall MachSetupProc(struct HWND__ *,unsigned int,unsigned int,long)" (?MachSetupProc@@YGHPAUHWND__@@IIJ@Z)
     1>emachine.obj : error LNK2019: unresolved external symbol "public: __thiscall STRINGTABLE_CLASS::STRINGTABLE_CLASS(void)" (??0STRINGTABLE_CLASS@@QAE@XZ) referenced in function "void __cdecl `dynamic initializer for 'StringTable''(void)" (??__EStringTable@@YAXXZ)
     1>emachine.obj : error LNK2019: unresolved external symbol "public: __thiscall STRINGTABLE_CLASS::~STRINGTABLE_CLASS(void)" (??1STRINGTABLE_CLASS@@QAE@XZ) referenced in function "void __cdecl `dynamic atexit destructor for 'StringTable''(void)" (??__FStringTable@@YAXXZ)
     1>emachine.obj : error LNK2019: unresolved external symbol "public: void __thiscall STRINGTABLE_CLASS::set_language(class STRING_CLASS &)" (?set_language@STRINGTABLE_CLASS@@QAEXAAVSTRING_CLASS@@@Z) referenced in function "void __cdecl load_resources(void)" (?load_resources@@YAXXZ)
     1>emachine.obj : error LNK2019: unresolved external symbol "public: int __thiscall WINDOW_CLASS::is_enabled(void)" (?is_enabled@WINDOW_CLASS@@QAEHXZ) referenced in function "void __cdecl show_machine(void)" (?show_machine@@YAXXZ)
     1>emachine.obj : error LNK2019: unresolved external symbol "public: void __thiscall WINDOW_CLASS::enable(bool)" (?enable@WINDOW_CLASS@@QAEX_N@Z) referenced in function "public: void __thiscall WINDOW_CLASS::disable(void)" (?disable@WINDOW_CLASS@@QAEXXZ)
     1>emachine.obj : error LNK2019: unresolved external symbol "public: void __thiscall WINDOW_CLASS::enable(unsigned char)" (?enable@WINDOW_CLASS@@QAEXE@Z) referenced in function "void __cdecl enable_buttons(void)" (?enable_buttons@@YAXXZ)
     1>emachine.obj : error LNK2019: unresolved external symbol "void __cdecl statics_startup(void)" (?statics_startup@@YAXXZ) referenced in function "void __cdecl load_resources(void)" (?load_resources@@YAXXZ)
     1>emachine.obj : error LNK2019: unresolved external symbol "void __cdecl statics_shutdown(void)" (?statics_shutdown@@YAXXZ) referenced in function "void __cdecl shutdown(void)" (?shutdown@@YAXXZ)
     1>emachine.obj : error LNK2019: unresolved external symbol "void __cdecl poke_data(char *,char *,char *)" (?poke_data@@YAXPAD00@Z) referenced in function "unsigned char __cdecl save_changes(void)" (?save_changes@@YAEXZ)
     1>emachine.obj : error LNK2019: unresolved external symbol "void __cdecl client_dde_shutdown(void)" (?client_dde_shutdown@@YAXXZ) referenced in function "void __cdecl shutdown(void)" (?shutdown@@YAXXZ)
     1>emachine.obj : error LNK2019: unresolved external symbol "void __cdecl client_dde_startup(struct HWND__ *)" (?client_dde_startup@@YAXPAUHWND__@@@Z) referenced in function "long __stdcall main_proc(struct HWND__ *,unsigned int,unsigned int,long)" (?main_proc@@YGJPAUHWND__@@IIJ@Z)
     1>emachine.obj : error LNK2019: unresolved external symbol "void __cdecl unregister_for_event(char *,short)" (?unregister_for_event@@YAXPADF@Z) referenced in function "void __cdecl shutdown(void)" (?shutdown@@YAXXZ)
     1>emachine.obj : error LNK2019: unresolved external symbol "void __cdecl register_for_event(char *,short,void (__cdecl*)(char *,short,struct HDDEDATA__ *))" (?register_for_event@@YAXPADFP6AX0FPAUHDDEDATA__@@@Z@Z) referenced in function "long __stdcall main_proc(struct HWND__ *,unsigned int,unsigned int,long)" (?main_proc@@YGJPAUHWND__@@IIJ@Z)
     1>C:\Sources\Version8\truetrak\Debug\emachine.exe : fatal error LNK1120: 248 unresolved externals
     1>Done Building Project "C:\Sources\Version8\emachine\emachine.vcxproj" (Build target(s)) -- FAILED.

Build FAILED.

Time Elapsed 00:00:01.85
