Build started 5/15/25 12:19:01 AM.
     1>Project "C:\Sources\Version8\vtextrac\vtextrac.vcxproj" on node 2 (Build target(s)).
     1>ClCompile:
         C:\Program Files (x86)\Microsoft Visual Studio 12.0\VC\bin\CL.exe /c /Zi /nologo /W3 /WX- /Od /Oy- /D WIN32 /D _DEBUG /D _WINDOWS /Gm /EHsc /RTC1 /MDd /GS /fp:precise /Zc:wchar_t /Zc:forScope /Fo"Debug\\" /Fd"Debug\vc120.pdb" /Gd /TP /analyze- /errorReport:prompt vtextrac.cpp
         vtextrac.cpp
       ResourceCompile:
         C:\Program Files (x86)\Windows Kits\8.1\bin\x86\rc.exe /l"0x0409" /nologo /fo"Debug\vtextrac.res" vtextrac.rc 
       Link:
         C:\Program Files (x86)\Microsoft Visual Studio 12.0\VC\bin\link.exe /ERRORREPORT:PROMPT /OUT:"C:\Sources\Version8\truetrak\Debug\vtextrac.exe" /INCREMENTAL /NOLOGO kernel32.lib user32.lib gdi32.lib winspool.lib comdlg32.lib advapi32.lib shell32.lib ole32.lib oleaut32.lib uuid.lib odbc32.lib odbccp32.lib /MANIFEST /MANIFESTUAC:"level='asInvoker' uiAccess='false'" /manifest:embed /DEBUG /PDB:"C:\Sources\Version8\truetrak\Debug\vtextrac.pdb" /SUBSYSTEM:WINDOWS /TLBID:1 /DYNAMICBASE /NXCOMPAT /IMPLIB:"C:\Sources\Version8\truetrak\Debug\vtextrac.lib" /MACHINE:X86 Debug\vtextrac.res
         Debug\vtextrac.obj
     1>vtextrac.obj : error LNK2019: unresolved external symbol _HtmlHelpA@16 referenced in function "void __cdecl gethelp(struct HWND__ *)" (?gethelp@@YAXPAUHWND__@@@Z)
     1>vtextrac.obj : error LNK2019: unresolved external symbol __imp__InitCommonControls@0 referenced in function _WinMain@16
     1>vtextrac.obj : error LNK2019: unresolved external symbol "unsigned char __cdecl create_directory(char *)" (?create_directory@@YAEPAD@Z) referenced in function "bool __cdecl open_destfile(char *)" (?open_destfile@@YA_NPAD@Z)
     1>vtextrac.obj : error LNK2019: unresolved external symbol "unsigned char __cdecl directory_exists(char *)" (?directory_exists@@YAEPAD@Z) referenced in function "bool __cdecl open_destfile(char *)" (?open_destfile@@YA_NPAD@Z)
     1>vtextrac.obj : error LNK2019: unresolved external symbol "unsigned long __cdecl asctoul(char const *)" (?asctoul@@YAKPBD@Z) referenced in function "public: unsigned int __thiscall STRING_CLASS::uint_value(void)" (?uint_value@STRING_CLASS@@QAEIXZ)
     1>vtextrac.obj : error LNK2019: unresolved external symbol "long __cdecl asctoint32(char const *)" (?asctoint32@@YAJPBD@Z) referenced in function "void __cdecl write_alarmsum_record(struct PART_NAME_ENTRY &,class ALARM_SUMMARY_CLASS &)" (?write_alarmsum_record@@YAXAAUPART_NAME_ENTRY@@AAVALARM_SUMMARY_CLASS@@@Z)
     1>vtextrac.obj : error LNK2019: unresolved external symbol "char * __cdecl int32toasc(long)" (?int32toasc@@YAPADJ@Z) referenced in function "void __cdecl write_downtime_record(class STRING_CLASS &,class STRING_CLASS &,class DOWNTIME_ENTRY &)" (?write_downtime_record@@YAXAAVSTRING_CLASS@@0AAVDOWNTIME_ENTRY@@@Z)
     1>vtextrac.obj : error LNK2019: unresolved external symbol "public: __thiscall STRING_CLASS::STRING_CLASS(void)" (??0STRING_CLASS@@QAE@XZ) referenced in function "bool __cdecl open_destfile(char *)" (?open_destfile@@YA_NPAD@Z)
     1>vtextrac.obj : error LNK2019: unresolved external symbol "public: __thiscall STRING_CLASS::~STRING_CLASS(void)" (??1STRING_CLASS@@QAE@XZ) referenced in function "bool __cdecl open_destfile(char *)" (?open_destfile@@YA_NPAD@Z)
     1>vtextrac.obj : error LNK2019: unresolved external symbol "public: void __thiscall STRING_CLASS::operator=(char const *)" (??4STRING_CLASS@@QAEXPBD@Z) referenced in function "void __cdecl read_downtimes(class STRING_CLASS &,class STRING_CLASS &)" (?read_downtimes@@YAXAAVSTRING_CLASS@@0@Z)
     1>vtextrac.obj : error LNK2019: unresolved external symbol "public: void __thiscall STRING_CLASS::operator=(class STRING_CLASS const &)" (??4STRING_CLASS@@QAEXABV0@@Z) referenced in function "void __cdecl read_downtimes(void)" (?read_downtimes@@YAXXZ)
     1>vtextrac.obj : error LNK2019: unresolved external symbol "public: void __thiscall STRING_CLASS::operator+=(char const *)" (??YSTRING_CLASS@@QAEXPBD@Z) referenced in function "void __cdecl read_alarmsums(void)" (?read_alarmsums@@YAXXZ)
     1>vtextrac.obj : error LNK2019: unresolved external symbol "public: void __thiscall STRING_CLASS::operator+=(class STRING_CLASS const &)" (??YSTRING_CLASS@@QAEXABV0@@Z) referenced in function "void __cdecl read_alarmsums(void)" (?read_alarmsums@@YAXXZ)
     1>vtextrac.obj : error LNK2019: unresolved external symbol "public: unsigned char __thiscall STRING_CLASS::operator==(class STRING_CLASS const &)" (??8STRING_CLASS@@QAEEABV0@@Z) referenced in function "public: unsigned char __thiscall STRING_CLASS::operator!=(class STRING_CLASS const &)" (??9STRING_CLASS@@QAEEABV0@@Z)
     1>vtextrac.obj : error LNK2019: unresolved external symbol "public: void __thiscall STRING_CLASS::cat_w_char(char const *,char)" (?cat_w_char@STRING_CLASS@@QAEXPBDD@Z) referenced in function "bool __cdecl open_destfile(char *)" (?open_destfile@@YA_NPAD@Z)
     1>vtextrac.obj : error LNK2019: unresolved external symbol "public: unsigned char __thiscall NAME_CLASS::get_data_dir_file_name(char const *)" (?get_data_dir_file_name@NAME_CLASS@@QAEEPBD@Z) referenced in function "public: unsigned char __thiscall NAME_CLASS::get_shift_dbname(void)" (?get_shift_dbname@NAME_CLASS@@QAEEXZ)
     1>vtextrac.obj : error LNK2019: unresolved external symbol "public: unsigned char __thiscall NAME_CLASS::get_machine_dir_file_name(class STRING_CLASS &,class STRING_CLASS &,char const *)" (?get_machine_dir_file_name@NAME_CLASS@@QAEEAAVSTRING_CLASS@@0PBD@Z) referenced in function "public: unsigned char __thiscall NAME_CLASS::get_machset_csvname(class STRING_CLASS &,class STRING_CLASS &)" (?get_machset_csvname@NAME_CLASS@@QAEEAAVSTRING_CLASS@@0@Z)
     1>vtextrac.obj : error LNK2019: unresolved external symbol "public: unsigned char __thiscall NAME_CLASS::get_machine_results_dir_file_name(class STRING_CLASS &,class STRING_CLASS &,char const *)" (?get_machine_results_dir_file_name@NAME_CLASS@@QAEEAAVSTRING_CLASS@@0PBD@Z) referenced in function "public: unsigned char __thiscall NAME_CLASS::get_downtime_dbname(class STRING_CLASS &,class STRING_CLASS &)" (?get_downtime_dbname@NAME_CLASS@@QAEEAAVSTRING_CLASS@@0@Z)
     1>vtextrac.obj : error LNK2019: unresolved external symbol "public: unsigned char __thiscall NAME_CLASS::get_exe_dir_file_name(char const *)" (?get_exe_dir_file_name@NAME_CLASS@@QAEEPBD@Z) referenced in function "void __cdecl read_downtimes(void)" (?read_downtimes@@YAXXZ)
     1>vtextrac.obj : error LNK2019: unresolved external symbol "public: __thiscall DB_TABLE::DB_TABLE(void)" (??0DB_TABLE@@QAE@XZ) referenced in function "void __cdecl read_downtimes(class STRING_CLASS &,class STRING_CLASS &)" (?read_downtimes@@YAXAAVSTRING_CLASS@@0@Z)
     1>vtextrac.obj : error LNK2019: unresolved external symbol "public: __thiscall DB_TABLE::~DB_TABLE(void)" (??1DB_TABLE@@QAE@XZ) referenced in function "void __cdecl read_downtimes(class STRING_CLASS &,class STRING_CLASS &)" (?read_downtimes@@YAXAAVSTRING_CLASS@@0@Z)
     1>vtextrac.obj : error LNK2019: unresolved external symbol "public: void __thiscall DB_TABLE::close(void)" (?close@DB_TABLE@@QAEXXZ) referenced in function "void __cdecl read_downtimes(class STRING_CLASS &,class STRING_CLASS &)" (?read_downtimes@@YAXAAVSTRING_CLASS@@0@Z)
     1>vtextrac.obj : error LNK2019: unresolved external symbol "public: unsigned char __thiscall DB_TABLE::get_current_record(unsigned char)" (?get_current_record@DB_TABLE@@QAEEE@Z) referenced in function "void __cdecl read_downtimes(class STRING_CLASS &,class STRING_CLASS &)" (?read_downtimes@@YAXAAVSTRING_CLASS@@0@Z)
     1>vtextrac.obj : error LNK2019: unresolved external symbol "public: unsigned char __thiscall DB_TABLE::get_alpha(class STRING_CLASS &,unsigned short,short)" (?get_alpha@DB_TABLE@@QAEEAAVSTRING_CLASS@@GF@Z) referenced in function "public: bool __thiscall DOWNTIME_ENTRY::read_names(class DB_TABLE &)" (?read_names@DOWNTIME_ENTRY@@QAE_NAAVDB_TABLE@@@Z)
     1>vtextrac.obj : error LNK2019: unresolved external symbol "public: unsigned char __thiscall DB_TABLE::get_alpha(char *,unsigned short,short)" (?get_alpha@DB_TABLE@@QAEEPADGF@Z) referenced in function "public: bool __thiscall DOWNTIME_ENTRY::read_names(class DB_TABLE &)" (?read_names@DOWNTIME_ENTRY@@QAE_NAAVDB_TABLE@@@Z)
     1>vtextrac.obj : error LNK2019: unresolved external symbol "public: long __thiscall DB_TABLE::get_long(unsigned short)" (?get_long@DB_TABLE@@QAEJG@Z) referenced in function "void __cdecl get_shifts(void)" (?get_shifts@@YAXXZ)
     1>vtextrac.obj : error LNK2019: unresolved external symbol "public: unsigned char __thiscall DB_TABLE::get_next_record(unsigned char)" (?get_next_record@DB_TABLE@@QAEEE@Z) referenced in function "void __cdecl read_downtimes(class STRING_CLASS &,class STRING_CLASS &)" (?read_downtimes@@YAXAAVSTRING_CLASS@@0@Z)
     1>vtextrac.obj : error LNK2019: unresolved external symbol "public: unsigned char __thiscall DB_TABLE::get_rec(void)" (?get_rec@DB_TABLE@@QAEEXZ) referenced in function "void __cdecl get_shifts(void)" (?get_shifts@@YAXXZ)
     1>vtextrac.obj : error LNK2019: unresolved external symbol "public: unsigned char __thiscall DB_TABLE::get_time(struct _SYSTEMTIME &,unsigned short)" (?get_time@DB_TABLE@@QAEEAAU_SYSTEMTIME@@G@Z) referenced in function "void __cdecl get_shifts(void)" (?get_shifts@@YAXXZ)
     1>vtextrac.obj : error LNK2019: unresolved external symbol "public: unsigned char __thiscall DB_TABLE::goto_first_equal_or_greater_record(short)" (?goto_first_equal_or_greater_record@DB_TABLE@@QAEEF@Z) referenced in function "void __cdecl read_downtimes(class STRING_CLASS &,class STRING_CLASS &)" (?read_downtimes@@YAXAAVSTRING_CLASS@@0@Z)
     1>vtextrac.obj : error LNK2019: unresolved external symbol "public: unsigned char __thiscall DB_TABLE::goto_record_number(long)" (?goto_record_number@DB_TABLE@@QAEEJ@Z) referenced in function "void __cdecl read_downtimes(class STRING_CLASS &,class STRING_CLASS &)" (?read_downtimes@@YAXAAVSTRING_CLASS@@0@Z)
     1>vtextrac.obj : error LNK2019: unresolved external symbol "public: unsigned long __thiscall DB_TABLE::nof_recs(void)" (?nof_recs@DB_TABLE@@QAEKXZ) referenced in function "void __cdecl read_downtimes(class STRING_CLASS &,class STRING_CLASS &)" (?read_downtimes@@YAXAAVSTRING_CLASS@@0@Z)
     1>vtextrac.obj : error LNK2019: unresolved external symbol "public: unsigned char __thiscall DB_TABLE::open(char *,short,short)" (?open@DB_TABLE@@QAEEPADFF@Z) referenced in function "public: unsigned char __thiscall DB_TABLE::open(class STRING_CLASS &,short,short)" (?open@DB_TABLE@@QAEEAAVSTRING_CLASS@@FF@Z)
     1>vtextrac.obj : error LNK2019: unresolved external symbol "public: unsigned char __thiscall DB_TABLE::put_date(unsigned short,struct _SYSTEMTIME const &)" (?put_date@DB_TABLE@@QAEEGABU_SYSTEMTIME@@@Z) referenced in function "void __cdecl read_downtimes(class STRING_CLASS &,class STRING_CLASS &)" (?read_downtimes@@YAXAAVSTRING_CLASS@@0@Z)
     1>vtextrac.obj : error LNK2019: unresolved external symbol "public: unsigned char __thiscall DB_TABLE::put_time(unsigned short,struct _SYSTEMTIME &)" (?put_time@DB_TABLE@@QAEEGAAU_SYSTEMTIME@@@Z) referenced in function "void __cdecl read_downtimes(class STRING_CLASS &,class STRING_CLASS &)" (?read_downtimes@@YAXAAVSTRING_CLASS@@0@Z)
     1>vtextrac.obj : error LNK2019: unresolved external symbol "public: __thiscall PART_NAME_ENTRY::PART_NAME_ENTRY(void)" (??0PART_NAME_ENTRY@@QAE@XZ) referenced in function "void __cdecl read_downtimes(void)" (?read_downtimes@@YAXXZ)
     1>vtextrac.obj : error LNK2019: unresolved external symbol "public: void __thiscall PART_NAME_ENTRY::operator=(struct PART_NAME_ENTRY const &)" (??4PART_NAME_ENTRY@@QAEXABU0@@Z) referenced in function "public: void __thiscall ALARM_SUMMARY_CLASS::set_part(struct PART_NAME_ENTRY &)" (?set_part@ALARM_SUMMARY_CLASS@@QAEXAAUPART_NAME_ENTRY@@@Z)
     1>vtextrac.obj : error LNK2019: unresolved external symbol "public: short __thiscall GENERIC_LIST_CLASS::count(void)" (?count@GENERIC_LIST_CLASS@@QAEFXZ) referenced in function "public: int __thiscall MACHINE_NAME_LIST_CLASS::count(void)" (?count@MACHINE_NAME_LIST_CLASS@@QAEHXZ)
     1>vtextrac.obj : error LNK2019: unresolved external symbol "public: void __thiscall GENERIC_LIST_CLASS::rewind(void)" (?rewind@GENERIC_LIST_CLASS@@QAEXXZ) referenced in function "public: void __thiscall MACHINE_NAME_LIST_CLASS::rewind(void)" (?rewind@MACHINE_NAME_LIST_CLASS@@QAEXXZ)
     1>vtextrac.obj : error LNK2019: unresolved external symbol "public: unsigned char __thiscall TIME_CLASS::set(struct _SYSTEMTIME const &)" (?set@TIME_CLASS@@QAEEABU_SYSTEMTIME@@@Z) referenced in function "void __cdecl get_shifts(void)" (?get_shifts@@YAXXZ)
     1>vtextrac.obj : error LNK2019: unresolved external symbol "public: struct _SYSTEMTIME & __thiscall TIME_CLASS::system_time(void)" (?system_time@TIME_CLASS@@QAEAAU_SYSTEMTIME@@XZ) referenced in function "void __cdecl read_downtimes(class STRING_CLASS &,class STRING_CLASS &)" (?read_downtimes@@YAXAAVSTRING_CLASS@@0@Z)
     1>vtextrac.obj : error LNK2019: unresolved external symbol "public: void __thiscall TIME_CLASS::operator=(char const *)" (??4TIME_CLASS@@QAEXPBD@Z) referenced in function "void __cdecl get_shifts(void)" (?get_shifts@@YAXXZ)
     1>vtextrac.obj : error LNK2019: unresolved external symbol "public: void __thiscall TIME_CLASS::operator-=(unsigned long)" (??ZTIME_CLASS@@QAEXK@Z) referenced in function "void __cdecl get_shifts(void)" (?get_shifts@@YAXXZ)
     1>vtextrac.obj : error LNK2019: unresolved external symbol "public: long __thiscall TIME_CLASS::operator-(class TIME_CLASS const &)" (??GTIME_CLASS@@QAEJABV0@@Z) referenced in function "void __cdecl read_downtimes(class STRING_CLASS &,class STRING_CLASS &)" (?read_downtimes@@YAXAAVSTRING_CLASS@@0@Z)
     1>vtextrac.obj : error LNK2019: unresolved external symbol "public: char * __thiscall TIME_CLASS::text(void)" (?text@TIME_CLASS@@QAEPADXZ) referenced in function "void __cdecl get_shifts(void)" (?get_shifts@@YAXXZ)
     1>vtextrac.obj : error LNK2019: unresolved external symbol "public: char * __thiscall TIME_CLASS::mmddyyyy(void)" (?mmddyyyy@TIME_CLASS@@QAEPADXZ) referenced in function "void __cdecl get_shifts(void)" (?get_shifts@@YAXXZ)
     1>vtextrac.obj : error LNK2019: unresolved external symbol "public: char * __thiscall TIME_CLASS::hhmmss(void)" (?hhmmss@TIME_CLASS@@QAEPADXZ) referenced in function "void __cdecl write_downtime_record(class STRING_CLASS &,class STRING_CLASS &,class DOWNTIME_ENTRY &)" (?write_downtime_record@@YAXAAVSTRING_CLASS@@0AAVDOWNTIME_ENTRY@@@Z)
     1>vtextrac.obj : error LNK2019: unresolved external symbol "public: char * __thiscall TIME_CLASS::dd(void)" (?dd@TIME_CLASS@@QAEPADXZ) referenced in function "void __cdecl write_downtime_record(class STRING_CLASS &,class STRING_CLASS &,class DOWNTIME_ENTRY &)" (?write_downtime_record@@YAXAAVSTRING_CLASS@@0AAVDOWNTIME_ENTRY@@@Z)
     1>vtextrac.obj : error LNK2019: unresolved external symbol "public: char * __thiscall TIME_CLASS::mm(void)" (?mm@TIME_CLASS@@QAEPADXZ) referenced in function "void __cdecl write_downtime_record(class STRING_CLASS &,class STRING_CLASS &,class DOWNTIME_ENTRY &)" (?write_downtime_record@@YAXAAVSTRING_CLASS@@0AAVDOWNTIME_ENTRY@@@Z)
     1>vtextrac.obj : error LNK2019: unresolved external symbol "public: char * __thiscall TIME_CLASS::mmm(void)" (?mmm@TIME_CLASS@@QAEPADXZ) referenced in function "void __cdecl write_downtime_record(class STRING_CLASS &,class STRING_CLASS &,class DOWNTIME_ENTRY &)" (?write_downtime_record@@YAXAAVSTRING_CLASS@@0AAVDOWNTIME_ENTRY@@@Z)
     1>vtextrac.obj : error LNK2019: unresolved external symbol "public: char * __thiscall TIME_CLASS::yy(void)" (?yy@TIME_CLASS@@QAEPADXZ) referenced in function "void __cdecl write_downtime_record(class STRING_CLASS &,class STRING_CLASS &,class DOWNTIME_ENTRY &)" (?write_downtime_record@@YAXAAVSTRING_CLASS@@0AAVDOWNTIME_ENTRY@@@Z)
     1>vtextrac.obj : error LNK2019: unresolved external symbol "public: char * __thiscall TIME_CLASS::yyyy(void)" (?yyyy@TIME_CLASS@@QAEPADXZ) referenced in function "void __cdecl write_downtime_record(class STRING_CLASS &,class STRING_CLASS &,class DOWNTIME_ENTRY &)" (?write_downtime_record@@YAXAAVSTRING_CLASS@@0AAVDOWNTIME_ENTRY@@@Z)
     1>vtextrac.obj : error LNK2019: unresolved external symbol "public: __thiscall ALARM_SUMMARY_CLASS::ALARM_SUMMARY_CLASS(void)" (??0ALARM_SUMMARY_CLASS@@QAE@XZ) referenced in function "void __cdecl read_alarmsums(void)" (?read_alarmsums@@YAXXZ)
     1>vtextrac.obj : error LNK2019: unresolved external symbol "public: __thiscall ALARM_SUMMARY_CLASS::~ALARM_SUMMARY_CLASS(void)" (??1ALARM_SUMMARY_CLASS@@QAE@XZ) referenced in function "void __cdecl read_alarmsums(void)" (?read_alarmsums@@YAXXZ)
     1>vtextrac.obj : error LNK2019: unresolved external symbol "public: void __thiscall ALARM_SUMMARY_CLASS::empty(void)" (?empty@ALARM_SUMMARY_CLASS@@QAEXXZ) referenced in function "void __cdecl read_alarmsums(void)" (?read_alarmsums@@YAXXZ)
     1>vtextrac.obj : error LNK2019: unresolved external symbol "public: struct ALARM_COUNTS_ENTRY * __thiscall ALARM_SUMMARY_CLASS::find(long)" (?find@ALARM_SUMMARY_CLASS@@QAEPAUALARM_COUNTS_ENTRY@@J@Z) referenced in function "void __cdecl write_alarmsum_record(struct PART_NAME_ENTRY &,class ALARM_SUMMARY_CLASS &)" (?write_alarmsum_record@@YAXAAUPART_NAME_ENTRY@@AAVALARM_SUMMARY_CLASS@@@Z)
     1>vtextrac.obj : error LNK2019: unresolved external symbol "public: unsigned char __thiscall ALARM_SUMMARY_CLASS::get_counts(struct _SYSTEMTIME &,long)" (?get_counts@ALARM_SUMMARY_CLASS@@QAEEAAU_SYSTEMTIME@@J@Z) referenced in function "void __cdecl read_alarmsums(void)" (?read_alarmsums@@YAXXZ)
     1>vtextrac.obj : error LNK2019: unresolved external symbol "public: void __thiscall DOWNCAT_NAME_CLASS::cleanup(void)" (?cleanup@DOWNCAT_NAME_CLASS@@QAEXXZ) referenced in function "public: __thiscall DOWNCAT_NAME_CLASS::~DOWNCAT_NAME_CLASS(void)" (??1DOWNCAT_NAME_CLASS@@QAE@XZ)
     1>vtextrac.obj : error LNK2019: unresolved external symbol "public: unsigned char __thiscall DOWNCAT_NAME_CLASS::read(void)" (?read@DOWNCAT_NAME_CLASS@@QAEEXZ) referenced in function "void __cdecl startup(int)" (?startup@@YAXH@Z)
     1>vtextrac.obj : error LNK2019: unresolved external symbol "public: char * __thiscall DOWNCAT_NAME_CLASS::name(char *)" (?name@DOWNCAT_NAME_CLASS@@QAEPADPAD@Z) referenced in function "void __cdecl write_downtime_record(class STRING_CLASS &,class STRING_CLASS &,class DOWNTIME_ENTRY &)" (?write_downtime_record@@YAXAAVSTRING_CLASS@@0AAVDOWNTIME_ENTRY@@@Z)
     1>vtextrac.obj : error LNK2019: unresolved external symbol "public: void __thiscall DOWNSCAT_NAME_CLASS::cleanup(void)" (?cleanup@DOWNSCAT_NAME_CLASS@@QAEXXZ) referenced in function "public: __thiscall DOWNSCAT_NAME_CLASS::~DOWNSCAT_NAME_CLASS(void)" (??1DOWNSCAT_NAME_CLASS@@QAE@XZ)
     1>vtextrac.obj : error LNK2019: unresolved external symbol "public: char * __thiscall DOWNSCAT_NAME_CLASS::name(char *,char *)" (?name@DOWNSCAT_NAME_CLASS@@QAEPADPAD0@Z) referenced in function "void __cdecl write_downtime_record(class STRING_CLASS &,class STRING_CLASS &,class DOWNTIME_ENTRY &)" (?write_downtime_record@@YAXAAVSTRING_CLASS@@0AAVDOWNTIME_ENTRY@@@Z)
     1>vtextrac.obj : error LNK2019: unresolved external symbol "public: unsigned char __thiscall DOWNSCAT_NAME_CLASS::read(void)" (?read@DOWNSCAT_NAME_CLASS@@QAEEXZ) referenced in function "void __cdecl startup(int)" (?startup@@YAXH@Z)
     1>vtextrac.obj : error LNK2019: unresolved external symbol "public: __thiscall COMPUTER_CLASS::COMPUTER_CLASS(void)" (??0COMPUTER_CLASS@@QAE@XZ) referenced in function "void __cdecl get_alarms(void)" (?get_alarms@@YAXXZ)
     1>vtextrac.obj : error LNK2019: unresolved external symbol "public: class STRING_CLASS & __thiscall COMPUTER_CLASS::name(void)" (?name@COMPUTER_CLASS@@QAEAAVSTRING_CLASS@@XZ) referenced in function "void __cdecl get_alarms(void)" (?get_alarms@@YAXXZ)
     1>vtextrac.obj : error LNK2019: unresolved external symbol "public: unsigned char __thiscall COMPUTER_CLASS::is_present(void)" (?is_present@COMPUTER_CLASS@@QAEEXZ) referenced in function "void __cdecl get_alarms(void)" (?get_alarms@@YAXXZ)
     1>vtextrac.obj : error LNK2019: unresolved external symbol "public: unsigned char __thiscall COMPUTER_CLASS::next(void)" (?next@COMPUTER_CLASS@@QAEEXZ) referenced in function "void __cdecl get_alarms(void)" (?get_alarms@@YAXXZ)
     1>vtextrac.obj : error LNK2019: unresolved external symbol "public: void __thiscall COMPUTER_CLASS::rewind(void)" (?rewind@COMPUTER_CLASS@@QAEXXZ) referenced in function "void __cdecl get_alarms(void)" (?get_alarms@@YAXXZ)
     1>vtextrac.obj : error LNK2019: unresolved external symbol "public: unsigned char __thiscall COMPUTER_CLASS::startup(void)" (?startup@COMPUTER_CLASS@@QAEEXZ) referenced in function "void __cdecl startup(int)" (?startup@@YAXH@Z)
     1>vtextrac.obj : error LNK2019: unresolved external symbol "public: __thiscall FILE_CLASS::FILE_CLASS(void)" (??0FILE_CLASS@@QAE@XZ) referenced in function "void __cdecl `dynamic initializer for 'DestFile''(void)" (??__EDestFile@@YAXXZ)
     1>vtextrac.obj : error LNK2019: unresolved external symbol "public: __thiscall FILE_CLASS::~FILE_CLASS(void)" (??1FILE_CLASS@@QAE@XZ) referenced in function "void __cdecl `dynamic atexit destructor for 'DestFile''(void)" (??__FDestFile@@YAXXZ)
     1>vtextrac.obj : error LNK2019: unresolved external symbol "public: void __thiscall FILE_CLASS::close(void)" (?close@FILE_CLASS@@QAEXXZ) referenced in function "void __cdecl read_downtimes(void)" (?read_downtimes@@YAXXZ)
     1>vtextrac.obj : error LNK2019: unresolved external symbol "public: unsigned char __thiscall FILE_CLASS::open_for_append(char *)" (?open_for_append@FILE_CLASS@@QAEEPAD@Z) referenced in function "bool __cdecl open_destfile(char *)" (?open_destfile@@YA_NPAD@Z)
     1>vtextrac.obj : error LNK2019: unresolved external symbol "public: unsigned char __thiscall FILE_CLASS::writeline(char *)" (?writeline@FILE_CLASS@@QAEEPAD@Z) referenced in function "void __cdecl write_downtime_record(class STRING_CLASS &,class STRING_CLASS &,class DOWNTIME_ENTRY &)" (?write_downtime_record@@YAXAAVSTRING_CLASS@@0AAVDOWNTIME_ENTRY@@@Z)
     1>vtextrac.obj : error LNK2019: unresolved external symbol "public: __thiscall LISTBOX_CLASS::~LISTBOX_CLASS(void)" (??1LISTBOX_CLASS@@QAE@XZ) referenced in function "void __cdecl `dynamic atexit destructor for 'Lb''(void)" (??__FLb@@YAXXZ)
     1>vtextrac.obj : error LNK2019: unresolved external symbol "public: int __thiscall LISTBOX_CLASS::add(char *)" (?add@LISTBOX_CLASS@@QAEHPAD@Z) referenced in function "void __cdecl read_downtimes(class STRING_CLASS &,class STRING_CLASS &)" (?read_downtimes@@YAXAAVSTRING_CLASS@@0@Z)
     1>vtextrac.obj : error LNK2019: unresolved external symbol "public: unsigned char __thiscall LISTBOX_CLASS::init(struct HWND__ *)" (?init@LISTBOX_CLASS@@QAEEPAUHWND__@@@Z) referenced in function "long __stdcall main_proc(struct HWND__ *,unsigned int,unsigned int,long)" (?main_proc@@YGJPAUHWND__@@IIJ@Z)
     1>vtextrac.obj : error LNK2019: unresolved external symbol "public: __thiscall MACHINE_NAME_LIST_CLASS::MACHINE_NAME_LIST_CLASS(void)" (??0MACHINE_NAME_LIST_CLASS@@QAE@XZ) referenced in function "void __cdecl `dynamic initializer for 'Machine''(void)" (??__EMachine@@YAXXZ)
     1>vtextrac.obj : error LNK2019: unresolved external symbol "public: __thiscall MACHINE_NAME_LIST_CLASS::~MACHINE_NAME_LIST_CLASS(void)" (??1MACHINE_NAME_LIST_CLASS@@QAE@XZ) referenced in function "void __cdecl `dynamic atexit destructor for 'Machine''(void)" (??__FMachine@@YAXXZ)
     1>vtextrac.obj : error LNK2019: unresolved external symbol "public: unsigned char __thiscall MACHINE_NAME_LIST_CLASS::add_computer(class STRING_CLASS &)" (?add_computer@MACHINE_NAME_LIST_CLASS@@QAEEAAVSTRING_CLASS@@@Z) referenced in function "void __cdecl get_alarms(void)" (?get_alarms@@YAXXZ)
     1>vtextrac.obj : error LNK2019: unresolved external symbol "public: unsigned char __thiscall MACHINE_NAME_LIST_CLASS::next(void)" (?next@MACHINE_NAME_LIST_CLASS@@QAEEXZ) referenced in function "void __cdecl read_downtimes(void)" (?read_downtimes@@YAXXZ)
     1>vtextrac.obj : error LNK2019: unresolved external symbol "public: class STRING_CLASS & __thiscall MACHINE_NAME_LIST_CLASS::name(void)" (?name@MACHINE_NAME_LIST_CLASS@@QAEAAVSTRING_CLASS@@XZ) referenced in function "void __cdecl read_downtimes(void)" (?read_downtimes@@YAXXZ)
     1>vtextrac.obj : error LNK2019: unresolved external symbol "public: class STRING_CLASS & __thiscall MACHINE_NAME_LIST_CLASS::computer_name(void)" (?computer_name@MACHINE_NAME_LIST_CLASS@@QAEAAVSTRING_CLASS@@XZ) referenced in function "void __cdecl read_downtimes(void)" (?read_downtimes@@YAXXZ)
     1>vtextrac.obj : error LNK2019: unresolved external symbol "public: __thiscall SETPOINT_CLASS::SETPOINT_CLASS(void)" (??0SETPOINT_CLASS@@QAE@XZ) referenced in function "void __cdecl read_downtimes(class STRING_CLASS &,class STRING_CLASS &)" (?read_downtimes@@YAXAAVSTRING_CLASS@@0@Z)
     1>vtextrac.obj : error LNK2019: unresolved external symbol "public: __thiscall SETPOINT_CLASS::~SETPOINT_CLASS(void)" (??1SETPOINT_CLASS@@QAE@XZ) referenced in function "void __cdecl read_downtimes(class STRING_CLASS &,class STRING_CLASS &)" (?read_downtimes@@YAXAAVSTRING_CLASS@@0@Z)
     1>vtextrac.obj : error LNK2019: unresolved external symbol "public: struct SETPOINT_ENTRY & __thiscall SETPOINT_CLASS::operator[](int)" (??ASETPOINT_CLASS@@QAEAAUSETPOINT_ENTRY@@H@Z) referenced in function "void __cdecl read_downtimes(class STRING_CLASS &,class STRING_CLASS &)" (?read_downtimes@@YAXAAVSTRING_CLASS@@0@Z)
     1>vtextrac.obj : error LNK2019: unresolved external symbol "public: int __thiscall SETPOINT_CLASS::get(class STRING_CLASS &)" (?get@SETPOINT_CLASS@@QAEHAAVSTRING_CLASS@@@Z) referenced in function "void __cdecl read_downtimes(class STRING_CLASS &,class STRING_CLASS &)" (?read_downtimes@@YAXAAVSTRING_CLASS@@0@Z)
     1>vtextrac.obj : error LNK2019: unresolved external symbol "public: __thiscall TEXT_LIST_CLASS::TEXT_LIST_CLASS(void)" (??0TEXT_LIST_CLASS@@QAE@XZ) referenced in function "void __cdecl read_alarmsums(void)" (?read_alarmsums@@YAXXZ)
     1>vtextrac.obj : error LNK2019: unresolved external symbol "public: __thiscall TEXT_LIST_CLASS::~TEXT_LIST_CLASS(void)" (??1TEXT_LIST_CLASS@@QAE@XZ) referenced in function "void __cdecl read_alarmsums(void)" (?read_alarmsums@@YAXXZ)
     1>vtextrac.obj : error LNK2019: unresolved external symbol "public: unsigned char __thiscall TEXT_LIST_CLASS::append(char *,long)" (?append@TEXT_LIST_CLASS@@QAEEPADJ@Z) referenced in function "public: unsigned char __thiscall TEXT_LIST_CLASS::append(char *)" (?append@TEXT_LIST_CLASS@@QAEEPAD@Z)
     1>vtextrac.obj : error LNK2019: unresolved external symbol "public: void __thiscall TEXT_LIST_CLASS::empty(void)" (?empty@TEXT_LIST_CLASS@@QAEXXZ) referenced in function "void __cdecl read_alarmsums(void)" (?read_alarmsums@@YAXXZ)
     1>vtextrac.obj : error LNK2019: unresolved external symbol "public: unsigned char __thiscall TEXT_LIST_CLASS::next(void)" (?next@TEXT_LIST_CLASS@@QAEEXZ) referenced in function "void __cdecl read_alarmsums(void)" (?read_alarmsums@@YAXXZ)
     1>vtextrac.obj : error LNK2019: unresolved external symbol "public: void __thiscall WINDOW_CLASS::show(int)" (?show@WINDOW_CLASS@@QAEXH@Z) referenced in function "void __cdecl startup(int)" (?startup@@YAXH@Z)
     1>vtextrac.obj : error LNK2019: unresolved external symbol "public: void __thiscall WINDOW_CLASS::post(unsigned int)" (?post@WINDOW_CLASS@@QAEXI@Z) referenced in function "unsigned long __cdecl update_thread(int *)" (?update_thread@@YAKPAH@Z)
     1>vtextrac.obj : error LNK2019: unresolved external symbol "public: void __thiscall WORKER_LIST_CLASS::cleanup(void)" (?cleanup@WORKER_LIST_CLASS@@QAEXXZ) referenced in function "public: __thiscall WORKER_LIST_CLASS::~WORKER_LIST_CLASS(void)" (??1WORKER_LIST_CLASS@@QAE@XZ)
     1>vtextrac.obj : error LNK2019: unresolved external symbol "public: unsigned char __thiscall WORKER_LIST_CLASS::find(char *)" (?find@WORKER_LIST_CLASS@@QAEEPAD@Z) referenced in function "void __cdecl write_downtime_record(class STRING_CLASS &,class STRING_CLASS &,class DOWNTIME_ENTRY &)" (?write_downtime_record@@YAXAAVSTRING_CLASS@@0AAVDOWNTIME_ENTRY@@@Z)
     1>vtextrac.obj : error LNK2019: unresolved external symbol "public: unsigned char __thiscall WORKER_LIST_CLASS::load(void)" (?load@WORKER_LIST_CLASS@@QAEEXZ) referenced in function "void __cdecl startup(int)" (?startup@@YAXH@Z)
     1>vtextrac.obj : error LNK2019: unresolved external symbol "public: char * __thiscall WORKER_LIST_CLASS::first_name(void)" (?first_name@WORKER_LIST_CLASS@@QAEPADXZ) referenced in function "void __cdecl write_downtime_record(class STRING_CLASS &,class STRING_CLASS &,class DOWNTIME_ENTRY &)" (?write_downtime_record@@YAXAAVSTRING_CLASS@@0AAVDOWNTIME_ENTRY@@@Z)
     1>vtextrac.obj : error LNK2019: unresolved external symbol "public: char * __thiscall WORKER_LIST_CLASS::last_name(void)" (?last_name@WORKER_LIST_CLASS@@QAEPADXZ) referenced in function "void __cdecl write_downtime_record(class STRING_CLASS &,class STRING_CLASS &,class DOWNTIME_ENTRY &)" (?write_downtime_record@@YAXAAVSTRING_CLASS@@0AAVDOWNTIME_ENTRY@@@Z)
     1>vtextrac.obj : error LNK2019: unresolved external symbol "void __cdecl copychars(char *,char const *,short)" (?copychars@@YAXPADPBDF@Z) referenced in function "void __cdecl write_downtime_record(class STRING_CLASS &,class STRING_CLASS &,class DOWNTIME_ENTRY &)" (?write_downtime_record@@YAXAAVSTRING_CLASS@@0AAVDOWNTIME_ENTRY@@@Z)
     1>vtextrac.obj : error LNK2019: unresolved external symbol "char * __cdecl copystring(char *,char const *)" (?copystring@@YAPADPADPBD@Z) referenced in function "void __cdecl write_downtime_record(class STRING_CLASS &,class STRING_CLASS &,class DOWNTIME_ENTRY &)" (?write_downtime_record@@YAXAAVSTRING_CLASS@@0AAVDOWNTIME_ENTRY@@@Z)
     1>vtextrac.obj : error LNK2019: unresolved external symbol "short __cdecl dow_from_string(char *)" (?dow_from_string@@YAFPAD@Z) referenced in function "void __cdecl get_shifts(void)" (?get_shifts@@YAXXZ)
     1>vtextrac.obj : error LNK2019: unresolved external symbol "char * __cdecl dynamic_file_name(class TIME_CLASS &,struct PART_NAME_ENTRY &,char const *)" (?dynamic_file_name@@YAPADAAVTIME_CLASS@@AAUPART_NAME_ENTRY@@PBD@Z) referenced in function "void __cdecl read_downtimes(void)" (?read_downtimes@@YAXXZ)
     1>vtextrac.obj : error LNK2019: unresolved external symbol "char const * __cdecl exe_directory(void)" (?exe_directory@@YAPBDXZ) referenced in function "void __cdecl read_alarmsums(void)" (?read_alarmsums@@YAXXZ)
     1>vtextrac.obj : error LNK2019: unresolved external symbol "unsigned char __cdecl get_partlist(class TEXT_LIST_CLASS &,class STRING_CLASS &,class STRING_CLASS &)" (?get_partlist@@YAEAAVTEXT_LIST_CLASS@@AAVSTRING_CLASS@@1@Z) referenced in function "void __cdecl read_alarmsums(void)" (?read_alarmsums@@YAXXZ)
     1>vtextrac.obj : error LNK2019: unresolved external symbol "unsigned char __cdecl get_time_class_from_db(class TIME_CLASS &,class DB_TABLE &,unsigned short)" (?get_time_class_from_db@@YAEAAVTIME_CLASS@@AAVDB_TABLE@@G@Z) referenced in function "public: bool __thiscall DOWNTIME_ENTRY::read(class DB_TABLE &)" (?read@DOWNTIME_ENTRY@@QAE_NAAVDB_TABLE@@@Z)
     1>vtextrac.obj : error LNK2019: unresolved external symbol "char * __cdecl findchar(char,char *)" (?findchar@@YAPADDPAD@Z) referenced in function "void __cdecl read_downtimes(void)" (?read_downtimes@@YAXXZ)
     1>vtextrac.obj : error LNK2019: unresolved external symbol "char * __cdecl findstring(char const *,char *)" (?findstring@@YAPADPBDPAD@Z) referenced in function "bool __cdecl make_downtime_record_format(char *)" (?make_downtime_record_format@@YA_NPAD@Z)
     1>vtextrac.obj : error LNK2019: unresolved external symbol "unsigned char __cdecl get_exe_directory(char *)" (?get_exe_directory@@YAEPAD@Z) referenced in function "void __cdecl gethelp(struct HWND__ *)" (?gethelp@@YAXPAUHWND__@@@Z)
     1>vtextrac.obj : error LNK2019: unresolved external symbol "char * __cdecl get_ini_string(char const *,char const *,char const *)" (?get_ini_string@@YAPADPBD00@Z) referenced in function "void __cdecl startup(int)" (?startup@@YAXH@Z)
     1>vtextrac.obj : error LNK2019: unresolved external symbol "unsigned char __cdecl is_numeric(char)" (?is_numeric@@YAED@Z) referenced in function "void __cdecl write_alarmsum_record(struct PART_NAME_ENTRY &,class ALARM_SUMMARY_CLASS &)" (?write_alarmsum_record@@YAXAAUPART_NAME_ENTRY@@AAVALARM_SUMMARY_CLASS@@@Z)
     1>vtextrac.obj : error LNK2019: unresolved external symbol "char * __cdecl maketext(long)" (?maketext@@YAPADJ@Z) referenced in function "char * __cdecl alarmsum_parameter_string(struct ALARM_COUNTS_ENTRY &)" (?alarmsum_parameter_string@@YAPADAAUALARM_COUNTS_ENTRY@@@Z)
     1>vtextrac.obj : error LNK2019: unresolved external symbol "char * __cdecl maketext(char const *)" (?maketext@@YAPADPBD@Z) referenced in function _WinMain@16
     1>vtextrac.obj : error LNK2019: unresolved external symbol "char * __cdecl nextstring(char *)" (?nextstring@@YAPADPAD@Z) referenced in function "void __cdecl write_downtime_record(class STRING_CLASS &,class STRING_CLASS &,class DOWNTIME_ENTRY &)" (?write_downtime_record@@YAXAAVSTRING_CLASS@@0AAVDOWNTIME_ENTRY@@@Z)
     1>vtextrac.obj : error LNK2019: unresolved external symbol "unsigned char __cdecl replace_char_with_null(char *,char)" (?replace_char_with_null@@YAEPADD@Z) referenced in function "void __cdecl write_downtime_record(class STRING_CLASS &,class STRING_CLASS &,class DOWNTIME_ENTRY &)" (?write_downtime_record@@YAXAAVSTRING_CLASS@@0AAVDOWNTIME_ENTRY@@@Z)
     1>vtextrac.obj : error LNK2019: unresolved external symbol "unsigned char __cdecl shifts_startup(void)" (?shifts_startup@@YAEXZ) referenced in function "void __cdecl startup(int)" (?startup@@YAXH@Z)
     1>vtextrac.obj : error LNK2019: unresolved external symbol "unsigned char __cdecl strings_are_equal(char const *,char const *,short)" (?strings_are_equal@@YAEPBD0F@Z) referenced in function "void __cdecl write_downtime_record(class STRING_CLASS &,class STRING_CLASS &,class DOWNTIME_ENTRY &)" (?write_downtime_record@@YAXAAVSTRING_CLASS@@0AAVDOWNTIME_ENTRY@@@Z)
     1>vtextrac.obj : error LNK2019: unresolved external symbol "void __cdecl strip(char *)" (?strip@@YAXPAD@Z) referenced in function "public: bool __thiscall DOWNTIME_ENTRY::read_names(class DB_TABLE &)" (?read_names@DOWNTIME_ENTRY@@QAE_NAAVDB_TABLE@@@Z)
     1>vtextrac.obj : error LNK2019: unresolved external symbol "unsigned char __cdecl unknown(char *)" (?unknown@@YAEPAD@Z) referenced in function "void __cdecl read_downtimes(void)" (?read_downtimes@@YAXXZ)
     1>vtextrac.obj : error LNK2019: unresolved external symbol "char * __cdecl unknown_string(void)" (?unknown_string@@YAPADXZ) referenced in function "void __cdecl read_downtimes(class STRING_CLASS &,class STRING_CLASS &)" (?read_downtimes@@YAXAAVSTRING_CLASS@@0@Z)
     1>vtextrac.obj : error LNK2019: unresolved external symbol "void __cdecl upper_case(char &)" (?upper_case@@YAXAAD@Z) referenced in function "void __cdecl startup(int)" (?startup@@YAXH@Z)
     1>vtextrac.obj : error LNK2019: unresolved external symbol "void __cdecl append_filename_to_path(char *,char const *)" (?append_filename_to_path@@YAXPADPBD@Z) referenced in function "void __cdecl gethelp(struct HWND__ *)" (?gethelp@@YAXPAUHWND__@@@Z)
     1>vtextrac.obj : error LNK2019: unresolved external symbol "unsigned char __cdecl dir_from_filename(char *)" (?dir_from_filename@@YAEPAD@Z) referenced in function "bool __cdecl open_destfile(char *)" (?open_destfile@@YA_NPAD@Z)
     1>vtextrac.obj : error LNK2019: unresolved external symbol "void __cdecl resource_message_box(struct HINSTANCE__ *,unsigned int,unsigned int)" (?resource_message_box@@YAXPAUHINSTANCE__@@II@Z) referenced in function "void __cdecl start_update_thread(void)" (?start_update_thread@@YAXXZ)
     1>vtextrac.obj : error LNK2019: unresolved external symbol "char * __cdecl resource_string(struct HINSTANCE__ *,unsigned int)" (?resource_string@@YAPADPAUHINSTANCE__@@I@Z) referenced in function "char * __cdecl resource_string(unsigned int)" (?resource_string@@YAPADI@Z)
     1>vtextrac.obj : error LNK2001: unresolved external symbol "private: static char * STRING_CLASS::emptystring" (?emptystring@STRING_CLASS@@0PADA)
     1>C:\Sources\Version8\truetrak\Debug\vtextrac.exe : fatal error LNK1120: 126 unresolved externals
     1>Done Building Project "C:\Sources\Version8\vtextrac\vtextrac.vcxproj" (Build target(s)) -- FAILED.

Build FAILED.

Time Elapsed 00:00:02.10
