Flow report for emc_chip_11010200
Fri Apr 13 10:50:19 2007
Version 5.1 Build 216 03/06/2006 Service Pack 2.01 SJ Full Version


---------------------
; Table of Contents ;
---------------------
  1. Legal Notice
  2. Flow Summary
  3. Flow Settings
  4. Flow Elapsed Time
  5. Flow Log



----------------
; Legal Notice ;
----------------
Copyright (C) 1991-2006 Altera Corporation
Your use of Altera Corporation's design tools, logic functions 
and other software and tools, and its AMPP partner logic 
functions, and any output files any of the foregoing 
(including device programming or simulation files), and any 
associated documentation or information are expressly subject 
to the terms and conditions of the Altera Program License 
Subscription Agreement, Altera MegaCore Function License 
Agreement, or other applicable license agreement, including, 
without limitation, that your use is for the sole purpose of 
programming logic devices manufactured by Altera and sold by 
Altera or its authorized distributors.  Please refer to the 
applicable agreement for further details.



+----------------------------------------------------------------------------+
; Flow Summary                                                               ;
+-------------------------+--------------------------------------------------+
; Flow Status             ; Successful - Fri Apr 13 10:50:19 2007            ;
; Quartus II Version      ; 5.1 Build 216 03/06/2006 SP 2.01 SJ Full Version ;
; Revision Name           ; emc_chip_11010200                                ;
; Top-level Entity Name   ; top_level                                        ;
; Family                  ; APEX20KE                                         ;
; Device                  ; EP20K200EFC484-1                                 ;
; Timing Models           ; Final                                            ;
; Met timing requirements ; Yes                                              ;
; Total logic elements    ; 7,965 / 8,320 ( 96 % )                           ;
; Total pins              ; 200 / 376 ( 53 % )                               ;
; Total virtual pins      ; 0                                                ;
; Total memory bits       ; 73,360 / 106,496 ( 69 % )                        ;
; Total PLLs              ; 0                                                ;
+-------------------------+--------------------------------------------------+


+-----------------------------------------+
; Flow Settings                           ;
+-------------------+---------------------+
; Option            ; Setting             ;
+-------------------+---------------------+
; Start date & time ; 04/13/2007 10:34:01 ;
; Main task         ; Compilation         ;
; Revision Name     ; emc_chip_11010200   ;
+-------------------+---------------------+


+-------------------------------------+
; Flow Elapsed Time                   ;
+----------------------+--------------+
; Module Name          ; Elapsed Time ;
+----------------------+--------------+
; Analysis & Synthesis ; 00:02:58     ;
; Fitter               ; 00:12:44     ;
; Assembler            ; 00:00:05     ;
; Timing Analyzer      ; 00:00:25     ;
; Total                ; 00:16:12     ;
+----------------------+--------------+


------------
; Flow Log ;
------------
quartus_map --read_settings_files=on --write_settings_files=off emc_chip_10010100 -c emc_chip_11010200
quartus_fit --read_settings_files=off --write_settings_files=off emc_chip_10010100 -c emc_chip_11010200
quartus_asm --read_settings_files=off --write_settings_files=off emc_chip_10010100 -c emc_chip_11010200
quartus_tan --read_settings_files=off --write_settings_files=off emc_chip_10010100 -c emc_chip_11010200



