Build started 5/15/25 12:18:34 AM.
     1>Project "C:\Sources\Version8\dsbackup\dsbackup.vcxproj" on node 3 (Build target(s)).
     1>ClCompile:
         C:\Program Files (x86)\Microsoft Visual Studio 12.0\VC\bin\CL.exe /c /Zi /nologo /W3 /WX- /Od /Oy- /D WIN32 /D _DEBUG /D _WINDOWS /Gm /EHsc /RTC1 /MDd /GS /fp:precise /Zc:wchar_t /Zc:forScope /Fo"Debug\\" /Fd"Debug\vc120.pdb" /Gd /TP /analyze- /errorReport:prompt backupcl.cpp dsbackup.cpp global_file_settings.cpp
         global_file_settings.cpp
         dsbackup.cpp
         backupcl.cpp
         Generating Code...
       ResourceCompile:
         C:\Program Files (x86)\Windows Kits\8.1\bin\x86\rc.exe /l"0x0409" /nologo /fo"Debug\DsBackup.res" DsBackup.rc 
       Link:
         C:\Program Files (x86)\Microsoft Visual Studio 12.0\VC\bin\link.exe /ERRORREPORT:PROMPT /OUT:"C:\Sources\Version8\truetrak\Debug\dsbackup.exe" /INCREMENTAL /NOLOGO kernel32.lib user32.lib gdi32.lib winspool.lib comdlg32.lib advapi32.lib shell32.lib ole32.lib oleaut32.lib uuid.lib odbc32.lib odbccp32.lib /MANIFEST /MANIFESTUAC:"level='asInvoker' uiAccess='false'" /manifest:embed /DEBUG /PDB:"C:\Sources\Version8\truetrak\Debug\dsbackup.pdb" /SUBSYSTEM:WINDOWS /TLBID:1 /DYNAMICBASE /NXCOMPAT /IMPLIB:"C:\Sources\Version8\truetrak\Debug\dsbackup.lib" /MACHINE:X86 Debug\DsBackup.res
         Debug\backupcl.obj
         Debug\dsbackup.obj
         Debug\global_file_settings.obj
     1>backupcl.obj : error LNK2019: unresolved external symbol "unsigned char __cdecl create_directory(char *)" (?create_directory@@YAEPAD@Z) referenced in function "void __cdecl save_network_shotparm(struct PART_NAME_ENTRY &,class VDB_CLASS &)" (?save_network_shotparm@@YAXAAUPART_NAME_ENTRY@@AAVVDB_CLASS@@@Z)
     1>backupcl.obj : error LNK2019: unresolved external symbol "unsigned char __cdecl directory_exists(char *)" (?directory_exists@@YAEPAD@Z) referenced in function "public: unsigned char __thiscall NAME_CLASS::directory_exists(void)" (?directory_exists@NAME_CLASS@@QAEEXZ)
     1>backupcl.obj : error LNK2019: unresolved external symbol "unsigned char __cdecl empty_directory(char *)" (?empty_directory@@YAEPAD@Z) referenced in function "public: unsigned char __thiscall NAME_CLASS::empty_directory(void)" (?empty_directory@NAME_CLASS@@QAEEXZ)
     1>backupcl.obj : error LNK2019: unresolved external symbol "unsigned char __cdecl file_exists(char *)" (?file_exists@@YAEPAD@Z) referenced in function "public: unsigned char __thiscall NAME_CLASS::file_exists(void)" (?file_exists@NAME_CLASS@@QAEEXZ)
     1>backupcl.obj : error LNK2019: unresolved external symbol "long __cdecl file_size(char *)" (?file_size@@YAJPAD@Z) referenced in function "public: int __thiscall NAME_CLASS::file_size(void)" (?file_size@NAME_CLASS@@QAEHXZ)
     1>backupcl.obj : error LNK2019: unresolved external symbol "long __cdecl asctoint32(char const *)" (?asctoint32@@YAJPBD@Z) referenced in function "void __cdecl save_network_shotparm(struct PART_NAME_ENTRY &,class VDB_CLASS &)" (?save_network_shotparm@@YAXAAUPART_NAME_ENTRY@@AAVVDB_CLASS@@@Z)
     1>dsbackup.obj : error LNK2001: unresolved external symbol "long __cdecl asctoint32(char const *)" (?asctoint32@@YAJPBD@Z)
     1>backupcl.obj : error LNK2019: unresolved external symbol "char * __cdecl int32toasc(long)" (?int32toasc@@YAPADJ@Z) referenced in function "public: char * __thiscall DS_SAVE_COUNTS::text(void)" (?text@DS_SAVE_COUNTS@@QAEPADXZ)
     1>dsbackup.obj : error LNK2001: unresolved external symbol "char * __cdecl int32toasc(long)" (?int32toasc@@YAPADJ@Z)
     1>backupcl.obj : error LNK2019: unresolved external symbol "public: __thiscall STRING_CLASS::STRING_CLASS(void)" (??0STRING_CLASS@@QAE@XZ) referenced in function "public: unsigned char __thiscall DS_SAVE_COUNTS::need_to_save(class SHOT_CLASS)" (?need_to_save@DS_SAVE_COUNTS@@QAEEVSHOT_CLASS@@@Z)
     1>dsbackup.obj : error LNK2001: unresolved external symbol "public: __thiscall STRING_CLASS::STRING_CLASS(void)" (??0STRING_CLASS@@QAE@XZ)
     1>global_file_settings.obj : error LNK2001: unresolved external symbol "public: __thiscall STRING_CLASS::STRING_CLASS(void)" (??0STRING_CLASS@@QAE@XZ)
     1>backupcl.obj : error LNK2019: unresolved external symbol "public: __thiscall STRING_CLASS::STRING_CLASS(class STRING_CLASS const &)" (??0STRING_CLASS@@QAE@ABV0@@Z) referenced in function "public: void __thiscall DS_BACKUP_ENTRY::copy_parameters(class SHOT_CLASS &)" (?copy_parameters@DS_BACKUP_ENTRY@@QAEXAAVSHOT_CLASS@@@Z)
     1>backupcl.obj : error LNK2019: unresolved external symbol "public: __thiscall STRING_CLASS::~STRING_CLASS(void)" (??1STRING_CLASS@@QAE@XZ) referenced in function "public: unsigned char __thiscall DS_SAVE_COUNTS::need_to_save(class SHOT_CLASS)" (?need_to_save@DS_SAVE_COUNTS@@QAEEVSHOT_CLASS@@@Z)
     1>dsbackup.obj : error LNK2001: unresolved external symbol "public: __thiscall STRING_CLASS::~STRING_CLASS(void)" (??1STRING_CLASS@@QAE@XZ)
     1>global_file_settings.obj : error LNK2001: unresolved external symbol "public: __thiscall STRING_CLASS::~STRING_CLASS(void)" (??1STRING_CLASS@@QAE@XZ)
     1>backupcl.obj : error LNK2019: unresolved external symbol "public: unsigned char __thiscall STRING_CLASS::isempty(void)" (?isempty@STRING_CLASS@@QAEEXZ) referenced in function "public: void __thiscall DS_BACKUP_ENTRY::zip_shot_data(void)" (?zip_shot_data@DS_BACKUP_ENTRY@@QAEXXZ)
     1>dsbackup.obj : error LNK2001: unresolved external symbol "public: unsigned char __thiscall STRING_CLASS::isempty(void)" (?isempty@STRING_CLASS@@QAEEXZ)
     1>global_file_settings.obj : error LNK2001: unresolved external symbol "public: unsigned char __thiscall STRING_CLASS::isempty(void)" (?isempty@STRING_CLASS@@QAEEXZ)
     1>backupcl.obj : error LNK2019: unresolved external symbol "public: int __thiscall STRING_CLASS::compare(char *)" (?compare@STRING_CLASS@@QAEHPAD@Z) referenced in function "public: int __thiscall STRING_CLASS::compare(class STRING_CLASS &)" (?compare@STRING_CLASS@@QAEHAAV1@@Z)
     1>backupcl.obj : error LNK2019: unresolved external symbol "public: long __thiscall STRING_CLASS::len(void)" (?len@STRING_CLASS@@QAEJXZ) referenced in function "unsigned char __cdecl change_to_mirror_path(class NAME_CLASS &,class NAME_CLASS &)" (?change_to_mirror_path@@YAEAAVNAME_CLASS@@0@Z)
     1>dsbackup.obj : error LNK2001: unresolved external symbol "public: long __thiscall STRING_CLASS::len(void)" (?len@STRING_CLASS@@QAEJXZ)
     1>backupcl.obj : error LNK2019: unresolved external symbol "public: void __thiscall STRING_CLASS::operator=(char const *)" (??4STRING_CLASS@@QAEXPBD@Z) referenced in function "public: unsigned char __thiscall DS_BACKUP_ENTRY::read(void)" (?read@DS_BACKUP_ENTRY@@QAEEXZ)
     1>dsbackup.obj : error LNK2001: unresolved external symbol "public: void __thiscall STRING_CLASS::operator=(char const *)" (??4STRING_CLASS@@QAEXPBD@Z)
     1>global_file_settings.obj : error LNK2001: unresolved external symbol "public: void __thiscall STRING_CLASS::operator=(char const *)" (??4STRING_CLASS@@QAEXPBD@Z)
     1>backupcl.obj : error LNK2019: unresolved external symbol "public: void __thiscall STRING_CLASS::operator=(class STRING_CLASS const &)" (??4STRING_CLASS@@QAEXABV0@@Z) referenced in function "public: void __thiscall DS_BACKUP_ENTRY::operator=(class DS_BACKUP_ENTRY const &)" (??4DS_BACKUP_ENTRY@@QAEXABV0@@Z)
     1>dsbackup.obj : error LNK2001: unresolved external symbol "public: void __thiscall STRING_CLASS::operator=(class STRING_CLASS const &)" (??4STRING_CLASS@@QAEXABV0@@Z)
     1>global_file_settings.obj : error LNK2001: unresolved external symbol "public: void __thiscall STRING_CLASS::operator=(class STRING_CLASS const &)" (??4STRING_CLASS@@QAEXABV0@@Z)
     1>backupcl.obj : error LNK2019: unresolved external symbol "public: void __thiscall STRING_CLASS::operator=(int)" (??4STRING_CLASS@@QAEXH@Z) referenced in function "public: unsigned char __thiscall DS_BACKUP_ENTRY::read(void)" (?read@DS_BACKUP_ENTRY@@QAEEXZ)
     1>backupcl.obj : error LNK2019: unresolved external symbol "public: void __thiscall STRING_CLASS::operator+=(char)" (??YSTRING_CLASS@@QAEXD@Z) referenced in function "void __cdecl show_semaphore_error(struct PART_NAME_ENTRY &)" (?show_semaphore_error@@YAXAAUPART_NAME_ENTRY@@@Z)
     1>dsbackup.obj : error LNK2001: unresolved external symbol "public: void __thiscall STRING_CLASS::operator+=(char)" (??YSTRING_CLASS@@QAEXD@Z)
     1>backupcl.obj : error LNK2019: unresolved external symbol "public: void __thiscall STRING_CLASS::operator+=(char const *)" (??YSTRING_CLASS@@QAEXPBD@Z) referenced in function "void __cdecl show_semaphore_error(struct PART_NAME_ENTRY &)" (?show_semaphore_error@@YAXAAUPART_NAME_ENTRY@@@Z)
     1>dsbackup.obj : error LNK2001: unresolved external symbol "public: void __thiscall STRING_CLASS::operator+=(char const *)" (??YSTRING_CLASS@@QAEXPBD@Z)
     1>backupcl.obj : error LNK2019: unresolved external symbol "public: void __thiscall STRING_CLASS::operator+=(class STRING_CLASS const &)" (??YSTRING_CLASS@@QAEXABV0@@Z) referenced in function "void __cdecl show_semaphore_error(struct PART_NAME_ENTRY &)" (?show_semaphore_error@@YAXAAUPART_NAME_ENTRY@@@Z)
     1>dsbackup.obj : error LNK2001: unresolved external symbol "public: void __thiscall STRING_CLASS::operator+=(class STRING_CLASS const &)" (??YSTRING_CLASS@@QAEXABV0@@Z)
     1>backupcl.obj : error LNK2019: unresolved external symbol "public: void __thiscall STRING_CLASS::operator+=(int)" (??YSTRING_CLASS@@QAEXH@Z) referenced in function "public: void __thiscall NAME_CLASS::operator+=(int)" (??YNAME_CLASS@@QAEXH@Z)
     1>backupcl.obj : error LNK2019: unresolved external symbol "public: unsigned char __thiscall STRING_CLASS::operator<(class STRING_CLASS const &)" (??MSTRING_CLASS@@QAEEABV0@@Z) referenced in function "public: void __thiscall DS_BACKUP_ENTRY::check_for_new_shot(char *)" (?check_for_new_shot@DS_BACKUP_ENTRY@@QAEXPAD@Z)
     1>backupcl.obj : error LNK2019: unresolved external symbol "public: unsigned char __thiscall STRING_CLASS::operator>(class STRING_CLASS const &)" (??OSTRING_CLASS@@QAEEABV0@@Z) referenced in function "public: void __thiscall DS_BACKUP_ENTRY::copy_profiles(class SHOT_CLASS &)" (?copy_profiles@DS_BACKUP_ENTRY@@QAEXAAVSHOT_CLASS@@@Z)
     1>backupcl.obj : error LNK2019: unresolved external symbol "public: unsigned char __thiscall STRING_CLASS::operator==(char const *)" (??8STRING_CLASS@@QAEEPBD@Z) referenced in function "public: void __thiscall DS_BACKUP_ENTRY::zip_all_data(void)" (?zip_all_data@DS_BACKUP_ENTRY@@QAEXXZ)
     1>global_file_settings.obj : error LNK2001: unresolved external symbol "public: unsigned char __thiscall STRING_CLASS::operator==(char const *)" (??8STRING_CLASS@@QAEEPBD@Z)
     1>backupcl.obj : error LNK2019: unresolved external symbol "public: void __thiscall STRING_CLASS::cat_path(char const *)" (?cat_path@STRING_CLASS@@QAEXPBD@Z) referenced in function "void __cdecl get_zip_file_path(class NAME_CLASS &,char const *,int)" (?get_zip_file_path@@YAXAAVNAME_CLASS@@PBDH@Z)
     1>dsbackup.obj : error LNK2001: unresolved external symbol "public: void __thiscall STRING_CLASS::cat_path(char const *)" (?cat_path@STRING_CLASS@@QAEXPBD@Z)
     1>backupcl.obj : error LNK2019: unresolved external symbol "public: bool __thiscall STRING_CLASS::get_text(struct HWND__ *)" (?get_text@STRING_CLASS@@QAE_NPAUHWND__@@@Z) referenced in function "public: bool __thiscall STRING_CLASS::get_text(struct HWND__ *,int)" (?get_text@STRING_CLASS@@QAE_NPAUHWND__@@H@Z)
     1>global_file_settings.obj : error LNK2001: unresolved external symbol "public: bool __thiscall STRING_CLASS::get_text(struct HWND__ *)" (?get_text@STRING_CLASS@@QAE_NPAUHWND__@@@Z)
     1>backupcl.obj : error LNK2019: unresolved external symbol "public: void __thiscall STRING_CLASS::null(void)" (?null@STRING_CLASS@@QAEXXZ) referenced in function "public: void __thiscall DS_BACKUP_ENTRY::start_new_part(char *)" (?start_new_part@DS_BACKUP_ENTRY@@QAEXPAD@Z)
     1>backupcl.obj : error LNK2019: unresolved external symbol "public: unsigned char __thiscall STRING_CLASS::replace(char const *,char const *)" (?replace@STRING_CLASS@@QAEEPBD0@Z) referenced in function "class NAME_CLASS & __cdecl shot_data_zip_file_name(class STRING_CLASS &,struct PART_NAME_ENTRY &)" (?shot_data_zip_file_name@@YAAAVNAME_CLASS@@AAVSTRING_CLASS@@AAUPART_NAME_ENTRY@@@Z)
     1>backupcl.obj : error LNK2019: unresolved external symbol "public: bool __thiscall STRING_CLASS::set_text(struct HWND__ *)" (?set_text@STRING_CLASS@@QAE_NPAUHWND__@@@Z) referenced in function "public: unsigned char __thiscall STRING_CLASS::set_text(struct HWND__ *,int)" (?set_text@STRING_CLASS@@QAEEPAUHWND__@@H@Z)
     1>global_file_settings.obj : error LNK2001: unresolved external symbol "public: bool __thiscall STRING_CLASS::set_text(struct HWND__ *)" (?set_text@STRING_CLASS@@QAE_NPAUHWND__@@@Z)
     1>backupcl.obj : error LNK2019: unresolved external symbol "public: unsigned char __thiscall STRING_CLASS::upsize(long)" (?upsize@STRING_CLASS@@QAEEJ@Z) referenced in function "unsigned char __cdecl change_to_mirror_path(class NAME_CLASS &,class NAME_CLASS &)" (?change_to_mirror_path@@YAEAAVNAME_CLASS@@0@Z)
     1>dsbackup.obj : error LNK2001: unresolved external symbol "public: unsigned char __thiscall STRING_CLASS::upsize(long)" (?upsize@STRING_CLASS@@QAEEJ@Z)
     1>backupcl.obj : error LNK2019: unresolved external symbol "public: unsigned char __thiscall NAME_CLASS::copyto(class STRING_CLASS &)" (?copyto@NAME_CLASS@@QAEEAAVSTRING_CLASS@@@Z) referenced in function "public: void __thiscall DS_BACKUP_ENTRY::zip_shot_data(void)" (?zip_shot_data@DS_BACKUP_ENTRY@@QAEXXZ)
     1>backupcl.obj : error LNK2019: unresolved external symbol "public: unsigned char __thiscall NAME_CLASS::get_data_dir_file_name(class STRING_CLASS &,char const *)" (?get_data_dir_file_name@NAME_CLASS@@QAEEAAVSTRING_CLASS@@PBD@Z) referenced in function "bool __cdecl copy_machine_directory(class STRING_CLASS,class STRING_CLASS,class STRING_CLASS,class STRING_CLASS)" (?copy_machine_directory@@YA_NVSTRING_CLASS@@000@Z)
     1>backupcl.obj : error LNK2019: unresolved external symbol "public: unsigned char __thiscall NAME_CLASS::get_extension(char *)" (?get_extension@NAME_CLASS@@QAEEPAD@Z) referenced in function "void __cdecl save_network_shotparm(struct PART_NAME_ENTRY &,class VDB_CLASS &)" (?save_network_shotparm@@YAXAAUPART_NAME_ENTRY@@AAVVDB_CLASS@@@Z)
     1>backupcl.obj : error LNK2019: unresolved external symbol "public: unsigned char __thiscall NAME_CLASS::get_machine_dir_file_name(class STRING_CLASS &,class STRING_CLASS &,char const *)" (?get_machine_dir_file_name@NAME_CLASS@@QAEEAAVSTRING_CLASS@@0PBD@Z) referenced in function "public: void __thiscall DS_BACKUP_ENTRY::zip_shot_data(void)" (?zip_shot_data@DS_BACKUP_ENTRY@@QAEXXZ)
     1>backupcl.obj : error LNK2019: unresolved external symbol "public: unsigned char __thiscall NAME_CLASS::moveto(class STRING_CLASS &)" (?moveto@NAME_CLASS@@QAEEAAVSTRING_CLASS@@@Z) referenced in function "void __cdecl save_network_shotparm(struct PART_NAME_ENTRY &,class VDB_CLASS &)" (?save_network_shotparm@@YAXAAUPART_NAME_ENTRY@@AAVVDB_CLASS@@@Z)
     1>backupcl.obj : error LNK2019: unresolved external symbol "public: unsigned char __thiscall NAME_CLASS::get_part_dir_file_name(class STRING_CLASS &,class STRING_CLASS &,class STRING_CLASS &,char const *)" (?get_part_dir_file_name@NAME_CLASS@@QAEEAAVSTRING_CLASS@@00PBD@Z) referenced in function "public: unsigned char __thiscall DS_BACKUP_ENTRY::read_part_config(void)" (?read_part_config@DS_BACKUP_ENTRY@@QAEEXZ)
     1>backupcl.obj : error LNK2019: unresolved external symbol "public: unsigned char __thiscall NAME_CLASS::get_part_results_dir_file_name(class STRING_CLASS &,class STRING_CLASS &,class STRING_CLASS &,char const *)" (?get_part_results_dir_file_name@NAME_CLASS@@QAEEAAVSTRING_CLASS@@00PBD@Z) referenced in function "public: unsigned char __thiscall NAME_CLASS::get_alarmsum_dbname(class STRING_CLASS &,class STRING_CLASS &,class STRING_CLASS &)" (?get_alarmsum_dbname@NAME_CLASS@@QAEEAAVSTRING_CLASS@@00@Z)
     1>backupcl.obj : error LNK2019: unresolved external symbol "public: unsigned char __thiscall NAME_CLASS::get_profile_name(class STRING_CLASS &,class STRING_CLASS &,class STRING_CLASS &,char const *,char const *)" (?get_profile_name@NAME_CLASS@@QAEEAAVSTRING_CLASS@@00PBD1@Z) referenced in function "public: unsigned char __thiscall NAME_CLASS::get_master_ii_name(class STRING_CLASS &,class STRING_CLASS &,class STRING_CLASS &)" (?get_master_ii_name@NAME_CLASS@@QAEEAAVSTRING_CLASS@@00@Z)
     1>backupcl.obj : error LNK2019: unresolved external symbol "public: unsigned char __thiscall NAME_CLASS::get_machine_results_dir_file_name(class STRING_CLASS &,class STRING_CLASS &,char const *)" (?get_machine_results_dir_file_name@NAME_CLASS@@QAEEAAVSTRING_CLASS@@0PBD@Z) referenced in function "public: unsigned char __thiscall NAME_CLASS::get_downtime_dbname(class STRING_CLASS &,class STRING_CLASS &)" (?get_downtime_dbname@NAME_CLASS@@QAEEAAVSTRING_CLASS@@0@Z)
     1>backupcl.obj : error LNK2019: unresolved external symbol "public: unsigned char __thiscall NAME_CLASS::get_exe_dir_file_name(char const *)" (?get_exe_dir_file_name@NAME_CLASS@@QAEEPBD@Z) referenced in function "public: void __thiscall DS_BACKUP_ENTRY::zip_shot_data(void)" (?zip_shot_data@DS_BACKUP_ENTRY@@QAEXXZ)
     1>dsbackup.obj : error LNK2001: unresolved external symbol "public: unsigned char __thiscall NAME_CLASS::get_exe_dir_file_name(char const *)" (?get_exe_dir_file_name@NAME_CLASS@@QAEEPBD@Z)
     1>backupcl.obj : error LNK2019: unresolved external symbol "public: unsigned char __thiscall NAME_CLASS::get_root_name(class STRING_CLASS &)" (?get_root_name@NAME_CLASS@@QAEEAAVSTRING_CLASS@@@Z) referenced in function "public: void __thiscall DS_BACKUP_CLASS::load(void)" (?load@DS_BACKUP_CLASS@@QAEXXZ)
     1>backupcl.obj : error LNK2019: unresolved external symbol "public: __thiscall DB_TABLE::DB_TABLE(void)" (??0DB_TABLE@@QAE@XZ) referenced in function "public: void __thiscall DS_BACKUP_ENTRY::start_new_part(char *)" (?start_new_part@DS_BACKUP_ENTRY@@QAEXPAD@Z)
     1>backupcl.obj : error LNK2019: unresolved external symbol "public: __thiscall DB_TABLE::~DB_TABLE(void)" (??1DB_TABLE@@QAE@XZ) referenced in function "public: void __thiscall DS_BACKUP_ENTRY::start_new_part(char *)" (?start_new_part@DS_BACKUP_ENTRY@@QAEXPAD@Z)
     1>backupcl.obj : error LNK2019: unresolved external symbol "public: void __thiscall DB_TABLE::close(void)" (?close@DB_TABLE@@QAEXXZ) referenced in function "public: void __thiscall DS_BACKUP_ENTRY::start_new_part(char *)" (?start_new_part@DS_BACKUP_ENTRY@@QAEXPAD@Z)
     1>backupcl.obj : error LNK2019: unresolved external symbol "public: unsigned char __thiscall DB_TABLE::copy_rec(class DB_TABLE &)" (?copy_rec@DB_TABLE@@QAEEAAV1@@Z) referenced in function "public: void __thiscall DS_BACKUP_ENTRY::check_for_new_downtime(void)" (?check_for_new_downtime@DS_BACKUP_ENTRY@@QAEXXZ)
     1>backupcl.obj : error LNK2019: unresolved external symbol "public: unsigned char __thiscall DB_TABLE::create(char *)" (?create@DB_TABLE@@QAEEPAD@Z) referenced in function "public: unsigned char __thiscall DB_TABLE::create(class STRING_CLASS &)" (?create@DB_TABLE@@QAEEAAVSTRING_CLASS@@@Z)
     1>backupcl.obj : error LNK2019: unresolved external symbol "public: unsigned short __thiscall DB_TABLE::field_offset(int)" (?field_offset@DB_TABLE@@QAEGH@Z) referenced in function "public: void __thiscall DS_BACKUP_ENTRY::copy_profiles(class SHOT_CLASS &)" (?copy_profiles@DS_BACKUP_ENTRY@@QAEXAAVSHOT_CLASS@@@Z)
     1>backupcl.obj : error LNK2019: unresolved external symbol "public: unsigned char __thiscall DB_TABLE::get_current_record(unsigned char)" (?get_current_record@DB_TABLE@@QAEEE@Z) referenced in function "public: void __thiscall DS_BACKUP_ENTRY::start_new_part(char *)" (?start_new_part@DS_BACKUP_ENTRY@@QAEXPAD@Z)
     1>backupcl.obj : error LNK2019: unresolved external symbol "public: long __thiscall DB_TABLE::get_long(unsigned short)" (?get_long@DB_TABLE@@QAEJG@Z) referenced in function "public: short __thiscall DB_TABLE::get_short(unsigned short)" (?get_short@DB_TABLE@@QAEFG@Z)
     1>backupcl.obj : error LNK2019: unresolved external symbol "public: unsigned char __thiscall DB_TABLE::get_next_record(unsigned char)" (?get_next_record@DB_TABLE@@QAEEE@Z) referenced in function "public: void __thiscall DS_BACKUP_ENTRY::copy_profiles(class SHOT_CLASS &)" (?copy_profiles@DS_BACKUP_ENTRY@@QAEXAAVSHOT_CLASS@@@Z)
     1>backupcl.obj : error LNK2019: unresolved external symbol "public: unsigned char __thiscall DB_TABLE::goto_first_greater_than_record(short)" (?goto_first_greater_than_record@DB_TABLE@@QAEEF@Z) referenced in function "public: void __thiscall DS_BACKUP_ENTRY::copy_profiles(class SHOT_CLASS &)" (?copy_profiles@DS_BACKUP_ENTRY@@QAEXAAVSHOT_CLASS@@@Z)
     1>backupcl.obj : error LNK2019: unresolved external symbol "public: unsigned char __thiscall DB_TABLE::goto_record_number(long)" (?goto_record_number@DB_TABLE@@QAEEJ@Z) referenced in function "public: void __thiscall DS_BACKUP_ENTRY::start_new_part(char *)" (?start_new_part@DS_BACKUP_ENTRY@@QAEXPAD@Z)
     1>backupcl.obj : error LNK2019: unresolved external symbol "public: unsigned char __thiscall DB_TABLE::is_alpha(int)" (?is_alpha@DB_TABLE@@QAEEH@Z) referenced in function "public: void __thiscall DS_BACKUP_ENTRY::copy_profiles(class SHOT_CLASS &)" (?copy_profiles@DS_BACKUP_ENTRY@@QAEXAAVSHOT_CLASS@@@Z)
     1>backupcl.obj : error LNK2019: unresolved external symbol "public: unsigned long __thiscall DB_TABLE::nof_recs(void)" (?nof_recs@DB_TABLE@@QAEKXZ) referenced in function "public: void __thiscall DS_BACKUP_ENTRY::start_new_part(char *)" (?start_new_part@DS_BACKUP_ENTRY@@QAEXPAD@Z)
     1>backupcl.obj : error LNK2019: unresolved external symbol "public: unsigned char __thiscall DB_TABLE::open(char *,short,short)" (?open@DB_TABLE@@QAEEPADFF@Z) referenced in function "public: unsigned char __thiscall DB_TABLE::open(class STRING_CLASS &,short,short)" (?open@DB_TABLE@@QAEEAAVSTRING_CLASS@@FF@Z)
     1>backupcl.obj : error LNK2019: unresolved external symbol "public: unsigned char __thiscall DB_TABLE::put_alpha(unsigned short,char const *,short)" (?put_alpha@DB_TABLE@@QAEEGPBDF@Z) referenced in function "public: unsigned char __thiscall DB_TABLE::put_alpha(unsigned short,class STRING_CLASS &,short)" (?put_alpha@DB_TABLE@@QAEEGAAVSTRING_CLASS@@F@Z)
     1>backupcl.obj : error LNK2019: unresolved external symbol "public: unsigned char __thiscall DB_TABLE::put_alpha(int,class STRING_CLASS &)" (?put_alpha@DB_TABLE@@QAEEHAAVSTRING_CLASS@@@Z) referenced in function "public: void __thiscall DS_BACKUP_ENTRY::copy_profiles(class SHOT_CLASS &)" (?copy_profiles@DS_BACKUP_ENTRY@@QAEXAAVSHOT_CLASS@@@Z)
     1>backupcl.obj : error LNK2019: unresolved external symbol "public: unsigned char __thiscall DB_TABLE::put_date(unsigned short,struct _SYSTEMTIME const &)" (?put_date@DB_TABLE@@QAEEGABU_SYSTEMTIME@@@Z) referenced in function "public: void __thiscall DS_BACKUP_ENTRY::copy_profiles(class SHOT_CLASS &)" (?copy_profiles@DS_BACKUP_ENTRY@@QAEXAAVSHOT_CLASS@@@Z)
     1>backupcl.obj : error LNK2019: unresolved external symbol "public: unsigned char __thiscall DB_TABLE::put_long(unsigned short,long,short)" (?put_long@DB_TABLE@@QAEEGJF@Z) referenced in function "public: void __thiscall DS_BACKUP_ENTRY::copy_profiles(class SHOT_CLASS &)" (?copy_profiles@DS_BACKUP_ENTRY@@QAEXAAVSHOT_CLASS@@@Z)
     1>backupcl.obj : error LNK2019: unresolved external symbol "public: unsigned char __thiscall DB_TABLE::put_time(unsigned short,struct _SYSTEMTIME &)" (?put_time@DB_TABLE@@QAEEGAAU_SYSTEMTIME@@@Z) referenced in function "public: void __thiscall DS_BACKUP_ENTRY::copy_profiles(class SHOT_CLASS &)" (?copy_profiles@DS_BACKUP_ENTRY@@QAEXAAVSHOT_CLASS@@@Z)
     1>backupcl.obj : error LNK2019: unresolved external symbol "public: unsigned char __thiscall DB_TABLE::rec_append(void)" (?rec_append@DB_TABLE@@QAEEXZ) referenced in function "public: void __thiscall DS_BACKUP_ENTRY::copy_profiles(class SHOT_CLASS &)" (?copy_profiles@DS_BACKUP_ENTRY@@QAEXAAVSHOT_CLASS@@@Z)
     1>backupcl.obj : error LNK2019: unresolved external symbol "public: __thiscall PART_NAME_ENTRY::PART_NAME_ENTRY(void)" (??0PART_NAME_ENTRY@@QAE@XZ) referenced in function "public: __thiscall DS_BACKUP_ENTRY::DS_BACKUP_ENTRY(void)" (??0DS_BACKUP_ENTRY@@QAE@XZ)
     1>backupcl.obj : error LNK2019: unresolved external symbol "public: void __thiscall PART_NAME_ENTRY::operator=(struct PART_NAME_ENTRY const &)" (??4PART_NAME_ENTRY@@QAEXABU0@@Z) referenced in function "public: void __thiscall DS_BACKUP_ENTRY::operator=(class DS_BACKUP_ENTRY const &)" (??4DS_BACKUP_ENTRY@@QAEXABV0@@Z)
     1>backupcl.obj : error LNK2019: unresolved external symbol "public: __thiscall GENERIC_LIST_CLASS::~GENERIC_LIST_CLASS(void)" (??1GENERIC_LIST_CLASS@@QAE@XZ) referenced in function "public: __thiscall DS_BACKUP_CLASS::~DS_BACKUP_CLASS(void)" (??1DS_BACKUP_CLASS@@QAE@XZ)
     1>backupcl.obj : error LNK2019: unresolved external symbol "public: unsigned char __thiscall GENERIC_LIST_CLASS::append(void *)" (?append@GENERIC_LIST_CLASS@@QAEEPAX@Z) referenced in function "public: unsigned char __thiscall DS_BACKUP_CLASS::add(class DS_BACKUP_ENTRY *)" (?add@DS_BACKUP_CLASS@@QAEEPAVDS_BACKUP_ENTRY@@@Z)
     1>backupcl.obj : error LNK2019: unresolved external symbol "public: short __thiscall GENERIC_LIST_CLASS::count(void)" (?count@GENERIC_LIST_CLASS@@QAEFXZ) referenced in function "public: int __thiscall MACHINE_NAME_LIST_CLASS::count(void)" (?count@MACHINE_NAME_LIST_CLASS@@QAEHXZ)
     1>dsbackup.obj : error LNK2001: unresolved external symbol "public: short __thiscall GENERIC_LIST_CLASS::count(void)" (?count@GENERIC_LIST_CLASS@@QAEFXZ)
     1>backupcl.obj : error LNK2019: unresolved external symbol "public: unsigned char __thiscall GENERIC_LIST_CLASS::insert(void *)" (?insert@GENERIC_LIST_CLASS@@QAEEPAX@Z) referenced in function "public: unsigned char __thiscall DS_BACKUP_CLASS::add(class DS_BACKUP_ENTRY *)" (?add@DS_BACKUP_CLASS@@QAEEPAVDS_BACKUP_ENTRY@@@Z)
     1>backupcl.obj : error LNK2019: unresolved external symbol "public: void * __thiscall GENERIC_LIST_CLASS::next(void)" (?next@GENERIC_LIST_CLASS@@QAEPAXXZ) referenced in function "public: void __thiscall DS_BACKUP_CLASS::empty(void)" (?empty@DS_BACKUP_CLASS@@QAEXXZ)
     1>backupcl.obj : error LNK2019: unresolved external symbol "public: void __thiscall GENERIC_LIST_CLASS::remove_all(void)" (?remove_all@GENERIC_LIST_CLASS@@QAEXXZ) referenced in function "public: void __thiscall DS_BACKUP_CLASS::empty(void)" (?empty@DS_BACKUP_CLASS@@QAEXXZ)
     1>backupcl.obj : error LNK2019: unresolved external symbol "public: void __thiscall GENERIC_LIST_CLASS::rewind(void)" (?rewind@GENERIC_LIST_CLASS@@QAEXXZ) referenced in function "public: void __thiscall DS_BACKUP_CLASS::empty(void)" (?empty@DS_BACKUP_CLASS@@QAEXXZ)
     1>dsbackup.obj : error LNK2001: unresolved external symbol "public: void __thiscall GENERIC_LIST_CLASS::rewind(void)" (?rewind@GENERIC_LIST_CLASS@@QAEXXZ)
     1>backupcl.obj : error LNK2019: unresolved external symbol "public: class MULTISTRING_CLASS & __thiscall MULTISTRING_CLASS::operator[](int)" (??AMULTISTRING_CLASS@@QAEAAV0@H@Z) referenced in function "public: void __thiscall DS_BACKUP_ENTRY::copy_parameters(class SHOT_CLASS &)" (?copy_parameters@DS_BACKUP_ENTRY@@QAEXAAVSHOT_CLASS@@@Z)
     1>backupcl.obj : error LNK2019: unresolved external symbol "public: __thiscall VDB_CLASS::VDB_CLASS(void)" (??0VDB_CLASS@@QAE@XZ) referenced in function "public: void __thiscall DS_BACKUP_ENTRY::copy_parameters(class SHOT_CLASS &)" (?copy_parameters@DS_BACKUP_ENTRY@@QAEXAAVSHOT_CLASS@@@Z)
     1>backupcl.obj : error LNK2019: unresolved external symbol "public: __thiscall VDB_CLASS::~VDB_CLASS(void)" (??1VDB_CLASS@@QAE@XZ) referenced in function "public: void __thiscall DS_BACKUP_ENTRY::copy_parameters(class SHOT_CLASS &)" (?copy_parameters@DS_BACKUP_ENTRY@@QAEXAAVSHOT_CLASS@@@Z)
     1>backupcl.obj : error LNK2019: unresolved external symbol "public: void __thiscall VDB_CLASS::close(void)" (?close@VDB_CLASS@@QAEXXZ) referenced in function "public: void __thiscall DS_BACKUP_ENTRY::copy_parameters(class SHOT_CLASS &)" (?copy_parameters@DS_BACKUP_ENTRY@@QAEXAAVSHOT_CLASS@@@Z)
     1>backupcl.obj : error LNK2019: unresolved external symbol "public: bool __thiscall VDB_CLASS::copy_rec(class VDB_CLASS &)" (?copy_rec@VDB_CLASS@@QAE_NAAV1@@Z) referenced in function "public: void __thiscall DS_BACKUP_ENTRY::copy_parameters(class SHOT_CLASS &)" (?copy_parameters@DS_BACKUP_ENTRY@@QAEXAAVSHOT_CLASS@@@Z)
     1>backupcl.obj : error LNK2019: unresolved external symbol "public: bool __thiscall VDB_CLASS::create(char *)" (?create@VDB_CLASS@@QAE_NPAD@Z) referenced in function "public: bool __thiscall VDB_CLASS::create(class STRING_CLASS &)" (?create@VDB_CLASS@@QAE_NAAVSTRING_CLASS@@@Z)
     1>backupcl.obj : error LNK2019: unresolved external symbol "public: bool __thiscall VDB_CLASS::get_first_greater_than_key_match(int)" (?get_first_greater_than_key_match@VDB_CLASS@@QAE_NH@Z) referenced in function "public: void __thiscall DS_BACKUP_ENTRY::copy_parameters(class SHOT_CLASS &)" (?copy_parameters@DS_BACKUP_ENTRY@@QAEXAAVSHOT_CLASS@@@Z)
     1>backupcl.obj : error LNK2019: unresolved external symbol "public: bool __thiscall VDB_CLASS::get_next_record(void)" (?get_next_record@VDB_CLASS@@QAE_NXZ) referenced in function "public: void __thiscall DS_BACKUP_ENTRY::copy_parameters(class SHOT_CLASS &)" (?copy_parameters@DS_BACKUP_ENTRY@@QAEXAAVSHOT_CLASS@@@Z)
     1>backupcl.obj : error LNK2019: unresolved external symbol "public: bool __thiscall VDB_CLASS::open_for_read(class STRING_CLASS)" (?open_for_read@VDB_CLASS@@QAE_NVSTRING_CLASS@@@Z) referenced in function "public: void __thiscall DS_BACKUP_ENTRY::copy_parameters(class SHOT_CLASS &)" (?copy_parameters@DS_BACKUP_ENTRY@@QAEXAAVSHOT_CLASS@@@Z)
     1>backupcl.obj : error LNK2019: unresolved external symbol "public: bool __thiscall VDB_CLASS::open_for_rw(class STRING_CLASS &)" (?open_for_rw@VDB_CLASS@@QAE_NAAVSTRING_CLASS@@@Z) referenced in function "public: void __thiscall DS_BACKUP_ENTRY::copy_parameters(class SHOT_CLASS &)" (?copy_parameters@DS_BACKUP_ENTRY@@QAEXAAVSHOT_CLASS@@@Z)
     1>backupcl.obj : error LNK2019: unresolved external symbol "public: bool __thiscall VDB_CLASS::put_date(int,struct _SYSTEMTIME const &)" (?put_date@VDB_CLASS@@QAE_NHABU_SYSTEMTIME@@@Z) referenced in function "public: void __thiscall DS_BACKUP_ENTRY::copy_parameters(class SHOT_CLASS &)" (?copy_parameters@DS_BACKUP_ENTRY@@QAEXAAVSHOT_CLASS@@@Z)
     1>backupcl.obj : error LNK2019: unresolved external symbol "public: bool __thiscall VDB_CLASS::put_time(int,struct _SYSTEMTIME &)" (?put_time@VDB_CLASS@@QAE_NHAAU_SYSTEMTIME@@@Z) referenced in function "public: void __thiscall DS_BACKUP_ENTRY::copy_parameters(class SHOT_CLASS &)" (?copy_parameters@DS_BACKUP_ENTRY@@QAEXAAVSHOT_CLASS@@@Z)
     1>backupcl.obj : error LNK2019: unresolved external symbol "public: bool __thiscall VDB_CLASS::rec_append(void)" (?rec_append@VDB_CLASS@@QAE_NXZ) referenced in function "public: void __thiscall DS_BACKUP_ENTRY::copy_parameters(class SHOT_CLASS &)" (?copy_parameters@DS_BACKUP_ENTRY@@QAEXAAVSHOT_CLASS@@@Z)
     1>backupcl.obj : error LNK2019: unresolved external symbol "public: __thiscall STATIC_TEXT_PARAMETER_CLASS::~STATIC_TEXT_PARAMETER_CLASS(void)" (??1STATIC_TEXT_PARAMETER_CLASS@@QAE@XZ) referenced in function "public: __thiscall PARAMETER_ENTRY::~PARAMETER_ENTRY(void)" (??1PARAMETER_ENTRY@@QAE@XZ)
     1>backupcl.obj : error LNK2019: unresolved external symbol "public: __thiscall PARAMETER_CLASS::PARAMETER_CLASS(void)" (??0PARAMETER_CLASS@@QAE@XZ) referenced in function "void __cdecl save_network_shotparm(struct PART_NAME_ENTRY &,class VDB_CLASS &)" (?save_network_shotparm@@YAXAAUPART_NAME_ENTRY@@AAVVDB_CLASS@@@Z)
     1>backupcl.obj : error LNK2019: unresolved external symbol "public: unsigned char __thiscall PARAMETER_CLASS::find(class STRING_CLASS &,class STRING_CLASS &,class STRING_CLASS &)" (?find@PARAMETER_CLASS@@QAEEAAVSTRING_CLASS@@00@Z) referenced in function "void __cdecl save_network_shotparm(struct PART_NAME_ENTRY &,class VDB_CLASS &)" (?save_network_shotparm@@YAXAAUPART_NAME_ENTRY@@AAVVDB_CLASS@@@Z)
     1>backupcl.obj : error LNK2019: unresolved external symbol "public: int __thiscall PARAMETER_CLASS::shot_goodness(class VDB_CLASS &)" (?shot_goodness@PARAMETER_CLASS@@QAEHAAVVDB_CLASS@@@Z) referenced in function "void __cdecl save_network_shotparm(struct PART_NAME_ENTRY &,class VDB_CLASS &)" (?save_network_shotparm@@YAXAAUPART_NAME_ENTRY@@AAVVDB_CLASS@@@Z)
     1>backupcl.obj : error LNK2019: unresolved external symbol "public: struct _SYSTEMTIME & __thiscall TIME_CLASS::system_time(void)" (?system_time@TIME_CLASS@@QAEAAU_SYSTEMTIME@@XZ) referenced in function "public: void __thiscall DS_BACKUP_ENTRY::copy_profiles(class SHOT_CLASS &)" (?copy_profiles@DS_BACKUP_ENTRY@@QAEXAAVSHOT_CLASS@@@Z)
     1>backupcl.obj : error LNK2019: unresolved external symbol "public: void __thiscall TIME_CLASS::get_local_time(void)" (?get_local_time@TIME_CLASS@@QAEXXZ) referenced in function "class NAME_CLASS & __cdecl machine_data_zip_file_name(class STRING_CLASS &,struct PART_NAME_ENTRY &)" (?machine_data_zip_file_name@@YAAAVNAME_CLASS@@AAVSTRING_CLASS@@AAUPART_NAME_ENTRY@@@Z)
     1>dsbackup.obj : error LNK2001: unresolved external symbol "public: void __thiscall TIME_CLASS::get_local_time(void)" (?get_local_time@TIME_CLASS@@QAEXXZ)
     1>backupcl.obj : error LNK2019: unresolved external symbol "public: void __thiscall TIME_CLASS::operator=(char const *)" (??4TIME_CLASS@@QAEXPBD@Z) referenced in function "public: unsigned char __thiscall DS_BACKUP_ENTRY::read(void)" (?read@DS_BACKUP_ENTRY@@QAEEXZ)
     1>backupcl.obj : error LNK2019: unresolved external symbol "public: char * __thiscall TIME_CLASS::text(void)" (?text@TIME_CLASS@@QAEPADXZ) referenced in function "public: void __thiscall DS_BACKUP_ENTRY::check_for_new_downtime(void)" (?check_for_new_downtime@DS_BACKUP_ENTRY@@QAEXXZ)
     1>backupcl.obj : error LNK2019: unresolved external symbol "public: char * __thiscall TIME_CLASS::hhmmss(void)" (?hhmmss@TIME_CLASS@@QAEPADXZ) referenced in function "void __cdecl save_network_shotparm(struct PART_NAME_ENTRY &,class VDB_CLASS &)" (?save_network_shotparm@@YAXAAUPART_NAME_ENTRY@@AAVVDB_CLASS@@@Z)
     1>backupcl.obj : error LNK2019: unresolved external symbol "public: char * __thiscall TIME_CLASS::dd(void)" (?dd@TIME_CLASS@@QAEPADXZ) referenced in function "void __cdecl save_network_shotparm(struct PART_NAME_ENTRY &,class VDB_CLASS &)" (?save_network_shotparm@@YAXAAUPART_NAME_ENTRY@@AAVVDB_CLASS@@@Z)
     1>backupcl.obj : error LNK2019: unresolved external symbol "public: char * __thiscall TIME_CLASS::mm(void)" (?mm@TIME_CLASS@@QAEPADXZ) referenced in function "void __cdecl save_network_shotparm(struct PART_NAME_ENTRY &,class VDB_CLASS &)" (?save_network_shotparm@@YAXAAUPART_NAME_ENTRY@@AAVVDB_CLASS@@@Z)
     1>backupcl.obj : error LNK2019: unresolved external symbol "public: char * __thiscall TIME_CLASS::mmm(void)" (?mmm@TIME_CLASS@@QAEPADXZ) referenced in function "void __cdecl save_network_shotparm(struct PART_NAME_ENTRY &,class VDB_CLASS &)" (?save_network_shotparm@@YAXAAUPART_NAME_ENTRY@@AAVVDB_CLASS@@@Z)
     1>backupcl.obj : error LNK2019: unresolved external symbol "public: char * __thiscall TIME_CLASS::yy(void)" (?yy@TIME_CLASS@@QAEPADXZ) referenced in function "void __cdecl save_network_shotparm(struct PART_NAME_ENTRY &,class VDB_CLASS &)" (?save_network_shotparm@@YAXAAUPART_NAME_ENTRY@@AAVVDB_CLASS@@@Z)
     1>backupcl.obj : error LNK2019: unresolved external symbol "public: char * __thiscall TIME_CLASS::yyyy(void)" (?yyyy@TIME_CLASS@@QAEPADXZ) referenced in function "void __cdecl save_network_shotparm(struct PART_NAME_ENTRY &,class VDB_CLASS &)" (?save_network_shotparm@@YAXAAUPART_NAME_ENTRY@@AAVVDB_CLASS@@@Z)
     1>backupcl.obj : error LNK2019: unresolved external symbol "public: __thiscall ALARM_SUMMARY_CLASS::ALARM_SUMMARY_CLASS(void)" (??0ALARM_SUMMARY_CLASS@@QAE@XZ) referenced in function "public: void __thiscall DS_BACKUP_ENTRY::copy_alarms(class SHOT_CLASS &)" (?copy_alarms@DS_BACKUP_ENTRY@@QAEXAAVSHOT_CLASS@@@Z)
     1>backupcl.obj : error LNK2019: unresolved external symbol "public: __thiscall ALARM_SUMMARY_CLASS::~ALARM_SUMMARY_CLASS(void)" (??1ALARM_SUMMARY_CLASS@@QAE@XZ) referenced in function "public: void __thiscall DS_BACKUP_ENTRY::copy_alarms(class SHOT_CLASS &)" (?copy_alarms@DS_BACKUP_ENTRY@@QAEXAAVSHOT_CLASS@@@Z)
     1>backupcl.obj : error LNK2019: unresolved external symbol "public: unsigned char __thiscall ALARM_SUMMARY_CLASS::get_counts(struct _SYSTEMTIME &,long)" (?get_counts@ALARM_SUMMARY_CLASS@@QAEEAAU_SYSTEMTIME@@J@Z) referenced in function "public: void __thiscall DS_BACKUP_ENTRY::copy_alarms(class SHOT_CLASS &)" (?copy_alarms@DS_BACKUP_ENTRY@@QAEXAAVSHOT_CLASS@@@Z)
     1>backupcl.obj : error LNK2019: unresolved external symbol "public: void __thiscall ALARM_SUMMARY_CLASS::save(struct _SYSTEMTIME const &,long,unsigned char)" (?save@ALARM_SUMMARY_CLASS@@QAEXABU_SYSTEMTIME@@JE@Z) referenced in function "public: void __thiscall DS_BACKUP_ENTRY::copy_alarms(class SHOT_CLASS &)" (?copy_alarms@DS_BACKUP_ENTRY@@QAEXAAVSHOT_CLASS@@@Z)
     1>backupcl.obj : error LNK2019: unresolved external symbol "public: void __thiscall ALARM_SUMMARY_CLASS::set_part(class STRING_CLASS &,class STRING_CLASS &,class STRING_CLASS &)" (?set_part@ALARM_SUMMARY_CLASS@@QAEXAAVSTRING_CLASS@@00@Z) referenced in function "public: void __thiscall DS_BACKUP_ENTRY::copy_alarms(class SHOT_CLASS &)" (?copy_alarms@DS_BACKUP_ENTRY@@QAEXAAVSHOT_CLASS@@@Z)
     1>backupcl.obj : error LNK2019: unresolved external symbol "public: __thiscall COMPUTER_CLASS::COMPUTER_CLASS(void)" (??0COMPUTER_CLASS@@QAE@XZ) referenced in function "public: unsigned char __thiscall DS_BACKUP_ENTRY::read_part_config(void)" (?read_part_config@DS_BACKUP_ENTRY@@QAEEXZ)
     1>dsbackup.obj : error LNK2001: unresolved external symbol "public: __thiscall COMPUTER_CLASS::COMPUTER_CLASS(void)" (??0COMPUTER_CLASS@@QAE@XZ)
     1>backupcl.obj : error LNK2019: unresolved external symbol "public: class STRING_CLASS & __thiscall COMPUTER_CLASS::whoami(void)" (?whoami@COMPUTER_CLASS@@QAEAAVSTRING_CLASS@@XZ) referenced in function "public: unsigned char __thiscall DS_BACKUP_ENTRY::read_part_config(void)" (?read_part_config@DS_BACKUP_ENTRY@@QAEEXZ)
     1>dsbackup.obj : error LNK2001: unresolved external symbol "public: class STRING_CLASS & __thiscall COMPUTER_CLASS::whoami(void)" (?whoami@COMPUTER_CLASS@@QAEAAVSTRING_CLASS@@XZ)
     1>backupcl.obj : error LNK2019: unresolved external symbol "public: class STRING_CLASS & __thiscall COMPUTER_CLASS::name(void)" (?name@COMPUTER_CLASS@@QAEAAVSTRING_CLASS@@XZ) referenced in function "public: void __thiscall DS_BACKUP_CLASS::load(void)" (?load@DS_BACKUP_CLASS@@QAEXXZ)
     1>dsbackup.obj : error LNK2001: unresolved external symbol "public: class STRING_CLASS & __thiscall COMPUTER_CLASS::name(void)" (?name@COMPUTER_CLASS@@QAEAAVSTRING_CLASS@@XZ)
     1>backupcl.obj : error LNK2019: unresolved external symbol "public: unsigned char __thiscall COMPUTER_CLASS::is_present(void)" (?is_present@COMPUTER_CLASS@@QAEEXZ) referenced in function "public: void __thiscall DS_BACKUP_CLASS::load(void)" (?load@DS_BACKUP_CLASS@@QAEXXZ)
     1>dsbackup.obj : error LNK2001: unresolved external symbol "public: unsigned char __thiscall COMPUTER_CLASS::is_present(void)" (?is_present@COMPUTER_CLASS@@QAEEXZ)
     1>backupcl.obj : error LNK2019: unresolved external symbol "public: unsigned char __thiscall COMPUTER_CLASS::is_this_computer(void)" (?is_this_computer@COMPUTER_CLASS@@QAEEXZ) referenced in function "public: void __thiscall DS_BACKUP_CLASS::load(void)" (?load@DS_BACKUP_CLASS@@QAEXXZ)
     1>dsbackup.obj : error LNK2001: unresolved external symbol "public: unsigned char __thiscall COMPUTER_CLASS::is_this_computer(void)" (?is_this_computer@COMPUTER_CLASS@@QAEEXZ)
     1>backupcl.obj : error LNK2019: unresolved external symbol "public: unsigned char __thiscall COMPUTER_CLASS::next(void)" (?next@COMPUTER_CLASS@@QAEEXZ) referenced in function "public: void __thiscall DS_BACKUP_CLASS::load(void)" (?load@DS_BACKUP_CLASS@@QAEXXZ)
     1>dsbackup.obj : error LNK2001: unresolved external symbol "public: unsigned char __thiscall COMPUTER_CLASS::next(void)" (?next@COMPUTER_CLASS@@QAEEXZ)
     1>backupcl.obj : error LNK2019: unresolved external symbol "public: void __thiscall COMPUTER_CLASS::rewind(void)" (?rewind@COMPUTER_CLASS@@QAEXXZ) referenced in function "public: void __thiscall DS_BACKUP_CLASS::load(void)" (?load@DS_BACKUP_CLASS@@QAEXXZ)
     1>dsbackup.obj : error LNK2001: unresolved external symbol "public: void __thiscall COMPUTER_CLASS::rewind(void)" (?rewind@COMPUTER_CLASS@@QAEXXZ)
     1>backupcl.obj : error LNK2019: unresolved external symbol "public: __thiscall FILE_CLASS::FILE_CLASS(void)" (??0FILE_CLASS@@QAE@XZ) referenced in function "public: void __thiscall DS_BACKUP_ENTRY::zip_shot_data(void)" (?zip_shot_data@DS_BACKUP_ENTRY@@QAEXXZ)
     1>backupcl.obj : error LNK2019: unresolved external symbol "public: __thiscall FILE_CLASS::~FILE_CLASS(void)" (??1FILE_CLASS@@QAE@XZ) referenced in function "public: void __thiscall DS_BACKUP_ENTRY::zip_shot_data(void)" (?zip_shot_data@DS_BACKUP_ENTRY@@QAEXXZ)
     1>backupcl.obj : error LNK2019: unresolved external symbol "public: void __thiscall FILE_CLASS::close(void)" (?close@FILE_CLASS@@QAEXXZ) referenced in function "public: void __thiscall DS_BACKUP_ENTRY::zip_shot_data(void)" (?zip_shot_data@DS_BACKUP_ENTRY@@QAEXXZ)
     1>backupcl.obj : error LNK2019: unresolved external symbol "public: unsigned char __thiscall FILE_CLASS::open_for_append(class STRING_CLASS &)" (?open_for_append@FILE_CLASS@@QAEEAAVSTRING_CLASS@@@Z) referenced in function "void __cdecl save_network_shotparm(struct PART_NAME_ENTRY &,class VDB_CLASS &)" (?save_network_shotparm@@YAXAAUPART_NAME_ENTRY@@AAVVDB_CLASS@@@Z)
     1>backupcl.obj : error LNK2019: unresolved external symbol "public: unsigned char __thiscall FILE_CLASS::open_for_read(char *)" (?open_for_read@FILE_CLASS@@QAEEPAD@Z) referenced in function "public: void __thiscall DS_BACKUP_CLASS::load(void)" (?load@DS_BACKUP_CLASS@@QAEXXZ)
     1>backupcl.obj : error LNK2019: unresolved external symbol "public: unsigned char __thiscall FILE_CLASS::open_for_write(char *)" (?open_for_write@FILE_CLASS@@QAEEPAD@Z) referenced in function "public: void __thiscall DS_BACKUP_ENTRY::zip_shot_data(void)" (?zip_shot_data@DS_BACKUP_ENTRY@@QAEXXZ)
     1>backupcl.obj : error LNK2019: unresolved external symbol "public: char * __thiscall FILE_CLASS::readline(void)" (?readline@FILE_CLASS@@QAEPADXZ) referenced in function "public: void __thiscall DS_BACKUP_CLASS::load(void)" (?load@DS_BACKUP_CLASS@@QAEXXZ)
     1>backupcl.obj : error LNK2019: unresolved external symbol "public: unsigned char __thiscall FILE_CLASS::writeline(char *)" (?writeline@FILE_CLASS@@QAEEPAD@Z) referenced in function "public: void __thiscall DS_BACKUP_ENTRY::zip_shot_data(void)" (?zip_shot_data@DS_BACKUP_ENTRY@@QAEXXZ)
     1>backupcl.obj : error LNK2019: unresolved external symbol "public: __thiscall INI_CLASS::~INI_CLASS(void)" (??1INI_CLASS@@QAE@XZ) referenced in function "public: unsigned char __thiscall DS_BACKUP_ENTRY::read(void)" (?read@DS_BACKUP_ENTRY@@QAEEXZ)
     1>dsbackup.obj : error LNK2001: unresolved external symbol "public: __thiscall INI_CLASS::~INI_CLASS(void)" (??1INI_CLASS@@QAE@XZ)
     1>global_file_settings.obj : error LNK2001: unresolved external symbol "public: __thiscall INI_CLASS::~INI_CLASS(void)" (??1INI_CLASS@@QAE@XZ)
     1>backupcl.obj : error LNK2019: unresolved external symbol "public: unsigned char __thiscall INI_CLASS::set_file(char const *)" (?set_file@INI_CLASS@@QAEEPBD@Z) referenced in function "public: unsigned char __thiscall DS_BACKUP_ENTRY::read(void)" (?read@DS_BACKUP_ENTRY@@QAEEXZ)
     1>dsbackup.obj : error LNK2001: unresolved external symbol "public: unsigned char __thiscall INI_CLASS::set_file(char const *)" (?set_file@INI_CLASS@@QAEEPBD@Z)
     1>global_file_settings.obj : error LNK2001: unresolved external symbol "public: unsigned char __thiscall INI_CLASS::set_file(char const *)" (?set_file@INI_CLASS@@QAEEPBD@Z)
     1>backupcl.obj : error LNK2019: unresolved external symbol "public: unsigned char __thiscall INI_CLASS::set_section(char const *)" (?set_section@INI_CLASS@@QAEEPBD@Z) referenced in function "public: unsigned char __thiscall DS_BACKUP_ENTRY::read(void)" (?read@DS_BACKUP_ENTRY@@QAEEXZ)
     1>dsbackup.obj : error LNK2001: unresolved external symbol "public: unsigned char __thiscall INI_CLASS::set_section(char const *)" (?set_section@INI_CLASS@@QAEEPBD@Z)
     1>global_file_settings.obj : error LNK2001: unresolved external symbol "public: unsigned char __thiscall INI_CLASS::set_section(char const *)" (?set_section@INI_CLASS@@QAEEPBD@Z)
     1>backupcl.obj : error LNK2019: unresolved external symbol "public: unsigned char __thiscall INI_CLASS::find(char const *)" (?find@INI_CLASS@@QAEEPBD@Z) referenced in function "public: unsigned char __thiscall DS_BACKUP_ENTRY::read(void)" (?read@DS_BACKUP_ENTRY@@QAEEXZ)
     1>dsbackup.obj : error LNK2001: unresolved external symbol "public: unsigned char __thiscall INI_CLASS::find(char const *)" (?find@INI_CLASS@@QAEEPBD@Z)
     1>global_file_settings.obj : error LNK2001: unresolved external symbol "public: unsigned char __thiscall INI_CLASS::find(char const *)" (?find@INI_CLASS@@QAEEPBD@Z)
     1>backupcl.obj : error LNK2019: unresolved external symbol "public: unsigned char __thiscall INI_CLASS::get_boolean(char const *)" (?get_boolean@INI_CLASS@@QAEEPBD@Z) referenced in function "public: unsigned char __thiscall DS_BACKUP_ENTRY::read(void)" (?read@DS_BACKUP_ENTRY@@QAEEXZ)
     1>dsbackup.obj : error LNK2001: unresolved external symbol "public: unsigned char __thiscall INI_CLASS::get_boolean(char const *)" (?get_boolean@INI_CLASS@@QAEEPBD@Z)
     1>backupcl.obj : error LNK2019: unresolved external symbol "public: int __thiscall INI_CLASS::get_int(char const *)" (?get_int@INI_CLASS@@QAEHPBD@Z) referenced in function "public: unsigned char __thiscall DS_BACKUP_ENTRY::read(void)" (?read@DS_BACKUP_ENTRY@@QAEEXZ)
     1>backupcl.obj : error LNK2019: unresolved external symbol "public: char * __thiscall INI_CLASS::get_string(void)" (?get_string@INI_CLASS@@QAEPADXZ) referenced in function "public: unsigned char __thiscall DS_BACKUP_ENTRY::read(void)" (?read@DS_BACKUP_ENTRY@@QAEEXZ)
     1>dsbackup.obj : error LNK2001: unresolved external symbol "public: char * __thiscall INI_CLASS::get_string(void)" (?get_string@INI_CLASS@@QAEPADXZ)
     1>global_file_settings.obj : error LNK2001: unresolved external symbol "public: char * __thiscall INI_CLASS::get_string(void)" (?get_string@INI_CLASS@@QAEPADXZ)
     1>backupcl.obj : error LNK2019: unresolved external symbol "public: char * __thiscall INI_CLASS::get_string(char const *)" (?get_string@INI_CLASS@@QAEPADPBD@Z) referenced in function "public: unsigned char __thiscall DS_BACKUP_ENTRY::read(void)" (?read@DS_BACKUP_ENTRY@@QAEEXZ)
     1>dsbackup.obj : error LNK2001: unresolved external symbol "public: char * __thiscall INI_CLASS::get_string(char const *)" (?get_string@INI_CLASS@@QAEPADPBD@Z)
     1>global_file_settings.obj : error LNK2001: unresolved external symbol "public: char * __thiscall INI_CLASS::get_string(char const *)" (?get_string@INI_CLASS@@QAEPADPBD@Z)
     1>backupcl.obj : error LNK2019: unresolved external symbol "public: unsigned long __thiscall INI_CLASS::get_ul(char const *)" (?get_ul@INI_CLASS@@QAEKPBD@Z) referenced in function "public: unsigned char __thiscall DS_BACKUP_ENTRY::read_part_config(void)" (?read_part_config@DS_BACKUP_ENTRY@@QAEEXZ)
     1>backupcl.obj : error LNK2019: unresolved external symbol "public: unsigned char __thiscall INI_CLASS::put_boolean(char const *,unsigned char)" (?put_boolean@INI_CLASS@@QAEEPBDE@Z) referenced in function "public: void __thiscall DS_BACKUP_ENTRY::write(void)" (?write@DS_BACKUP_ENTRY@@QAEXXZ)
     1>global_file_settings.obj : error LNK2001: unresolved external symbol "public: unsigned char __thiscall INI_CLASS::put_boolean(char const *,unsigned char)" (?put_boolean@INI_CLASS@@QAEEPBDE@Z)
     1>backupcl.obj : error LNK2019: unresolved external symbol "public: unsigned char __thiscall INI_CLASS::put_string(char const *,char const *)" (?put_string@INI_CLASS@@QAEEPBD0@Z) referenced in function "public: void __thiscall DS_BACKUP_ENTRY::write(void)" (?write@DS_BACKUP_ENTRY@@QAEXXZ)
     1>dsbackup.obj : error LNK2001: unresolved external symbol "public: unsigned char __thiscall INI_CLASS::put_string(char const *,char const *)" (?put_string@INI_CLASS@@QAEEPBD0@Z)
     1>global_file_settings.obj : error LNK2001: unresolved external symbol "public: unsigned char __thiscall INI_CLASS::put_string(char const *,char const *)" (?put_string@INI_CLASS@@QAEEPBD0@Z)
     1>backupcl.obj : error LNK2019: unresolved external symbol "public: unsigned char __thiscall INI_CLASS::put_int(char const *,int)" (?put_int@INI_CLASS@@QAEEPBDH@Z) referenced in function "public: void __thiscall DS_BACKUP_ENTRY::write(void)" (?write@DS_BACKUP_ENTRY@@QAEXXZ)
     1>backupcl.obj : error LNK2019: unresolved external symbol "public: unsigned char __thiscall INI_CLASS::put_ul(char const *,unsigned long)" (?put_ul@INI_CLASS@@QAEEPBDK@Z) referenced in function "public: unsigned char __thiscall DS_BACKUP_ENTRY::write_part_config(void)" (?write_part_config@DS_BACKUP_ENTRY@@QAEEXZ)
     1>backupcl.obj : error LNK2019: unresolved external symbol "public: void __thiscall INI_CLASS::remove_key(char const *)" (?remove_key@INI_CLASS@@QAEXPBD@Z) referenced in function "void __cdecl get_zip_file_path(class NAME_CLASS &,char const *,int)" (?get_zip_file_path@@YAXAAVNAME_CLASS@@PBDH@Z)
     1>backupcl.obj : error LNK2019: unresolved external symbol "public: __thiscall LISTBOX_CLASS::~LISTBOX_CLASS(void)" (??1LISTBOX_CLASS@@QAE@XZ) referenced in function "void __cdecl show_zero_zipped_shots(struct PART_NAME_ENTRY &)" (?show_zero_zipped_shots@@YAXAAUPART_NAME_ENTRY@@@Z)
     1>dsbackup.obj : error LNK2001: unresolved external symbol "public: __thiscall LISTBOX_CLASS::~LISTBOX_CLASS(void)" (??1LISTBOX_CLASS@@QAE@XZ)
     1>global_file_settings.obj : error LNK2001: unresolved external symbol "public: __thiscall LISTBOX_CLASS::~LISTBOX_CLASS(void)" (??1LISTBOX_CLASS@@QAE@XZ)
     1>backupcl.obj : error LNK2019: unresolved external symbol "public: int __thiscall LISTBOX_CLASS::add(char *)" (?add@LISTBOX_CLASS@@QAEHPAD@Z) referenced in function "void __cdecl show_zero_zipped_shots(struct PART_NAME_ENTRY &)" (?show_zero_zipped_shots@@YAXAAUPART_NAME_ENTRY@@@Z)
     1>dsbackup.obj : error LNK2001: unresolved external symbol "public: int __thiscall LISTBOX_CLASS::add(char *)" (?add@LISTBOX_CLASS@@QAEHPAD@Z)
     1>global_file_settings.obj : error LNK2001: unresolved external symbol "public: int __thiscall LISTBOX_CLASS::add(char *)" (?add@LISTBOX_CLASS@@QAEHPAD@Z)
     1>backupcl.obj : error LNK2019: unresolved external symbol "public: unsigned char __thiscall LISTBOX_CLASS::findprefix(char *)" (?findprefix@LISTBOX_CLASS@@QAEEPAD@Z) referenced in function "void __cdecl show_zero_zipped_shots(struct PART_NAME_ENTRY &)" (?show_zero_zipped_shots@@YAXAAUPART_NAME_ENTRY@@@Z)
     1>backupcl.obj : error LNK2019: unresolved external symbol "public: unsigned char __thiscall LISTBOX_CLASS::init(struct HWND__ *,int)" (?init@LISTBOX_CLASS@@QAEEPAUHWND__@@H@Z) referenced in function "void __cdecl show_zero_zipped_shots(struct PART_NAME_ENTRY &)" (?show_zero_zipped_shots@@YAXAAUPART_NAME_ENTRY@@@Z)
     1>dsbackup.obj : error LNK2001: unresolved external symbol "public: unsigned char __thiscall LISTBOX_CLASS::init(struct HWND__ *,int)" (?init@LISTBOX_CLASS@@QAEEPAUHWND__@@H@Z)
     1>global_file_settings.obj : error LNK2001: unresolved external symbol "public: unsigned char __thiscall LISTBOX_CLASS::init(struct HWND__ *,int)" (?init@LISTBOX_CLASS@@QAEEPAUHWND__@@H@Z)
     1>backupcl.obj : error LNK2019: unresolved external symbol "public: unsigned char __thiscall LISTBOX_CLASS::replace(char *)" (?replace@LISTBOX_CLASS@@QAEEPAD@Z) referenced in function "void __cdecl show_zero_zipped_shots(struct PART_NAME_ENTRY &)" (?show_zero_zipped_shots@@YAXAAUPART_NAME_ENTRY@@@Z)
     1>dsbackup.obj : error LNK2001: unresolved external symbol "public: unsigned char __thiscall LISTBOX_CLASS::replace(char *)" (?replace@LISTBOX_CLASS@@QAEEPAD@Z)
     1>backupcl.obj : error LNK2019: unresolved external symbol "public: __thiscall MACHINE_NAME_LIST_CLASS::MACHINE_NAME_LIST_CLASS(void)" (??0MACHINE_NAME_LIST_CLASS@@QAE@XZ) referenced in function "public: void __thiscall DS_BACKUP_CLASS::load(void)" (?load@DS_BACKUP_CLASS@@QAEXXZ)
     1>dsbackup.obj : error LNK2001: unresolved external symbol "public: __thiscall MACHINE_NAME_LIST_CLASS::MACHINE_NAME_LIST_CLASS(void)" (??0MACHINE_NAME_LIST_CLASS@@QAE@XZ)
     1>backupcl.obj : error LNK2019: unresolved external symbol "public: __thiscall MACHINE_NAME_LIST_CLASS::~MACHINE_NAME_LIST_CLASS(void)" (??1MACHINE_NAME_LIST_CLASS@@QAE@XZ) referenced in function "public: void __thiscall DS_BACKUP_CLASS::load(void)" (?load@DS_BACKUP_CLASS@@QAEXXZ)
     1>dsbackup.obj : error LNK2001: unresolved external symbol "public: __thiscall MACHINE_NAME_LIST_CLASS::~MACHINE_NAME_LIST_CLASS(void)" (??1MACHINE_NAME_LIST_CLASS@@QAE@XZ)
     1>backupcl.obj : error LNK2019: unresolved external symbol "public: unsigned char __thiscall MACHINE_NAME_LIST_CLASS::add_computer(class STRING_CLASS &)" (?add_computer@MACHINE_NAME_LIST_CLASS@@QAEEAAVSTRING_CLASS@@@Z) referenced in function "public: void __thiscall DS_BACKUP_CLASS::load(void)" (?load@DS_BACKUP_CLASS@@QAEXXZ)
     1>dsbackup.obj : error LNK2001: unresolved external symbol "public: unsigned char __thiscall MACHINE_NAME_LIST_CLASS::add_computer(class STRING_CLASS &)" (?add_computer@MACHINE_NAME_LIST_CLASS@@QAEEAAVSTRING_CLASS@@@Z)
     1>backupcl.obj : error LNK2019: unresolved external symbol "public: void __thiscall MACHINE_NAME_LIST_CLASS::empty(void)" (?empty@MACHINE_NAME_LIST_CLASS@@QAEXXZ) referenced in function "public: void __thiscall DS_BACKUP_CLASS::load(void)" (?load@DS_BACKUP_CLASS@@QAEXXZ)
     1>backupcl.obj : error LNK2019: unresolved external symbol "public: unsigned char __thiscall MACHINE_NAME_LIST_CLASS::next(void)" (?next@MACHINE_NAME_LIST_CLASS@@QAEEXZ) referenced in function "public: void __thiscall DS_BACKUP_CLASS::load(void)" (?load@DS_BACKUP_CLASS@@QAEXXZ)
     1>dsbackup.obj : error LNK2001: unresolved external symbol "public: unsigned char __thiscall MACHINE_NAME_LIST_CLASS::next(void)" (?next@MACHINE_NAME_LIST_CLASS@@QAEEXZ)
     1>backupcl.obj : error LNK2019: unresolved external symbol "public: class STRING_CLASS & __thiscall MACHINE_NAME_LIST_CLASS::name(void)" (?name@MACHINE_NAME_LIST_CLASS@@QAEAAVSTRING_CLASS@@XZ) referenced in function "public: void __thiscall DS_BACKUP_CLASS::load(void)" (?load@DS_BACKUP_CLASS@@QAEXXZ)
     1>dsbackup.obj : error LNK2001: unresolved external symbol "public: class STRING_CLASS & __thiscall MACHINE_NAME_LIST_CLASS::name(void)" (?name@MACHINE_NAME_LIST_CLASS@@QAEAAVSTRING_CLASS@@XZ)
     1>backupcl.obj : error LNK2019: unresolved external symbol "public: __thiscall SHOT_NAME_CLASS::SHOT_NAME_CLASS(void)" (??0SHOT_NAME_CLASS@@QAE@XZ) referenced in function "bool __cdecl shot_name_has_changed(struct PART_NAME_ENTRY &)" (?shot_name_has_changed@@YA_NAAUPART_NAME_ENTRY@@@Z)
     1>backupcl.obj : error LNK2019: unresolved external symbol "public: __thiscall SHOT_NAME_CLASS::~SHOT_NAME_CLASS(void)" (??1SHOT_NAME_CLASS@@QAE@XZ) referenced in function "bool __cdecl shot_name_has_changed(struct PART_NAME_ENTRY &)" (?shot_name_has_changed@@YA_NAAUPART_NAME_ENTRY@@@Z)
     1>backupcl.obj : error LNK2019: unresolved external symbol "public: unsigned char __thiscall SHOT_NAME_CLASS::init(class STRING_CLASS &,class STRING_CLASS &,class STRING_CLASS &)" (?init@SHOT_NAME_CLASS@@QAEEAAVSTRING_CLASS@@00@Z) referenced in function "bool __cdecl shot_name_has_changed(struct PART_NAME_ENTRY &)" (?shot_name_has_changed@@YA_NAAUPART_NAME_ENTRY@@@Z)
     1>backupcl.obj : error LNK2019: unresolved external symbol "public: int __thiscall SHOT_NAME_CLASS::get(void)" (?get@SHOT_NAME_CLASS@@QAEHXZ) referenced in function "bool __cdecl shot_name_has_changed(struct PART_NAME_ENTRY &)" (?shot_name_has_changed@@YA_NAAUPART_NAME_ENTRY@@@Z)
     1>backupcl.obj : error LNK2019: unresolved external symbol "public: unsigned char __thiscall SHOT_NAME_CLASS::put(void)" (?put@SHOT_NAME_CLASS@@QAEEXZ) referenced in function "bool __cdecl shot_name_has_changed(struct PART_NAME_ENTRY &)" (?shot_name_has_changed@@YA_NAAUPART_NAME_ENTRY@@@Z)
     1>backupcl.obj : error LNK2019: unresolved external symbol "public: void __thiscall SHOT_NAME_CLASS::set_defaults(void)" (?set_defaults@SHOT_NAME_CLASS@@QAEXXZ) referenced in function "bool __cdecl shot_name_has_changed(struct PART_NAME_ENTRY &)" (?shot_name_has_changed@@YA_NAAUPART_NAME_ENTRY@@@Z)
     1>backupcl.obj : error LNK2019: unresolved external symbol "public: int __thiscall SHOT_NAME_CLASS::shot_name_length(void)" (?shot_name_length@SHOT_NAME_CLASS@@QAEHXZ) referenced in function "bool __cdecl shot_name_has_changed(struct PART_NAME_ENTRY &)" (?shot_name_has_changed@@YA_NAAUPART_NAME_ENTRY@@@Z)
     1>backupcl.obj : error LNK2019: unresolved external symbol "void __cdecl copychars(char *,char const *,short)" (?copychars@@YAXPADPBDF@Z) referenced in function "void __cdecl save_network_shotparm(struct PART_NAME_ENTRY &,class VDB_CLASS &)" (?save_network_shotparm@@YAXAAUPART_NAME_ENTRY@@AAVVDB_CLASS@@@Z)
     1>backupcl.obj : error LNK2019: unresolved external symbol "char * __cdecl copystring(char *,char const *)" (?copystring@@YAPADPADPBD@Z) referenced in function "public: char * __thiscall DS_SAVE_COUNTS::text(void)" (?text@DS_SAVE_COUNTS@@QAEPADXZ)
     1>backupcl.obj : error LNK2019: unresolved external symbol "char * __cdecl dynamic_file_name(class TIME_CLASS &,struct PART_NAME_ENTRY &,char const *)" (?dynamic_file_name@@YAPADAAVTIME_CLASS@@AAUPART_NAME_ENTRY@@PBD@Z) referenced in function "class NAME_CLASS & __cdecl machine_data_zip_file_name(class STRING_CLASS &,struct PART_NAME_ENTRY &)" (?machine_data_zip_file_name@@YAAAVNAME_CLASS@@AAVSTRING_CLASS@@AAUPART_NAME_ENTRY@@@Z)
     1>backupcl.obj : error LNK2019: unresolved external symbol "unsigned char __cdecl execute_and_wait(char *,char *)" (?execute_and_wait@@YAEPAD0@Z) referenced in function "public: void __thiscall DS_BACKUP_ENTRY::zip_shot_data(void)" (?zip_shot_data@DS_BACKUP_ENTRY@@QAEXXZ)
     1>backupcl.obj : error LNK2019: unresolved external symbol "unsigned char __cdecl get_time_class_from_db(class TIME_CLASS &,class DB_TABLE &,unsigned short)" (?get_time_class_from_db@@YAEAAVTIME_CLASS@@AAVDB_TABLE@@G@Z) referenced in function "public: void __thiscall DS_BACKUP_ENTRY::check_for_new_downtime(void)" (?check_for_new_downtime@DS_BACKUP_ENTRY@@QAEXXZ)
     1>backupcl.obj : error LNK2019: unresolved external symbol "unsigned char __cdecl get_time_class_from_vdb(class TIME_CLASS &,class VDB_CLASS &,int)" (?get_time_class_from_vdb@@YAEAAVTIME_CLASS@@AAVVDB_CLASS@@H@Z) referenced in function "void __cdecl save_network_shotparm(struct PART_NAME_ENTRY &,class VDB_CLASS &)" (?save_network_shotparm@@YAXAAUPART_NAME_ENTRY@@AAVVDB_CLASS@@@Z)
     1>backupcl.obj : error LNK2019: unresolved external symbol "char * __cdecl findchar(char,char *)" (?findchar@@YAPADDPAD@Z) referenced in function "public: void __thiscall DS_BACKUP_CLASS::process_mailslot_message(char *)" (?process_mailslot_message@DS_BACKUP_CLASS@@QAEXPAD@Z)
     1>backupcl.obj : error LNK2019: unresolved external symbol "char * __cdecl findstring(char const *,char *)" (?findstring@@YAPADPBDPAD@Z) referenced in function "void __cdecl save_network_shotparm(struct PART_NAME_ENTRY &,class VDB_CLASS &)" (?save_network_shotparm@@YAXAAUPART_NAME_ENTRY@@AAVVDB_CLASS@@@Z)
     1>backupcl.obj : error LNK2019: unresolved external symbol "void __cdecl free_shotsave_semaphore(void)" (?free_shotsave_semaphore@@YAXXZ) referenced in function "public: void __thiscall DS_BACKUP_ENTRY::check_for_new_shot(char *)" (?check_for_new_shot@DS_BACKUP_ENTRY@@QAEXPAD@Z)
     1>backupcl.obj : error LNK2019: unresolved external symbol "void __cdecl put_ini_string(char const *,char const *,char const *,char const *)" (?put_ini_string@@YAXPBD000@Z) referenced in function "public: void __thiscall DS_BACKUP_ENTRY::check_for_new_downtime(void)" (?check_for_new_downtime@DS_BACKUP_ENTRY@@QAEXXZ)
     1>backupcl.obj : error LNK2019: unresolved external symbol "unsigned char __cdecl is_numeric(char)" (?is_numeric@@YAED@Z) referenced in function "void __cdecl save_network_shotparm(struct PART_NAME_ENTRY &,class VDB_CLASS &)" (?save_network_shotparm@@YAXAAUPART_NAME_ENTRY@@AAVVDB_CLASS@@@Z)
     1>backupcl.obj : error LNK2019: unresolved external symbol "char * __cdecl maketext(char const *)" (?maketext@@YAPADPBD@Z) referenced in function "void __cdecl save_network_shotparm(struct PART_NAME_ENTRY &,class VDB_CLASS &)" (?save_network_shotparm@@YAXAAUPART_NAME_ENTRY@@AAVVDB_CLASS@@@Z)
     1>dsbackup.obj : error LNK2001: unresolved external symbol "char * __cdecl maketext(char const *)" (?maketext@@YAPADPBD@Z)
     1>backupcl.obj : error LNK2019: unresolved external symbol "unsigned char __cdecl machine_exists(class STRING_CLASS &,class STRING_CLASS &)" (?machine_exists@@YAEAAVSTRING_CLASS@@0@Z) referenced in function "unsigned char __cdecl check_for_local_part(struct PART_NAME_ENTRY &)" (?check_for_local_part@@YAEAAUPART_NAME_ENTRY@@@Z)
     1>backupcl.obj : error LNK2019: unresolved external symbol "unsigned char __cdecl part_exists(class STRING_CLASS &,class STRING_CLASS &,class STRING_CLASS &)" (?part_exists@@YAEAAVSTRING_CLASS@@00@Z) referenced in function "unsigned char __cdecl check_for_local_part(struct PART_NAME_ENTRY &)" (?check_for_local_part@@YAEAAUPART_NAME_ENTRY@@@Z)
     1>backupcl.obj : error LNK2019: unresolved external symbol "void __cdecl maxint32(long &,long)" (?maxint32@@YAXAAJJ@Z) referenced in function "void __cdecl read_save_counts(struct DS_SAVE_COUNTS &,char *,char const *)" (?read_save_counts@@YAXAAUDS_SAVE_COUNTS@@PADPBD@Z)
     1>backupcl.obj : error LNK2019: unresolved external symbol "char * __cdecl nextstring(char *)" (?nextstring@@YAPADPAD@Z) referenced in function "void __cdecl save_network_shotparm(struct PART_NAME_ENTRY &,class VDB_CLASS &)" (?save_network_shotparm@@YAXAAUPART_NAME_ENTRY@@AAVVDB_CLASS@@@Z)
     1>backupcl.obj : error LNK2019: unresolved external symbol "unsigned char __cdecl replace_char_with_null(char *,char)" (?replace_char_with_null@@YAEPADD@Z) referenced in function "void __cdecl save_network_shotparm(struct PART_NAME_ENTRY &,class VDB_CLASS &)" (?save_network_shotparm@@YAXAAUPART_NAME_ENTRY@@AAVVDB_CLASS@@@Z)
     1>backupcl.obj : error LNK2019: unresolved external symbol "void __cdecl get_shift_number_and_date(short *,struct _SYSTEMTIME *,struct _SYSTEMTIME const &)" (?get_shift_number_and_date@@YAXPAFPAU_SYSTEMTIME@@ABU1@@Z) referenced in function "public: void __thiscall DS_BACKUP_ENTRY::copy_alarms(class SHOT_CLASS &)" (?copy_alarms@DS_BACKUP_ENTRY@@QAEXAAVSHOT_CLASS@@@Z)
     1>backupcl.obj : error LNK2019: unresolved external symbol "int __cdecl shot_name_length(class STRING_CLASS &,class STRING_CLASS &,class STRING_CLASS &)" (?shot_name_length@@YAHAAVSTRING_CLASS@@00@Z) referenced in function "public: void __thiscall DS_BACKUP_ENTRY::copy_profiles(class SHOT_CLASS &)" (?copy_profiles@DS_BACKUP_ENTRY@@QAEXAAVSHOT_CLASS@@@Z)
     1>backupcl.obj : error LNK2019: unresolved external symbol "unsigned char __cdecl strings_are_equal(char const *,char const *,short)" (?strings_are_equal@@YAEPBD0F@Z) referenced in function "void __cdecl save_network_shotparm(struct PART_NAME_ENTRY &,class VDB_CLASS &)" (?save_network_shotparm@@YAXAAUPART_NAME_ENTRY@@AAVVDB_CLASS@@@Z)
     1>backupcl.obj : error LNK2019: unresolved external symbol "unsigned char __cdecl strings_are_equal(char const *,char const *)" (?strings_are_equal@@YAEPBD0@Z) referenced in function "bool __cdecl copy_machine_directory(class STRING_CLASS,class STRING_CLASS,class STRING_CLASS,class STRING_CLASS)" (?copy_machine_directory@@YA_NVSTRING_CLASS@@000@Z)
     1>backupcl.obj : error LNK2019: unresolved external symbol "unsigned char __cdecl unknown(char *)" (?unknown@@YAEPAD@Z) referenced in function "void __cdecl save_network_shotparm(struct PART_NAME_ENTRY &,class VDB_CLASS &)" (?save_network_shotparm@@YAXAAUPART_NAME_ENTRY@@AAVVDB_CLASS@@@Z)
     1>backupcl.obj : error LNK2019: unresolved external symbol "char * __cdecl unknown_string(void)" (?unknown_string@@YAPADXZ) referenced in function "void __cdecl save_network_shotparm(struct PART_NAME_ENTRY &,class VDB_CLASS &)" (?save_network_shotparm@@YAXAAUPART_NAME_ENTRY@@AAVVDB_CLASS@@@Z)
     1>backupcl.obj : error LNK2019: unresolved external symbol "unsigned char __cdecl waitfor_shotsave_semaphor(class STRING_CLASS &,class STRING_CLASS &)" (?waitfor_shotsave_semaphor@@YAEAAVSTRING_CLASS@@0@Z) referenced in function "public: void __thiscall DS_BACKUP_ENTRY::check_for_new_shot(char *)" (?check_for_new_shot@DS_BACKUP_ENTRY@@QAEXPAD@Z)
     1>backupcl.obj : error LNK2019: unresolved external symbol "unsigned char __cdecl dir_from_filename(char *)" (?dir_from_filename@@YAEPAD@Z) referenced in function "bool __cdecl ensure_zip_file_directories(class NAME_CLASS)" (?ensure_zip_file_directories@@YA_NVNAME_CLASS@@@Z)
     1>backupcl.obj : error LNK2019: unresolved external symbol "unsigned char __cdecl copy_profile(struct PART_NAME_ENTRY &,struct PART_NAME_ENTRY &,class STRING_CLASS &)" (?copy_profile@@YAEAAUPART_NAME_ENTRY@@0AAVSTRING_CLASS@@@Z) referenced in function "public: void __thiscall DS_BACKUP_ENTRY::copy_profiles(class SHOT_CLASS &)" (?copy_profiles@DS_BACKUP_ENTRY@@QAEXAAVSHOT_CLASS@@@Z)
     1>backupcl.obj : error LNK2019: unresolved external symbol "unsigned char __cdecl update_machine(class STRING_CLASS,class STRING_CLASS,class STRING_CLASS,class STRING_CLASS)" (?update_machine@@YAEVSTRING_CLASS@@000@Z) referenced in function "public: unsigned char __thiscall DS_BACKUP_ENTRY::copy_setup_files_for_one_part(void)" (?copy_setup_files_for_one_part@DS_BACKUP_ENTRY@@QAEEXZ)
     1>backupcl.obj : error LNK2019: unresolved external symbol "unsigned char __cdecl update_part(class STRING_CLASS,class STRING_CLASS,class STRING_CLASS,class STRING_CLASS,class STRING_CLASS,class STRING_CLASS)" (?update_part@@YAEVSTRING_CLASS@@00000@Z) referenced in function "public: unsigned char __thiscall DS_BACKUP_ENTRY::copy_setup_files_for_one_part(void)" (?copy_setup_files_for_one_part@DS_BACKUP_ENTRY@@QAEEXZ)
     1>backupcl.obj : error LNK2019: unresolved external symbol "unsigned char __cdecl set_text(struct HWND__ *,int,char const *)" (?set_text@@YAEPAUHWND__@@HPBD@Z) referenced in function "public: void __thiscall DS_BACKUP_ENTRY::check_for_new_shot(char *)" (?check_for_new_shot@DS_BACKUP_ENTRY@@QAEXPAD@Z)
     1>dsbackup.obj : error LNK2001: unresolved external symbol "unsigned char __cdecl set_text(struct HWND__ *,int,char const *)" (?set_text@@YAEPAUHWND__@@HPBD@Z)
     1>backupcl.obj : error LNK2019: unresolved external symbol "void __cdecl resource_message_box(struct HINSTANCE__ *,unsigned int,unsigned int)" (?resource_message_box@@YAXPAUHINSTANCE__@@II@Z) referenced in function "public: void __thiscall DS_BACKUP_ENTRY::zip_machine_data(void)" (?zip_machine_data@DS_BACKUP_ENTRY@@QAEXXZ)
     1>backupcl.obj : error LNK2019: unresolved external symbol "char * __cdecl resource_string(struct HINSTANCE__ *,unsigned int)" (?resource_string@@YAPADPAUHINSTANCE__@@I@Z) referenced in function "char * __cdecl resource_string(unsigned int)" (?resource_string@@YAPADI@Z)
     1>backupcl.obj : error LNK2019: unresolved external symbol "public: __thiscall TEXT_LIST_CLASS::TEXT_LIST_CLASS(void)" (??0TEXT_LIST_CLASS@@QAE@XZ) referenced in function "bool __cdecl copy_machine_directory(class STRING_CLASS,class STRING_CLASS,class STRING_CLASS,class STRING_CLASS)" (?copy_machine_directory@@YA_NVSTRING_CLASS@@000@Z)
     1>backupcl.obj : error LNK2019: unresolved external symbol "public: __thiscall TEXT_LIST_CLASS::~TEXT_LIST_CLASS(void)" (??1TEXT_LIST_CLASS@@QAE@XZ) referenced in function "bool __cdecl copy_machine_directory(class STRING_CLASS,class STRING_CLASS,class STRING_CLASS,class STRING_CLASS)" (?copy_machine_directory@@YA_NVSTRING_CLASS@@000@Z)
     1>backupcl.obj : error LNK2019: unresolved external symbol "public: void __thiscall TEXT_LIST_CLASS::get_file_list(char const *)" (?get_file_list@TEXT_LIST_CLASS@@QAEXPBD@Z) referenced in function "bool __cdecl copy_machine_directory(class STRING_CLASS,class STRING_CLASS,class STRING_CLASS,class STRING_CLASS)" (?copy_machine_directory@@YA_NVSTRING_CLASS@@000@Z)
     1>backupcl.obj : error LNK2019: unresolved external symbol "public: unsigned char __thiscall TEXT_LIST_CLASS::next(void)" (?next@TEXT_LIST_CLASS@@QAEEXZ) referenced in function "bool __cdecl copy_machine_directory(class STRING_CLASS,class STRING_CLASS,class STRING_CLASS,class STRING_CLASS)" (?copy_machine_directory@@YA_NVSTRING_CLASS@@000@Z)
     1>backupcl.obj : error LNK2019: unresolved external symbol "public: void __thiscall SHOT_CLASS::operator=(class SHOT_CLASS const &)" (??4SHOT_CLASS@@QAEXABV0@@Z) referenced in function "public: void __thiscall DS_SAVE_COUNTS::operator=(struct DS_SAVE_COUNTS const &)" (??4DS_SAVE_COUNTS@@QAEXABU0@@Z)
     1>backupcl.obj : error LNK2019: unresolved external symbol "public: unsigned char __thiscall SHOT_CLASS::get_current(struct PART_NAME_ENTRY &)" (?get_current@SHOT_CLASS@@QAEEAAUPART_NAME_ENTRY@@@Z) referenced in function "public: void __thiscall DS_BACKUP_ENTRY::check_for_new_shot(char *)" (?check_for_new_shot@DS_BACKUP_ENTRY@@QAEXPAD@Z)
     1>backupcl.obj : error LNK2019: unresolved external symbol "public: unsigned char __thiscall SHOT_CLASS::get_from_graphlst(class DB_TABLE &)" (?get_from_graphlst@SHOT_CLASS@@QAEEAAVDB_TABLE@@@Z) referenced in function "public: void __thiscall DS_BACKUP_ENTRY::start_new_part(char *)" (?start_new_part@DS_BACKUP_ENTRY@@QAEXPAD@Z)
     1>backupcl.obj : error LNK2019: unresolved external symbol "public: unsigned char __thiscall SHOT_CLASS::get_from_shotparm(class VDB_CLASS &)" (?get_from_shotparm@SHOT_CLASS@@QAEEAAVVDB_CLASS@@@Z) referenced in function "public: void __thiscall DS_BACKUP_ENTRY::copy_parameters(class SHOT_CLASS &)" (?copy_parameters@DS_BACKUP_ENTRY@@QAEXAAVSHOT_CLASS@@@Z)
     1>backupcl.obj : error LNK2019: unresolved external symbol "public: __thiscall WARMUP_CLASS::WARMUP_CLASS(void)" (??0WARMUP_CLASS@@QAE@XZ) referenced in function "public: void __thiscall DS_BACKUP_ENTRY::check_for_new_shot(char *)" (?check_for_new_shot@DS_BACKUP_ENTRY@@QAEXPAD@Z)
     1>backupcl.obj : error LNK2019: unresolved external symbol "public: unsigned char __thiscall WARMUP_CLASS::get(class STRING_CLASS &,class STRING_CLASS &,class STRING_CLASS &)" (?get@WARMUP_CLASS@@QAEEAAVSTRING_CLASS@@00@Z) referenced in function "public: unsigned char __thiscall WARMUP_CLASS::get(struct PART_NAME_ENTRY &)" (?get@WARMUP_CLASS@@QAEEAAUPART_NAME_ENTRY@@@Z)
     1>backupcl.obj : error LNK2001: unresolved external symbol "private: static char * STRING_CLASS::emptystring" (?emptystring@STRING_CLASS@@0PADA)
     1>dsbackup.obj : error LNK2001: unresolved external symbol "private: static char * STRING_CLASS::emptystring" (?emptystring@STRING_CLASS@@0PADA)
     1>global_file_settings.obj : error LNK2001: unresolved external symbol "private: static char * STRING_CLASS::emptystring" (?emptystring@STRING_CLASS@@0PADA)
     1>dsbackup.obj : error LNK2019: unresolved external symbol _HtmlHelpA@16 referenced in function "void __cdecl gethelp(struct HWND__ *)" (?gethelp@@YAXPAUHWND__@@@Z)
     1>dsbackup.obj : error LNK2019: unresolved external symbol "public: void __thiscall STRING_CLASS::cat_w_char(char const *,char)" (?cat_w_char@STRING_CLASS@@QAEXPBDD@Z) referenced in function "char * __cdecl lb_line(class DS_BACKUP_ENTRY *)" (?lb_line@@YAPADPAVDS_BACKUP_ENTRY@@@Z)
     1>dsbackup.obj : error LNK2019: unresolved external symbol "public: unsigned char __thiscall COMPUTER_CLASS::find(char *)" (?find@COMPUTER_CLASS@@QAEEPAD@Z) referenced in function "public: unsigned char __thiscall COMPUTER_CLASS::find(class STRING_CLASS &)" (?find@COMPUTER_CLASS@@QAEEAAVSTRING_CLASS@@@Z)
     1>dsbackup.obj : error LNK2019: unresolved external symbol "public: unsigned char __thiscall COMPUTER_CLASS::startup(void)" (?startup@COMPUTER_CLASS@@QAEEXZ) referenced in function "int __cdecl init(struct HINSTANCE__ *)" (?init@@YAHPAUHINSTANCE__@@@Z)
     1>dsbackup.obj : error LNK2019: unresolved external symbol "public: int __thiscall INI_CLASS::get_int(void)" (?get_int@INI_CLASS@@QAEHXZ) referenced in function "int __cdecl init(struct HINSTANCE__ *)" (?init@@YAHPAUHINSTANCE__@@@Z)
     1>dsbackup.obj : error LNK2019: unresolved external symbol "public: unsigned char __thiscall INI_CLASS::put_string(char const *,char const *,char const *)" (?put_string@INI_CLASS@@QAEEPBD00@Z) referenced in function "void __cdecl update_max_zip_count(void)" (?update_max_zip_count@@YAXXZ)
     1>dsbackup.obj : error LNK2019: unresolved external symbol "public: int __thiscall LISTBOX_CLASS::count(void)" (?count@LISTBOX_CLASS@@QAEHXZ) referenced in function "void __cdecl load_save_options(void)" (?load_save_options@@YAXXZ)
     1>dsbackup.obj : error LNK2019: unresolved external symbol "public: char * __thiscall LISTBOX_CLASS::selected_text(void)" (?selected_text@LISTBOX_CLASS@@QAEPADXZ) referenced in function "void __cdecl do_new_listbox_select(void)" (?do_new_listbox_select@@YAXXZ)
     1>global_file_settings.obj : error LNK2001: unresolved external symbol "public: char * __thiscall LISTBOX_CLASS::selected_text(void)" (?selected_text@LISTBOX_CLASS@@QAEPADXZ)
     1>dsbackup.obj : error LNK2019: unresolved external symbol "public: unsigned char __thiscall LISTBOX_CLASS::setcursel(int)" (?setcursel@LISTBOX_CLASS@@QAEEH@Z) referenced in function "void __cdecl load_save_options(void)" (?load_save_options@@YAXXZ)
     1>dsbackup.obj : error LNK2019: unresolved external symbol "public: bool __thiscall LISTBOX_CLASS::set_tabs(int,int)" (?set_tabs@LISTBOX_CLASS@@QAE_NHH@Z) referenced in function "void __cdecl set_tab_stops(void)" (?set_tab_stops@@YAXXZ)
     1>dsbackup.obj : error LNK2019: unresolved external symbol "public: class STRING_CLASS & __thiscall MACHINE_NAME_LIST_CLASS::computer_name(void)" (?computer_name@MACHINE_NAME_LIST_CLASS@@QAEAAVSTRING_CLASS@@XZ) referenced in function "void __cdecl make_a_list_of_machines(struct HWND__ *)" (?make_a_list_of_machines@@YAXPAUHWND__@@@Z)
     1>dsbackup.obj : error LNK2019: unresolved external symbol "public: __thiscall RECTANGLE_CLASS::RECTANGLE_CLASS(void)" (??0RECTANGLE_CLASS@@QAE@XZ) referenced in function "void __cdecl position_machine_list_listbox(struct HWND__ *)" (?position_machine_list_listbox@@YAXPAUHWND__@@@Z)
     1>dsbackup.obj : error LNK2019: unresolved external symbol "public: __thiscall RECTANGLE_CLASS::~RECTANGLE_CLASS(void)" (??1RECTANGLE_CLASS@@QAE@XZ) referenced in function "void __cdecl position_machine_list_listbox(struct HWND__ *)" (?position_machine_list_listbox@@YAXPAUHWND__@@@Z)
     1>dsbackup.obj : error LNK2019: unresolved external symbol "void __cdecl boolean_to_ini(char const *,char const *,char const *,unsigned char)" (?boolean_to_ini@@YAXPBD00E@Z) referenced in function "int __stdcall main_dialog_proc(struct HWND__ *,unsigned int,unsigned int,long)" (?main_dialog_proc@@YGHPAUHWND__@@IIJ@Z)
     1>dsbackup.obj : error LNK2019: unresolved external symbol "long __cdecl free_megabytes(char const *)" (?free_megabytes@@YAJPBD@Z) referenced in function "unsigned long __cdecl mailslot_thread(int *)" (?mailslot_thread@@YAKPAH@Z)
     1>dsbackup.obj : error LNK2019: unresolved external symbol "unsigned char __cdecl is_time(char *)" (?is_time@@YAEPAD@Z) referenced in function "void __cdecl update_zip_time(void)" (?update_zip_time@@YAXXZ)
     1>dsbackup.obj : error LNK2019: unresolved external symbol "void __cdecl killtext(char *)" (?killtext@@YAXPAD@Z) referenced in function "void __cdecl shutdown(void)" (?shutdown@@YAXXZ)
     1>dsbackup.obj : error LNK2019: unresolved external symbol "char * __cdecl maketext(long)" (?maketext@@YAPADJ@Z) referenced in function "unsigned char __cdecl read_next_message(void *,unsigned long)" (?read_next_message@@YAEPAXK@Z)
     1>dsbackup.obj : error LNK2019: unresolved external symbol "unsigned char __cdecl replace_tab_with_null(char *)" (?replace_tab_with_null@@YAEPAD@Z) referenced in function "void __cdecl do_new_listbox_select(void)" (?do_new_listbox_select@@YAXXZ)
     1>dsbackup.obj : error LNK2019: unresolved external symbol "void __cdecl shifts_shutdown(void)" (?shifts_shutdown@@YAXXZ) referenced in function "void __cdecl shutdown(void)" (?shutdown@@YAXXZ)
     1>dsbackup.obj : error LNK2019: unresolved external symbol "unsigned char __cdecl shifts_startup(void)" (?shifts_startup@@YAEXZ) referenced in function "int __stdcall main_proc(struct HWND__ *,unsigned int,unsigned int,long)" (?main_proc@@YGHPAUHWND__@@IIJ@Z)
     1>dsbackup.obj : error LNK2019: unresolved external symbol "unsigned char __cdecl get_text(char *,struct HWND__ *,int,int)" (?get_text@@YAEPADPAUHWND__@@HH@Z) referenced in function "void __cdecl update_zip_time(void)" (?update_zip_time@@YAXXZ)
     1>dsbackup.obj : error LNK2019: unresolved external symbol "unsigned char __cdecl is_checked(struct HWND__ *,int)" (?is_checked@@YAEPAUHWND__@@H@Z) referenced in function "void __cdecl do_radio_button_press(struct DS_SAVE_COUNTS &,unsigned int)" (?do_radio_button_press@@YAXAAUDS_SAVE_COUNTS@@I@Z)
     1>global_file_settings.obj : error LNK2001: unresolved external symbol "unsigned char __cdecl is_checked(struct HWND__ *,int)" (?is_checked@@YAEPAUHWND__@@H@Z)
     1>dsbackup.obj : error LNK2019: unresolved external symbol "unsigned char __cdecl is_previous_instance(char *,char *)" (?is_previous_instance@@YAEPAD0@Z) referenced in function _WinMain@16
     1>dsbackup.obj : error LNK2019: unresolved external symbol "void __cdecl set_checkbox(struct HWND__ *,int,unsigned char)" (?set_checkbox@@YAXPAUHWND__@@HE@Z) referenced in function "void __cdecl init_dialog_controls(struct HWND__ *)" (?init_dialog_controls@@YAXPAUHWND__@@@Z)
     1>dsbackup.obj : error LNK2019: unresolved external symbol "void __cdecl shrinkwrap(struct HWND__ *,struct HWND__ *)" (?shrinkwrap@@YAXPAUHWND__@@0@Z) referenced in function "int __stdcall main_proc(struct HWND__ *,unsigned int,unsigned int,long)" (?main_proc@@YGHPAUHWND__@@IIJ@Z)
     1>dsbackup.obj : error LNK2019: unresolved external symbol "public: void __thiscall TIME_CLASS::set_time(char const *)" (?set_time@TIME_CLASS@@QAEXPBD@Z) referenced in function "void __cdecl update_zip_time(void)" (?update_zip_time@@YAXXZ)
     1>dsbackup.obj : error LNK2019: unresolved external symbol "public: void __thiscall WINDOW_CLASS::move(struct tagRECT &)" (?move@WINDOW_CLASS@@QAEXAAUtagRECT@@@Z) referenced in function "void __cdecl position_machine_list_listbox(struct HWND__ *)" (?position_machine_list_listbox@@YAXPAUHWND__@@@Z)
     1>dsbackup.obj : error LNK2019: unresolved external symbol "public: int __thiscall WINDOW_CLASS::get_move_rect(struct tagRECT &)" (?get_move_rect@WINDOW_CLASS@@QAEHAAUtagRECT@@@Z) referenced in function "void __cdecl position_machine_list_listbox(struct HWND__ *)" (?position_machine_list_listbox@@YAXPAUHWND__@@@Z)
     1>global_file_settings.obj : error LNK2019: unresolved external symbol "public: void __thiscall STRING_CLASS::empty(void)" (?empty@STRING_CLASS@@QAEXXZ) referenced in function "void __cdecl kill_global_file_settings_dialog(void)" (?kill_global_file_settings_dialog@@YAXXZ)
     1>global_file_settings.obj : error LNK2019: unresolved external symbol "public: unsigned char __thiscall LISTBOX_CLASS::init(struct HWND__ *)" (?init@LISTBOX_CLASS@@QAEEPAUHWND__@@@Z) referenced in function "void __cdecl kill_global_file_settings_dialog(void)" (?kill_global_file_settings_dialog@@YAXXZ)
     1>global_file_settings.obj : error LNK2019: unresolved external symbol "public: void __thiscall LISTBOX_CLASS::select_all(unsigned int)" (?select_all@LISTBOX_CLASS@@QAEXI@Z) referenced in function "public: void __thiscall LISTBOX_CLASS::unselect_all(void)" (?unselect_all@LISTBOX_CLASS@@QAEXXZ)
     1>global_file_settings.obj : error LNK2019: unresolved external symbol "unsigned char __cdecl is_checked(struct HWND__ *)" (?is_checked@@YAEPAUHWND__@@@Z) referenced in function "void __cdecl save_changes(void)" (?save_changes@@YAXXZ)
     1>global_file_settings.obj : error LNK2019: unresolved external symbol "void __cdecl set_checkbox(struct HWND__ *,unsigned char)" (?set_checkbox@@YAXPAUHWND__@@E@Z) referenced in function "void __cdecl init(void)" (?init@@YAXXZ)
     1>C:\Sources\Version8\truetrak\Debug\dsbackup.exe : fatal error LNK1120: 224 unresolved externals
     1>Done Building Project "C:\Sources\Version8\dsbackup\dsbackup.vcxproj" (Build target(s)) -- FAILED.

Build FAILED.

Time Elapsed 00:00:02.31
